<?xml version="1.0" encoding="utf-8"?><testsuites name="pytest tests"><testsuite name="pytest" errors="0" failures="0" skipped="3" tests="572" time="62.141" timestamp="2025-12-22T23:18:46.351830+03:00" hostname="HOME-PC"><properties>
[...]
</properties><testcase classname="root.tests.contracts.test_openapi_contract" name="test_api_version_matches_semver" time="0.827" /><testcase classname="root.tests.contracts.test_openapi_contract" name="test_core_routes_present[/api/v1/auth]" time="0.026" /><testcase classname="root.tests.contracts.test_openapi_contract" name="test_core_routes_present[/api/v1/users]" time="0.024" /><testcase classname="root.tests.contracts.test_openapi_contract" name="test_core_routes_present[/api/v1/news]" time="0.029" /><testcase classname="root.tests.contracts.test_openapi_contract" name="test_core_routes_present[/api/v1/events]" time="0.019" /><testcase classname="root.tests.contracts.test_openapi_contract" name="test_core_routes_present[/api/v1/schedule]" time="0.019" /><testcase classname="root.tests.contracts.test_openapi_contract" name="test_core_routes_present[/api/v1/notifications]" time="0.024" /><testcase classname="root.tests.contracts.test_openapi_contract" name="test_openapi_contract_snapshot" time="0.028" /><testcase classname="root.tests.test_api_versioning" name="test_api_v1_prefix" time="0.101" /><testcase classname="root.tests.test_api_versioning" name="test_root_endpoints" time="0.074" /><testcase classname="root.tests.test_api_versioning" name="test_websocket_endpoint_path" time="0.024" /><testcase classname="root.tests.test_audit_logs" name="test_login_success_logs_audit" time="0.292" /><testcase classname="root.tests.test_audit_logs" name="test_login_failure_logs_audit" time="0.204" /><testcase classname="root.tests.test_audit_logs" name="test_logout_revocation_logs_audit" time="0.211" /><testcase classname="root.tests.test_audit_logs" name="test_password_reset_initiation_audit" time="0.133" /><testcase classname="root.tests.test_audit_logs" name="test_password_reset_completed_audit" time="0.220" /><testcase classname="root.tests.test_auth_cookie_flow" name="test_session_signing_key_missing_localized[en]" time="0.195" /><testcase classname="root.tests.test_auth_cookie_flow" name="test_session_signing_key_missing_localized[ru]" time="0.222" /><testcase classname="root.tests.test_auth_cookie_flow" name="test_login_cookie_security_modes[None-False]" time="0.220" /><testcase classname="root.tests.test_auth_cookie_flow" name="test_login_cookie_security_modes[True-True]" time="0.244" /><testcase classname="root.tests.test_auth_cookie_flow" name="test_token_reuse_after_logout_rejected" time="0.228" /><testcase classname="root.tests.test_auth_cookie_flow" name="test_profile_cache_envelope_validation" time="0.238" /><testcase classname="root.tests.test_auth_cookie_flow" name="test_logout_rotates_session_signing_key" time="0.243" /><testcase classname="root.tests.test_auth_cookie_flow" name="test_register_rate_limit" time="0.343" /><testcase classname="root.tests.test_auth_lockout" name="test_login_lockout_enforced" time="0.243" /><testcase classname="root.tests.test_auth_lockout" name="test_login_lockout_clears_after_success" time="1.541" /><testcase classname="root.tests.test_auth_lockout" name="test_login_lockout_race_condition" time="0.245" /><testcase classname="root.tests.test_auth_mfa" name="test_totp_enrollment_pending_state" time="0.281" /><testcase classname="root.tests.test_auth_mfa" name="test_totp_start_requires_reuse" time="0.215" /><testcase classname="root.tests.test_auth_mfa" name="test_totp_start_reuse_returns_same_secret" time="0.267" /><testcase classname="root.tests.test_auth_mfa" name="test_pending_totp_enrollment_can_be_cancelled" time="0.290" /><testcase classname="root.tests.test_auth_mfa" name="test_pending_totp_enrollment_cancel_rejected_for_confirmed" time="0.231" /><testcase classname="root.tests.test_auth_mfa" name="test_totp_start_rejects_when_active_factor_exists" time="0.233" /><testcase classname="root.tests.test_auth_mfa" name="test_totp_enrollment_and_verification_flow" time="0.419" /><testcase classname="root.tests.test_auth_mfa" name="test_totp_login_requires_mfa_even_when_toggle_disabled" time="0.280" /><testcase classname="root.tests.test_auth_mfa" name="test_totp_login_handles_legacy_records_without_confirmed_at" time="0.370" /><testcase classname="root.tests.test_auth_mfa" name="test_totp_challenge_expiry_blocks_verification" time="0.361" /><testcase classname="root.tests.test_auth_mfa" name="test_totp_attempt_limit_blocks_challenge" time="0.334" /><testcase classname="root.tests.test_auth_mfa" name="test_login_fails_when_mfa_required_but_no_totp" time="0.181" /><testcase classname="root.tests.test_auth_mfa" name="test_step_up_request_without_enrollment_returns_error" time="0.252" /><testcase classname="root.tests.test_auth_mfa" name="test_disabling_last_factor_clears_mfa_requirement" time="0.745" /><testcase classname="root.tests.test_auth_mfa" name="test_admin_reset_endpoint_clears_mfa_state" time="0.313" /><testcase classname="root.tests.test_auth_mfa" name="test_reset_mfa_command_resets_state" time="0.071" /><testcase classname="root.tests.test_auth_mfa" name="test_reset_mfa_command_noop_logs_reason" time="0.045" /><testcase classname="root.tests.test_auth_mfa" name="test_mfa_verification_rejects_revoked_session" time="0.149" /><testcase classname="root.tests.test_auth_mfa" name="test_totp_reenrollment_after_reset" time="0.380" /><testcase classname="root.tests.test_auth_security" name="test_get_password_hash_uses_argon2id_by_default" time="0.056" /><testcase classname="root.tests.test_auth_security" name="test_get_password_hash_enforces_length_bounds" time="0.024" /><testcase classname="root.tests.test_auth_security" name="test_password_policy_allows_limits" time="0.091" /><testcase classname="root.tests.test_auth_security" name="test_verify_and_update_password_migrates_bcrypt" time="0.464" /><testcase classname="root.tests.test_auth_security" name="test_verify_and_update_password_invalid_password" time="0.365" /><testcase classname="root.tests.test_auth_security" name="test_verify_and_update_password_up_to_date_hash" time="0.098" /><testcase classname="root.tests.test_auth_security" name="test_unicode_password_hashing" time="0.103" /><testcase classname="root.tests.test_auth_security" name="test_legacy_bcrypt_truncation_behavior" time="0.741" /><testcase classname="root.tests.test_auth_security" name="test_create_access_token_uses_active_signing_key" time="0.024" /><testcase classname="root.tests.test_auth_security" name="test_decode_token_accepts_legacy_and_active_secrets" time="0.023" /><testcase classname="root.tests.test_auth_security" name="test_login_migrates_legacy_hash" time="0.562" /><testcase classname="root.tests.test_auth_security" name="test_create_user_requires_authentication" time="0.078" /><testcase classname="root.tests.test_auth_security" name="test_create_user_forbidden_for_non_admin" time="0.197" /><testcase classname="root.tests.test_auth_security" name="test_create_user_allows_admin" time="0.255" /><testcase classname="root.tests.test_auth_security" name="test_register_normalizes_email" time="0.138" /><testcase classname="root.tests.test_auth_security" name="test_login_accepts_mixed_case_username" time="0.343" /><testcase classname="root.tests.test_auth_security" name="test_forgot_password_accepts_mixed_case_email" time="0.101" /><testcase classname="root.tests.test_auth_security" name="test_admin_update_normalizes_email" time="0.259" /><testcase classname="root.tests.test_auth_service.TestHashToken" name="test_returns_sha256_hex" time="0.025" /><testcase classname="root.tests.test_auth_service.TestHashToken" name="test_different_tokens_produce_different_hashes" time="0.025" /><testcase classname="root.tests.test_auth_service.TestHashToken" name="test_same_token_produces_same_hash" time="0.025" /><testcase classname="root.tests.test_auth_service.TestPreparePasswordResetToken" name="test_creates_new_token_when_no_existing" time="0.029" /><testcase classname="root.tests.test_auth_service.TestCreateEmailChangeRequest" name="test_creates_email_change_request" time="0.031" /><testcase classname="root.tests.test_auth_service.TestGetActiveEmailChangeRequest" name="test_returns_none_when_no_active_request" time="0.024" /><testcase classname="root.tests.test_auth_service.TestGetActiveEmailChangeRequest" name="test_returns_active_request_when_exists" time="0.023" /><testcase classname="root.tests.test_auth_service.TestAttachPendingEmail" name="test_returns_none_for_none_user" time="0.023" /><testcase classname="root.tests.test_auth_service.TestAttachPendingEmail" name="test_attaches_pending_email_when_exists" time="0.031" /><testcase classname="root.tests.test_auth_service.TestAttachPendingEmail" name="test_attaches_none_when_no_pending" time="0.024" /><testcase classname="root.tests.test_auth_service.TestAuthServiceMethods" name="test_initiate_email_change_success" time="0.031" /><testcase classname="root.tests.test_auth_service.TestAuthServiceMethods" name="test_confirm_email_change_success" time="0.029" /><testcase classname="root.tests.test_auth_service.TestAuthServiceMethods" name="test_change_password_success" time="0.032" /><testcase classname="root.tests.test_auth_service.TestAuthServiceInit" name="test_init_stores_audit_service" time="0.023" /><testcase classname="root.tests.test_auth_sessions_domain" name="test_resolve_target_user_rejects_non_admin" time="0.059" /><testcase classname="root.tests.test_auth_sessions_domain" name="test_resolve_target_user_allows_admin" time="0.063" /><testcase classname="root.tests.test_auth_sessions_domain" name="test_extract_jti_prefers_bearer_header" time="0.024" /><testcase classname="root.tests.test_auth_sessions_domain" name="test_extract_jti_uses_cookie_when_header_missing" time="0.022" /><testcase classname="root.tests.test_cache" name="test_null_cache_noop" time="0.022" /><testcase classname="root.tests.test_cache" name="test_redis_cache_roundtrip" time="0.023" /><testcase classname="root.tests.test_cache" name="test_etag_helpers" time="0.026" /><testcase classname="root.tests.test_cache_integration" name="test_schedule_cache_supports_etag" time="0.134" /><testcase classname="root.tests.test_cache_integration" name="test_news_list_and_detail_cache" time="0.135" /><testcase classname="root.tests.test_cache_warmup.TestIsEntryFresh" name="test_returns_true_when_max_age_zero" time="0.025" /><testcase classname="root.tests.test_cache_warmup.TestIsEntryFresh" name="test_returns_true_when_max_age_negative" time="0.023" /><testcase classname="root.tests.test_cache_warmup.TestIsEntryFresh" name="test_returns_true_when_entry_is_fresh" time="0.025" /><testcase classname="root.tests.test_cache_warmup.TestIsEntryFresh" name="test_returns_false_when_entry_is_stale" time="0.025" /><testcase classname="root.tests.test_cache_warmup.TestScheduleCacheKey" name="test_returns_formatted_key" time="0.025" /><testcase classname="root.tests.test_cache_warmup.TestPeriodDaysFromKey" name="test_parses_days_suffix" time="0.024" /><testcase classname="root.tests.test_cache_warmup.TestPeriodDaysFromKey" name="test_handles_uppercase_suffix" time="0.022" /><testcase classname="root.tests.test_cache_warmup.TestPeriodDaysFromKey" name="test_returns_none_for_invalid_format" time="0.025" /><testcase classname="root.tests.test_cache_warmup.TestPeriodDaysFromKey" name="test_returns_none_for_non_numeric" time="0.027" /><testcase classname="root.tests.test_cache_warmup.TestPeriodDaysFromKey" name="test_handles_whitespace" time="0.030" /><testcase classname="root.tests.test_chat_api" name="test_create_chat_errors" time="0.324" /><testcase classname="root.tests.test_chat_api" name="test_create_chat_idempotency" time="0.267" /><testcase classname="root.tests.test_chat_api" name="test_get_chats_list_simple" time="0.264" /><testcase classname="root.tests.test_chat_api" name="test_get_messages_errors" time="0.310" /><testcase classname="root.tests.test_chat_api" name="test_send_message_errors" time="0.301" /><testcase classname="root.tests.test_chat_api" name="test_mark_read_logic" time="0.277" /><testcase classname="root.tests.test_chat_api" name="test_cursor_helpers" time="0.023" /><testcase classname="root.tests.test_chat_api" name="test_delete_chat_permissions" time="0.261" /><testcase classname="root.tests.test_chat_api" name="test_messaging_flow_success" time="0.397" /><testcase classname="root.tests.test_chat_lifecycle" name="test_chat_full_lifecycle" time="0.385" /><testcase classname="root.tests.test_chat_lifecycle" name="test_get_chats_list" time="0.251" /><testcase classname="root.tests.test_chat_uploads" name="test_send_message_blocks_infected_file" time="0.092" /><testcase classname="root.tests.test_chat_uploads" name="test_send_message_generates_public_urls" time="0.536" /><testcase classname="root.tests.test_core_config" name="test_settings_require_real_secret_when_env_missing" time="0.082" /><testcase classname="root.tests.test_core_config" name="test_settings_allow_development_defaults_when_opted_in" time="0.072" /><testcase classname="root.tests.test_core_config" name="test_settings_warn_when_env_matches_example" time="0.053" /><testcase classname="root.tests.test_core_config" name="test_notifications_allowed_push_topics_parsed" time="0.068" /><testcase classname="root.tests.test_core_config" name="test_auto_create_schema_default_true_in_development" time="0.048" /><testcase classname="root.tests.test_core_config" name="test_auto_create_schema_default_false_in_production" time="0.065" /><testcase classname="root.tests.test_core_config" name="test_auto_create_schema_warns_when_enabled_in_production" time="0.051" /><testcase classname="root.tests.test_core_config" name="test_response_compression_toggle" time="0.118" /><testcase classname="root.tests.test_database_engine" name="test_create_session_factory_uses_null_pool_for_development" time="0.002" /><testcase classname="root.tests.test_database_engine" name="test_create_session_factory_uses_pool_settings_for_production" time="0.002" /><testcase classname="root.tests.test_database_engine" name="test_wait_db_logs_final_error_and_raises_cause" time="0.003" /><testcase classname="root.tests.test_database_engine" name="test_after_cursor_execute_handles_no_start_time" time="0.001" /><testcase classname="root.tests.test_dlq_api_coverage" name="test_dlq_api_flow" time="0.136" /><testcase classname="root.tests.test_email_change_cleanup" name="test_cleanup_stale_email_change_tokens_respects_retention" time="0.045" /><testcase classname="root.tests.test_email_change_cleanup" name="test_cleanup_stale_email_change_tokens_default_retention" time="0.050" /><testcase classname="root.tests.test_email_change_cleanup" name="test_start_email_change_cleanup_scheduler" time="0.023" /><testcase classname="root.tests.test_encryption" name="test_encryption_roundtrip" time="0.023" /><testcase classname="root.tests.test_encryption" name="test_encryption_bytes" time="0.024" /><testcase classname="root.tests.test_encryption" name="test_empty_handling" time="0.025" /><testcase classname="root.tests.test_encryption" name="test_rotate_keys" time="0.022" /><testcase classname="root.tests.test_encryption" name="test_invalid_secret_format" time="0.022" /><testcase classname="root.tests.test_encryption" name="test_empty_secret_setting" time="0.020" /><testcase classname="root.tests.test_encryption" name="test_no_secret_configured" time="0.021" /><testcase classname="root.tests.test_encryption" name="test_decrypt_invalid_token" time="0.020" /><testcase classname="root.tests.test_event_attendance_api" name="test_attend_registers_event" time="0.220" /><testcase classname="root.tests.test_event_attendance_api" name="test_attend_missing_event_returns_not_found" time="0.227" /><testcase classname="root.tests.test_event_attendance_api" name="test_attend_registration_closed_returns_conflict" time="0.255" /><testcase classname="root.tests.test_event_attendance_api" name="test_attend_restores_missing_registration_timestamp" time="0.207" /><testcase classname="root.tests.test_event_attendance_api" name="test_attendance_token_can_be_verified" time="0.224" /><testcase classname="root.tests.test_event_attendance_api" name="test_attendance_token_reuse_rejected_after_expiry" time="0.228" /><testcase classname="root.tests.test_event_attendance_api" name="test_attendance_token_signature_tampering" time="0.306" /><testcase classname="root.tests.test_event_create_api_fix" name="test_create_event_frontend_payload_reproduction" time="0.226" /><testcase classname="root.tests.test_event_create_api_fix" name="test_create_event_success_db" time="0.224" /><testcase classname="root.tests.test_event_file_upload" name="test_upload_event_file_offloads_io" time="0.061" /><testcase classname="root.tests.test_event_file_upload" name="test_upload_event_file_cleans_up_on_commit_failure" time="0.053" /><testcase classname="root.tests.test_event_file_upload" name="test_upload_event_file_rejects_large_payload" time="0.051" /><testcase classname="root.tests.test_event_file_upload" name="test_upload_event_file_respects_scanner_limit" time="0.053" /><testcase classname="root.tests.test_event_file_upload" name="test_upload_event_file_rejects_forbidden_type" time="0.048" /><testcase classname="root.tests.test_event_file_upload" name="test_upload_event_file_rejects_mismatched_metadata" time="0.069" /><testcase classname="root.tests.test_event_file_upload" name="test_upload_event_file_rejects_infected_payload" time="0.072" /><testcase classname="root.tests.test_event_file_upload" name="test_upload_event_file_rejects_detected_type_not_allowed" time="0.052" /><testcase classname="root.tests.test_event_file_upload" name="test_upload_event_file_allows_multipage_pdf" time="0.066" /><testcase classname="root.tests.test_event_file_upload" name="test_upload_event_file_quarantines_polyglot_pdf" time="0.057" /><testcase classname="root.tests.test_event_file_upload" name="test_upload_event_file_quarantines_svg_with_js" time="0.054" /><testcase classname="root.tests.test_event_file_upload" name="test_upload_event_file_allows_clean_payload_with_scanner" time="0.060" /><testcase classname="root.tests.test_event_file_upload" name="test_update_event_replaces_image_removes_old_file" time="0.075" /><testcase classname="root.tests.test_event_file_upload" name="test_delete_event_file_removes_payload" time="0.078" /><testcase classname="root.tests.test_event_file_upload" name="test_delete_event_removes_all_files" time="0.095" /><testcase classname="root.tests.test_event_time_constraints" name="test_create_event_guard" time="0.045" /><testcase classname="root.tests.test_event_time_constraints" name="test_update_event_guard" time="0.050" /><testcase classname="root.tests.test_event_time_constraints" name="test_event_model_check_constraint" time="0.043" /><testcase classname="root.tests.test_event_time_constraints" name="test_get_all_events_respects_locale" time="0.092" /><testcase classname="root.tests.test_event_time_constraints" name="test_get_all_events_cursor_respects_ordering_and_gaps" time="0.085" /><testcase classname="root.tests.test_event_time_constraints" name="test_get_all_events_cursor_skips_total_on_followup_pages" time="0.101" /><testcase classname="root.tests.test_event_time_constraints" name="test_event_detail_returns_qr_code_after_registration" time="0.734" /><testcase classname="root.tests.test_events_localization" name="test_events_localization" time="0.254" /><testcase classname="root.tests.test_events_localization" name="test_create_event_records_enqueue_failure" time="0.261" /><testcase classname="root.tests.test_events_localization" name="test_events_etag_and_not_modified" time="0.294" /><testcase classname="root.tests.test_events_localization" name="test_get_all_events_search_deterministic_order" time="0.058" /><testcase classname="root.tests.test_events_localization" name="test_events_pagination_semantics" time="0.357" /><testcase classname="root.tests.test_events_localization" name="test_events_cache_invalidation_on_mutations" time="0.483" /><testcase classname="root.tests.test_events_localization" name="test_events_cache_uses_version_from_redis" time="0.266" /><testcase classname="root.tests.test_file_scanner.TestUploadStream" name="test_read_within_limit" time="0.020" /><testcase classname="root.tests.test_file_scanner.TestUploadStream" name="test_read_with_size" time="0.019" /><testcase classname="root.tests.test_file_scanner.TestUploadStream" name="test_read_exceeds_limit" time="0.021" /><testcase classname="root.tests.test_file_scanner.TestUploadStream" name="test_read_exactly_at_limit" time="0.021" /><testcase classname="root.tests.test_file_scanner.TestFileScannerPayloadTooLarge" name="test_exception_message" time="0.021" /><testcase classname="root.tests.test_file_scanner.TestFileScannerUnavailableError" name="test_is_exception" time="0.020" /><testcase classname="root.tests.test_file_scanner.TestScannerSizeLimitBytes" name="test_returns_configured_limit" time="0.023" /><testcase classname="root.tests.test_file_scanner.TestScannerSizeLimitBytes" name="test_zero_limit_returns_zero" time="0.023" /><testcase classname="root.tests.test_file_scanner.TestScannerSizeLimitBytes" name="test_fractional_mb" time="0.024" /><testcase classname="root.tests.test_file_utils" name="test_normalize_filename_prefix_basic" time="0.025" /><testcase classname="root.tests.test_file_utils" name="test_normalize_filename_prefix_compacts_symbols" time="0.027" /><testcase classname="root.tests.test_file_utils" name="test_save_image_uses_storage_backend" time="0.069" /><testcase classname="root.tests.test_file_utils" name="test_save_image_reports_localized_unsupported_type[ru]" time="0.028" /><testcase classname="root.tests.test_file_utils" name="test_save_image_reports_localized_unsupported_type[en]" time="0.027" /><testcase classname="root.tests.test_file_utils" name="test_save_image_reports_localized_unsupported_type[de]" time="0.030" /><testcase classname="root.tests.test_file_utils" name="test_save_image_reports_localized_size_limit" time="0.030" /><testcase classname="root.tests.test_file_utils" name="test_save_image_resizes_and_converts_large_images" time="0.122" /><testcase classname="root.tests.test_file_utils" name="test_save_image_preserves_transparency_with_png" time="0.211" /><testcase classname="root.tests.test_file_utils" name="test_save_attachment_rejects_mismatched_types" time="0.021" /><testcase classname="root.tests.test_file_utils" name="test_save_attachment_accepts_matching_declared_type" time="0.021" /><testcase classname="root.tests.test_file_utils" name="test_scan_for_malware_rejects_unknown_backend" time="0.020" /><testcase classname="root.tests.test_file_utils" name="test_scan_for_malware_handles_scanner_unavailable" time="0.022" /><testcase classname="root.tests.test_files_mime_edges" name="test_normalize_mime_type_strips_parameters_and_whitespace" time="0.022" /><testcase classname="root.tests.test_files_mime_edges" name="test_polyglot_detection_flags_script_in_pdf" time="0.023" /><testcase classname="root.tests.test_files_mime_edges" name="test_polyglot_detection_allows_clean_svg" time="0.024" /><testcase classname="root.tests.test_fingerprint.TestSessionFingerprint" name="test_matches_identical" time="0.024" /><testcase classname="root.tests.test_fingerprint.TestSessionFingerprint" name="test_matches_different_hash" time="0.023" /><testcase classname="root.tests.test_fingerprint.TestSessionFingerprint" name="test_partially_matches_all_same" time="0.022" /><testcase classname="root.tests.test_fingerprint.TestSessionFingerprint" name="test_partially_matches_user_agent_change_is_suspicious" time="0.021" /><testcase classname="root.tests.test_fingerprint.TestSessionFingerprint" name="test_partially_matches_ip_change_not_suspicious" time="0.021" /><testcase classname="root.tests.test_fingerprint.TestSessionFingerprint" name="test_to_dict" time="0.021" /><testcase classname="root.tests.test_fingerprint.TestSessionFingerprint" name="test_from_dict" time="0.021" /><testcase classname="root.tests.test_fingerprint.TestSessionFingerprint" name="test_from_dict_missing_fields" time="0.023" /><testcase classname="root.tests.test_fingerprint.TestGetClientIp" name="test_x_forwarded_for" time="0.025" /><testcase classname="root.tests.test_fingerprint.TestGetClientIp" name="test_x_real_ip" time="0.024" /><testcase classname="root.tests.test_fingerprint.TestGetClientIp" name="test_direct_connection" time="0.026" /><testcase classname="root.tests.test_fingerprint.TestGetClientIp" name="test_no_client" time="0.033" /><testcase classname="root.tests.test_fingerprint.TestComputeFingerprintHash" name="test_consistent_hash" time="0.033" /><testcase classname="root.tests.test_fingerprint.TestComputeFingerprintHash" name="test_different_user_agent_different_hash" time="0.032" /><testcase classname="root.tests.test_fingerprint.TestComputeFingerprintHash" name="test_ip_not_included_in_hash" time="0.031" /><testcase classname="root.tests.test_fingerprint.TestComputeFingerprintHash" name="test_hash_is_32_chars" time="0.031" /><testcase classname="root.tests.test_fingerprint.TestExtractFingerprint" name="test_extracts_from_request" time="0.032" /><testcase classname="root.tests.test_fingerprint.TestSuspiciousActivityEvent" name="test_to_log_record" time="0.025" /><testcase classname="root.tests.test_fingerprint.TestSuspiciousActivityDetector" name="test_check_fingerprint_mismatch_no_mismatch" time="0.024" /><testcase classname="root.tests.test_fingerprint.TestSuspiciousActivityDetector" name="test_check_fingerprint_mismatch_user_agent_change" time="0.025" /><testcase classname="root.tests.test_fingerprint.TestSuspiciousActivityDetector" name="test_check_rapid_location_change_same_ip" time="0.025" /><testcase classname="root.tests.test_fingerprint.TestSuspiciousActivityDetector" name="test_check_rapid_location_change_slow_change" time="0.020" /><testcase classname="root.tests.test_fingerprint.TestSuspiciousActivityDetector" name="test_check_rapid_location_change_detected" time="0.021" /><testcase classname="root.tests.test_fingerprint.TestSuspiciousActivityDetector" name="test_get_recent_events" time="0.020" /><testcase classname="root.tests.test_fingerprint.TestSuspiciousActivityDetector" name="test_get_recent_events_limit" time="0.021" /><testcase classname="root.tests.test_fingerprint.TestGlobalDetector" name="test_returns_same_instance" time="0.023" /><testcase classname="root.tests.test_health_endpoint" name="test_healthcheck_reports_dependency_statuses" time="0.085" /><testcase classname="root.tests.test_health_endpoint" name="test_healthcheck_database_failure_returns_503" time="0.078" /><testcase classname="root.tests.test_health_endpoint" name="test_healthcheck_cache_success" time="0.077" /><testcase classname="root.tests.test_health_endpoint" name="test_healthcheck_cache_failure" time="0.108" /><testcase classname="root.tests.test_health_endpoint" name="test_healthcheck_storage_failure" time="0.077" /><testcase classname="root.tests.test_health_endpoint" name="test_healthcheck_storage_probe_skips_heavy_when_disabled" time="0.167" /><testcase classname="root.tests.test_health_endpoint" name="test_healthcheck_storage_probe_uses_cache" time="0.095" /><testcase classname="root.tests.test_health_endpoint" name="test_healthcheck_notification_queue_failure" time="0.092" /><testcase classname="root.tests.test_health_endpoint" name="test_healthcheck_notification_queue_missing_table" time="0.089" /><testcase classname="root.tests.test_health_endpoint" name="test_healthcheck_reports_migration_versions_on_drift" time="0.077" /><testcase classname="root.tests.test_health_endpoint" name="test_healthcheck_file_scanner_success" time="0.091" /><testcase classname="root.tests.test_health_endpoint" name="test_healthcheck_file_scanner_failure" time="0.074" /><testcase classname="root.tests.test_health_endpoint" name="test_healthcheck_file_scanner_uses_lightweight_probe" time="0.081" /><testcase classname="root.tests.test_ical.TestEscape" name="test_escape_empty_string" time="0.022" /><testcase classname="root.tests.test_ical.TestEscape" name="test_escape_none" time="0.022" /><testcase classname="root.tests.test_ical.TestEscape" name="test_escape_plain_text" time="0.024" /><testcase classname="root.tests.test_ical.TestEscape" name="test_escape_backslash" time="0.023" /><testcase classname="root.tests.test_ical.TestEscape" name="test_escape_semicolon" time="0.022" /><testcase classname="root.tests.test_ical.TestEscape" name="test_escape_comma" time="0.020" /><testcase classname="root.tests.test_ical.TestEscape" name="test_escape_newline" time="0.021" /><testcase classname="root.tests.test_ical.TestEscape" name="test_escape_combined" time="0.515" /><testcase classname="root.tests.test_ical.TestEscape" name="test_escape_unicode_characters" time="0.162" /><testcase classname="root.tests.test_ical.TestEscape" name="test_escape_special_ics_characters" time="0.021" /><testcase classname="root.tests.test_ical.TestWeekdayIndex" name="test_weekday_monday" time="0.021" /><testcase classname="root.tests.test_ical.TestWeekdayIndex" name="test_weekday_friday" time="0.024" /><testcase classname="root.tests.test_ical.TestWeekdayIndex" name="test_weekday_sunday" time="0.024" /><testcase classname="root.tests.test_ical.TestWeekdayIndex" name="test_weekday_none" time="0.023" /><testcase classname="root.tests.test_ical.TestWeekdayIndex" name="test_weekday_empty_string" time="0.024" /><testcase classname="root.tests.test_ical.TestWeekdayIndex" name="test_weekday_invalid" time="0.026" /><testcase classname="root.tests.test_ical.TestWeekdayIndex" name="test_weekday_abbreviated" time="0.023" /><testcase classname="root.tests.test_ical.TestWeekdayIndex" name="test_weekday_russian" time="0.025" /><testcase classname="root.tests.test_ical.TestEnsureTime" name="test_ensure_time_from_time" time="0.022" /><testcase classname="root.tests.test_ical.TestEnsureTime" name="test_ensure_time_from_datetime" time="0.023" /><testcase classname="root.tests.test_ical.TestEnsureTime" name="test_ensure_time_from_aware_datetime" time="0.025" /><testcase classname="root.tests.test_ical.TestEnsureTime" name="test_ensure_time_none" time="0.020" /><testcase classname="root.tests.test_ical.TestEnsureTime" name="test_ensure_time_preserves_microseconds" time="0.033" /><testcase classname="root.tests.test_ical.TestEnsureTime" name="test_ensure_time_from_different_timezone" time="0.024" /><testcase classname="root.tests.test_ical.TestFormatDt" name="test_format_utc_datetime" time="0.025" /><testcase classname="root.tests.test_ical.TestFormatDt" name="test_format_naive_datetime" time="0.023" /><testcase classname="root.tests.test_ical.TestIterLessonDates" name="test_iter_both_parity" time="0.023" /><testcase classname="root.tests.test_ical.TestIterLessonDates" name="test_iter_odd_parity_starting_odd" time="0.022" /><testcase classname="root.tests.test_ical.TestIterLessonDates" name="test_iter_even_parity_starting_odd" time="0.025" /><testcase classname="root.tests.test_ical.TestGenerateScheduleIcs" name="test_generate_empty_schedule" time="0.023" /><testcase classname="root.tests.test_ical.TestGenerateScheduleIcs" name="test_generate_single_lesson" time="0.024" /><testcase classname="root.tests.test_ical.TestGenerateScheduleIcs" name="test_generate_multiple_lessons" time="0.023" /><testcase classname="root.tests.test_ical.TestGenerateScheduleIcs" name="test_ics_format_crlf_endings" time="0.027" /><testcase classname="root.tests.test_ical.TestGenerateScheduleIcs" name="test_lesson_with_odd_parity" time="0.028" /><testcase classname="root.tests.test_ical.TestGenerateScheduleIcs" name="test_lesson_with_missing_weekday_skipped" time="0.027" /><testcase classname="root.tests.test_ical.TestGenerateScheduleIcs" name="test_lesson_with_missing_start_time_skipped" time="0.029" /><testcase classname="root.tests.test_ical.TestGenerateScheduleIcs" name="test_lesson_with_missing_end_time_skipped" time="0.027" /><testcase classname="root.tests.test_ical.TestGenerateScheduleIcs" name="test_lesson_with_invalid_weekday_skipped" time="0.030" /><testcase classname="root.tests.test_ical.TestGenerateScheduleIcs" name="test_lesson_without_subject_uses_default" time="0.029" /><testcase classname="root.tests.test_ical.TestGenerateScheduleIcs" name="test_lesson_without_teacher" time="0.025" /><testcase classname="root.tests.test_ical.TestGenerateScheduleIcs" name="test_lesson_without_room" time="0.022" /><testcase classname="root.tests.test_ical.TestGenerateScheduleIcs" name="test_lesson_without_lesson_type" time="0.027" /><testcase classname="root.tests.test_ical.TestGenerateScheduleIcs" name="test_lesson_with_datetime_start_time" time="0.025" /><testcase classname="root.tests.test_ical.TestGenerateScheduleIcs" name="test_lesson_with_aware_datetime_times" time="0.024" /><testcase classname="root.tests.test_ical.TestGenerateScheduleIcs" name="test_lesson_with_even_parity" time="0.022" /><testcase classname="root.tests.test_ical.TestGenerateScheduleIcs" name="test_lesson_with_uppercase_parity" time="0.023" /><testcase classname="root.tests.test_ical.TestGenerateScheduleIcs" name="test_lesson_with_none_parity_treated_as_both" time="0.023" /><testcase classname="root.tests.test_ical.TestGenerateScheduleIcs" name="test_lesson_with_special_characters_in_subject" time="0.021" /><testcase classname="root.tests.test_ical.TestGenerateScheduleIcs" name="test_lesson_with_unicode_subject" time="0.021" /><testcase classname="root.tests.test_ical.TestGenerateScheduleIcs" name="test_generate_zero_weeks" time="0.021" /><testcase classname="root.tests.test_ical.TestGenerateScheduleIcs" name="test_generate_large_week_count" time="0.023" /><testcase classname="root.tests.test_ical.TestGenerateScheduleIcs" name="test_group_with_no_name" time="0.024" /><testcase classname="root.tests.test_images_v2" name="test_sanitize_svg_valid" time="0.023" /><testcase classname="root.tests.test_images_v2" name="test_sanitize_svg_invalid" time="0.034" /><testcase classname="root.tests.test_images_v2" name="test_optimize_image_to_webp" time="0.026" /><testcase classname="root.tests.test_images_v2" name="test_optimize_image_svg_passthrough" time="0.026" /><testcase classname="root.tests.test_internal_routing" name="test_internal_routes_absent_from_openapi" time="0.081" /><testcase classname="root.tests.test_internal_routing" name="test_internal_routes_require_token" time="0.063" /><testcase classname="root.tests.test_localization" name="test_resolve_locale_prefers_query_param_over_header" time="0.022" /><testcase classname="root.tests.test_localization" name="test_resolve_locale_uses_user_preference" time="0.023" /><testcase classname="root.tests.test_localization" name="test_translate_falls_back_to_english" time="0.025" /><testcase classname="root.tests.test_metrics_endpoint" name="test_metrics_endpoint_requires_auth" time="0.078" /><testcase classname="root.tests.test_metrics_endpoint" name="test_metrics_endpoint_rejects_missing_credentials_when_public" time="0.076" /><testcase classname="root.tests.test_metrics_endpoint" name="test_metrics_endpoint_exposes_prometheus_payload" time="0.116" /><testcase classname="root.tests.test_metrics_endpoint" name="test_metrics_endpoint_rejects_partial_credentials" time="0.098" /><testcase classname="root.tests.test_metrics_endpoint" name="test_metrics_endpoint_respects_allowlist" time="0.075" /><testcase classname="root.tests.test_metrics_endpoint" name="test_metrics_endpoint_allows_loopback_allowlist_without_auth" time="0.104" /><testcase classname="root.tests.test_metrics_endpoint" name="test_health_check_metrics_recorded" time="0.091" /><testcase classname="root.tests.test_metrics_endpoint" name="test_otel_resource_attributes_include_service_version" time="0.021" /><testcase classname="root.tests.test_mfa_challenge_cleanup" name="test_cleanup_stale_mfa_challenges_respects_grace_period" time="0.046" /><testcase classname="root.tests.test_migrations_runtime" name="test_alembic_upgrade_head[clean.sqlite]" time="0.000"><skipped type="pytest.skip" message="Migrations are PostgreSQL specific and fail on SQLite">C:\Users\egorribun\Documents\university_ecosystem\root\tests\test_migrations_runtime.py:46: Migrations are PostgreSQL specific and fail on SQLite</skipped></testcase><testcase classname="root.tests.test_migrations_runtime" name="test_alembic_upgrade_head[idempotent.sqlite]" time="0.000"><skipped type="pytest.skip" message="Migrations are PostgreSQL specific and fail on SQLite">C:\Users\egorribun\Documents\university_ecosystem\root\tests\test_migrations_runtime.py:46: Migrations are PostgreSQL specific and fail on SQLite</skipped></testcase><testcase classname="root.tests.test_migrations_runtime" name="test_alembic_upgrade_from_multiple_heads" time="0.000"><skipped type="pytest.skip" message="Migrations are PostgreSQL specific and fail on SQLite">C:\Users\egorribun\Documents\university_ecosystem\root\tests\test_migrations_runtime.py:135: Migrations are PostgreSQL specific and fail on SQLite</skipped></testcase><testcase classname="root.tests.test_news_cache_utils" name="test_normalized_cache_locale_accepts_supported_locales" time="0.023" /><testcase classname="root.tests.test_news_cache_utils" name="test_normalized_cache_locale_defaults_to_ru_for_unknown" time="0.023" /><testcase classname="root.tests.test_news_cache_utils" name="test_news_list_cache_key_reflects_locale_and_params" time="0.023" /><testcase classname="root.tests.test_news_cache_utils" name="test_news_item_cache_key_uses_normalized_locale" time="0.022" /><testcase classname="root.tests.test_news_cache_utils" name="test_news_cache_keys_include_legacy_and_localized_variants" time="0.023" /><testcase classname="root.tests.test_news_cache_utils" name="test_non_empty_text_filters_blank_strings" time="0.022" /><testcase classname="root.tests.test_news_helpers" name="test_normalized_cache_locale_supported_and_default_fallback" time="0.022" /><testcase classname="root.tests.test_news_helpers" name="test_non_empty_text[text-text]" time="0.022" /><testcase classname="root.tests.test_news_helpers" name="test_non_empty_text[   spaced   -   spaced   ]" time="0.022" /><testcase classname="root.tests.test_news_helpers" name="test_non_empty_text[   -None]" time="0.024" /><testcase classname="root.tests.test_news_helpers" name="test_non_empty_text[123-None]" time="0.023" /><testcase classname="root.tests.test_news_helpers" name="test_localized_text_prefers_requested_locale_with_fallbacks" time="0.020" /><testcase classname="root.tests.test_news_helpers" name="test_news_cache_keys_include_all_locales_and_legacy_prefixes" time="0.022" /><testcase classname="root.tests.test_news_image_cleanup" name="test_update_news_removes_replaced_image" time="0.077" /><testcase classname="root.tests.test_news_image_cleanup" name="test_delete_news_removes_image_file" time="0.057" /><testcase classname="root.tests.test_news_localization" name="test_news_localization_preference" time="0.109" /><testcase classname="root.tests.test_news_localization" name="test_news_list_localization_headers_cache" time="0.093" /><testcase classname="root.tests.test_news_localization" name="test_news_detail_localization_headers_cache" time="0.093" /><testcase classname="root.tests.test_news_localization" name="test_partial_news_updates_keep_other_fields[payload_kwargs0-expected_changes0]" time="0.069" /><testcase classname="root.tests.test_news_localization" name="test_partial_news_updates_keep_other_fields[payload_kwargs1-expected_changes1]" time="0.058" /><testcase classname="root.tests.test_notification_templates" name="test_build_payload_schedule_change_template" time="0.021" /><testcase classname="root.tests.test_notification_templates" name="test_build_payload_news_template_merges_overrides" time="0.023" /><testcase classname="root.tests.test_notification_templates" name="test_build_payload_schedule_reminder_template" time="0.023" /><testcase classname="root.tests.test_notification_templates" name="test_build_payload_events_template" time="0.023" /><testcase classname="root.tests.test_notification_templates" name="test_build_payload_system_message_template" time="0.025" /><testcase classname="root.tests.test_notification_templates" name="test_build_payload_schedule_change_english_locale" time="0.023" /><testcase classname="root.tests.test_notification_templates" name="test_build_payload_schedule_reminder_english_locale" time="0.033" /><testcase classname="root.tests.test_notifications_api" name="test_clear_notifications_removes_only_current_user" time="0.219" /><testcase classname="root.tests.test_notifications_api" name="test_list_notifications_handles_missing_created_at" time="0.243" /><testcase classname="root.tests.test_notifications_api" name="test_list_notifications_handles_invalid_data" time="0.227" /><testcase classname="root.tests.test_notifications_api" name="test_list_notifications_sets_language_and_cache_headers" time="0.248" /><testcase classname="root.tests.test_notifications_api" name="test_notifications_list_returns_bilingual_fields" time="0.212" /><testcase classname="root.tests.test_notifications_api" name="test_serialize_notification_accepts_orm_instance" time="0.023" /><testcase classname="root.tests.test_notifications_api" name="test_serialize_notification_normalizes_id_and_read_flag" time="0.523" /><testcase classname="root.tests.test_notifications_api" name="test_check_schedule_creates_notifications" time="0.277" /><testcase classname="root.tests.test_notifications_localization" name="test_notifications_localization" time="0.253" /><testcase classname="root.tests.test_notifications_push" name="test_subscribe_persists_subscription" time="0.212" /><testcase classname="root.tests.test_notifications_push" name="test_serialize_subscription_handles_missing_created_at" time="0.025" /><testcase classname="root.tests.test_notifications_push" name="test_unsubscribe_removes_subscription" time="0.253" /><testcase classname="root.tests.test_notifications_push" name="test_send_test_filters_and_cleans_subscriptions" time="0.344" /><testcase classname="root.tests.test_notifications_push" name="test_notify_about_news_uses_locale" time="0.039" /><testcase classname="root.tests.test_notifications_push" name="test_create_notifications_limits_concurrent_push_tasks" time="0.210" /><testcase classname="root.tests.test_notifications_push" name="test_create_notifications_checks_schema_once_per_process" time="0.117" /><testcase classname="root.tests.test_notifications_retention.TestNotificationsRetentionConfig" name="test_default_values" time="0.023" /><testcase classname="root.tests.test_notifications_retention.TestNotificationsRetentionConfig" name="test_custom_values" time="0.028" /><testcase classname="root.tests.test_notifications_retention.TestNotificationsRetentionConfig" name="test_normalized_retention_days_positive" time="0.027" /><testcase classname="root.tests.test_notifications_retention.TestNotificationsRetentionConfig" name="test_normalized_retention_days_zero" time="0.026" /><testcase classname="root.tests.test_notifications_retention.TestNotificationsRetentionConfig" name="test_normalized_retention_days_negative" time="0.021" /><testcase classname="root.tests.test_notifications_retention.TestNotificationsRetentionConfig" name="test_normalized_interval_minimum" time="0.021" /><testcase classname="root.tests.test_notifications_retention.TestNotificationsRetentionConfig" name="test_normalized_interval_above_minimum" time="0.022" /><testcase classname="root.tests.test_notifications_retention.TestNotificationsRetentionConfig" name="test_normalized_interval_negative" time="0.020" /><testcase classname="root.tests.test_notifications_retention" name="test_cleanup_stale_notifications_respects_read_state" time="0.113" /><testcase classname="root.tests.test_notifications_retention" name="test_cleanup_stale_notifications_disabled" time="0.046" /><testcase classname="root.tests.test_notifications_service" name="test_is_user_in_quiet_hours_crosses_midnight" time="0.020" /><testcase classname="root.tests.test_notifications_service" name="test_is_user_in_quiet_hours_uses_user_timezone" time="0.023" /><testcase classname="root.tests.test_notifications_service" name="test_is_user_in_quiet_hours_defaults_to_utc" time="0.025" /><testcase classname="root.tests.test_notifications_service" name="test_prepare_push_payload_applies_silent_mode" time="0.023" /><testcase classname="root.tests.test_notifications_service" name="test_prepare_push_payload_keeps_original_when_outside_interval" time="0.023" /><testcase classname="root.tests.test_notifications_service" name="test_create_notifications_records_webpush_deliveries" time="0.077" /><testcase classname="root.tests.test_notifications_service" name="test_create_notifications_records_skip_without_credentials" time="0.057" /><testcase classname="root.tests.test_notifications_service" name="test_generate_schedule_reminders_query_count_constant" time="0.107" /><testcase classname="root.tests.test_notifications_service" name="test_generate_schedule_reminders_handles_duplicate_titles" time="0.116" /><testcase classname="root.tests.test_notifications_service" name="test_generate_schedule_reminders_skips_inactive_users" time="0.099" /><testcase classname="root.tests.test_notifications_service" name="test_scheduler_loop_logs_failures" time="0.021" /><testcase classname="root.tests.test_notifications_service" name="test_event_creation_enqueues_notifications" time="0.272" /><testcase classname="root.tests.test_notifications_service" name="test_news_creation_enqueues_notifications" time="0.253" /><testcase classname="root.tests.test_notifications_worker" name="test_scheduler_init" time="0.022" /><testcase classname="root.tests.test_notifications_worker" name="test_scheduler_run_once" time="0.024" /><testcase classname="root.tests.test_notifications_worker" name="test_scheduler_run_forever_logic" time="0.025" /><testcase classname="root.tests.test_notifications_worker" name="test_start_stop_scheduler" time="0.022" /><testcase classname="root.tests.test_otel_v2" name="test_otel_span_generation" time="0.023" /><testcase classname="root.tests.test_otel_v2" name="test_otel_disabled" time="0.021" /><testcase classname="root.tests.test_pagination" name="test_chat_cursor_round_trip" time="0.066" /><testcase classname="root.tests.test_pagination" name="test_chat_decode_cursor_rejects_invalid" time="0.046" /><testcase classname="root.tests.test_pagination" name="test_news_cursor_round_trip" time="0.042" /><testcase classname="root.tests.test_pagination.TestNewsPagination" name="test_news_list_returns_paginated_response" time="0.096" /><testcase classname="root.tests.test_pagination.TestNewsPagination" name="test_news_list_respects_limit" time="0.090" /><testcase classname="root.tests.test_pagination.TestNewsPagination" name="test_news_list_cursor_pagination" time="0.137" /><testcase classname="root.tests.test_pagination.TestNewsPagination" name="test_news_list_empty" time="0.098" /><testcase classname="root.tests.test_pagination.TestNewsPagination" name="test_news_list_last_page" time="0.091" /><testcase classname="root.tests.test_pagination.TestNewsPagination" name="test_news_list_invalid_cursor_ignored" time="0.090" /><testcase classname="root.tests.test_pagination.TestEventsPagination" name="test_events_list_returns_paginated_response" time="0.128" /><testcase classname="root.tests.test_pagination.TestEventsPagination" name="test_events_list_respects_limit" time="0.150" /><testcase classname="root.tests.test_pagination.TestCrudNewsPagination" name="test_get_news_list_with_limit" time="0.038" /><testcase classname="root.tests.test_pagination.TestCrudNewsPagination" name="test_get_news_list_with_cursor" time="0.039" /><testcase classname="root.tests.test_pagination.TestCrudNewsPagination" name="test_decode_news_cursor_valid" time="0.026" /><testcase classname="root.tests.test_pagination.TestCrudNewsPagination" name="test_decode_news_cursor_invalid" time="0.023" /><testcase classname="root.tests.test_pagination.TestPaginatedNewsSchema" name="test_paginated_news_schema_structure" time="0.023" /><testcase classname="root.tests.test_pagination.TestPaginatedNewsSchema" name="test_paginated_news_with_items" time="0.036" /><testcase classname="root.tests.test_partition_manager.TestPartitionManager" name="test_ensure_partitions_exist_non_postgresql" time="0.030" /><testcase classname="root.tests.test_partition_manager.TestPartitionManager" name="test_ensure_partitions_exist_postgresql" time="0.028" /><testcase classname="root.tests.test_partition_manager.TestPartitionManager" name="test_scheduler_lifecycle" time="0.232" /><testcase classname="root.tests.test_password_reset_cleanup" name="test_cleanup_stale_password_reset_tokens_respects_retention" time="0.051" /><testcase classname="root.tests.test_password_reset_cleanup" name="test_cleanup_stale_password_reset_tokens_default_retention" time="0.043" /><testcase classname="root.tests.test_password_reset_cleanup" name="test_start_password_reset_cleanup_scheduler" time="0.023" /><testcase classname="root.tests.test_password_reset_cleanup" name="test_forgot_password_limits_active_tokens" time="0.459" /><testcase classname="root.tests.test_periodic_task_metrics" name="test_periodic_task_metrics_records_success" time="0.066" /><testcase classname="root.tests.test_periodic_task_metrics" name="test_periodic_task_metrics_records_failure" time="0.063" /><testcase classname="root.tests.test_push_api" name="test_push_test_returns_aggregated_stats" time="0.058" /><testcase classname="root.tests.test_push_api" name="test_push_broadcast_reports_failures" time="0.062" /><testcase classname="root.tests.test_push_api" name="test_admin_disable_user_push_removes_subscriptions" time="0.123" /><testcase classname="root.tests.test_push_api" name="test_get_push_topics_includes_preferences" time="0.060" /><testcase classname="root.tests.test_push_api" name="test_admin_update_user_topics_updates_preferences" time="0.100" /><testcase classname="root.tests.test_push_api" name="test_admin_disable_user_push_requires_admin" time="0.052" /><testcase classname="root.tests.test_push_api" name="test_admin_disable_user_push_missing_user" time="0.040" /><testcase classname="root.tests.test_push_schema" name="test_ensure_push_subscription_schema_upgrades_existing_table" time="0.076" /><testcase classname="root.tests.test_push_topics" name="test_normalize_topics_respects_allowed_and_deduplicates" time="0.062" /><testcase classname="root.tests.test_push_topics" name="test_normalize_topic_strict_unknown_topic" time="0.026" /><testcase classname="root.tests.test_push_topics" name="test_sort_topics_uses_allowed_order" time="0.025" /><testcase classname="root.tests.test_query_plans.TestCriticalQueryPlans" name="test_user_by_email_uses_index" time="0.024" /><testcase classname="root.tests.test_query_plans.TestCriticalQueryPlans" name="test_notifications_by_user_uses_index" time="0.025" /><testcase classname="root.tests.test_query_plans.TestCriticalQueryPlans" name="test_chat_messages_uses_index" time="0.038" /><testcase classname="root.tests.test_query_plans.TestCriticalQueryPlans" name="test_events_active_uses_index" time="0.031" /><testcase classname="root.tests.test_query_plans.TestCriticalQueryPlans" name="test_schedule_by_group_uses_index" time="0.029" /><testcase classname="root.tests.test_query_plans.TestQueryPlanHelpers" name="test_analyze_query_plan_returns_expected_structure" time="0.027" /><testcase classname="root.tests.test_rate_limit" name="test_rate_limit_per_ip" time="0.101" /><testcase classname="root.tests.test_rate_limit" name="test_rate_limit_per_token" time="0.101" /><testcase classname="root.tests.test_rate_limit" name="test_rate_limit_per_cookie" time="0.126" /><testcase classname="root.tests.test_rate_limit" name="test_rate_limit_skips_static_paths" time="0.039" /><testcase classname="root.tests.test_rate_limit" name="test_sensitive_login_rate_limit" time="0.369" /><testcase classname="root.tests.test_rate_limit" name="test_sensitive_forgot_password_rate_limit" time="0.157" /><testcase classname="root.tests.test_rate_limit" name="test_rate_limit_memory_backend_blocks_requests" time="0.023" /><testcase classname="root.tests.test_rate_limit" name="test_sensitive_dependency_memory_backend" time="0.025" /><testcase classname="root.tests.test_rate_limit" name="test_sensitive_dependency_memory_backend_resolves_proxy_headers" time="0.024" /><testcase classname="root.tests.test_rate_limit" name="test_sensitive_dependency_redis_backend" time="0.026" /><testcase classname="root.tests.test_rate_limit" name="test_sensitive_dependency_redis_backend_forwarded_header" time="0.026" /><testcase classname="root.tests.test_rate_limit" name="test_enforce_rate_limit_falls_back_on_redis_error" time="0.025" /><testcase classname="root.tests.test_rate_limit" name="test_rate_limit_middleware_allows_when_redis_fails" time="0.026" /><testcase classname="root.tests.test_rate_limit" name="test_parse_rate_limit_accepts_known_units" time="0.050" /><testcase classname="root.tests.test_rate_limit" name="test_parse_rate_limit_invalid_returns_fallback" time="0.174" /><testcase classname="root.tests.test_rate_limit" name="test_check_rate_limit_blocks_after_limit" time="0.075" /><testcase classname="root.tests.test_redis_sessions" name="test_redis_session_lifecycle" time="0.029" /><testcase classname="root.tests.test_redis_sessions" name="test_redis_session_expiration" time="0.030" /><testcase classname="root.tests.test_schedule_ics" name="test_generate_schedule_ics_includes_lessons" time="0.025" /><testcase classname="root.tests.test_schedule_ics" name="test_schedule_ics_endpoint" time="0.100" /><testcase classname="root.tests.test_schedule_ics" name="test_generate_schedule_ics_english_avoids_cyrillic_labels" time="0.026" /><testcase classname="root.tests.test_schedule_ics" name="test_schedule_endpoint_localizes_lesson_type" time="0.099" /><testcase classname="root.tests.test_schedule_ics" name="test_schedule_endpoint_preserves_existing_vary_values" time="0.114" /><testcase classname="root.tests.test_schemas" name="test_user_create_requires_valid_email" time="0.023" /><testcase classname="root.tests.test_schemas" name="test_user_profile_update_validates_email" time="0.021" /><testcase classname="root.tests.test_schemas" name="test_user_profile_update_requires_dnd_times" time="0.022" /><testcase classname="root.tests.test_schemas" name="test_user_profile_update_accepts_dnd_interval" time="0.022" /><testcase classname="root.tests.test_schemas" name="test_user_profile_update_validates_timezone" time="0.028" /><testcase classname="root.tests.test_schemas" name="test_event_create_requires_end_after_start" time="0.025" /><testcase classname="root.tests.test_schemas" name="test_event_update_requires_both_timestamps" time="0.024" /><testcase classname="root.tests.test_schemas" name="test_event_update_requires_order" time="0.026" /><testcase classname="root.tests.test_schemas" name="test_event_update_accepts_valid_interval" time="0.024" /><testcase classname="root.tests.test_schemas" name="test_user_out_contract" time="0.043" /><testcase classname="root.tests.test_security_headers" name="test_security_headers_production_mode" time="0.033" /><testcase classname="root.tests.test_security_headers" name="test_security_headers_development_report_only" time="0.033" /><testcase classname="root.tests.test_security_headers" name="test_security_headers_credentialless_coep" time="0.032" /><testcase classname="root.tests.test_security_headers" name="test_gzip_preserves_security_headers_and_etag" time="0.032" /><testcase classname="root.tests.test_security_headers" name="test_cors_hardening_filters_insecure_origins" time="0.039" /><testcase classname="root.tests.test_security_headers" name="test_cors_credentials_disabled_for_insecure_hosts" time="0.035" /><testcase classname="root.tests.test_security_headers" name="test_cors_allows_localhost_when_strict" time="0.036" /><testcase classname="root.tests.test_session_cleanup" name="test_cleanup_expired_sessions_removes_expired" time="0.054" /><testcase classname="root.tests.test_session_cleanup" name="test_cleanup_expired_sessions_removes_mfa_challenges" time="0.048" /><testcase classname="root.tests.test_session_cleanup" name="test_cleanup_expired_sessions_handles_large_batches" time="0.265" /><testcase classname="root.tests.test_sessions_api" name="test_list_sessions_includes_current_session_metadata" time="0.256" /><testcase classname="root.tests.test_sessions_api" name="test_admin_can_list_sessions_for_other_user" time="0.234" /><testcase classname="root.tests.test_sessions_api" name="test_non_admin_cannot_list_sessions_for_other_user" time="0.237" /><testcase classname="root.tests.test_sessions_api" name="test_revoke_session_removes_from_listing" time="0.569" /><testcase classname="root.tests.test_sessions_api" name="test_admin_can_revoke_foreign_session" time="0.239" /><testcase classname="root.tests.test_sessions_api" name="test_logout_removes_session_immediately" time="0.350" /><testcase classname="root.tests.test_sessions_api" name="test_revoke_session_requires_step_up" time="1.444" /><testcase classname="root.tests.test_sessions_api" name="test_revoke_other_user_session_forbidden" time="0.217" /><testcase classname="root.tests.test_sessions_api" name="test_revoke_missing_session_returns_404" time="0.228" /><testcase classname="root.tests.test_smoke" name="test_root_endpoint" time="0.082" /><testcase classname="root.tests.test_smoke" name="test_healthcheck" time="0.093" /><testcase classname="root.tests.test_smoke" name="test_readiness" time="0.078" /><testcase classname="root.tests.test_spotify_fallback" name="test_fallback_now_playing_returns_last_track_details" time="0.022" /><testcase classname="root.tests.test_spotify_fallback" name="test_fallback_now_playing_handles_missing_data" time="0.022" /><testcase classname="root.tests.test_spotify_fallback" name="test_legacy_fallback_matches_new_behavior" time="0.022" /><testcase classname="root.tests.test_spotify_fallback" name="test_now_playing_returns_204_when_user_has_no_track" time="0.203" /><testcase classname="root.tests.test_spotify_fallback" name="test_now_playing_uses_last_known_track_from_fallback" time="0.260" /><testcase classname="root.tests.test_spotify_fallback" name="test_now_playing_returns_401_when_refresh_fails" time="0.379" /><testcase classname="root.tests.test_spotify_fallback" name="test_now_playing_refreshes_when_access_token_missing" time="0.444" /><testcase classname="root.tests.test_spotify_fallback" name="test_now_playing_retries_after_unauthorized_response" time="0.982" /><testcase classname="root.tests.test_spotify_fallback" name="test_now_playing_disconnects_on_unauthorized_response" time="0.573" /><testcase classname="root.tests.test_spotify_fallback" name="test_spotify_tokens_are_encrypted_in_database" time="0.055" /><testcase classname="root.tests.test_spotify_fallback" name="test_ensure_access_token_returns_plaintext" time="0.052" /><testcase classname="root.tests.test_static_assets" name="test_static_file_served_with_cache_control" time="0.082" /><testcase classname="root.tests.test_stats_api" name="test_stats_requires_auth[/stats/attendance]" time="0.077" /><testcase classname="root.tests.test_stats_api" name="test_stats_requires_auth[/stats/grades]" time="0.073" /><testcase classname="root.tests.test_stats_api" name="test_stats_requires_auth[/stats/participation]" time="0.093" /><testcase classname="root.tests.test_stats_api" name="test_attendance_stats_returns_expected_payload" time="0.258" /><testcase classname="root.tests.test_stats_api" name="test_attendance_stats_period_label_localized" time="0.208" /><testcase classname="root.tests.test_stats_api" name="test_grade_stats_parse_notifications" time="0.216" /><testcase classname="root.tests.test_stats_api" name="test_participation_stats_summarize_events" time="0.266" /><testcase classname="root.tests.test_stats_api" name="test_attendance_stats_uses_cache" time="0.205" /><testcase classname="root.tests.test_stats_api" name="test_set_cached_stats_uses_settings_ttl" time="0.026" /><testcase classname="root.tests.test_stats_api" name="test_set_cached_stats_prefers_override_ttl" time="0.023" /><testcase classname="root.tests.test_stats_api" name="test_registering_for_event_invalidates_stats_cache" time="0.277" /><testcase classname="root.tests.test_stats_api" name="test_stats_cache_invalidation_includes_default_and_custom_periods" time="0.021" /><testcase classname="root.tests.test_storage_backends" name="test_static_storage_saves_and_deletes" time="0.024" /><testcase classname="root.tests.test_storage_backends" name="test_s3_storage_uses_client" time="0.022" /><testcase classname="root.tests.test_stories_api" name="test_stories_list_filters_expired" time="0.099" /><testcase classname="root.tests.test_stories_api" name="test_stories_list_uses_etag" time="0.092" /><testcase classname="root.tests.test_stories_api" name="test_story_admin_permissions" time="0.376" /><testcase classname="root.tests.test_stories_api" name="test_cleanup_expired_stories_handles_naive_now" time="0.045" /><testcase classname="root.tests.test_story_cleanup.TestStoryCleanupConfig" name="test_default_interval" time="0.031" /><testcase classname="root.tests.test_story_cleanup.TestStoryCleanupConfig" name="test_custom_interval" time="0.032" /><testcase classname="root.tests.test_story_cleanup.TestStoryCleanupConfig" name="test_normalized_interval_above_minimum" time="0.030" /><testcase classname="root.tests.test_story_cleanup.TestStoryCleanupConfig" name="test_normalized_interval_below_minimum" time="0.025" /><testcase classname="root.tests.test_story_cleanup.TestStoryCleanupConfig" name="test_normalized_interval_negative" time="0.030" /><testcase classname="root.tests.test_story_cleanup" name="test_cleanup_expired_stories_removes_expired" time="0.066" /><testcase classname="root.tests.test_user_profile_update" name="test_update_profile_email_normalizes" time="0.202" /><testcase classname="root.tests.test_user_profile_update" name="test_update_profile_email_duplicate" time="0.253" /><testcase classname="root.tests.test_user_profile_update" name="test_email_change_requires_confirmation" time="0.277" /><testcase classname="root.tests.test_user_profile_update" name="test_update_profile_timezone_persisted" time="0.254" /><testcase classname="root.tests.test_user_profile_update" name="test_update_profile_timezone_invalid" time="0.592" /><testcase classname="root.tests.test_user_profile_update" name="test_delete_avatar_removes_file" time="0.280" /><testcase classname="root.tests.test_user_profile_update" name="test_delete_avatar_ignores_invalid_path[]" time="0.243" /><testcase classname="root.tests.test_user_profile_update" name="test_delete_avatar_ignores_invalid_path[https://example.com/avatar.png]" time="0.211" /><testcase classname="root.tests.test_user_profile_update" name="test_upload_avatar_cleans_up_on_commit_failure" time="0.046" /><testcase classname="root.tests.test_user_profile_update" name="test_upload_cover_cleans_up_on_commit_failure" time="0.053" /><testcase classname="root.tests.test_user_profile_update" name="test_delete_cover_removes_file" time="0.241" /><testcase classname="root.tests.test_user_profile_update" name="test_delete_cover_ignores_invalid_path[]" time="0.240" /><testcase classname="root.tests.test_user_profile_update" name="test_delete_cover_ignores_invalid_path[https://example.com/cover.png]" time="0.223" /><testcase classname="root.tests.test_user_profile_update" name="test_forgot_password_sends_email_via_thread" time="0.110" /><testcase classname="root.tests.test_users_profile_cache" name="test_profile_cache_missing_signing_key_localized[en]" time="0.235" /><testcase classname="root.tests.test_users_profile_cache" name="test_profile_cache_missing_signing_key_localized[ru]" time="0.412" /><testcase classname="root.tests.test_users_profile_cache" name="test_profile_cache_invalid_envelope_localized[en]" time="0.242" /><testcase classname="root.tests.test_users_profile_cache" name="test_profile_cache_invalid_envelope_localized[ru]" time="0.208" /><testcase classname="root.tests.test_users_profile_cache" name="test_profile_cache_invalid_signature_localized[en]" time="0.219" /><testcase classname="root.tests.test_users_profile_cache" name="test_profile_cache_invalid_signature_localized[ru]" time="0.267" /><testcase classname="root.tests.test_utils_email" name="test_send_reset_email_logs_fallback_when_missing_server" time="0.027" /><testcase classname="root.tests.test_utils_email" name="test_send_reset_email_uses_starttls" time="0.031" /><testcase classname="root.tests.test_webpush_cleanup" name="test_webpush_cleanup_allows_repeated_startup" time="0.025" /><testcase classname="root.tests.test_webpush_config" name="test_validate_webpush_subject_accepts_supported_values[mailto:Admin@example.com-mailto:admin@example.com]" time="0.024" /><testcase classname="root.tests.test_webpush_config" name="test_validate_webpush_subject_accepts_supported_values[https://example.com-https://example.com]" time="0.024" /><testcase classname="root.tests.test_webpush_config" name="test_validate_webpush_subject_accepts_supported_values[http://localhost:8000-http://localhost:8000]" time="0.026" /><testcase classname="root.tests.test_webpush_config" name="test_validate_webpush_subject_rejects_invalid_values[]" time="0.023" /><testcase classname="root.tests.test_webpush_config" name="test_validate_webpush_subject_rejects_invalid_values[mailto:]" time="0.022" /><testcase classname="root.tests.test_webpush_config" name="test_validate_webpush_subject_rejects_invalid_values[mailto:not-an-email]" time="0.024" /><testcase classname="root.tests.test_webpush_config" name="test_validate_webpush_subject_rejects_invalid_values[ws://example.com]" time="0.019" /><testcase classname="root.tests.test_webpush_config" name="test_validate_webpush_subject_rejects_invalid_values[https://]" time="0.019" /><testcase classname="root.tests.test_webpush_config" name="test_validate_webpush_subject_rejects_invalid_values[http://example.com]" time="0.023" /><testcase classname="root.tests.test_webpush_config" name="test_settings_webpush_subject_defaults" time="0.031" /><testcase classname="root.tests.test_webpush_config" name="test_settings_webpush_subject_invalid" time="0.031" /><testcase classname="root.tests.test_webpush_config" name="test_webpush_import_does_not_touch_database" time="0.024" /><testcase classname="root.tests.test_webpush_config" name="test_webpush_operation_ensures_schema" time="0.026" /><testcase classname="root.tests.test_webpush_ttl" name="test_send_web_push_sets_ttl_based_on_urgency[high-300]" time="0.022" /><testcase classname="root.tests.test_webpush_ttl" name="test_send_web_push_sets_ttl_based_on_urgency[normal-3600]" time="0.021" /><testcase classname="root.tests.test_webpush_ttl" name="test_send_web_push_sets_ttl_based_on_urgency[low-43200]" time="0.021" /><testcase classname="root.tests.test_webpush_ttl" name="test_send_web_push_sets_ttl_based_on_urgency[very-low-86400]" time="0.025" /><testcase classname="root.tests.test_webpush_ttl" name="test_send_web_push_sets_ttl_based_on_urgency[None-3600]" time="0.024" /><testcase classname="root.tests.test_webpush_ttl" name="test_send_web_push_prefers_explicit_ttl" time="0.022" /><testcase classname="root.tests.test_webpush_ttl" name="test_log_event_masks_endpoint" time="0.027" /><testcase classname="root.tests.test_websocket_chat.TestConnectionManager" name="test_connect_registers_user" time="0.028" /><testcase classname="root.tests.test_websocket_chat.TestConnectionManager" name="test_connect_multiple_connections_same_user" time="0.026" /><testcase classname="root.tests.test_websocket_chat.TestConnectionManager" name="test_disconnect_removes_connection" time="0.025" /><testcase classname="root.tests.test_websocket_chat.TestConnectionManager" name="test_disconnect_keeps_other_connections" time="0.027" /><testcase classname="root.tests.test_websocket_chat.TestConnectionManager" name="test_is_online_returns_true_for_connected_user" time="0.024" /><testcase classname="root.tests.test_websocket_chat.TestConnectionManager" name="test_is_online_returns_false_for_disconnected_user" time="0.023" /><testcase classname="root.tests.test_websocket_chat.TestConnectionManager" name="test_send_to_user_delivers_message" time="0.025" /><testcase classname="root.tests.test_websocket_chat.TestConnectionManager" name="test_send_to_user_handles_dead_connections" time="0.025" /><testcase classname="root.tests.test_websocket_chat.TestConnectionManager" name="test_get_online_users" time="0.022" /><testcase classname="root.tests.test_websocket_chat.TestWebSocketAuth" name="test_websocket_requires_auth" time="0.023" /><testcase classname="root.tests.test_websocket_chat.TestWebSocketAuth" name="test_get_user_from_token_valid" time="0.056" /><testcase classname="root.tests.test_websocket_chat.TestWebSocketAuth" name="test_get_user_from_token_invalid" time="0.022" /><testcase classname="root.tests.test_websocket_chat.TestWebSocketAuth" name="test_get_user_from_token_inactive_user" time="0.044" /><testcase classname="root.tests.test_websocket_chat.TestMessageSerialization" name="test_serialize_message" time="0.189" /></testsuite></testsuites>