<?xml version="1.0" encoding="utf-8"?><testsuites name="pytest tests"><testsuite name="pytest" errors="4" failures="0" skipped="35" tests="4859" time="310.900" timestamp="2026-07-03T07:03:54.568448+03:00" hostname="HOME-PC"><testcase classname="tests.test_audit_fixes_regression" name="test_outbox_worker_safe_reconstruction" time="1.004" /><testcase classname="tests.api.auth.test_mfa_fingerprint.TestMfaFingerprintBinding" name="test_extract_request_fingerprint_consistent" time="0.993" /><testcase classname="tests.test_auth_service_session10" name="test_confirm_email_change_update_missing_user" time="1.016" /><testcase classname="tests.test_chat_repository_groups" name="test_remove_participant_is_idempotent" time="1.070" /><testcase classname="tests.test_content_processing" name="test_rich_text_blocks_xss_payload[vbscript_href]" time="0.969" /><testcase classname="tests.test_cache_invalidation_coherence" name="test_invalidates_cache_does_not_invalidate_on_exception" time="1.003" /><testcase classname="tests.test_backend_coverage_booster_extra_2" name="test_shutdown_observability" time="0.998" /><testcase classname="tests.test_config_mixins_coverage.TestJwtSettingsMixin" name="test_signing_keys_malformed_raises_runtimeerror[badkeynocolon-must be in '&lt;kid&gt;:&lt;secret&gt;' format]" time="1.077" /><testcase classname="tests.test_cache_backends_full.TestCacheUtilities" name="test_format_etag_unquoted" time="1.031" /><testcase classname="tests.test_api_deps" name="test_get_locale_header_fallback" time="1.045" /><testcase classname="tests.test_chat_command_service.TestSendMessageSuccess" name="test_idempotency_cache_hit" time="1.096" /><testcase classname="tests.test_auth_cookie_flow" name="test_token_reuse_after_logout_rejected" time="2.510" /><testcase classname="tests.test_auth_recovery_codes" name="test_verify_recovery_code_unit" time="2.390" /><testcase classname="tests.integration.test_infrastructure" name="test_redis_container" time="0.580"><error message="failed on setup with &quot;docker.errors.DockerException: Error while fetching server API version: (2, 'CreateFile', 'Не удается найти указанный файл.')&quot;">self = &lt;docker.api.client.APIClient object at 0x0000014026AB1BE0&gt;

    def _retrieve_server_version(self):
        try:
&gt;           return self.version(api_version=False)["ApiVersion"]
                   ^^^^^^^^^^^^^^^^^^^^^^^^^^^^^^^

.venv\Lib\site-packages\docker\api\client.py:223: 
_ _ _ _ _ _ _ _ _ _ _ _ _ _ _ _ _ _ _ _ _ _ _ _ _ _ _ _ _ _ _ _ _ _ _ _ _ _ _ _
.venv\Lib\site-packages\docker\api\daemon.py:181: in version
    return self._result(self._get(url), json=True)
                        ^^^^^^^^^^^^^^
.venv\Lib\site-packages\docker\utils\decorators.py:44: in inner
    return f(self, *args, **kwargs)
           ^^^^^^^^^^^^^^^^^^^^^^^^
.venv\Lib\site-packages\docker\api\client.py:246: in _get
    return self.get(url, **self._set_request_timeout(kwargs))
           ^^^^^^^^^^^^^^^^^^^^^^^^^^^^^^^^^^^^^^^^^^^^^^^^^^
.venv\Lib\site-packages\requests\sessions.py:605: in get
    return self.request("GET", url, **kwargs)
           ^^^^^^^^^^^^^^^^^^^^^^^^^^^^^^^^^^
.venv\Lib\site-packages\requests\sessions.py:592: in request
    resp = self.send(prep, **send_kwargs)
           ^^^^^^^^^^^^^^^^^^^^^^^^^^^^^^
.venv\Lib\site-packages\requests\sessions.py:706: in send
    r = adapter.send(request, **kwargs)
        ^^^^^^^^^^^^^^^^^^^^^^^^^^^^^^^
.venv\Lib\site-packages\requests\adapters.py:645: in send
    resp = conn.urlopen(
.venv\Lib\site-packages\urllib3\connectionpool.py:788: in urlopen
    response = self._make_request(
.venv\Lib\site-packages\urllib3\connectionpool.py:493: in _make_request
    conn.request(
.venv\Lib\site-packages\urllib3\connection.py:500: in request
    self.endheaders()
..\..\AppData\Roaming\uv\python\cpython-3.14-windows-x86_64-none\Lib\http\client.py:1362: in endheaders
    self._send_output(message_body, encode_chunked=encode_chunked)
..\..\AppData\Roaming\uv\python\cpython-3.14-windows-x86_64-none\Lib\http\client.py:1122: in _send_output
    self.send(msg)
..\..\AppData\Roaming\uv\python\cpython-3.14-windows-x86_64-none\Lib\http\client.py:1066: in send
    self.connect()
.venv\Lib\site-packages\docker\transport\npipeconn.py:25: in connect
    sock.connect(self.npipe_path)
.venv\Lib\site-packages\docker\transport\npipesocket.py:25: in wrapped
    return f(self, *args, **kwargs)
           ^^^^^^^^^^^^^^^^^^^^^^^^
.venv\Lib\site-packages\docker\transport\npipesocket.py:76: in connect
    raise e
_ _ _ _ _ _ _ _ _ _ _ _ _ _ _ _ _ _ _ _ _ _ _ _ _ _ _ _ _ _ _ _ _ _ _ _ _ _ _ _

self = &lt;docker.transport.npipesocket.NpipeSocket object at 0x0000014026AB2900&gt;
address = '//./pipe/docker_engine', retry_count = 0

    @check_closed
    def connect(self, address, retry_count=0):
        try:
&gt;           handle = win32file.CreateFile(
                address,
                win32file.GENERIC_READ | win32file.GENERIC_WRITE,
                0,
                None,
                win32file.OPEN_EXISTING,
                (cSECURITY_ANONYMOUS
                    | cSECURITY_SQOS_PRESENT
                    | win32file.FILE_FLAG_OVERLAPPED),
                0
            )
E           pywintypes.error: (2, 'CreateFile', 'Не удается найти указанный файл.')

.venv\Lib\site-packages\docker\transport\npipesocket.py:54: error

The above exception was the direct cause of the following exception:

    @pytest.fixture(scope="module")
    def redis_client():
&gt;       with RedisContainer("redis:7-alpine") as redis:
             ^^^^^^^^^^^^^^^^^^^^^^^^^^^^^^^^

tests\integration\test_infrastructure.py:17: 
_ _ _ _ _ _ _ _ _ _ _ _ _ _ _ _ _ _ _ _ _ _ _ _ _ _ _ _ _ _ _ _ _ _ _ _ _ _ _ _
.venv\Lib\site-packages\testcontainers\redis\__init__.py:39: in __init__
    super().__init__(image, **kwargs)
.venv\Lib\site-packages\testcontainers\core\container.py:86: in __init__
    self._docker = DockerClient(**(docker_client_kw or {}))
                   ^^^^^^^^^^^^^^^^^^^^^^^^^^^^^^^^^^^^^^^^
.venv\Lib\site-packages\testcontainers\core\docker_client.py:73: in __init__
    self.client = docker.from_env(**kwargs)
                  ^^^^^^^^^^^^^^^^^^^^^^^^^
.venv\Lib\site-packages\docker\client.py:94: in from_env
    return cls(
.venv\Lib\site-packages\docker\client.py:45: in __init__
    self.api = APIClient(*args, **kwargs)
               ^^^^^^^^^^^^^^^^^^^^^^^^^^
.venv\Lib\site-packages\docker\api\client.py:207: in __init__
    self._version = self._retrieve_server_version()
                    ^^^^^^^^^^^^^^^^^^^^^^^^^^^^^^^
_ _ _ _ _ _ _ _ _ _ _ _ _ _ _ _ _ _ _ _ _ _ _ _ _ _ _ _ _ _ _ _ _ _ _ _ _ _ _ _

self = &lt;docker.api.client.APIClient object at 0x0000014026AB1BE0&gt;

    def _retrieve_server_version(self):
        try:
            return self.version(api_version=False)["ApiVersion"]
        except KeyError as ke:
            raise DockerException(
                'Invalid response from docker daemon: key "ApiVersion"'
                ' is missing.'
            ) from ke
        except Exception as e:
&gt;           raise DockerException(
                f'Error while fetching server API version: {e}'
            ) from e
E           docker.errors.DockerException: Error while fetching server API version: (2, 'CreateFile', 'Не удается найти указанный файл.')

.venv\Lib\site-packages\docker\api\client.py:230: DockerException</error></testcase><testcase classname="tests.integration.test_infrastructure" name="test_nats_container" time="0.003"><error message="failed on setup with &quot;docker.errors.DockerException: Error while fetching server API version: (2, 'CreateFile', 'Не удается найти указанный файл.')&quot;">self = &lt;docker.api.client.APIClient object at 0x000001402504D6D0&gt;

    def _retrieve_server_version(self):
        try:
&gt;           return self.version(api_version=False)["ApiVersion"]
                   ^^^^^^^^^^^^^^^^^^^^^^^^^^^^^^^

.venv\Lib\site-packages\docker\api\client.py:223: 
_ _ _ _ _ _ _ _ _ _ _ _ _ _ _ _ _ _ _ _ _ _ _ _ _ _ _ _ _ _ _ _ _ _ _ _ _ _ _ _
.venv\Lib\site-packages\docker\api\daemon.py:181: in version
    return self._result(self._get(url), json=True)
                        ^^^^^^^^^^^^^^
.venv\Lib\site-packages\docker\utils\decorators.py:44: in inner
    return f(self, *args, **kwargs)
           ^^^^^^^^^^^^^^^^^^^^^^^^
.venv\Lib\site-packages\docker\api\client.py:246: in _get
    return self.get(url, **self._set_request_timeout(kwargs))
           ^^^^^^^^^^^^^^^^^^^^^^^^^^^^^^^^^^^^^^^^^^^^^^^^^^
.venv\Lib\site-packages\requests\sessions.py:605: in get
    return self.request("GET", url, **kwargs)
           ^^^^^^^^^^^^^^^^^^^^^^^^^^^^^^^^^^
.venv\Lib\site-packages\requests\sessions.py:592: in request
    resp = self.send(prep, **send_kwargs)
           ^^^^^^^^^^^^^^^^^^^^^^^^^^^^^^
.venv\Lib\site-packages\requests\sessions.py:706: in send
    r = adapter.send(request, **kwargs)
        ^^^^^^^^^^^^^^^^^^^^^^^^^^^^^^^
.venv\Lib\site-packages\requests\adapters.py:645: in send
    resp = conn.urlopen(
.venv\Lib\site-packages\urllib3\connectionpool.py:788: in urlopen
    response = self._make_request(
.venv\Lib\site-packages\urllib3\connectionpool.py:493: in _make_request
    conn.request(
.venv\Lib\site-packages\urllib3\connection.py:500: in request
    self.endheaders()
..\..\AppData\Roaming\uv\python\cpython-3.14-windows-x86_64-none\Lib\http\client.py:1362: in endheaders
    self._send_output(message_body, encode_chunked=encode_chunked)
..\..\AppData\Roaming\uv\python\cpython-3.14-windows-x86_64-none\Lib\http\client.py:1122: in _send_output
    self.send(msg)
..\..\AppData\Roaming\uv\python\cpython-3.14-windows-x86_64-none\Lib\http\client.py:1066: in send
    self.connect()
.venv\Lib\site-packages\docker\transport\npipeconn.py:25: in connect
    sock.connect(self.npipe_path)
.venv\Lib\site-packages\docker\transport\npipesocket.py:25: in wrapped
    return f(self, *args, **kwargs)
           ^^^^^^^^^^^^^^^^^^^^^^^^
.venv\Lib\site-packages\docker\transport\npipesocket.py:76: in connect
    raise e
_ _ _ _ _ _ _ _ _ _ _ _ _ _ _ _ _ _ _ _ _ _ _ _ _ _ _ _ _ _ _ _ _ _ _ _ _ _ _ _

self = &lt;docker.transport.npipesocket.NpipeSocket object at 0x000001402504ED50&gt;
address = '//./pipe/docker_engine', retry_count = 0

    @check_closed
    def connect(self, address, retry_count=0):
        try:
&gt;           handle = win32file.CreateFile(
                address,
                win32file.GENERIC_READ | win32file.GENERIC_WRITE,
                0,
                None,
                win32file.OPEN_EXISTING,
                (cSECURITY_ANONYMOUS
                    | cSECURITY_SQOS_PRESENT
                    | win32file.FILE_FLAG_OVERLAPPED),
                0
            )
E           pywintypes.error: (2, 'CreateFile', 'Не удается найти указанный файл.')

.venv\Lib\site-packages\docker\transport\npipesocket.py:54: error

The above exception was the direct cause of the following exception:

    @pytest.fixture(scope="module")
    def nats_server():
&gt;       with DockerContainer("nats:2.10-alpine").with_exposed_ports(4222) as nats:
             ^^^^^^^^^^^^^^^^^^^^^^^^^^^^^^^^^^^

tests\integration\test_infrastructure.py:23: 
_ _ _ _ _ _ _ _ _ _ _ _ _ _ _ _ _ _ _ _ _ _ _ _ _ _ _ _ _ _ _ _ _ _ _ _ _ _ _ _
.venv\Lib\site-packages\testcontainers\core\container.py:86: in __init__
    self._docker = DockerClient(**(docker_client_kw or {}))
                   ^^^^^^^^^^^^^^^^^^^^^^^^^^^^^^^^^^^^^^^^
.venv\Lib\site-packages\testcontainers\core\docker_client.py:73: in __init__
    self.client = docker.from_env(**kwargs)
                  ^^^^^^^^^^^^^^^^^^^^^^^^^
.venv\Lib\site-packages\docker\client.py:94: in from_env
    return cls(
.venv\Lib\site-packages\docker\client.py:45: in __init__
    self.api = APIClient(*args, **kwargs)
               ^^^^^^^^^^^^^^^^^^^^^^^^^^
.venv\Lib\site-packages\docker\api\client.py:207: in __init__
    self._version = self._retrieve_server_version()
                    ^^^^^^^^^^^^^^^^^^^^^^^^^^^^^^^
_ _ _ _ _ _ _ _ _ _ _ _ _ _ _ _ _ _ _ _ _ _ _ _ _ _ _ _ _ _ _ _ _ _ _ _ _ _ _ _

self = &lt;docker.api.client.APIClient object at 0x000001402504D6D0&gt;

    def _retrieve_server_version(self):
        try:
            return self.version(api_version=False)["ApiVersion"]
        except KeyError as ke:
            raise DockerException(
                'Invalid response from docker daemon: key "ApiVersion"'
                ' is missing.'
            ) from ke
        except Exception as e:
&gt;           raise DockerException(
                f'Error while fetching server API version: {e}'
            ) from e
E           docker.errors.DockerException: Error while fetching server API version: (2, 'CreateFile', 'Не удается найти указанный файл.')

.venv\Lib\site-packages\docker\api\client.py:230: DockerException</error></testcase><testcase classname="tests.test_content_processing" name="test_basic_mode_blocks_xss_payload[basic_script_tag]" time="0.770" /><testcase classname="tests.api.auth.test_mfa_fingerprint.TestMfaFingerprintBinding" name="test_extract_request_fingerprint_differs_by_ip" time="0.745" /><testcase classname="tests.test_backend_coverage_booster_extra_2" name="test_complete_passkey_enrollment_invalid_payload" time="0.746" /><testcase classname="tests.test_cache_invalidation_coherence" name="test_invalidates_cache_supports_multiple_tags" time="0.738" /><testcase classname="tests.test_auth_service_session10" name="test_confirm_email_change_success" time="0.725" /><testcase classname="tests.test_cache_backends_full.TestCacheUtilities" name="test_etag_matches_wildcard" time="0.713" /><testcase classname="tests.test_api_deps" name="test_require_fresh_mfa_confirmed" time="0.691" /><testcase classname="tests.test_chat_repository_groups" name="test_rename_chat_persists" time="0.670" /><testcase classname="tests.test_config_mixins_coverage.TestJwtSettingsMixin" name="test_signing_keys_malformed_raises_runtimeerror[:secretonly-must specify a non-empty kid value]" time="0.669" /><testcase classname="tests.test_chat_command_service.TestSendMessageSuccess" name="test_with_file_upload" time="0.645" /><testcase classname="tests.test_audit_fixes_timing" name="test_password_reset_timing_normalization" time="18.494" /><testcase classname="tests.integration.test_migration_data" name="test_full_migration_cycle_with_data_integrity" time="0.002"><error message="failed on setup with &quot;docker.errors.DockerException: Error while fetching server API version: (2, 'CreateFile', 'Не удается найти указанный файл.')&quot;">self = &lt;docker.api.client.APIClient object at 0x000001402504FB10&gt;

    def _retrieve_server_version(self):
        try:
&gt;           return self.version(api_version=False)["ApiVersion"]
                   ^^^^^^^^^^^^^^^^^^^^^^^^^^^^^^^

.venv\Lib\site-packages\docker\api\client.py:223: 
_ _ _ _ _ _ _ _ _ _ _ _ _ _ _ _ _ _ _ _ _ _ _ _ _ _ _ _ _ _ _ _ _ _ _ _ _ _ _ _
.venv\Lib\site-packages\docker\api\daemon.py:181: in version
    return self._result(self._get(url), json=True)
                        ^^^^^^^^^^^^^^
.venv\Lib\site-packages\docker\utils\decorators.py:44: in inner
    return f(self, *args, **kwargs)
           ^^^^^^^^^^^^^^^^^^^^^^^^
.venv\Lib\site-packages\docker\api\client.py:246: in _get
    return self.get(url, **self._set_request_timeout(kwargs))
           ^^^^^^^^^^^^^^^^^^^^^^^^^^^^^^^^^^^^^^^^^^^^^^^^^^
.venv\Lib\site-packages\requests\sessions.py:605: in get
    return self.request("GET", url, **kwargs)
           ^^^^^^^^^^^^^^^^^^^^^^^^^^^^^^^^^^
.venv\Lib\site-packages\requests\sessions.py:592: in request
    resp = self.send(prep, **send_kwargs)
           ^^^^^^^^^^^^^^^^^^^^^^^^^^^^^^
.venv\Lib\site-packages\requests\sessions.py:706: in send
    r = adapter.send(request, **kwargs)
        ^^^^^^^^^^^^^^^^^^^^^^^^^^^^^^^
.venv\Lib\site-packages\requests\adapters.py:645: in send
    resp = conn.urlopen(
.venv\Lib\site-packages\urllib3\connectionpool.py:788: in urlopen
    response = self._make_request(
.venv\Lib\site-packages\urllib3\connectionpool.py:493: in _make_request
    conn.request(
.venv\Lib\site-packages\urllib3\connection.py:500: in request
    self.endheaders()
..\..\AppData\Roaming\uv\python\cpython-3.14-windows-x86_64-none\Lib\http\client.py:1362: in endheaders
    self._send_output(message_body, encode_chunked=encode_chunked)
..\..\AppData\Roaming\uv\python\cpython-3.14-windows-x86_64-none\Lib\http\client.py:1122: in _send_output
    self.send(msg)
..\..\AppData\Roaming\uv\python\cpython-3.14-windows-x86_64-none\Lib\http\client.py:1066: in send
    self.connect()
.venv\Lib\site-packages\docker\transport\npipeconn.py:25: in connect
    sock.connect(self.npipe_path)
.venv\Lib\site-packages\docker\transport\npipesocket.py:25: in wrapped
    return f(self, *args, **kwargs)
           ^^^^^^^^^^^^^^^^^^^^^^^^
.venv\Lib\site-packages\docker\transport\npipesocket.py:76: in connect
    raise e
_ _ _ _ _ _ _ _ _ _ _ _ _ _ _ _ _ _ _ _ _ _ _ _ _ _ _ _ _ _ _ _ _ _ _ _ _ _ _ _

self = &lt;docker.transport.npipesocket.NpipeSocket object at 0x0000014026E34690&gt;
address = '//./pipe/docker_engine', retry_count = 0

    @check_closed
    def connect(self, address, retry_count=0):
        try:
&gt;           handle = win32file.CreateFile(
                address,
                win32file.GENERIC_READ | win32file.GENERIC_WRITE,
                0,
                None,
                win32file.OPEN_EXISTING,
                (cSECURITY_ANONYMOUS
                    | cSECURITY_SQOS_PRESENT
                    | win32file.FILE_FLAG_OVERLAPPED),
                0
            )
E           pywintypes.error: (2, 'CreateFile', 'Не удается найти указанный файл.')

.venv\Lib\site-packages\docker\transport\npipesocket.py:54: error

The above exception was the direct cause of the following exception:

    @pytest.fixture(scope="module")
    def migration_postgres():
        """Provides an isolated PostgreSQL container for destructive migration tests."""
        # We use pgvector image because the schema relies on pgvector extension
&gt;       with PostgresContainer("pgvector/pgvector:pg17") as postgres:
             ^^^^^^^^^^^^^^^^^^^^^^^^^^^^^^^^^^^^^^^^^^^

tests\integration\test_migration_data.py:17: 
_ _ _ _ _ _ _ _ _ _ _ _ _ _ _ _ _ _ _ _ _ _ _ _ _ _ _ _ _ _ _ _ _ _ _ _ _ _ _ _
.venv\Lib\site-packages\testcontainers\postgres\__init__.py:59: in __init__
    super().__init__(image=image, **kwargs)
.venv\Lib\site-packages\testcontainers\core\container.py:86: in __init__
    self._docker = DockerClient(**(docker_client_kw or {}))
                   ^^^^^^^^^^^^^^^^^^^^^^^^^^^^^^^^^^^^^^^^
.venv\Lib\site-packages\testcontainers\core\docker_client.py:73: in __init__
    self.client = docker.from_env(**kwargs)
                  ^^^^^^^^^^^^^^^^^^^^^^^^^
.venv\Lib\site-packages\docker\client.py:94: in from_env
    return cls(
.venv\Lib\site-packages\docker\client.py:45: in __init__
    self.api = APIClient(*args, **kwargs)
               ^^^^^^^^^^^^^^^^^^^^^^^^^^
.venv\Lib\site-packages\docker\api\client.py:207: in __init__
    self._version = self._retrieve_server_version()
                    ^^^^^^^^^^^^^^^^^^^^^^^^^^^^^^^
_ _ _ _ _ _ _ _ _ _ _ _ _ _ _ _ _ _ _ _ _ _ _ _ _ _ _ _ _ _ _ _ _ _ _ _ _ _ _ _

self = &lt;docker.api.client.APIClient object at 0x000001402504FB10&gt;

    def _retrieve_server_version(self):
        try:
            return self.version(api_version=False)["ApiVersion"]
        except KeyError as ke:
            raise DockerException(
                'Invalid response from docker daemon: key "ApiVersion"'
                ' is missing.'
            ) from ke
        except Exception as e:
&gt;           raise DockerException(
                f'Error while fetching server API version: {e}'
            ) from e
E           docker.errors.DockerException: Error while fetching server API version: (2, 'CreateFile', 'Не удается найти указанный файл.')

.venv\Lib\site-packages\docker\api\client.py:230: DockerException</error></testcase><testcase classname="tests.integration.test_redis_contract" name="test_revocation_key_format" time="0.001"><skipped type="pytest.skip" message="Set RUN_INTEGRATION_TESTS=1 to run">C:\Users\egorribun\Documents\university_ecosystem\tests\integration\test_redis_contract.py:113: Set RUN_INTEGRATION_TESTS=1 to run</skipped></testcase><testcase classname="tests.integration.test_redis_contract" name="test_revocation_key_absent_before_revoke" time="0.001"><skipped type="pytest.skip" message="Set RUN_INTEGRATION_TESTS=1 to run">C:\Users\egorribun\Documents\university_ecosystem\tests\integration\test_redis_contract.py:187: Set RUN_INTEGRATION_TESTS=1 to run</skipped></testcase><testcase classname="tests.integration.test_redis_contract" name="test_rate_limit_key_format" time="0.001"><skipped type="pytest.skip" message="Set RUN_INTEGRATION_TESTS=1 to run">C:\Users\egorribun\Documents\university_ecosystem\tests\integration\test_redis_contract.py:210: Set RUN_INTEGRATION_TESTS=1 to run</skipped></testcase><testcase classname="tests.integration.test_redis_contract" name="test_mfa_challenge_key_format" time="0.000"><skipped type="pytest.skip" message="Set RUN_INTEGRATION_TESTS=1 to run">C:\Users\egorribun\Documents\university_ecosystem\tests\integration\test_redis_contract.py:239: Set RUN_INTEGRATION_TESTS=1 to run</skipped></testcase><testcase classname="tests.integration.test_redis_contract" name="test_idempotency_key_format" time="0.001"><skipped type="pytest.skip" message="Set RUN_INTEGRATION_TESTS=1 to run">C:\Users\egorribun\Documents\university_ecosystem\tests\integration\test_redis_contract.py:257: Set RUN_INTEGRATION_TESTS=1 to run</skipped></testcase><testcase classname="tests.integration.test_redis_contract" name="test_ws_ticket_getdel_atomicity" time="0.000"><skipped type="pytest.skip" message="Set RUN_INTEGRATION_TESTS=1 to run">C:\Users\egorribun\Documents\university_ecosystem\tests\integration\test_redis_contract.py:309: Set RUN_INTEGRATION_TESTS=1 to run</skipped></testcase><testcase classname="tests.integration.test_rls_messages" name="test_rls_allows_sender_to_read_own_message" time="0.000"><skipped type="pytest.skip" message="Set RUN_INTEGRATION_TESTS=1 and DATABASE_URL=postgresql+asyncpg://... to run RLS integration tests">C:\Users\egorribun\Documents\university_ecosystem\tests\integration\test_rls_messages.py:178: Set RUN_INTEGRATION_TESTS=1 and DATABASE_URL=postgresql+asyncpg://... to run RLS integration tests</skipped></testcase><testcase classname="tests.integration.test_rls_messages" name="test_rls_blocks_non_participant_from_reading_message" time="0.000"><skipped type="pytest.skip" message="Set RUN_INTEGRATION_TESTS=1 and DATABASE_URL=postgresql+asyncpg://... to run RLS integration tests">C:\Users\egorribun\Documents\university_ecosystem\tests\integration\test_rls_messages.py:207: Set RUN_INTEGRATION_TESTS=1 and DATABASE_URL=postgresql+asyncpg://... to run RLS integration tests</skipped></testcase><testcase classname="tests.integration.test_rls_messages" name="test_rls_with_null_user_id_returns_no_messages" time="0.001"><skipped type="pytest.skip" message="Set RUN_INTEGRATION_TESTS=1 and DATABASE_URL=postgresql+asyncpg://... to run RLS integration tests">C:\Users\egorribun\Documents\university_ecosystem\tests\integration\test_rls_messages.py:262: Set RUN_INTEGRATION_TESTS=1 and DATABASE_URL=postgresql+asyncpg://... to run RLS integration tests</skipped></testcase><testcase classname="tests.integration.test_rls_messages" name="test_rls_superuser_context_bypasses_policy" time="0.000"><skipped type="pytest.skip" message="Set RUN_INTEGRATION_TESTS=1 and DATABASE_URL=postgresql+asyncpg://... to run RLS integration tests">C:\Users\egorribun\Documents\university_ecosystem\tests\integration\test_rls_messages.py:303: Set RUN_INTEGRATION_TESTS=1 and DATABASE_URL=postgresql+asyncpg://... to run RLS integration tests</skipped></testcase><testcase classname="tests.integration.test_rls_messages" name="test_rls_scoped_to_transaction" time="0.000"><skipped type="pytest.skip" message="Set RUN_INTEGRATION_TESTS=1 and DATABASE_URL=postgresql+asyncpg://... to run RLS integration tests">C:\Users\egorribun\Documents\university_ecosystem\tests\integration\test_rls_messages.py:351: Set RUN_INTEGRATION_TESTS=1 and DATABASE_URL=postgresql+asyncpg://... to run RLS integration tests</skipped></testcase><testcase classname="tests.integration.test_trace_driven" name="test_trace_propagation_across_services" time="0.000"><skipped type="pytest.skip" message="Set RUN_INTEGRATION_TESTS=1 to run">C:\Users\egorribun\Documents\university_ecosystem\tests\integration\test_trace_driven.py:178: Set RUN_INTEGRATION_TESTS=1 to run</skipped></testcase><testcase classname="tests.test_content_processing" name="test_basic_mode_blocks_xss_payload[img_onerror]" time="0.289" /><testcase classname="tests.test_cache_invalidation_coherence" name="test_invalidates_cache_preserves_function_metadata" time="0.313" /><testcase classname="tests.test_chat_command_service.TestMarkRead" name="test_mark_read_success" time="0.320" /><testcase classname="tests.test_backend_coverage_booster_extra_2" name="test_complete_passkey_enrollment_verification_fails" time="0.334" /><testcase classname="tests.test_api_deps" name="test_require_fresh_mfa_not_confirmed" time="0.289" /><testcase classname="tests.api.auth.test_mfa_fingerprint.TestMfaFingerprintBinding" name="test_extract_request_fingerprint_differs_by_ua" time="0.333" /><testcase classname="tests.test_cache_backends_full.TestCacheUtilities" name="test_etag_matches_weak" time="0.291" /><testcase classname="tests.test_auth_service_session10" name="test_change_password_wrong_current_password" time="0.346" /><testcase classname="tests.test_chat_uploads" name="test_send_message_blocks_infected_file" time="0.532" /><testcase classname="tests.test_config_mixins_coverage.TestJwtSettingsMixin" name="test_signing_keys_malformed_raises_runtimeerror[kid1:-must specify a non-empty secret value]" time="0.328" /><testcase classname="tests.security.test_mfa_race" name="test_mfa_challenge_race_condition" time="2.519" /><testcase classname="tests.test_content_processing" name="test_basic_mode_blocks_xss_payload[svg_onload]" time="0.287" /><testcase classname="tests.test_api_deps" name="test_get_chat_service" time="0.304" /><testcase classname="tests.test_cache_backends_full.TestCacheUtilities" name="test_etag_matches_strong" time="0.295" /><testcase classname="tests.test_cache_versioning" name="test_get_version_zero_when_cache_disabled" time="0.303" /><testcase classname="tests.test_chat_command_service.TestMarkRead" name="test_mark_read_no_unread_skips_broadcast" time="0.286" /><testcase classname="tests.api.auth.test_mfa_fingerprint.TestMfaFingerprintBinding" name="test_verify_mfa_fingerprint_no_stored_key_returns_true" time="0.295" /><testcase classname="tests.test_config_mixins_coverage.TestJwtSettingsMixin" name="test_signing_keys_malformed_raises_runtimeerror[dup:aaaaaaaaaaaaaaaaaaaaaaaaaaaaaaaa,dup:bbbbbbbbbbbbbbbbbbbbbbbbbbbbbbbb-must use unique kid values]" time="0.294" /><testcase classname="tests.test_backend_coverage_booster_extra_2" name="test_complete_passkey_enrollment_success" time="0.310" /><testcase classname="tests.test_auth_service_session10" name="test_change_password_same_password" time="0.280" /><testcase classname="tests.test_chat_uploads" name="test_send_message_generates_public_urls" time="0.449" /><testcase classname="tests.test_content_processing" name="test_basic_mode_blocks_xss_payload[javascript_protocol_anchor]" time="0.322" /><testcase classname="tests.test_cache_backends_full.TestCacheUtilities" name="test_etag_matches_no_match" time="0.329" /><testcase classname="tests.test_api_deps" name="test_get_current_user_no_expiration_mock" time="0.437" /><testcase classname="tests.test_chat_command_service.TestMarkRead" name="test_mark_read_group_passes_chat_type" time="0.327" /><testcase classname="tests.test_cache_versioning" name="test_get_version_zero_for_enabled_non_redis_cache" time="0.336" /><testcase classname="tests.test_config_mixins_coverage.TestCspSettingsMixin" name="test_coep_value_valid_normalized" time="0.330" /><testcase classname="tests.api.auth.test_mfa_fingerprint.TestMfaFingerprintBinding" name="test_verify_mfa_fingerprint_match_returns_true" time="0.319" /><testcase classname="tests.test_auth_service_session10" name="test_change_password_hibp_rejection" time="0.330" /><testcase classname="tests.test_backend_coverage_booster_extra_2" name="test_spotify_refresh_circuit_breaker_open" time="0.338" /><testcase classname="tests.test_auth_recovery_codes" name="test_invalidation_unit" time="1.870" /><testcase classname="tests.test_auth_cookie_flow" name="test_profile_cache_envelope_validation" time="0.530" /><testcase classname="tests.test_content_processing" name="test_basic_mode_blocks_xss_payload[data_uri_link]" time="0.318" /><testcase classname="tests.test_cache_backends_full.TestCacheUtilities" name="test_etag_matches_empty" time="0.320" /><testcase classname="tests.test_chat_command_service.TestMarkRead" name="test_mark_read_not_participant" time="0.365" /><testcase classname="tests.api.auth.test_mfa_fingerprint.TestMfaFingerprintBinding" name="test_verify_mfa_fingerprint_mismatch_returns_false" time="0.317" /><testcase classname="tests.test_cache_versioning" name="test_get_version_resolves_cache_from_global_when_none" time="0.319" /><testcase classname="tests.test_config_mixins_coverage.TestCspSettingsMixin" name="test_coep_value_invalid_raises" time="0.315" /><testcase classname="tests.test_auth_service_session10" name="test_change_password_without_active_session_revokes_all" time="0.326" /><testcase classname="tests.test_circuit_breaker.TestCircuitBreakerStates" name="test_initial_state_is_closed" time="0.385" /><testcase classname="tests.test_backend_coverage_booster_extra_2" name="test_spotify_refresh_status_not_200" time="0.340" /><testcase classname="tests.test_api_deps" name="test_get_current_admin_user_success" time="0.375" /><testcase classname="tests.test_content_processing" name="test_basic_mode_blocks_xss_payload[marquee_onstart]" time="0.383" /><testcase classname="tests.test_cache_backends_full.TestCacheUtilities" name="test_etag_matches_multiple" time="0.362" /><testcase classname="tests.api.auth.test_mfa_fingerprint.TestMfaFingerprintBinding" name="test_verify_mfa_fingerprint_redis_error_returns_true" time="0.397" /><testcase classname="tests.test_cache_versioning" name="test_increment_noop_for_disabled_non_redis_and_global" time="0.386" /><testcase classname="tests.test_config_mixins_coverage.TestCspSettingsMixin" name="test_corp_value_valid_normalized" time="0.399" /><testcase classname="tests.test_auth_service_session10" name="test_refresh_pending_email_with_pending_request" time="0.371" /><testcase classname="tests.test_chat_command_service.TestMarkRead" name="test_mark_read_chat_not_found" time="0.358" /><testcase classname="tests.test_auth_cookie_flow" name="test_logout_rotates_session_signing_key" time="0.569" /><testcase classname="tests.test_backend_coverage_booster_extra_2" name="test_spotify_refresh_no_access_token" time="0.381" /><testcase classname="tests.test_circuit_breaker.TestCircuitBreakerStates" name="test_transitions_to_open_after_threshold_failures" time="0.432" /><testcase classname="tests.test_api_deps" name="test_get_current_user_mfa_ttl_not_expired" time="0.431" /><testcase classname="tests.test_content_processing" name="test_basic_mode_blocks_xss_payload[iframe_srcdoc]" time="0.327" /><testcase classname="tests.test_cache_backends_full.TestCacheUtilities" name="test_etag_matches_empty_parts" time="0.366" /><testcase classname="tests.test_auth_service_session10" name="test_hash_token_requires_secret_in_production" time="0.322" /><testcase classname="tests.test_cache_versioning" name="test_reset_noop_for_disabled_non_redis_and_global" time="0.339" /><testcase classname="tests.test_chat_command_service.TestClearHistory" name="test_admin_clears_history" time="0.347" /><testcase classname="tests.auth.test_security_audit_perf" name="test_validate_password_is_not_a_coroutine" time="0.313" /><testcase classname="tests.test_config_mixins_coverage.TestCspSettingsMixin" name="test_corp_value_invalid_raises" time="0.388" /><testcase classname="tests.test_backend_coverage_booster_extra_2" name="test_spotify_refresh_scope_downgraded" time="0.373" /><testcase classname="tests.test_circuit_breaker.TestCircuitBreakerStates" name="test_open_circuit_rejects_requests" time="0.367" /><testcase classname="tests.test_api_deps" name="test_enforce_fresh_mfa_success" time="0.371" /><testcase classname="tests.test_auth_cookie_flow" name="test_register_rate_limit" time="0.695" /><testcase classname="tests.services.test_chat_helpers" name="test_cleanup_files_skips_empty_input" time="0.355" /><testcase classname="tests.test_content_processing" name="test_basic_mode_blocks_xss_payload[details_toggle]" time="0.353" /><testcase classname="tests.test_cache_backends_full.TestCacheUtilities" name="test_versioned_key" time="0.347" /><testcase classname="tests.chaos.test_resilience" name="test_nats_outage_outbox_durability" time="0.000"><skipped type="pytest.skip" message="Set CHAOS_TESTS=1 environment variable to run chaos resilience tests">C:\Users\egorribun\Documents\university_ecosystem\tests\chaos\test_resilience.py:173: Set CHAOS_TESTS=1 environment variable to run chaos resilience tests</skipped></testcase><testcase classname="tests.chaos.test_resilience" name="test_valkey_outage_idempotency_fail_open" time="0.000"><skipped type="pytest.skip" message="Set CHAOS_TESTS=1 environment variable to run chaos resilience tests">C:\Users\egorribun\Documents\university_ecosystem\tests\chaos\test_resilience.py:253: Set CHAOS_TESTS=1 environment variable to run chaos resilience tests</skipped></testcase><testcase classname="tests.chaos.test_resilience" name="test_valkey_redis_down_resilience" time="0.000"><skipped type="pytest.skip" message="Go gateway not reachable (docker-compose.go.yml not loaded)">C:\Users\egorribun\Documents\university_ecosystem\tests\chaos\test_resilience.py:330: Go gateway not reachable (docker-compose.go.yml not loaded)</skipped></testcase><testcase classname="tests.chaos.test_resilience" name="test_ws_hub_down_gateway_proxy_fallback" time="0.000"><skipped type="pytest.skip" message="Go gateway not reachable (docker-compose.go.yml not loaded)">C:\Users\egorribun\Documents\university_ecosystem\tests\chaos\test_resilience.py:367: Go gateway not reachable (docker-compose.go.yml not loaded)</skipped></testcase><testcase classname="tests.chaos.test_resilience" name="test_nats_down_outbox_queue_resilience" time="0.001"><skipped type="pytest.skip" message="Set CHAOS_TESTS=1 environment variable to run chaos resilience tests">C:\Users\egorribun\Documents\university_ecosystem\tests\chaos\test_resilience.py:395: Set CHAOS_TESTS=1 environment variable to run chaos resilience tests</skipped></testcase><testcase classname="tests.test_auth_service_session10" name="test_attach_pending_email_none_user" time="0.322" /><testcase classname="tests.contracts.test_file_processor_contract" name="test_file_processing_success_callback_contract" time="0.000"><skipped type="pytest.skip" message="pact-python is not installed or failed to load DLL (e.g. on Windows)">C:\Users\egorribun\Documents\university_ecosystem\tests\contracts\test_file_processor_contract.py:157: pact-python is not installed or failed to load DLL (e.g. on Windows)</skipped></testcase><testcase classname="tests.contracts.test_file_processor_contract" name="test_file_processing_failure_callback_contract" time="0.001"><skipped type="pytest.skip" message="pact-python is not installed or failed to load DLL (e.g. on Windows)">C:\Users\egorribun\Documents\university_ecosystem\tests\contracts\test_file_processor_contract.py:189: pact-python is not installed or failed to load DLL (e.g. on Windows)</skipped></testcase><testcase classname="tests.contracts.test_file_processor_grpc_contract" name="test_process_file_grpc_contract" time="0.001"><skipped type="pytest.skip" message="pact-python is not installed">C:\Users\egorribun\Documents\university_ecosystem\tests\contracts\test_file_processor_grpc_contract.py:48: pact-python is not installed</skipped></testcase><testcase classname="tests.contracts.test_files_process_contract" name="test_files_process_event_contract" time="0.001"><skipped type="pytest.skip" message="pact-python is not installed">C:\Users\egorribun\Documents\university_ecosystem\tests\contracts\test_files_process_contract.py:66: pact-python is not installed</skipped></testcase><testcase classname="tests.contracts.test_gateway_rest_contract" name="test_gateway_rest_contract" time="0.001"><skipped type="pytest.skip" message="pact-python is not installed">C:\Users\egorribun\Documents\university_ecosystem\tests\contracts\test_gateway_rest_contract.py:47: pact-python is not installed</skipped></testcase><testcase classname="tests.test_cache_versioning" name="test_version_key_property" time="0.333" /><testcase classname="tests.test_chat_command_service.TestClearHistory" name="test_non_admin_forbidden" time="0.346" /><testcase classname="tests.test_config_mixins_coverage.TestCspSettingsMixin" name="test_strict_security_headers_default_true_without_is_development" time="0.357" /><testcase classname="tests.test_backend_coverage_booster_extra_2" name="test_stop_presence_pubsub" time="0.316" /><testcase classname="tests.test_circuit_breaker.TestCircuitBreakerStates" name="test_transitions_to_half_open_after_timeout" time="0.456" /><testcase classname="tests.services.test_chat_helpers" name="test_cleanup_files_skips_falsy_urls" time="0.323" /><testcase classname="tests.test_content_processing" name="test_basic_mode_blocks_xss_payload[input_autofocus]" time="0.302" /><testcase classname="tests.test_auth_service_session10" name="test_attach_pending_email_detached_instance_falls_back_to_db" time="0.326" /><testcase classname="tests.test_cache_backends_full.TestCacheUtilities" name="test_get_set_key_version" time="0.312" /><testcase classname="tests.test_cache_versioning" name="test_build_cache_key_is_order_independent_and_prefixed" time="0.305" /><testcase classname="tests.test_api_dlq" name="test_get_dlq_stats_empty" time="1.143" /><testcase classname="tests.test_chat_command_service.TestClearHistory" name="test_clear_with_attachments" time="0.334" /><testcase classname="tests.test_backend_coverage_booster_extra_2" name="test_start_presence_pubsub" time="0.272" /><testcase classname="tests.test_config_mixins_coverage.TestCspSettingsMixin" name="test_strict_security_headers_explicit_false" time="0.358" /><testcase classname="tests.test_auth_redis_session_backend" name="test_register_session_sets_key_with_positive_ttl" time="0.343" /><testcase classname="tests.contracts.test_openapi_contract" name="test_api_version_matches_semver" time="0.888" /><testcase classname="tests.test_auth_coverage_extra" name="test_count_remaining_recovery_codes_coverage" time="0.654" /><testcase classname="tests.test_content_processing" name="test_basic_mode_blocks_xss_payload[video_onerror]" time="0.316" /><testcase classname="tests.services.test_chat_helpers" name="test_cleanup_files_continues_after_individual_failure" time="0.325" /><testcase classname="tests.test_circuit_breaker.TestCircuitBreakerStates" name="test_half_open_closes_after_success_threshold" time="0.421" /><testcase classname="tests.test_cache_backends_full.TestCacheUtilities" name="test_json_default_datetime" time="0.323" /><testcase classname="tests.test_auth_service_session10" name="test_attach_pending_email_unexpected_inspect_error_reraises" time="0.313" /><testcase classname="tests.test_cache_versioning" name="test_module_global_managers_have_expected_prefixes" time="0.330" /><testcase classname="tests.test_backend_coverage_booster_extra_2" name="test_get_online_users_for_user" time="0.327" /><testcase classname="tests.test_chat_command_service.TestDeleteChat" name="test_admin_deletes_chat" time="0.343" /><testcase classname="tests.test_config_mixins_coverage.TestCspSettingsMixin" name="test_csp_report_only_effective_explicit" time="0.359" /><testcase classname="tests.test_auth_redis_session_backend" name="test_register_session_skips_when_already_expired" time="0.331" /><testcase classname="tests.contracts.test_openapi_contract" name="test_core_routes_present[/api/v1/auth]" time="0.318" /><testcase classname="tests.test_content_processing" name="test_basic_mode_blocks_xss_payload[base64_img]" time="0.293" /><testcase classname="tests.services.test_chat_helpers" name="test_collect_urls_empty_chat_returns_empty" time="0.276" /><testcase classname="tests.test_auth_service_session10" name="test_attach_pending_email_sync_sets_attribute_for_plain_object" time="0.298" /><testcase classname="tests.test_cache_backends_full.TestCacheUtilities" name="test_json_default_date" time="0.296" /><testcase classname="tests.test_cache_warmup" name="test_is_entry_fresh" time="0.270" /><testcase classname="tests.test_backend_coverage_booster_extra_2" name="test_websocket_chat_rate_limit" time="0.474" /><testcase classname="tests.test_chat_command_service.TestDeleteChat" name="test_non_admin_forbidden" time="0.264" /><testcase classname="tests.test_circuit_breaker.TestCircuitBreakerStates" name="test_half_open_reopens_on_failure" time="0.400" /><testcase classname="tests.test_config_mixins_coverage.TestCspSettingsMixin" name="test_coep_corp_enabled_flags" time="0.330" /><testcase classname="tests.test_auth_redis_session_backend" name="test_is_session_valid_reflects_key_presence" time="0.327" /><testcase classname="tests.test_content_processing" name="test_basic_mode_blocks_xss_payload[mixed_case_script]" time="0.324" /><testcase classname="tests.contracts.test_openapi_contract" name="test_core_routes_present[/api/v1/users]" time="0.341" /><testcase classname="tests.services.test_chat_helpers" name="test_collect_urls_aggregates_across_messages" time="0.345" /><testcase classname="tests.test_auth_coverage_extra" name="test_disable_totp_logic_coverage" time="0.442" /><testcase classname="tests.test_cache_warmup" name="test_schedule_cache_key" time="0.330" /><testcase classname="tests.test_auth_sessions_domain" name="test_resolve_target_user_rejects_non_admin" time="0.362" /><testcase classname="tests.test_cache_backends_full.TestCacheUtilities" name="test_json_default_time" time="0.275" /><testcase classname="tests.test_chat_command_service.TestDeleteChat" name="test_delete_with_attachments" time="0.333" /><testcase classname="tests.test_api_dlq" name="test_get_dlq_stats_with_data" time="0.587" /><testcase classname="tests.test_circuit_breaker.TestCircuitBreakerConfig" name="test_default_config_values" time="0.319" /><testcase classname="tests.test_config_mixins_coverage.TestCspSettingsMixin" name="test_connect_src_values_dedup_and_self_prepend" time="0.332" /><testcase classname="tests.test_backend_coverage_booster_extra_2" name="test_websocket_chat_payload_too_large" time="0.327" /><testcase classname="tests.test_auth_redis_session_backend" name="test_revoke_session_pipeline_writes_tombstone_when_ttl_positive" time="0.337" /><testcase classname="tests.test_content_processing" name="test_basic_mode_blocks_xss_payload[null_byte_injection]" time="0.340" /><testcase classname="tests.test_cache_backends_full.TestCacheUtilities" name="test_json_default_other" time="0.333" /><testcase classname="tests.contracts.test_openapi_contract" name="test_core_routes_present[/api/v1/news]" time="0.310" /><testcase classname="tests.services.test_chat_helpers" name="test_collect_urls_skips_empty_url" time="0.339" /><testcase classname="tests.test_cache_warmup" name="test_period_days_from_key" time="0.310" /><testcase classname="tests.test_auth_sessions_domain" name="test_resolve_target_user_allows_admin" time="0.375" /><testcase classname="tests.test_chat_command_service.TestDeleteChat" name="test_delete_chat_not_found" time="0.285" /><testcase classname="tests.test_auth_coverage_extra" name="test_format_password_class_labels_coverage" time="0.308" /><testcase classname="tests.test_circuit_breaker.TestCircuitBreakerConfig" name="test_excluded_exceptions_not_counted" time="0.310" /><testcase classname="tests.test_backend_coverage_booster_extra_2" name="test_websocket_chat_malformed_json" time="0.327" /><testcase classname="tests.test_config_mixins_coverage.TestCspSettingsMixin" name="test_development_connect_overrides_empty_without_is_development" time="0.318" /><testcase classname="tests.contracts.test_openapi_contract" name="test_core_routes_present[/api/v1/events]" time="0.313" /><testcase classname="tests.test_auth_redis_session_backend" name="test_revoke_session_deletes_without_tombstone_when_ttl_nonpositive" time="0.320" /><testcase classname="tests.test_cache_backends_full.TestCacheUtilities" name="test_normalize_payload" time="0.310" /><testcase classname="tests.test_content_processing" name="test_basic_mode_blocks_xss_payload[newline_evasion]" time="0.305" /><testcase classname="tests.test_cache_warmup" name="test_warm_schedule_group" time="0.289" /><testcase classname="tests.services.test_chat_helpers" name="test_notify_new_message_broadcasts_via_ws_excluding_sender" time="0.297" /><testcase classname="tests.test_chat_command_service.TestDeleteChat" name="test_non_participant_non_admin" time="0.300" /><testcase classname="tests.test_auth_coverage_extra" name="test_purge_expired_challenges_coverage" time="0.324" /><testcase classname="tests.test_api_dlq" name="test_list_dlq_jobs_no_filter" time="0.552" /><testcase classname="tests.test_auth_sessions_domain" name="test_extract_jti_prefers_bearer_header" time="0.310" /><testcase classname="tests.test_circuit_breaker.TestCircuitBreakerMetrics" name="test_metrics_are_recorded" time="0.300" /><testcase classname="tests.test_config_mixins_coverage.TestCorsSettingsMixin" name="test_frontend_origins_list_dedup_and_rstrip" time="0.322" /><testcase classname="tests.test_backend_coverage_booster_extra_2" name="test_notify_new_message" time="0.330" /><testcase classname="tests.test_content_processing" name="test_basic_mode_blocks_xss_payload[embedded_tab]" time="0.304" /><testcase classname="tests.contracts.test_openapi_contract" name="test_core_routes_present[/api/v1/schedule]" time="0.304" /><testcase classname="tests.test_cache_backends_full.TestCacheUtilities" name="test_get_cache_client_redis" time="0.325" /><testcase classname="tests.test_cache_warmup" name="test_warm_cache_disabled" time="0.290" /><testcase classname="tests.test_auth_redis_session_backend" name="test_revoke_session_swallows_publish_failure" time="0.273" /><testcase classname="tests.services.test_chat_helpers" name="test_notify_new_message_creates_push_for_other_participants" time="0.304" /><testcase classname="tests.test_chat_command_service.TestGroupMemberManagement" name="test_add_participant_by_member_ok" time="0.316" /><testcase classname="tests.test_auth_coverage_extra" name="test_get_password_hash_bypass_policy_coverage" time="0.374" /><testcase classname="tests.test_auth_sessions_domain" name="test_extract_jti_uses_cookie_when_header_missing" time="0.330" /><testcase classname="tests.test_circuit_breaker.TestCircuitBreakerMetrics" name="test_failure_metrics_recorded" time="0.301" /><testcase classname="tests.test_config_mixins_coverage.TestCorsSettingsMixin" name="test_frontend_origins_no_localhost_autoadd_without_is_development" time="0.315" /><testcase classname="tests.test_auth_redis_session_backend" name="test_get_session_backend_returns_redis_backend_when_available" time="0.514" /><testcase classname="tests.test_backend_coverage_booster_extra_2" name="test_enforce_profile_cache_integrity_not_dict" time="0.723" /><testcase classname="tests.test_cache_warmup" name="test_warm_cache_enabled" time="0.280" /><testcase classname="tests.test_content_processing" name="test_basic_mode_blocks_xss_payload[vbscript_href]" time="0.272" /><testcase classname="tests.contracts.test_openapi_contract" name="test_core_routes_present[/api/v1/notifications]" time="0.705" /><testcase classname="tests.services.test_chat_helpers" name="test_notify_new_message_truncates_long_body" time="0.691" /><testcase classname="tests.test_cache_backends_full.TestCacheUtilities" name="test_get_cache_client_tiered" time="0.686" /><testcase classname="tests.test_api_dlq" name="test_list_dlq_jobs_with_filter" time="0.710" /><testcase classname="tests.test_chat_command_service.TestGroupMemberManagement" name="test_add_participant_non_participant_forbidden" time="0.642" /><testcase classname="tests.test_auth_coverage_extra" name="test_mfa_reset_stats_changed_coverage" time="0.510" /><testcase classname="tests.test_circuit_breaker.TestCircuitBreakerMetrics" name="test_rejected_calls_recorded" time="0.544" /><testcase classname="tests.test_auth_webauthn" name="test_webauthn_registration_flow" time="1.704" /><testcase classname="tests.test_content_processing" name="test_strip_mode_removes_all_markup[basic_script_tag]" time="0.461" /><testcase classname="tests.test_cache_warmup" name="test_warm_stats_for_user" time="0.459" /><testcase classname="tests.test_config_mixins_coverage.TestCorsSettingsMixin" name="test_cors_allow_origins_https_filter_excludes_nonlocal_http" time="0.489" /><testcase classname="tests.test_auth_redis_session_backend" name="test_get_session_backend_non_redis_backend_returns_null" time="0.379" /><testcase classname="tests.test_chat_command_service.TestGroupMemberManagement" name="test_add_participant_on_dm_rejected" time="0.380" /><testcase classname="tests.test_auth_coverage_extra" name="test_reset_user_mfa_coverage" time="0.676" /><testcase classname="tests.contracts.test_openapi_contract" name="test_openapi_contract_snapshot" time="0.391" /><testcase classname="tests.test_cache_backends_full.TestCacheUtilities" name="test_get_cache_client_unsupported" time="0.378" /><testcase classname="tests.test_backend_coverage_booster_extra_2" name="test_enforce_profile_cache_integrity_missing_fields" time="0.379" /><testcase classname="tests.services.test_chat_helpers" name="test_notify_new_message_skips_push_when_only_sender" time="0.387" /><testcase classname="tests.test_content_processing" name="test_strip_mode_removes_all_markup[img_onerror]" time="0.369" /><testcase classname="tests.test_cache_warmup" name="test_warm_news" time="0.369" /><testcase classname="tests.test_circuit_breaker.TestCircuitBreakerRegistry" name="test_get_circuit_breaker_creates_new" time="0.348" /><testcase classname="tests.test_config_mixins_coverage.TestCorsSettingsMixin" name="test_cors_allow_origins_keeps_localhost_http" time="0.324" /><testcase classname="tests.test_api_dlq" name="test_list_dlq_jobs_invalid_status" time="0.790" /><testcase classname="tests.test_auth_redis_session_backend" name="test_get_session_backend_redis_unavailable_in_prod_raises" time="0.226" /><testcase classname="tests.test_chat_command_service.TestGroupMemberManagement" name="test_remove_participant_self_leave_ok" time="0.278" /><testcase classname="tests.test_cache_backends_full.TestCacheUtilities" name="test_shutdown_cache" time="0.276" /><testcase classname="tests.test_backend_coverage_booster_extra_2" name="test_enforce_profile_cache_integrity_invalid_signature" time="0.306" /><testcase classname="tests.services.test_chat_helpers" name="test_notify_new_message_falls_back_to_user_when_no_profile" time="0.302" /><testcase classname="tests.contracts.test_redis_key_contracts" name="test_revocation_key_format_matches_go_gateway" time="0.305" /><testcase classname="tests.test_auth_redis_session_backend" name="test_get_session_backend_redis_unavailable_in_testing_falls_through" time="0.253" /><testcase classname="tests.test_cache_warmup" name="test_warm_schedule_group_skips_when_cache_disabled" time="0.276" /><testcase classname="tests.test_content_processing" name="test_strip_mode_removes_all_markup[svg_onload]" time="0.299" /><testcase classname="tests.test_config_mixins_coverage.TestCorsSettingsMixin" name="test_cors_credentials_effective_false_when_disabled" time="0.300" /><testcase classname="tests.test_circuit_breaker.TestCircuitBreakerRegistry" name="test_get_circuit_breaker_returns_existing" time="0.282" /><testcase classname="tests.test_auth_repository" name="test_get_auth_repository_factory_returns_instance" time="0.275" /><testcase classname="tests.test_chat_command_service.TestGroupMemberManagement" name="test_remove_other_by_non_owner_forbidden" time="0.326" /><testcase classname="tests.test_cache_backends_full.TestCacheUtilities" name="test_get_cache_lazy_init" time="0.315" /><testcase classname="tests.test_cache_warmup" name="test_warm_schedule_group_skips_when_cached_fresh" time="0.285" /><testcase classname="tests.test_auth_coverage_extra" name="test_refresh_user_mfa_preferences_coverage" time="0.371" /><testcase classname="tests.test_circuit_breaker.TestCircuitBreakerRegistry" name="test_get_all_circuit_breakers" time="0.275" /><testcase classname="tests.test_business_metrics" name="test_record_login_success" time="0.325" /><testcase classname="tests.services.test_chat_helpers" name="test_serialize_message_includes_read_at_iso" time="0.313" /><testcase classname="tests.test_content_processing" name="test_strip_mode_removes_all_markup[javascript_protocol_anchor]" time="0.294" /><testcase classname="tests.test_config_mixins_coverage.TestCorsSettingsMixin" name="test_cors_credentials_effective_false_when_no_origins" time="0.297" /><testcase classname="tests.contracts.test_redis_key_contracts" name="test_ws_ticket_key_prefix_matches_go_ws_hub" time="0.289" /><testcase classname="tests.test_api_dlq" name="test_retry_dlq_job_success" time="0.480" /><testcase classname="tests.test_auth_repository" name="test_create_and_get_valid_password_reset_token" time="0.360" /><testcase classname="tests.test_cache_warmup" name="test_warm_schedule_group_skips_when_no_rows" time="0.289" /><testcase classname="tests.test_circuit_breaker.TestCircuitBreakerRegistry" name="test_reset_all_circuit_breakers" time="0.310" /><testcase classname="tests.test_cache_backends_full.TestCacheEntryRefresh" name="test_expired_always_refreshes" time="0.276" /><testcase classname="tests.test_chat_command_service.TestGroupMemberManagement" name="test_remove_member_by_owner_ok" time="0.320" /><testcase classname="tests.contracts.test_redis_key_contracts" name="test_ws_ticket_key_full_format" time="0.286" /><testcase classname="tests.test_content_processing" name="test_strip_mode_removes_all_markup[data_uri_link]" time="0.292" /><testcase classname="tests.test_config_mixins_coverage.TestCorsSettingsMixin" name="test_cors_credentials_effective_true_happy" time="0.317" /><testcase classname="tests.services.test_chat_helpers" name="test_serialize_message_read_at_none_when_unread" time="0.298" /><testcase classname="tests.test_business_metrics" name="test_record_login_failure" time="0.301" /><testcase classname="tests.test_auth_coverage_extra" name="test_password_policy_min_classes_coverage" time="0.292" /><testcase classname="tests.test_auth_webauthn" name="test_webauthn_authentication_flow" time="0.662" /><testcase classname="tests.test_cache_warmup" name="test_warm_schedule_skips_without_group_ids" time="0.322" /><testcase classname="tests.test_cache_backends_full.TestCacheEntryRefresh" name="test_zero_ttl_no_refresh" time="0.310" /><testcase classname="tests.test_circuit_breaker.TestCircuitBreakerManualControl" name="test_manual_reset" time="0.311" /><testcase classname="tests.contracts.test_redis_key_contracts" name="test_ws_ticket_value_format" time="0.285" /><testcase classname="tests.test_auth_repository" name="test_get_valid_password_reset_token_rejects_used_and_expired" time="0.323" /><testcase classname="tests.test_content_processing" name="test_strip_mode_removes_all_markup[marquee_onstart]" time="0.297" /><testcase classname="tests.test_chat_command_service.TestGroupMemberManagement" name="test_rename_by_member_ok" time="0.323" /><testcase classname="tests.services.test_chat_helpers" name="test_handle_message_sent_fetches_sender_by_id_not_noload_relationship" time="0.324" /><testcase classname="tests.test_config_mixins_coverage.TestCorsSettingsMixin" name="test_trusted_hosts_list_str_and_list" time="0.334" /><testcase classname="tests.test_business_metrics" name="test_record_login_failure_default_reason" time="0.315" /><testcase classname="tests.test_api_dlq" name="test_retry_dlq_job_not_found" time="0.500" /><testcase classname="tests.test_auth_coverage_extra" name="test_password_policy_strength_coverage" time="0.322" /><testcase classname="tests.contracts.test_redis_key_contracts" name="test_revocations_pubsub_channel" time="0.315" /><testcase classname="tests.test_cache_backends_full.TestCacheEntryRefresh" name="test_fresh_entry_usually_no_refresh" time="0.314" /><testcase classname="tests.test_cache_warmup" name="test_warm_schedule_fans_out_per_group" time="0.324" /><testcase classname="tests.test_circuit_breaker.TestCircuitBreakerManualControl" name="test_manual_force_open" time="0.292" /><testcase classname="tests.test_content_processing" name="test_strip_mode_removes_all_markup[iframe_srcdoc]" time="0.327" /><testcase classname="tests.test_auth_repository" name="test_create_password_reset_token_recycles_when_at_limit" time="0.360" /><testcase classname="tests.test_chat_command_session10" name="test_send_message_total_size_exceeded" time="0.298" /><testcase classname="tests.test_business_metrics" name="test_record_notification_delivered" time="0.342" /><testcase classname="tests.services.test_chat_helpers" name="test_notify_reply_supersedes_quoted_author_off_generic" time="0.326" /><testcase classname="tests.test_config_mixins_coverage.TestCorsSettingsMixin" name="test_allowed_hosts_empty_no_dev_defaults" time="0.351" /><testcase classname="tests.test_auth_coverage_extra" name="test_verify_recovery_code_invalid_coverage" time="1.041" /><testcase classname="tests.test_api_dlq" name="test_cleanup_dlq" time="0.551" /><testcase classname="tests.test_auth_webauthn" name="test_list_and_delete_credentials" time="0.734" /><testcase classname="tests.test_circuit_breaker.TestCircuitBreakerCallback" name="test_callback_invoked_on_state_change" time="0.347" /><testcase classname="tests.contracts.test_ws_hub_contract" name="test_cache_invalidation_event_contract" time="0.000"><skipped type="pytest.skip" message="pact-python is not installed or failed to load DLL (e.g. on Windows)">C:\Users\egorribun\Documents\university_ecosystem\tests\contracts\test_ws_hub_contract.py:162: pact-python is not installed or failed to load DLL (e.g. on Windows)</skipped></testcase><testcase classname="tests.test_cache_deps" name="test_cache_entry_should_refresh_probabilistic" time="0.334" /><testcase classname="tests.contracts.test_ws_message_contract" name="test_pong_message_format" time="0.344" /><testcase classname="tests.test_cache_warmup" name="test_warm_stats_skips_without_user_ids" time="0.333" /><testcase classname="tests.test_content_processing" name="test_strip_mode_removes_all_markup[details_toggle]" time="0.344" /><testcase classname="tests.test_chat_command_session10" name="test_send_message_corrupt_idempotency_entry_falls_through[not-json]" time="0.328" /><testcase classname="tests.services.test_chat_helpers" name="test_notify_reply_in_dm_sends_only_chat_reply" time="0.333" /><testcase classname="tests.test_auth_repository" name="test_mark_and_invalidate_password_reset_tokens" time="0.367" /><testcase classname="tests.test_business_metrics" name="test_record_notification_failed" time="0.329" /><testcase classname="tests.test_config_mixins_coverage.TestCorsSettingsMixin" name="test_allowed_vs_trusted_hosts_are_distinct" time="0.348" /><testcase classname="tests.test_cache_deps" name="test_null_cache" time="0.327" /><testcase classname="tests.test_circuit_breaker.TestCircuitBreakerCallback" name="test_callback_error_does_not_break_circuit" time="0.322" /><testcase classname="tests.contracts.test_ws_message_contract" name="test_typing_message_format" time="0.301" /><testcase classname="tests.test_cache_warmup" name="test_warm_stats_fans_out_per_user_period" time="0.309" /><testcase classname="tests.test_content_processing" name="test_strip_mode_removes_all_markup[input_autofocus]" time="0.332" /><testcase classname="tests.test_chat_command_session10" name="test_send_message_corrupt_idempotency_entry_falls_through[{&quot;status&quot;: &quot;pending&quot;}]" time="0.316" /><testcase classname="tests.services.test_chat_helpers" name="test_notify_self_reply_keeps_generic_no_chat_reply" time="0.306" /><testcase classname="tests.test_business_metrics" name="test_record_event_registration" time="0.290" /><testcase classname="tests.test_auth_repository" name="test_email_change_token_lifecycle" time="0.362" /><testcase classname="tests.test_config_mixins_coverage.TestCorsSettingsMixin" name="test_internal_allowed_ips_list" time="0.339" /><testcase classname="tests.test_api_validation.TestRaiseNotFound" name="test_raises_404_with_correct_status" time="0.284" /><testcase classname="tests.contracts.test_ws_message_contract" name="test_read_message_format" time="0.319" /><testcase classname="tests.test_cache_warmup" name="test_warm_stats_for_user_skips_when_cached_fresh" time="0.335" /><testcase classname="tests.test_cache_deps" name="test_memory_cache_get_set" time="0.321" /><testcase classname="tests.test_circuit_breaker.TestCircuitBreakerConcurrency" name="test_concurrent_requests_handled_safely" time="0.347" /><testcase classname="tests.test_backend_coverage_booster_extra" name="test_mfa_delete_pending_totp_enrollment_errors" time="0.342" /><testcase classname="tests.test_chat_command_session10" name="test_send_message_corrupt_idempotency_entry_falls_through[{&quot;message_id&quot;: &quot;zzz&quot;}]" time="0.354" /><testcase classname="tests.test_content_processing" name="test_strip_mode_removes_all_markup[video_onerror]" time="0.322" /><testcase classname="tests.test_business_metrics" name="test_set_active_users" time="0.313" /><testcase classname="tests.services.test_chat_helpers" name="test_handle_message_sent_loads_replied_for_reply" time="0.315" /><testcase classname="tests.test_api_validation.TestRaiseNotFound" name="test_includes_resource_key_in_detail" time="0.316" /><testcase classname="tests.test_config_mixins_coverage.TestCorsSettingsMixin" name="test_cors_methods_custom_and_default" time="0.333" /><testcase classname="tests.test_auth_repository" name="test_invalidate_other_email_change_tokens" time="0.304" /><testcase classname="tests.test_auth_coverage_extra" name="test_trusted_device_coverage" time="0.350" /><testcase classname="tests.contracts.test_ws_message_contract" name="test_presence_message_format" time="0.304" /><testcase classname="tests.test_cache_deps" name="test_memory_cache_expiry" time="0.283" /><testcase classname="tests.test_cache_warmup" name="test_warm_news_skips_when_cache_disabled" time="0.314" /><testcase classname="tests.test_circuit_breaker.TestCircuitBreakerConcurrency" name="test_concurrent_failures_handled_correctly" time="0.296" /><testcase classname="tests.test_backend_coverage_booster_extra" name="test_mfa_confirm_totp_enrollment_failure" time="0.316" /><testcase classname="tests.test_content_processing" name="test_strip_mode_removes_all_markup[base64_img]" time="0.256" /><testcase classname="tests.test_business_metrics" name="test_set_active_users_default_period" time="0.281" /><testcase classname="tests.services.test_chat_helpers" name="test_notify_group_message_titles_by_group_name_and_fans_out" time="0.282" /><testcase classname="tests.test_chat_command_session10" name="test_send_message_upload_timeout_maps_to_400" time="0.316" /><testcase classname="tests.test_api_validation.TestRaiseForbidden" name="test_raises_403_status" time="0.318" /><testcase classname="tests.test_auth_repository" name="test_has_active_mfa_false_for_user_without_factors" time="0.323" /><testcase classname="tests.test_config_mixins_coverage.TestCorsSettingsMixin" name="test_cors_headers_custom_and_default" time="0.327" /><testcase classname="tests.test_auth_coverage_extra" name="test_trusted_device_expired_coverage" time="0.337" /><testcase classname="tests.test_cache_deps" name="test_memory_cache_eviction" time="0.284" /><testcase classname="tests.contracts.test_ws_message_contract" name="test_online_message_format" time="0.269" /><testcase classname="tests.test_content_processing" name="test_strip_mode_removes_all_markup[mixed_case_script]" time="0.306" /><testcase classname="tests.test_circuit_breaker.TestCircuitBreakerMetricsIntegration" name="test_prometheus_metrics_recorded_on_transition" time="0.310" /><testcase classname="tests.test_cache_warmup" name="test_warm_events_skips_when_cache_disabled" time="0.288" /><testcase classname="tests.test_business_metrics" name="test_set_mfa_adoption" time="0.282" /><testcase classname="tests.services.test_chat_helpers" name="test_notify_group_reply_supersede_carries_group_name" time="0.278" /><testcase classname="tests.test_backend_coverage_booster_extra" name="test_mfa_start_totp_enrollment_endpoint" time="0.313" /><testcase classname="tests.test_chat_command_session10" name="test_send_message_phase1_failure_cleans_partial_uploads_and_slot" time="0.301" /><testcase classname="tests.test_api_validation.TestRaiseValidationError" name="test_raises_400_status" time="0.321" /><testcase classname="tests.test_auth_repository" name="test_webauthn_credential_lookups_empty" time="0.309" /><testcase classname="tests.test_config_mixins_coverage.TestCorsSettingsMixin" name="test_cors_expose_headers_appends_request_and_trace" time="0.310" /><testcase classname="tests.test_auth_coverage_extra" name="test_get_challenge_error_coverage" time="0.327" /><testcase classname="tests.contracts.test_ws_message_contract" name="test_new_message_format" time="0.272" /><testcase classname="tests.test_cache_deps" name="test_memory_cache_invalidate" time="0.291" /><testcase classname="tests.test_content_processing" name="test_strip_mode_removes_all_markup[null_byte_injection]" time="0.305" /><testcase classname="tests.test_business_metrics" name="test_record_chat_message" time="0.286" /><testcase classname="tests.test_cache_warmup" name="test_warm_events_populates_both_locales" time="0.292" /><testcase classname="tests.services.test_chat_helpers" name="test_handle_message_sent_threads_group_identity" time="0.273" /><testcase classname="tests.test_cli_db" name="test_create_admin_success" time="0.317" /><testcase classname="tests.test_backend_coverage_booster_extra" name="test_parse_datetime_timestamp_variants" time="0.334" /><testcase classname="tests.test_chat_command_session10" name="test_send_message_phase2_failure_cleans_files_and_slot" time="0.284" /><testcase classname="tests.test_api_validation.TestRaiseConflict" name="test_raises_409_status" time="0.304" /><testcase classname="tests.test_auth_repository" name="test_failed_login_attempt_lifecycle" time="0.317" /><testcase classname="tests.test_config_mixins_coverage.TestCorsSettingsMixin" name="test_trusted_proxies_list" time="0.289" /><testcase classname="tests.contracts.test_ws_message_contract" name="test_error_message_format" time="0.297" /><testcase classname="tests.test_auth_coverage_extra" name="test_get_challenge_expired_coverage" time="0.330" /><testcase classname="tests.test_cache_deps" name="test_redis_cache_get_set" time="0.712" /><testcase classname="tests.test_active_session_repository" name="test_create_and_get_by_jti_roundtrip_and_miss" time="0.303" /><testcase classname="tests.test_business_metrics" name="test_set_ws_connections_active" time="0.280" /><testcase classname="tests.test_cache_warmup" name="test_warm_cache_skips_when_backend_disabled" time="0.263" /><testcase classname="tests.test_content_processing" name="test_strip_mode_removes_all_markup[newline_evasion]" time="0.310" /><testcase classname="tests.test_cli_db" name="test_create_admin_existing" time="0.279" /><testcase classname="tests.test_chat_command_session10" name="test_send_message_fallback_when_reload_missing" time="0.283" /><testcase classname="tests.test_backend_coverage_booster_extra" name="test_localized_notification_field_required" time="0.317" /><testcase classname="tests.test_api_validation.TestRequireAdmin" name="test_passes_for_admin" time="0.285" /><testcase classname="tests.test_config_mixins_coverage.TestMfaSettingsMixin" name="test_totp_issuer_empty_raises" time="0.306" /><testcase classname="tests.test_auth_revocation" name="test_revoke_sessions_matching_calls_backend" time="0.330" /><testcase classname="tests.contracts.test_ws_message_contract" name="test_backend_dispatcher_uses_known_types" time="0.287" /><testcase classname="tests.test_cache_warmup" name="test_warm_cache_swallows_connection_errors" time="0.317" /><testcase classname="tests.test_cache" name="test_null_cache_noop" time="0.314" /><testcase classname="tests.test_auth_coverage_extra" name="test_consume_challenge_coverage" time="0.354" /><testcase classname="tests.test_active_session_repository" name="test_get_active_count_excludes_revoked_and_expired" time="0.330" /><testcase classname="tests.test_content_processing" name="test_strip_mode_removes_all_markup[embedded_tab]" time="0.325" /><testcase classname="tests.test_cli_db" name="test_create_invite_success" time="0.302" /><testcase classname="tests.test_chat_command_session10" name="test_forward_messages_reload_gap_raises_404" time="0.287" /><testcase classname="tests.test_backend_coverage_booster_extra" name="test_existing_notification_columns_mocked" time="0.320" /><testcase classname="tests.test_api_validation.TestRequireAdmin" name="test_raises_for_non_admin" time="0.314" /><testcase classname="tests.test_config_mixins_coverage.TestMfaSettingsMixin" name="test_totp_issuer_valid" time="0.302" /><testcase classname="tests.contracts.test_ws_message_contract" name="test_backend_connection_manager_uses_known_types" time="0.285" /><testcase classname="tests.test_auth_security" name="test_get_password_hash_uses_argon2id_by_default" time="0.318" /><testcase classname="tests.test_cached_endpoint" name="test_skips_caching_when_request_or_response_missing" time="0.317" /><testcase classname="tests.test_cache" name="test_redis_cache_roundtrip" time="0.313" /><testcase classname="tests.test_active_session_repository" name="test_get_oldest_active_sessions_orders_limits_excludes" time="0.322" /><testcase classname="tests.test_cli_db" name="test_create_invite_invalid_role" time="0.304" /><testcase classname="tests.test_chat_command_session10" name="test_forward_messages_degraded_reload_refreshes_orm" time="0.309" /><testcase classname="tests.test_content_processing" name="test_strip_mode_removes_all_markup[vbscript_href]" time="0.275" /><testcase classname="tests.test_auth_endpoints_coverage" name="test_register_endpoint" time="0.417" /><testcase classname="tests.test_cache_deps" name="test_tiered_cache" time="0.318" /><testcase classname="tests.test_backend_coverage_booster_extra" name="test_list_notifications_bad_cursor" time="0.328" /><testcase classname="tests.test_api_validation.TestRequireTeacherOrAdmin" name="test_passes_for_admin" time="0.298" /><testcase classname="tests.test_config_mixins_coverage.TestMfaSettingsMixin" name="test_positive_mfa_values_zero_raises[MFA_CHALLENGE_TTL_SECONDS-MFA_CHALLENGE_TTL_SECONDS must be greater than zero]" time="0.294" /><testcase classname="tests.contracts.test_ws_message_contract" name="test_all_message_types_have_field_definitions[error]" time="0.310" /><testcase classname="tests.test_auth_security" name="test_get_password_hash_enforces_length_bounds" time="0.319" /><testcase classname="tests.test_cache" name="test_etag_helpers" time="0.610" /><testcase classname="tests.test_cached_endpoint" name="test_cache_disabled_returns_200_with_etag_and_language_headers" time="0.610" /><testcase classname="tests.test_content_processing" name="test_rich_text_preserves_safe_formatting" time="0.588" /><testcase classname="tests.test_cli_infra_coverage" name="test_infra_check_all_success" time="0.624" /><testcase classname="tests.test_active_session_repository" name="test_revoke_by_id_hit_and_miss" time="0.619" /><testcase classname="tests.test_chat_command_session10" name="test_rename_chat_whitespace_only_name_rejected" time="0.590" /><testcase classname="tests.test_cache_deps" name="test_cached_decorator" time="0.550" /><testcase classname="tests.test_api_validation.TestRequireTeacherOrAdmin" name="test_passes_for_teacher" time="0.607" /><testcase classname="tests.test_backend_coverage_booster_extra" name="test_fetch_notification_rows_fallback_empty" time="0.625" /><testcase classname="tests.test_config_mixins_coverage.TestMfaSettingsMixin" name="test_positive_mfa_values_zero_raises[MFA_CHALLENGE_MAX_ATTEMPTS-MFA_CHALLENGE_MAX_ATTEMPTS must be greater than zero]" time="0.549" /><testcase classname="tests.test_auth_endpoints_coverage" name="test_login_json_endpoint" time="0.890" /><testcase classname="tests.contracts.test_ws_message_contract" name="test_all_message_types_have_field_definitions[new_message]" time="0.530" /><testcase classname="tests.test_auth_security" name="test_password_policy_allows_limits" time="0.543" /><testcase classname="tests.test_cache" name="test_cache_tag_enum" time="0.419" /><testcase classname="tests.test_content_processing" name="test_rich_text_preserves_safe_link" time="0.417" /><testcase classname="tests.test_cached_endpoint" name="test_cache_disabled_returns_304_on_matching_if_none_match" time="0.419" /><testcase classname="tests.test_chat_command_session10" name="test_clear_history_non_participant_non_admin_forbidden" time="0.395" /><testcase classname="tests.test_cache_deps" name="test_swr_decorator" time="0.411" /><testcase classname="tests.test_cli_infra_coverage" name="test_infra_check_all_failures" time="0.374" /><testcase classname="tests.test_active_session_repository" name="test_delete_matching_returns_rowcount" time="0.486" /><testcase classname="tests.test_api_validation.TestRequireTeacherOrAdmin" name="test_raises_for_student" time="0.309" /><testcase classname="tests.contracts.test_ws_message_contract" name="test_all_message_types_have_field_definitions[online]" time="0.306" /><testcase classname="tests.test_config_mixins_coverage.TestMfaSettingsMixin" name="test_positive_mfa_values_zero_raises[MFA_STEP_UP_TTL_SECONDS-MFA_STEP_UP_TTL_SECONDS must be greater than zero]" time="0.308" /><testcase classname="tests.test_backend_coverage_booster_extra" name="test_subscribe_integrity_error_retry" time="0.270" /><testcase classname="tests.test_auth_security" name="test_unicode_password_hashing" time="0.246" /><testcase classname="tests.test_content_processing" name="test_strip_returns_plain_text" time="0.280" /><testcase classname="tests.test_cache" name="test_get_tags_for_key" time="0.324" /><testcase classname="tests.test_cached_endpoint" name="test_cache_enabled_miss_executes_then_hit_returns_cached_payload" time="0.301" /><testcase classname="tests.test_chat_command_session10" name="test_clear_history_commit_failure_rolls_back" time="0.323" /><testcase classname="tests.test_cli_infra_coverage" name="test_infra_check_redis_skipped" time="0.310" /><testcase classname="tests.contracts.test_ws_message_contract" name="test_all_message_types_have_field_definitions[online_list]" time="0.326" /><testcase classname="tests.test_config_mixins_coverage.TestMfaSettingsMixin" name="test_password_min_length_zero_raises" time="0.271" /><testcase classname="tests.test_api_validation.TestRequireOwnerOrAdmin" name="test_passes_for_admin" time="0.335" /><testcase classname="tests.test_cache_deps" name="test_key_versioning" time="0.312" /><testcase classname="tests.test_auth_security" name="test_create_access_token_uses_active_signing_key" time="0.320" /><testcase classname="tests.test_backend_coverage_booster_extra" name="test_update_subscription_topics_not_found" time="0.309" /><testcase classname="tests.test_auth_endpoints_coverage" name="test_login_form_endpoint" time="0.489" /><testcase classname="tests.test_active_session_repository" name="test_get_active_session_with_user_join_hit_and_misses" time="0.310" /><testcase classname="tests.test_content_processing" name="test_invalid_sanitization_mode_raises_value_error" time="0.291" /><testcase classname="tests.test_config_mixins_coverage.TestMfaSettingsMixin" name="test_password_max_less_than_min_raises" time="0.325" /><testcase classname="tests.test_cached_endpoint" name="test_cache_enabled_hit_returns_304_on_match" time="0.285" /><testcase classname="tests.test_cli_infra_coverage" name="test_infra_check_nats_timeout" time="0.284" /><testcase classname="tests.test_chat_command_session10" name="test_delete_chat_commit_failure_rolls_back" time="0.295" /><testcase classname="tests.test_cache" name="test_cache_key_generators" time="0.284" /><testcase classname="tests.test_cache_deps" name="test_etag_matching" time="0.317" /><testcase classname="tests.test_backend_coverage_booster_extra" name="test_unsubscribe_errors" time="0.310" /><testcase classname="tests.contracts.test_ws_message_contract" name="test_all_message_types_have_field_definitions[pong]" time="0.277" /><testcase classname="tests.test_auth_security" name="test_decode_token_accepts_legacy_and_active_secrets" time="0.286" /><testcase classname="tests.test_api_validation.TestRequireOwnerOrAdmin" name="test_passes_for_owner" time="0.285" /><testcase classname="tests.test_active_session_repository" name="test_get_active_session_with_user_inactive_user_returns_none" time="0.301" /><testcase classname="tests.test_auth_fingerprint_coverage" name="test_no_event_when_fingerprints_match" time="0.278" /><testcase classname="tests.test_core_config" name="test_settings_require_real_secret_when_env_missing" time="0.566" /><testcase classname="tests.test_cached_endpoint" name="test_cache_enabled_populate_branch_304_when_client_etag_matches_fresh" time="0.284" /><testcase classname="tests.test_cli_migrate_passwords" name="test_is_bcrypt" time="0.284" /><testcase classname="tests.test_cache" name="test_cache_invalidator_context_manager" time="0.309" /><testcase classname="tests.test_config_mixins_coverage.TestMfaSettingsMixin" name="test_password_character_classes_out_of_range_raises[-1]" time="0.276" /><testcase classname="tests.contracts.test_ws_message_contract" name="test_all_message_types_have_field_definitions[presence]" time="0.282" /><testcase classname="tests.test_chat_creation_service" name="test_create_group_rejects_too_few_members" time="0.310" /><testcase classname="tests.test_api_validation.TestRequireOwnerOrAdmin" name="test_raises_for_non_owner_non_admin" time="0.294" /><testcase classname="tests.test_backend_coverage_booster_extra" name="test_spotify_mint_state_token_no_secret" time="0.286" /><testcase classname="tests.test_active_session_repository" name="test_revoke_all_except_keeps_current" time="0.333" /><testcase classname="tests.test_auth_security" name="test_create_user_requires_authentication" time="0.654" /><testcase classname="tests.test_cache_integration" name="test_schedule_cache_supports_etag" time="0.791" /><testcase classname="tests.test_auth_fingerprint_coverage" name="test_high_severity_when_user_agent_differs" time="0.298" /><testcase classname="tests.test_cached_endpoint" name="test_non_get_method_bypasses_cache_lookup" time="0.314" /><testcase classname="tests.test_cli_migrate_passwords" name="test_report_no_users" time="0.283" /><testcase classname="tests.test_config_mixins_coverage.TestMfaSettingsMixin" name="test_password_character_classes_out_of_range_raises[5]" time="0.302" /><t
[...]
lassname="tests.test_schemathesis_api" name="test_api_responses_conform_to_schema[DELETE /api/v1/auth/mfa/totp/pending/{enrollment_id}]" time="0.760" /><testcase classname="tests.test_schemathesis_api" name="test_api_responses_conform_to_schema[DELETE /api/v1/auth/mfa/totp/{enrollment_id}]" time="0.758" /><testcase classname="tests.test_schemathesis_api" name="test_api_responses_conform_to_schema[POST /api/v1/auth/mfa/webauthn/register/start]" time="0.171" /><testcase classname="tests.test_schemathesis_api" name="test_api_responses_conform_to_schema[POST /api/v1/auth/mfa/webauthn/register/confirm]" time="1.224" /><testcase classname="tests.test_schemathesis_api" name="test_api_responses_conform_to_schema[GET /api/v1/auth/mfa/webauthn]" time="0.173" /><testcase classname="tests.test_schemathesis_api" name="test_api_responses_conform_to_schema[DELETE /api/v1/auth/mfa/webauthn/{credential_id}]" time="0.773" /><testcase classname="tests.test_schemathesis_api" name="test_api_responses_conform_to_schema[POST /api/v1/auth/mfa/recovery-codes]" time="0.170" /><testcase classname="tests.test_schemathesis_api" name="test_api_responses_conform_to_schema[POST /api/v1/auth/mfa/step-up]" time="0.170" /><testcase classname="tests.test_schemathesis_api" name="test_api_responses_conform_to_schema[GET /api/v1/spotify/auth-url]" time="0.170" /><testcase classname="tests.test_schemathesis_api" name="test_api_responses_conform_to_schema[GET /api/v1/spotify/callback]" time="0.764" /><testcase classname="tests.test_schemathesis_api" name="test_api_responses_conform_to_schema[GET /api/v1/spotify/now-playing]" time="0.175" /><testcase classname="tests.test_schemathesis_api" name="test_api_responses_conform_to_schema[POST /api/v1/spotify/disconnect]" time="0.169" /><testcase classname="tests.test_schemathesis_api" name="test_api_responses_conform_to_schema[GET /api/v1/spotify/playlists]" time="0.171" /><testcase classname="tests.test_schemathesis_api" name="test_api_responses_conform_to_schema[POST /api/v1/spotify/sync-playlists]" time="0.167" /><testcase classname="tests.test_schemathesis_api" name="test_api_responses_conform_to_schema[GET /api/v1/auth/sessions]" time="0.870" /><testcase classname="tests.test_schemathesis_api" name="test_api_responses_conform_to_schema[DELETE /api/v1/auth/sessions/{session_id}]" time="0.769" /><testcase classname="tests.test_schemathesis_api" name="test_api_responses_conform_to_schema[POST /api/v1/auth/sessions/revoke-others]" time="0.804" /><testcase classname="tests.test_schemathesis_api" name="test_api_responses_conform_to_schema[GET /api/v1/notifications]" time="1.301" /><testcase classname="tests.test_schemathesis_api" name="test_api_responses_conform_to_schema[DELETE /api/v1/notifications]" time="0.040" /><testcase classname="tests.test_schemathesis_api" name="test_api_responses_conform_to_schema[PATCH /api/v1/notifications/{notif_id}/read]" time="0.759" /><testcase classname="tests.test_schemathesis_api" name="test_api_responses_conform_to_schema[POST /api/v1/notifications/read-all]" time="0.165" /><testcase classname="tests.test_schemathesis_api" name="test_api_responses_conform_to_schema[DELETE /api/v1/notifications/{notif_id}]" time="0.780" /><testcase classname="tests.test_schemathesis_api" name="test_api_responses_conform_to_schema[POST /api/v1/notifications/check-schedule]" time="0.977" /><testcase classname="tests.test_schemathesis_api" name="test_api_responses_conform_to_schema[GET /api/v1/push/vapid-public-key]" time="0.180" /><testcase classname="tests.test_schemathesis_api" name="test_api_responses_conform_to_schema[POST /api/v1/push/subscribe]" time="1.651" /><testcase classname="tests.test_schemathesis_api" name="test_api_responses_conform_to_schema[PATCH /api/v1/push/subscribe/topics]" time="1.108" /><testcase classname="tests.test_schemathesis_api" name="test_api_responses_conform_to_schema[POST /api/v1/push/unsubscribe]" time="1.127" /><testcase classname="tests.test_schemathesis_api" name="test_api_responses_conform_to_schema[GET /api/v1/push/topics]" time="0.172" /><testcase classname="tests.test_schemathesis_api" name="test_api_responses_conform_to_schema[POST /api/v1/push/test]" time="3.114" /><testcase classname="tests.test_schemathesis_api" name="test_api_responses_conform_to_schema[GET /api/v1/push/admin/topics/{user_id}]" time="0.813" /><testcase classname="tests.test_schemathesis_api" name="test_api_responses_conform_to_schema[PUT /api/v1/push/admin/topics/{user_id}]" time="0.972" /><testcase classname="tests.test_schemathesis_api" name="test_api_responses_conform_to_schema[POST /api/v1/push/admin/disable-user]" time="0.911" /><testcase classname="tests.test_schemathesis_api" name="test_api_responses_conform_to_schema[POST /api/v1/push/broadcast]" time="2.923" /><testcase classname="tests.test_schemathesis_api" name="test_api_responses_conform_to_schema[GET /api/v1/schedule/ics]" time="0.922" /><testcase classname="tests.test_schemathesis_api" name="test_api_responses_conform_to_schema[GET /api/v1/users/me]" time="0.154" /><testcase classname="tests.test_schemathesis_api" name="test_api_responses_conform_to_schema[PUT /api/v1/users/me]" time="6.147" /><testcase classname="tests.test_schemathesis_api" name="test_api_responses_conform_to_schema[POST /api/v1/users/me/email]" time="1.039" /><testcase classname="tests.test_schemathesis_api" name="test_api_responses_conform_to_schema[POST /api/v1/users/me/email/confirm]" time="0.870" /><testcase classname="tests.test_schemathesis_api" name="test_api_responses_conform_to_schema[POST /api/v1/users/me/password]" time="1.071" /><testcase classname="tests.test_schemathesis_api" name="test_api_responses_conform_to_schema[POST /api/v1/users/me/export]" time="0.169" /><testcase classname="tests.test_schemathesis_api" name="test_api_responses_conform_to_schema[POST /api/v1/users/me/delete]" time="0.926" /><testcase classname="tests.test_schemathesis_api" name="test_api_responses_conform_to_schema[POST /api/v1/users/me/avatar]" time="0.813" /><testcase classname="tests.test_schemathesis_api" name="test_api_responses_conform_to_schema[DELETE /api/v1/users/me/avatar]" time="0.040" /><testcase classname="tests.test_schemathesis_api" name="test_api_responses_conform_to_schema[POST /api/v1/users/me/cover]" time="0.789" /><testcase classname="tests.test_schemathesis_api" name="test_api_responses_conform_to_schema[DELETE /api/v1/users/me/cover]" time="0.040" /><testcase classname="tests.test_schemathesis_api" name="test_api_responses_conform_to_schema[POST /api/v1/users]" time="4.514" /><testcase classname="tests.test_schemathesis_api" name="test_api_responses_conform_to_schema[GET /api/v1/users]" time="2.737" /><testcase classname="tests.test_schemathesis_api" name="test_api_responses_conform_to_schema[GET /api/v1/users/audit/export]" time="1.361" /><testcase classname="tests.test_schemathesis_api" name="test_api_responses_conform_to_schema[PATCH /api/v1/users/{user_id}]" time="1.738" /><testcase classname="tests.test_schemathesis_api" name="test_api_responses_conform_to_schema[DELETE /api/v1/users/{user_id}]" time="0.638" /><testcase classname="tests.test_schemathesis_api" name="test_api_responses_conform_to_schema[POST /api/v1/password/forgot]" time="0.971" /><testcase classname="tests.test_schemathesis_api" name="test_api_responses_conform_to_schema[POST /api/v1/password/reset]" time="1.138" /><testcase classname="tests.test_schemathesis_api" name="test_api_responses_conform_to_schema[GET /api/v1/groups]" time="0.199" /><testcase classname="tests.test_schemathesis_api" name="test_api_responses_conform_to_schema[POST /api/v1/events]" time="2.637" /><testcase classname="tests.test_schemathesis_api" name="test_api_responses_conform_to_schema[GET /api/v1/events]" time="1.821" /><testcase classname="tests.test_schemathesis_api" name="test_api_responses_conform_to_schema[POST /api/v1/events/attendance]" time="0.973" /><testcase classname="tests.test_schemathesis_api" name="test_api_responses_conform_to_schema[DELETE /api/v1/events/attendance]" time="0.873" /><testcase classname="tests.test_schemathesis_api" name="test_api_responses_conform_to_schema[GET /api/v1/events/my]" time="1.431" /><testcase classname="tests.test_schemathesis_api" name="test_api_responses_conform_to_schema[POST /api/v1/events/{event_id}/upload_file]" time="0.944" /><testcase classname="tests.test_schemathesis_api" name="test_api_responses_conform_to_schema[GET /api/v1/events/{event_id}/files]" time="0.932" /><testcase classname="tests.test_schemathesis_api" name="test_api_responses_conform_to_schema[POST /api/v1/events/upload_image]" time="0.951" /><testcase classname="tests.test_schemathesis_api" name="test_api_responses_conform_to_schema[PATCH /api/v1/events/{event_id}]" time="3.358" /><testcase classname="tests.test_schemathesis_api" name="test_api_responses_conform_to_schema[DELETE /api/v1/events/{event_id}]" time="0.720" /><testcase classname="tests.test_schemathesis_api" name="test_api_responses_conform_to_schema[GET /api/v1/events/{event_id}]" time="1.004" /><testcase classname="tests.test_schemathesis_api" name="test_api_responses_conform_to_schema[DELETE /api/v1/events/file/{file_id}]" time="0.856" /><testcase classname="tests.test_schemathesis_api" name="test_api_responses_conform_to_schema[GET /api/v1/events/search/semantic]" time="2.973" /><testcase classname="tests.test_schemathesis_api" name="test_api_responses_conform_to_schema[POST /api/v1/news]" time="1.364" /><testcase classname="tests.test_schemathesis_api" name="test_api_responses_conform_to_schema[GET /api/v1/news]" time="2.084" /><testcase classname="tests.test_schemathesis_api" name="test_api_responses_conform_to_schema[GET /api/v1/news/{id}]" time="1.420" /><testcase classname="tests.test_schemathesis_api" name="test_api_responses_conform_to_schema[PATCH /api/v1/news/{id}]" time="1.448" /><testcase classname="tests.test_schemathesis_api" name="test_api_responses_conform_to_schema[DELETE /api/v1/news/{id}]" time="0.630" /><testcase classname="tests.test_schemathesis_api" name="test_api_responses_conform_to_schema[POST /api/v1/news/{id}/like]" time="0.778" /><testcase classname="tests.test_schemathesis_api" name="test_api_responses_conform_to_schema[POST /api/v1/news/{id}/comment]" time="1.132" /><testcase classname="tests.test_schemathesis_api" name="test_api_responses_conform_to_schema[GET /api/v1/news/{id}/interactions]" time="2.439" /><testcase classname="tests.test_schemathesis_api" name="test_api_responses_conform_to_schema[PATCH /api/v1/news/comments/{comment_id}]" time="1.062" /><testcase classname="tests.test_schemathesis_api" name="test_api_responses_conform_to_schema[DELETE /api/v1/news/comments/{comment_id}]" time="0.645" /><testcase classname="tests.test_schemathesis_api" name="test_api_responses_conform_to_schema[POST /api/v1/news/upload_image]" time="0.830" /><testcase classname="tests.test_schemathesis_api" name="test_api_responses_conform_to_schema[GET /api/v1/news/search/semantic]" time="2.823" /><testcase classname="tests.test_schemathesis_api" name="test_api_responses_conform_to_schema[GET /api/v1/stories]" time="1.532" /><testcase classname="tests.test_schemathesis_api" name="test_api_responses_conform_to_schema[POST /api/v1/stories]" time="1.887" /><testcase classname="tests.test_schemathesis_api" name="test_api_responses_conform_to_schema[PATCH /api/v1/stories/{story_id}]" time="2.152" /><testcase classname="tests.test_schemathesis_api" name="test_api_responses_conform_to_schema[DELETE /api/v1/stories/{story_id}]" time="0.632" /><testcase classname="tests.test_schemathesis_api" name="test_api_responses_conform_to_schema[POST /api/v1/stories/upload_cover]" time="0.828" /><testcase classname="tests.test_schemathesis_api" name="test_api_responses_conform_to_schema[POST /api/v1/schedule]" time="1.960" /><testcase classname="tests.test_schemathesis_api" name="test_api_responses_conform_to_schema[GET /api/v1/schedule/{id}]" time="1.133" /><testcase classname="tests.test_schemathesis_api" name="test_api_responses_conform_to_schema[PATCH /api/v1/schedule/{id}]" time="2.391" /><testcase classname="tests.test_schemathesis_api" name="test_api_responses_conform_to_schema[DELETE /api/v1/schedule/{id}]" time="0.653" /><testcase classname="tests.test_schemathesis_api" name="test_api_responses_conform_to_schema[GET /api/v1/stats/attendance]" time="1.208" /><testcase classname="tests.test_schemathesis_api" name="test_api_responses_conform_to_schema[GET /api/v1/stats/grades]" time="1.201" /><testcase classname="tests.test_schemathesis_api" name="test_api_responses_conform_to_schema[GET /api/v1/stats/participation]" time="1.209" /><testcase classname="tests.test_schemathesis_api" name="test_api_responses_conform_to_schema[GET /api/v1/stats/summary]" time="1.211" /><testcase classname="tests.test_schemathesis_api" name="test_api_responses_conform_to_schema[GET /api/v1/stats/creation]" time="0.820" /><testcase classname="tests.test_schemathesis_api" name="test_api_responses_conform_to_schema[GET /api/v1/chats]" time="1.287" /><testcase classname="tests.test_schemathesis_api" name="test_api_responses_conform_to_schema[POST /api/v1/chats]" time="0.767" /><testcase classname="tests.test_schemathesis_api" name="test_api_responses_conform_to_schema[POST /api/v1/chats/groups]" time="1.352" /><testcase classname="tests.test_schemathesis_api" name="test_api_responses_conform_to_schema[GET /api/v1/chats/{chat_id}]" time="0.850" /><testcase classname="tests.test_schemathesis_api" name="test_api_responses_conform_to_schema[DELETE /api/v1/chats/{chat_id}]" time="0.672" /><testcase classname="tests.test_schemathesis_api" name="test_api_responses_conform_to_schema[PATCH /api/v1/chats/{chat_id}]" time="0.966" /><testcase classname="tests.test_schemathesis_api" name="test_api_responses_conform_to_schema[GET /api/v1/chats/{chat_id}/messages]" time="1.395" /><testcase classname="tests.test_schemathesis_api" name="test_api_responses_conform_to_schema[POST /api/v1/chats/{chat_id}/messages]" time="1.228" /><testcase classname="tests.test_schemathesis_api" name="test_api_responses_conform_to_schema[POST /api/v1/chats/{dest_chat_id}/forward]" time="1.379" /><testcase classname="tests.test_schemathesis_api" name="test_api_responses_conform_to_schema[POST /api/v1/chats/{chat_id}/read]" time="0.799" /><testcase classname="tests.test_schemathesis_api" name="test_api_responses_conform_to_schema[PATCH /api/v1/chats/{chat_id}/messages/{message_id}]" time="1.077" /><testcase classname="tests.test_schemathesis_api" name="test_api_responses_conform_to_schema[DELETE /api/v1/chats/{chat_id}/messages/{message_id}]" time="0.942" /><testcase classname="tests.test_schemathesis_api" name="test_api_responses_conform_to_schema[POST /api/v1/chats/{chat_id}/messages/{message_id}/reactions]" time="1.079" /><testcase classname="tests.test_schemathesis_api" name="test_api_responses_conform_to_schema[DELETE /api/v1/chats/{chat_id}/messages/{message_id}/reactions]" time="0.991" /><testcase classname="tests.test_schemathesis_api" name="test_api_responses_conform_to_schema[GET /api/v1/chats/{chat_id}/messages/{message_id}/reactions]" time="1.310" /><testcase classname="tests.test_schemathesis_api" name="test_api_responses_conform_to_schema[POST /api/v1/chats/{chat_id}/typing]" time="0.804" /><testcase classname="tests.test_schemathesis_api" name="test_api_responses_conform_to_schema[POST /api/v1/chats/{chat_id}/clear]" time="0.781" /><testcase classname="tests.test_schemathesis_api" name="test_api_responses_conform_to_schema[POST /api/v1/chats/{chat_id}/participants]" time="1.080" /><testcase classname="tests.test_schemathesis_api" name="test_api_responses_conform_to_schema[DELETE /api/v1/chats/{chat_id}/participants/{user_id}]" time="0.895" /><testcase classname="tests.test_schemathesis_api" name="test_api_responses_conform_to_schema[GET /api/v1/img/{path}]" time="1.564" /><testcase classname="tests.test_schemathesis_api" name="test_api_responses_conform_to_schema[POST /api/v1/csp-report]" time="0.195" /><testcase classname="tests.test_schemathesis_api" name="test_api_responses_conform_to_schema[GET /api/v1/search]" time="1.545" /><testcase classname="tests.test_schemathesis_api" name="test_api_responses_conform_to_schema[GET /admin/feature-flags]" time="0.176" /><testcase classname="tests.test_schemathesis_api" name="test_api_responses_conform_to_schema[PATCH /admin/feature-flags/{name}]" time="1.355" /><testcase classname="tests.test_schemathesis_api" name="test_api_responses_conform_to_schema[GET /admin/audit]" time="2.575" /><testcase classname="tests.test_schemathesis_api" name="test_api_responses_conform_to_schema[POST /ws/ticket]" time="0.173" /><testcase classname="tests.test_schemathesis_api" name="test_openapi_spec_declares_paths" time="0.250" /><testcase classname="tests.test_schemathesis_api" name="test_openapi_spec_is_valid_json" time="0.261" /><testcase classname="tests.test_search" name="test_search_service_lazy_client" time="0.265" /><testcase classname="tests.test_search" name="test_search_service_close" time="0.254" /><testcase classname="tests.test_search" name="test_search_service_ensure_index" time="0.264" /><testcase classname="tests.test_search" name="test_search_service_index_document" time="0.262" /><testcase classname="tests.test_search" name="test_search_service_bulk_index" time="0.252" /><testcase classname="tests.test_search" name="test_search_service_delete_document" time="0.253" /><testcase classname="tests.test_search" name="test_search_service_search_validation_and_execution" time="0.261" /><testcase classname="tests.test_search" name="test_search_service_suggest" time="0.260" /><testcase classname="tests.test_search" name="test_get_search_service" time="0.276" /><testcase classname="tests.test_search_api" name="test_unified_search_all_success" time="0.278" /><testcase classname="tests.test_search_api" name="test_unified_search_only_news" time="0.288" /><testcase classname="tests.test_search_api" name="test_unified_search_connection_error_fallback" time="0.275" /><testcase classname="tests.test_search_api" name="test_unified_search_only_events" time="0.273" /><testcase classname="tests.test_search_api" name="test_unified_search_invalid_type" time="0.290" /><testcase classname="tests.test_search_api" name="test_unified_search_non_string_fallback" time="0.474" /><testcase classname="tests.test_security_cleanup_session10" name="test_scheduler_runs_first_tick_then_stops" time="0.315" /><testcase classname="tests.test_security_cleanup_session10" name="test_scheduler_stop_before_first_sleep" time="0.274" /><testcase classname="tests.test_security_headers" name="test_security_headers_production_mode" time="0.309" /><testcase classname="tests.test_security_headers" name="test_security_headers_development_report_only" time="0.286" /><testcase classname="tests.test_security_headers" name="test_security_headers_credentialless_coep" time="0.294" /><testcase classname="tests.test_security_headers" name="test_gzip_preserves_security_headers_and_etag" time="0.275" /><testcase classname="tests.test_security_headers" name="test_cors_hardening_filters_insecure_origins" time="0.278" /><testcase classname="tests.test_security_headers" name="test_cors_credentials_disabled_for_insecure_hosts" time="0.270" /><testcase classname="tests.test_security_headers" name="test_cors_allows_localhost_when_strict" time="0.299" /><testcase classname="tests.test_security_headers" name="test_hsts_suppressed_when_behind_proxy" time="0.283" /><testcase classname="tests.test_security_red_zone" name="test_login_response_does_not_contain_access_token_body" time="0.346" /><testcase classname="tests.test_service_notifications_extra" name="test_aggregate_notification_delivery_stats" time="0.278" /><testcase classname="tests.test_service_notifications_extra" name="test_is_user_in_quiet_hours[False-None-None-now_time0-False]" time="0.357" /></testsuite></testsuites>