{"C:\\Users\\egorribun\\Documents\\university_ecosystem\\frontend\\src\\hooks\\useDashboardEvents.ts": {"path":"C:\\Users\\egorribun\\Documents\\university_ecosystem\\frontend\\src\\hooks\\useDashboardEvents.ts","all":false,"statementMap":{"0":{"start":{"line":1,"column":0},"end":{"line":1,"column":31}},"1":{"start":{"line":2,"column":0},"end":{"line":2,"column":8}},"8":{"start":{"line":9,"column":0},"end":{"line":9,"column":30}},"16":{"start":{"line":17,"column":0},"end":{"line":17,"column":52}},"18":{"start":{"line":19,"column":0},"end":{"line":19,"column":71}},"22":{"start":{"line":23,"column":0},"end":{"line":23,"column":92}},"23":{"start":{"line":24,"column":0},"end":{"line":24,"column":17}},"24":{"start":{"line":25,"column":0},"end":{"line":25,"column":13}},"25":{"start":{"line":26,"column":0},"end":{"line":26,"column":3}},"26":{"start":{"line":27,"column":0},"end":{"line":27,"column":65}},"27":{"start":{"line":28,"column":0},"end":{"line":28,"column":30}},"28":{"start":{"line":29,"column":0},"end":{"line":29,"column":1}},"30":{"start":{"line":31,"column":0},"end":{"line":31,"column":56}},"31":{"start":{"line":32,"column":0},"end":{"line":32,"column":19}},"32":{"start":{"line":33,"column":0},"end":{"line":33,"column":89}},"33":{"start":{"line":34,"column":0},"end":{"line":34,"column":59}},"34":{"start":{"line":35,"column":0},"end":{"line":35,"column":17}},"35":{"start":{"line":36,"column":0},"end":{"line":36,"column":1}},"37":{"start":{"line":38,"column":0},"end":{"line":38,"column":29}},"38":{"start":{"line":39,"column":0},"end":{"line":39,"column":26}},"39":{"start":{"line":40,"column":0},"end":{"line":40,"column":62}},"40":{"start":{"line":41,"column":0},"end":{"line":41,"column":32}},"41":{"start":{"line":42,"column":0},"end":{"line":42,"column":86}},"43":{"start":{"line":44,"column":0},"end":{"line":44,"column":9}},"44":{"start":{"line":45,"column":0},"end":{"line":45,"column":75}},"45":{"start":{"line":46,"column":0},"end":{"line":46,"column":47}},"46":{"start":{"line":47,"column":0},"end":{"line":47,"column":15}},"47":{"start":{"line":48,"column":0},"end":{"line":48,"column":74}},"48":{"start":{"line":49,"column":0},"end":{"line":49,"column":48}},"49":{"start":{"line":50,"column":0},"end":{"line":50,"column":41}},"51":{"start":{"line":52,"column":0},"end":{"line":52,"column":48}},"52":{"start":{"line":53,"column":0},"end":{"line":53,"column":23}},"53":{"start":{"line":54,"column":0},"end":{"line":54,"column":7}},"55":{"start":{"line":56,"column":0},"end":{"line":56,"column":74}},"56":{"start":{"line":57,"column":0},"end":{"line":57,"column":34}},"57":{"start":{"line":58,"column":0},"end":{"line":58,"column":21}},"58":{"start":{"line":59,"column":0},"end":{"line":59,"column":28}},"59":{"start":{"line":60,"column":0},"end":{"line":60,"column":19}},"60":{"start":{"line":61,"column":0},"end":{"line":61,"column":7}},"62":{"start":{"line":63,"column":0},"end":{"line":63,"column":88}},"63":{"start":{"line":64,"column":0},"end":{"line":64,"column":21}},"64":{"start":{"line":65,"column":0},"end":{"line":65,"column":23}},"65":{"start":{"line":66,"column":0},"end":{"line":66,"column":7}},"67":{"start":{"line":68,"column":0},"end":{"line":68,"column":17}},"68":{"start":{"line":69,"column":0},"end":{"line":69,"column":5}},"69":{"start":{"line":70,"column":0},"end":{"line":70,"column":3}},"70":{"start":{"line":71,"column":0},"end":{"line":71,"column":1}},"72":{"start":{"line":73,"column":0},"end":{"line":73,"column":80}},"73":{"start":{"line":74,"column":0},"end":{"line":74,"column":50}},"75":{"start":{"line":76,"column":0},"end":{"line":76,"column":10}},"76":{"start":{"line":77,"column":0},"end":{"line":77,"column":38}},"77":{"start":{"line":78,"column":0},"end":{"line":78,"column":12}},"78":{"start":{"line":79,"column":0},"end":{"line":79,"column":57}},"79":{"start":{"line":80,"column":0},"end":{"line":80,"column":72}},"80":{"start":{"line":81,"column":0},"end":{"line":81,"column":26}},"81":{"start":{"line":82,"column":0},"end":{"line":82,"column":24}},"82":{"start":{"line":83,"column":0},"end":{"line":83,"column":12}},"83":{"start":{"line":84,"column":0},"end":{"line":84,"column":1}},"85":{"start":{"line":86,"column":0},"end":{"line":86,"column":41}},"86":{"start":{"line":87,"column":0},"end":{"line":87,"column":38}},"88":{"start":{"line":89,"column":0},"end":{"line":89,"column":99}},"90":{"start":{"line":91,"column":0},"end":{"line":91,"column":31}},"91":{"start":{"line":92,"column":0},"end":{"line":92,"column":1}},"93":{"start":{"line":94,"column":0},"end":{"line":94,"column":68}},"94":{"start":{"line":95,"column":0},"end":{"line":95,"column":75}}},"s":{"0":1,"1":1,"8":1,"16":1,"18":1,"22":1,"23":6,"24":1,"25":1,"26":6,"27":6,"28":6,"30":1,"31":6,"32":6,"33":6,"34":6,"35":6,"37":1,"38":7,"39":7,"40":7,"41":10,"43":10,"44":10,"45":10,"46":10,"47":10,"48":10,"49":10,"51":10,"52":1,"53":1,"55":6,"56":6,"57":10,"58":3,"59":1,"60":1,"62":2,"63":3,"64":1,"65":1,"67":1,"68":1,"69":10,"70":7,"72":1,"73":7,"75":7,"76":7,"77":7,"78":7,"79":7,"80":7,"81":7,"82":7,"83":7,"85":1,"86":3,"88":3,"90":3,"91":3,"93":1,"94":1},"branchMap":{"0":{"type":"branch","line":23,"loc":{"start":{"line":23,"column":24},"end":{"line":29,"column":1}},"locations":[{"start":{"line":23,"column":24},"end":{"line":29,"column":1}}]},"1":{"type":"branch","line":24,"loc":{"start":{"line":24,"column":16},"end":{"line":26,"column":3}},"locations":[{"start":{"line":24,"column":16},"end":{"line":26,"column":3}}]},"2":{"type":"branch","line":26,"loc":{"start":{"line":26,"column":2},"end":{"line":27,"column":47}},"locations":[{"start":{"line":26,"column":2},"end":{"line":27,"column":47}}]},"3":{"type":"branch","line":27,"loc":{"start":{"line":27,"column":43},"end":{"line":27,"column":63}},"locations":[{"start":{"line":27,"column":43},"end":{"line":27,"column":63}}]},"4":{"type":"branch","line":27,"loc":{"start":{"line":27,"column":55},"end":{"line":27,"column":65}},"locations":[{"start":{"line":27,"column":55},"end":{"line":27,"column":65}}]},"5":{"type":"branch","line":31,"loc":{"start":{"line":31,"column":26},"end":{"line":36,"column":1}},"locations":[{"start":{"line":31,"column":26},"end":{"line":36,"column":1}}]},"6":{"type":"branch","line":33,"loc":{"start":{"line":33,"column":12},"end":{"line":33,"column":88}},"locations":[{"start":{"line":33,"column":12},"end":{"line":33,"column":88}}]},"7":{"type":"branch","line":34,"loc":{"start":{"line":34,"column":10},"end":{"line":34,"column":58}},"locations":[{"start":{"line":34,"column":10},"end":{"line":34,"column":58}}]},"8":{"type":"branch","line":38,"loc":{"start":{"line":38,"column":28},"end":{"line":71,"column":1}},"locations":[{"start":{"line":38,"column":28},"end":{"line":71,"column":1}}]},"9":{"type":"branch","line":41,"loc":{"start":{"line":41,"column":9},"end":{"line":70,"column":3}},"locations":[{"start":{"line":41,"column":9},"end":{"line":70,"column":3}}]},"10":{"type":"branch","line":50,"loc":{"start":{"line":50,"column":40},"end":{"line":52,"column":37}},"locations":[{"start":{"line":50,"column":40},"end":{"line":52,"column":37}}]},"11":{"type":"branch","line":52,"loc":{"start":{"line":52,"column":30},"end":{"line":52,"column":47}},"locations":[{"start":{"line":52,"column":30},"end":{"line":52,"column":47}}]},"12":{"type":"branch","line":52,"loc":{"start":{"line":52,"column":47},"end":{"line":54,"column":7}},"locations":[{"start":{"line":52,"column":47},"end":{"line":54,"column":7}}]},"13":{"type":"branch","line":54,"loc":{"start":{"line":54,"column":6},"end":{"line":58,"column":13}},"locations":[{"start":{"line":54,"column":6},"end":{"line":58,"column":13}}]},"14":{"type":"branch","line":58,"loc":{"start":{"line":58,"column":4},"end":{"line":69,"column":5}},"locations":[{"start":{"line":58,"column":4},"end":{"line":69,"column":5}}]},"15":{"type":"branch","line":59,"loc":{"start":{"line":59,"column":27},"end":{"line":61,"column":7}},"locations":[{"start":{"line":59,"column":27},"end":{"line":61,"column":7}}]},"16":{"type":"branch","line":61,"loc":{"start":{"line":61,"column":6},"end":{"line":64,"column":20}},"locations":[{"start":{"line":61,"column":6},"end":{"line":64,"column":20}}]},"17":{"type":"branch","line":64,"loc":{"start":{"line":64,"column":20},"end":{"line":69,"column":5}},"locations":[{"start":{"line":64,"column":20},"end":{"line":69,"column":5}}]},"18":{"type":"branch","line":48,"loc":{"start":{"line":48,"column":24},"end":{"line":48,"column":74}},"locations":[{"start":{"line":48,"column":24},"end":{"line":48,"column":74}}]},"19":{"type":"branch","line":73,"loc":{"start":{"line":73,"column":49},"end":{"line":84,"column":1}},"locations":[{"start":{"line":73,"column":49},"end":{"line":84,"column":1}}]},"20":{"type":"branch","line":79,"loc":{"start":{"line":79,"column":12},"end":{"line":79,"column":57}},"locations":[{"start":{"line":79,"column":12},"end":{"line":79,"column":57}}]},"21":{"type":"branch","line":80,"loc":{"start":{"line":80,"column":21},"end":{"line":80,"column":72}},"locations":[{"start":{"line":80,"column":21},"end":{"line":80,"column":72}}]},"22":{"type":"branch","line":86,"loc":{"start":{"line":86,"column":34},"end":{"line":92,"column":1}},"locations":[{"start":{"line":86,"column":34},"end":{"line":92,"column":1}}]},"23":{"type":"branch","line":89,"loc":{"start":{"line":89,"column":31},"end":{"line":89,"column":85}},"locations":[{"start":{"line":89,"column":31},"end":{"line":89,"column":85}}]},"24":{"type":"branch","line":94,"loc":{"start":{"line":94,"column":39},"end":{"line":95,"column":75}},"locations":[{"start":{"line":94,"column":39},"end":{"line":95,"column":75}}]}},"b":{"0":[6],"1":[1],"2":[5],"3":[4],"4":[1],"5":[6],"6":[10],"7":[5],"8":[7],"9":[10],"10":[7],"11":[2],"12":[1],"13":[6],"14":[3],"15":[1],"16":[2],"17":[1],"18":[5],"19":[7],"20":[3],"21":[7],"22":[3],"23":[1],"24":[1]},"fnMap":{"0":{"name":"ensureEventList","decl":{"start":{"line":23,"column":24},"end":{"line":29,"column":1}},"loc":{"start":{"line":23,"column":24},"end":{"line":29,"column":1}},"line":23},"1":{"name":"sortEventsByStart","decl":{"start":{"line":31,"column":26},"end":{"line":36,"column":1}},"loc":{"start":{"line":31,"column":26},"end":{"line":36,"column":1}},"line":31},"2":{"name":"createEventsQueryFn","decl":{"start":{"line":38,"column":28},"end":{"line":71,"column":1}},"loc":{"start":{"line":38,"column":28},"end":{"line":71,"column":1}},"line":38},"3":{"name":"validateStatus","decl":{"start":{"line":48,"column":24},"end":{"line":48,"column":74}},"loc":{"start":{"line":48,"column":24},"end":{"line":48,"column":74}},"line":48},"4":{"name":"createDashboardEventsQueryOptions","decl":{"start":{"line":73,"column":49},"end":{"line":84,"column":1}},"loc":{"start":{"line":73,"column":49},"end":{"line":84,"column":1}},"line":73},"5":{"name":"select","decl":{"start":{"line":79,"column":12},"end":{"line":79,"column":57}},"loc":{"start":{"line":79,"column":12},"end":{"line":79,"column":57}},"line":79},"6":{"name":"placeholderData","decl":{"start":{"line":80,"column":21},"end":{"line":80,"column":72}},"loc":{"start":{"line":80,"column":21},"end":{"line":80,"column":72}},"line":80},"7":{"name":"useDashboardEvents","decl":{"start":{"line":86,"column":34},"end":{"line":92,"column":1}},"loc":{"start":{"line":86,"column":34},"end":{"line":92,"column":1}},"line":86},"8":{"name":"prefetchDashboardEvents","decl":{"start":{"line":94,"column":39},"end":{"line":95,"column":75}},"loc":{"start":{"line":94,"column":39},"end":{"line":95,"column":75}},"line":94}},"f":{"0":6,"1":6,"2":7,"3":5,"4":7,"5":3,"6":7,"7":3,"8":1}}
,"C:\\Users\\egorribun\\Documents\\university_ecosystem\\frontend\\src\\hooks\\useDashboardSchedule.ts": {"path":"C:\\Users\\egorribun\\Documents\\university_ecosystem\\frontend\\src\\hooks\\useDashboardSchedule.ts","all":false,"statementMap":{"0":{"start":{"line":1,"column":0},"end":{"line":1,"column":31}},"1":{"start":{"line":2,"column":0},"end":{"line":2,"column":82}},"3":{"start":{"line":4,"column":0},"end":{"line":4,"column":30}},"25":{"start":{"line":26,"column":0},"end":{"line":26,"column":32}},"26":{"start":{"line":27,"column":0},"end":{"line":27,"column":40}},"27":{"start":{"line":28,"column":0},"end":{"line":28,"column":45}},"28":{"start":{"line":29,"column":0},"end":{"line":29,"column":63}},"30":{"start":{"line":31,"column":0},"end":{"line":31,"column":64}},"31":{"start":{"line":32,"column":0},"end":{"line":32,"column":32}},"32":{"start":{"line":33,"column":0},"end":{"line":33,"column":13}},"33":{"start":{"line":34,"column":0},"end":{"line":34,"column":3}},"34":{"start":{"line":35,"column":0},"end":{"line":35,"column":53}},"35":{"start":{"line":36,"column":0},"end":{"line":36,"column":1}},"41":{"start":{"line":42,"column":0},"end":{"line":42,"column":43}},"42":{"start":{"line":43,"column":0},"end":{"line":43,"column":27}},"43":{"start":{"line":44,"column":0},"end":{"line":44,"column":40}},"44":{"start":{"line":45,"column":0},"end":{"line":45,"column":45}},"45":{"start":{"line":46,"column":0},"end":{"line":46,"column":7}},"46":{"start":{"line":47,"column":0},"end":{"line":47,"column":50}},"47":{"start":{"line":48,"column":0},"end":{"line":48,"column":60}},"48":{"start":{"line":49,"column":0},"end":{"line":49,"column":41}},"49":{"start":{"line":50,"column":0},"end":{"line":50,"column":36}},"50":{"start":{"line":51,"column":0},"end":{"line":51,"column":5}},"52":{"start":{"line":53,"column":0},"end":{"line":53,"column":65}},"53":{"start":{"line":54,"column":0},"end":{"line":54,"column":43}},"54":{"start":{"line":55,"column":0},"end":{"line":55,"column":5}},"56":{"start":{"line":57,"column":0},"end":{"line":57,"column":47}},"57":{"start":{"line":58,"column":0},"end":{"line":58,"column":9}},"58":{"start":{"line":59,"column":0},"end":{"line":59,"column":81}},"59":{"start":{"line":60,"column":0},"end":{"line":60,"column":15}},"60":{"start":{"line":61,"column":0},"end":{"line":61,"column":74}},"61":{"start":{"line":62,"column":0},"end":{"line":62,"column":30}},"62":{"start":{"line":63,"column":0},"end":{"line":63,"column":41}},"64":{"start":{"line":65,"column":0},"end":{"line":65,"column":36}},"65":{"start":{"line":66,"column":0},"end":{"line":66,"column":29}},"66":{"start":{"line":67,"column":0},"end":{"line":67,"column":7}},"68":{"start":{"line":69,"column":0},"end":{"line":69,"column":41}},"69":{"start":{"line":70,"column":0},"end":{"line":70,"column":21}},"70":{"start":{"line":71,"column":0},"end":{"line":71,"column":28}},"71":{"start":{"line":72,"column":0},"end":{"line":72,"column":19}},"72":{"start":{"line":73,"column":0},"end":{"line":73,"column":7}},"73":{"start":{"line":74,"column":0},"end":{"line":74,"column":21}},"74":{"start":{"line":75,"column":0},"end":{"line":75,"column":23}},"75":{"start":{"line":76,"column":0},"end":{"line":76,"column":7}},"76":{"start":{"line":77,"column":0},"end":{"line":77,"column":17}},"77":{"start":{"line":78,"column":0},"end":{"line":78,"column":5}},"78":{"start":{"line":79,"column":0},"end":{"line":79,"column":4}},"79":{"start":{"line":80,"column":0},"end":{"line":80,"column":50}},"80":{"start":{"line":81,"column":0},"end":{"line":81,"column":20}},"81":{"start":{"line":82,"column":0},"end":{"line":82,"column":22}},"82":{"start":{"line":83,"column":0},"end":{"line":83,"column":79}},"83":{"start":{"line":84,"column":0},"end":{"line":84,"column":2}},"85":{"start":{"line":86,"column":0},"end":{"line":86,"column":37}},"86":{"start":{"line":87,"column":0},"end":{"line":87,"column":40}},"87":{"start":{"line":88,"column":0},"end":{"line":88,"column":45}},"88":{"start":{"line":89,"column":0},"end":{"line":89,"column":6}},"89":{"start":{"line":90,"column":0},"end":{"line":90,"column":38}},"91":{"start":{"line":92,"column":0},"end":{"line":92,"column":31}},"92":{"start":{"line":93,"column":0},"end":{"line":93,"column":65}},"93":{"start":{"line":94,"column":0},"end":{"line":94,"column":32}},"94":{"start":{"line":95,"column":0},"end":{"line":95,"column":3}},"96":{"start":{"line":97,"column":0},"end":{"line":97,"column":31}},"97":{"start":{"line":98,"column":0},"end":{"line":98,"column":1}},"99":{"start":{"line":100,"column":0},"end":{"line":100,"column":42}},"100":{"start":{"line":101,"column":0},"end":{"line":101,"column":27}},"101":{"start":{"line":102,"column":0},"end":{"line":102,"column":40}},"102":{"start":{"line":103,"column":0},"end":{"line":103,"column":45}},"103":{"start":{"line":104,"column":0},"end":{"line":104,"column":86}}},"s":{"0":1,"1":1,"3":1,"25":1,"26":15,"27":15,"28":15,"30":1,"31":3,"32":1,"33":1,"34":2,"35":2,"41":1,"42":7,"43":7,"44":7,"45":7,"46":7,"47":7,"48":10,"49":2,"50":2,"52":8,"53":8,"54":8,"56":8,"57":8,"58":8,"59":8,"60":8,"61":8,"62":8,"64":10,"65":2,"66":2,"68":3,"69":3,"70":3,"71":1,"72":1,"73":3,"74":1,"75":1,"76":1,"77":1,"78":10,"79":7,"80":7,"81":7,"82":7,"83":7,"85":1,"86":1,"87":1,"88":1,"89":1,"91":1,"92":1,"93":1,"94":1,"96":1,"97":1,"99":1,"100":1,"101":1,"102":1,"103":1},"branchMap":{"0":{"type":"branch","line":26,"loc":{"start":{"line":26,"column":31},"end":{"line":29,"column":63}},"locations":[{"start":{"line":26,"column":31},"end":{"line":29,"column":63}}]},"1":{"type":"branch","line":31,"loc":{"start":{"line":31,"column":22},"end":{"line":36,"column":1}},"locations":[{"start":{"line":31,"column":22},"end":{"line":36,"column":1}}]},"2":{"type":"branch","line":32,"loc":{"start":{"line":32,"column":31},"end":{"line":34,"column":3}},"locations":[{"start":{"line":32,"column":31},"end":{"line":34,"column":3}}]},"3":{"type":"branch","line":34,"loc":{"start":{"line":34,"column":2},"end":{"line":36,"column":1}},"locations":[{"start":{"line":34,"column":2},"end":{"line":36,"column":1}}]},"4":{"type":"branch","line":42,"loc":{"start":{"line":42,"column":42},"end":{"line":84,"column":2}},"locations":[{"start":{"line":42,"column":42},"end":{"line":84,"column":2}}]},"5":{"type":"branch","line":80,"loc":{"start":{"line":80,"column":20},"end":{"line":80,"column":50}},"locations":[{"start":{"line":80,"column":20},"end":{"line":80,"column":50}}]},"6":{"type":"branch","line":48,"loc":{"start":{"line":48,"column":11},"end":{"line":79,"column":4}},"locations":[{"start":{"line":48,"column":11},"end":{"line":79,"column":4}}]},"7":{"type":"branch","line":49,"loc":{"start":{"line":49,"column":17},"end":{"line":49,"column":40}},"locations":[{"start":{"line":49,"column":17},"end":{"line":49,"column":40}}]},"8":{"type":"branch","line":49,"loc":{"start":{"line":49,"column":40},"end":{"line":51,"column":5}},"locations":[{"start":{"line":49,"column":40},"end":{"line":51,"column":5}}]},"9":{"type":"branch","line":51,"loc":{"start":{"line":51,"column":4},"end":{"line":63,"column":41}},"locations":[{"start":{"line":51,"column":4},"end":{"line":63,"column":41}}]},"10":{"type":"branch","line":63,"loc":{"start":{"line":63,"column":40},"end":{"line":65,"column":35}},"locations":[{"start":{"line":63,"column":40},"end":{"line":65,"column":35}}]},"11":{"type":"branch","line":65,"loc":{"start":{"line":65,"column":35},"end":{"line":67,"column":7}},"locations":[{"start":{"line":65,"column":35},"end":{"line":67,"column":7}}]},"12":{"type":"branch","line":66,"loc":{"start":{"line":66,"column":15},"end":{"line":66,"column":29}},"locations":[{"start":{"line":66,"column":15},"end":{"line":66,"column":29}}]},"13":{"type":"branch","line":67,"loc":{"start":{"line":67,"column":6},"end":{"line":78,"column":5}},"locations":[{"start":{"line":67,"column":6},"end":{"line":78,"column":5}}]},"14":{"type":"branch","line":71,"loc":{"start":{"line":71,"column":10},"end":{"line":71,"column":27}},"locations":[{"start":{"line":71,"column":10},"end":{"line":71,"column":27}}]},"15":{"type":"branch","line":71,"loc":{"start":{"line":71,"column":27},"end":{"line":73,"column":7}},"locations":[{"start":{"line":71,"column":27},"end":{"line":73,"column":7}}]},"16":{"type":"branch","line":73,"loc":{"start":{"line":73,"column":6},"end":{"line":74,"column":20}},"locations":[{"start":{"line":73,"column":6},"end":{"line":74,"column":20}}]},"17":{"type":"branch","line":74,"loc":{"start":{"line":74,"column":20},"end":{"line":78,"column":5}},"locations":[{"start":{"line":74,"column":20},"end":{"line":78,"column":5}}]},"18":{"type":"branch","line":61,"loc":{"start":{"line":61,"column":24},"end":{"line":61,"column":74}},"locations":[{"start":{"line":61,"column":24},"end":{"line":61,"column":74}}]},"19":{"type":"branch","line":61,"loc":{"start":{"line":61,"column":54},"end":{"line":61,"column":74}},"locations":[{"start":{"line":61,"column":54},"end":{"line":61,"column":74}}]},"20":{"type":"branch","line":83,"loc":{"start":{"line":83,"column":19},"end":{"line":83,"column":79}},"locations":[{"start":{"line":83,"column":19},"end":{"line":83,"column":79}}]},"21":{"type":"branch","line":83,"loc":{"start":{"line":83,"column":64},"end":{"line":83,"column":79}},"locations":[{"start":{"line":83,"column":64},"end":{"line":83,"column":79}}]},"22":{"type":"branch","line":86,"loc":{"start":{"line":86,"column":36},"end":{"line":98,"column":1}},"locations":[{"start":{"line":86,"column":36},"end":{"line":98,"column":1}}]},"23":{"type":"branch","line":93,"loc":{"start":{"line":93,"column":4},"end":{"line":93,"column":65}},"locations":[{"start":{"line":93,"column":4},"end":{"line":93,"column":65}}]},"24":{"type":"branch","line":100,"loc":{"start":{"line":100,"column":41},"end":{"line":104,"column":86}},"locations":[{"start":{"line":100,"column":41},"end":{"line":104,"column":86}}]}},"b":{"0":[15],"1":[3],"2":[1],"3":[2],"4":[7],"5":[6],"6":[10],"7":[9],"8":[2],"9":[8],"10":[5],"11":[2],"12":[1],"13":[3],"14":[1],"15":[1],"16":[2],"17":[1],"18":[4],"19":[3],"20":[2],"21":[1],"22":[1],"23":[1],"24":[1]},"fnMap":{"0":{"name":"createScheduleQueryKey","decl":{"start":{"line":26,"column":31},"end":{"line":29,"column":63}},"loc":{"start":{"line":26,"column":31},"end":{"line":29,"column":63}},"line":26},"1":{"name":"ensureLessons","decl":{"start":{"line":31,"column":22},"end":{"line":36,"column":1}},"loc":{"start":{"line":31,"column":22},"end":{"line":36,"column":1}},"line":31},"2":{"name":"createScheduleQueryOptions","decl":{"start":{"line":42,"column":42},"end":{"line":84,"column":2}},"loc":{"start":{"line":42,"column":42},"end":{"line":84,"column":2}},"line":42},"3":{"name":"queryFn","decl":{"start":{"line":48,"column":11},"end":{"line":79,"column":4}},"loc":{"start":{"line":48,"column":11},"end":{"line":79,"column":4}},"line":48},"4":{"name":"validateStatus","decl":{"start":{"line":61,"column":24},"end":{"line":61,"column":74}},"loc":{"start":{"line":61,"column":24},"end":{"line":61,"column":74}},"line":61},"5":{"name":"placeholderData","decl":{"start":{"line":83,"column":19},"end":{"line":83,"column":79}},"loc":{"start":{"line":83,"column":19},"end":{"line":83,"column":79}},"line":83},"6":{"name":"useDashboardSchedule","decl":{"start":{"line":86,"column":36},"end":{"line":98,"column":1}},"loc":{"start":{"line":86,"column":36},"end":{"line":98,"column":1}},"line":86},"7":{"name":"prefetchDashboardSchedule","decl":{"start":{"line":100,"column":41},"end":{"line":104,"column":86}},"loc":{"start":{"line":100,"column":41},"end":{"line":104,"column":86}},"line":100}},"f":{"0":15,"1":3,"2":7,"3":10,"4":4,"5":2,"6":1,"7":1}}
,"C:\\Users\\egorribun\\Documents\\university_ecosystem\\frontend\\src\\hooks\\useEventRegistration.ts": {"path":"C:\\Users\\egorribun\\Documents\\university_ecosystem\\frontend\\src\\hooks\\useEventRegistration.ts","all":false,"statementMap":{"0":{"start":{"line":1,"column":0},"end":{"line":1,"column":86}},"1":{"start":{"line":2,"column":0},"end":{"line":2,"column":36}},"2":{"start":{"line":3,"column":0},"end":{"line":3,"column":30}},"5":{"start":{"line":6,"column":0},"end":{"line":6,"column":46}},"8":{"start":{"line":9,"column":0},"end":{"line":9,"column":93}},"10":{"start":{"line":11,"column":0},"end":{"line":11,"column":71}},"11":{"start":{"line":12,"column":0},"end":{"line":12,"column":43}},"22":{"start":{"line":23,"column":0},"end":{"line":23,"column":38}},"23":{"start":{"line":24,"column":0},"end":{"line":24,"column":10}},"24":{"start":{"line":25,"column":0},"end":{"line":25,"column":7}},"25":{"start":{"line":26,"column":0},"end":{"line":26,"column":28}},"26":{"start":{"line":27,"column":0},"end":{"line":27,"column":30}},"27":{"start":{"line":28,"column":0},"end":{"line":28,"column":17}},"28":{"start":{"line":29,"column":0},"end":{"line":29,"column":11}},"29":{"start":{"line":30,"column":0},"end":{"line":30,"column":33}},"30":{"start":{"line":31,"column":0},"end":{"line":31,"column":42}},"31":{"start":{"line":32,"column":0},"end":{"line":32,"column":25}},"32":{"start":{"line":33,"column":0},"end":{"line":33,"column":69}},"33":{"start":{"line":34,"column":0},"end":{"line":34,"column":83}},"34":{"start":{"line":35,"column":0},"end":{"line":35,"column":76}},"35":{"start":{"line":36,"column":0},"end":{"line":36,"column":54}},"38":{"start":{"line":39,"column":0},"end":{"line":39,"column":85}},"39":{"start":{"line":40,"column":0},"end":{"line":40,"column":79}},"42":{"start":{"line":43,"column":0},"end":{"line":43,"column":19}},"43":{"start":{"line":44,"column":0},"end":{"line":44,"column":38}},"44":{"start":{"line":45,"column":0},"end":{"line":45,"column":25}},"46":{"start":{"line":47,"column":0},"end":{"line":47,"column":19}},"47":{"start":{"line":48,"column":0},"end":{"line":48,"column":48}},"48":{"start":{"line":49,"column":0},"end":{"line":49,"column":31}},"51":{"start":{"line":52,"column":0},"end":{"line":52,"column":19}},"52":{"start":{"line":53,"column":0},"end":{"line":53,"column":23}},"53":{"start":{"line":54,"column":0},"end":{"line":54,"column":9}},"54":{"start":{"line":55,"column":0},"end":{"line":55,"column":66}},"55":{"start":{"line":56,"column":0},"end":{"line":56,"column":49}},"56":{"start":{"line":57,"column":0},"end":{"line":57,"column":29}},"57":{"start":{"line":58,"column":0},"end":{"line":58,"column":7}},"58":{"start":{"line":59,"column":0},"end":{"line":59,"column":13}},"60":{"start":{"line":61,"column":0},"end":{"line":61,"column":5}},"61":{"start":{"line":62,"column":0},"end":{"line":62,"column":42}},"64":{"start":{"line":65,"column":0},"end":{"line":65,"column":19}},"65":{"start":{"line":66,"column":0},"end":{"line":66,"column":23}},"66":{"start":{"line":67,"column":0},"end":{"line":67,"column":9}},"67":{"start":{"line":68,"column":0},"end":{"line":68,"column":25}},"68":{"start":{"line":69,"column":0},"end":{"line":69,"column":58}},"69":{"start":{"line":70,"column":0},"end":{"line":70,"column":14}},"70":{"start":{"line":71,"column":0},"end":{"line":71,"column":56}},"71":{"start":{"line":72,"column":0},"end":{"line":72,"column":7}},"72":{"start":{"line":73,"column":0},"end":{"line":73,"column":13}},"74":{"start":{"line":75,"column":0},"end":{"line":75,"column":5}},"75":{"start":{"line":76,"column":0},"end":{"line":76,"column":37}},"78":{"start":{"line":79,"column":0},"end":{"line":79,"column":19}},"79":{"start":{"line":80,"column":0},"end":{"line":80,"column":24}},"80":{"start":{"line":81,"column":0},"end":{"line":81,"column":27}},"81":{"start":{"line":82,"column":0},"end":{"line":82,"column":11}},"82":{"start":{"line":83,"column":0},"end":{"line":83,"column":55}},"83":{"start":{"line":84,"column":0},"end":{"line":84,"column":15}},"85":{"start":{"line":86,"column":0},"end":{"line":86,"column":7}},"86":{"start":{"line":87,"column":0},"end":{"line":87,"column":12}},"87":{"start":{"line":88,"column":0},"end":{"line":88,"column":5}},"89":{"start":{"line":90,"column":0},"end":{"line":90,"column":25}},"90":{"start":{"line":91,"column":0},"end":{"line":91,"column":32}},"91":{"start":{"line":92,"column":0},"end":{"line":92,"column":11}},"92":{"start":{"line":93,"column":0},"end":{"line":93,"column":68}},"93":{"start":{"line":94,"column":0},"end":{"line":94,"column":15}},"95":{"start":{"line":96,"column":0},"end":{"line":96,"column":7}},"96":{"start":{"line":97,"column":0},"end":{"line":97,"column":12}},"98":{"start":{"line":99,"column":0},"end":{"line":99,"column":11}},"99":{"start":{"line":100,"column":0},"end":{"line":100,"column":67}},"100":{"start":{"line":101,"column":0},"end":{"line":101,"column":38}},"101":{"start":{"line":102,"column":0},"end":{"line":102,"column":15}},"103":{"start":{"line":104,"column":0},"end":{"line":104,"column":7}},"104":{"start":{"line":105,"column":0},"end":{"line":105,"column":5}},"105":{"start":{"line":106,"column":0},"end":{"line":106,"column":53}},"107":{"start":{"line":108,"column":0},"end":{"line":108,"column":87}},"108":{"start":{"line":109,"column":0},"end":{"line":109,"column":9}},"109":{"start":{"line":110,"column":0},"end":{"line":110,"column":60}},"110":{"start":{"line":111,"column":0},"end":{"line":111,"column":28}},"111":{"start":{"line":112,"column":0},"end":{"line":112,"column":58}},"113":{"start":{"line":114,"column":0},"end":{"line":114,"column":57}},"114":{"start":{"line":115,"column":0},"end":{"line":115,"column":52}},"115":{"start":{"line":116,"column":0},"end":{"line":116,"column":7}},"117":{"start":{"line":118,"column":0},"end":{"line":118,"column":27}},"118":{"start":{"line":119,"column":0},"end":{"line":119,"column":39}},"119":{"start":{"line":120,"column":0},"end":{"line":120,"column":19}},"120":{"start":{"line":121,"column":0},"end":{"line":121,"column":26}},"121":{"start":{"line":122,"column":0},"end":{"line":122,"column":15}},"122":{"start":{"line":123,"column":0},"end":{"line":123,"column":62}},"123":{"start":{"line":124,"column":0},"end":{"line":124,"column":19}},"125":{"start":{"line":126,"column":0},"end":{"line":126,"column":11}},"126":{"start":{"line":127,"column":0},"end":{"line":127,"column":9}},"127":{"start":{"line":128,"column":0},"end":{"line":128,"column":14}},"128":{"start":{"line":129,"column":0},"end":{"line":129,"column":29}},"129":{"start":{"line":130,"column":0},"end":{"line":130,"column":13}},"130":{"start":{"line":131,"column":0},"end":{"line":131,"column":57}},"131":{"start":{"line":132,"column":0},"end":{"line":132,"column":17}},"133":{"start":{"line":134,"column":0},"end":{"line":134,"column":9}},"134":{"start":{"line":135,"column":0},"end":{"line":135,"column":7}},"136":{"start":{"line":137,"column":0},"end":{"line":137,"column":37}},"137":{"start":{"line":138,"column":0},"end":{"line":138,"column":59}},"138":{"start":{"line":139,"column":0},"end":{"line":139,"column":13}},"139":{"start":{"line":140,"column":0},"end":{"line":140,"column":17}},"140":{"start":{"line":141,"column":0},"end":{"line":141,"column":5}},"141":{"start":{"line":142,"column":0},"end":{"line":142,"column":23}},"143":{"start":{"line":144,"column":0},"end":{"line":144,"column":52}},"144":{"start":{"line":145,"column":0},"end":{"line":145,"column":30}},"145":{"start":{"line":146,"column":0},"end":{"line":146,"column":33}},"147":{"start":{"line":148,"column":0},"end":{"line":148,"column":35}},"148":{"start":{"line":149,"column":0},"end":{"line":149,"column":46}},"150":{"start":{"line":151,"column":0},"end":{"line":151,"column":11}},"151":{"start":{"line":152,"column":0},"end":{"line":152,"column":100}},"152":{"start":{"line":153,"column":0},"end":{"line":153,"column":45}},"153":{"start":{"line":154,"column":0},"end":{"line":154,"column":29}},"154":{"start":{"line":155,"column":0},"end":{"line":155,"column":24}},"155":{"start":{"line":156,"column":0},"end":{"line":156,"column":41}},"156":{"start":{"line":157,"column":0},"end":{"line":157,"column":61}},"157":{"start":{"line":158,"column":0},"end":{"line":158,"column":13}},"158":{"start":{"line":159,"column":0},"end":{"line":159,"column":60}},"159":{"start":{"line":160,"column":0},"end":{"line":160,"column":17}},"161":{"start":{"line":162,"column":0},"end":{"line":162,"column":9}},"162":{"start":{"line":163,"column":0},"end":{"line":163,"column":23}},"165":{"start":{"line":166,"column":0},"end":{"line":166,"column":28}},"166":{"start":{"line":167,"column":0},"end":{"line":167,"column":32}},"167":{"start":{"line":168,"column":0},"end":{"line":168,"column":43}},"168":{"start":{"line":169,"column":0},"end":{"line":169,"column":43}},"169":{"start":{"line":170,"column":0},"end":{"line":170,"column":30}},"170":{"start":{"line":171,"column":0},"end":{"line":171,"column":89}},"172":{"start":{"line":173,"column":0},"end":{"line":173,"column":27}},"173":{"start":{"line":174,"column":0},"end":{"line":174,"column":39}},"174":{"start":{"line":175,"column":0},"end":{"line":175,"column":42}},"175":{"start":{"line":176,"column":0},"end":{"line":176,"column":65}},"176":{"start":{"line":177,"column":0},"end":{"line":177,"column":18}},"177":{"start":{"line":178,"column":0},"end":{"line":178,"column":11}},"178":{"start":{"line":179,"column":0},"end":{"line":179,"column":9}},"180":{"start":{"line":181,"column":0},"end":{"line":181,"column":22}},"181":{"start":{"line":182,"column":0},"end":{"line":182,"column":82}},"182":{"start":{"line":183,"column":0},"end":{"line":183,"column":42}},"183":{"start":{"line":184,"column":0},"end":{"line":184,"column":64}},"184":{"start":{"line":185,"column":0},"end":{"line":185,"column":26}},"185":{"start":{"line":186,"column":0},"end":{"line":186,"column":7}},"186":{"start":{"line":187,"column":0},"end":{"line":187,"column":6}},"187":{"start":{"line":188,"column":0},"end":{"line":188,"column":3}},"189":{"start":{"line":190,"column":0},"end":{"line":190,"column":54}},"190":{"start":{"line":191,"column":0},"end":{"line":191,"column":30}},"191":{"start":{"line":192,"column":0},"end":{"line":192,"column":33}},"193":{"start":{"line":194,"column":0},"end":{"line":194,"column":36}},"194":{"start":{"line":195,"column":0},"end":{"line":195,"column":59}},"196":{"start":{"line":197,"column":0},"end":{"line":197,"column":11}},"197":{"start":{"line":198,"column":0},"end":{"line":198,"column":79}},"198":{"start":{"line":199,"column":0},"end":{"line":199,"column":30}},"199":{"start":{"line":200,"column":0},"end":{"line":200,"column":29}},"200":{"start":{"line":201,"column":0},"end":{"line":201,"column":54}},"201":{"start":{"line":202,"column":0},"end":{"line":202,"column":63}},"202":{"start":{"line":203,"column":0},"end":{"line":203,"column":13}},"203":{"start":{"line":204,"column":0},"end":{"line":204,"column":57}},"204":{"start":{"line":205,"column":0},"end":{"line":205,"column":17}},"206":{"start":{"line":207,"column":0},"end":{"line":207,"column":9}},"207":{"start":{"line":208,"column":0},"end":{"line":208,"column":23}},"210":{"start":{"line":211,"column":0},"end":{"line":211,"column":28}},"211":{"start":{"line":212,"column":0},"end":{"line":212,"column":32}},"212":{"start":{"line":213,"column":0},"end":{"line":213,"column":43}},"213":{"start":{"line":214,"column":0},"end":{"line":214,"column":43}},"214":{"start":{"line":215,"column":0},"end":{"line":215,"column":30}},"215":{"start":{"line":216,"column":0},"end":{"line":216,"column":89}},"217":{"start":{"line":218,"column":0},"end":{"line":218,"column":27}},"218":{"start":{"line":219,"column":0},"end":{"line":219,"column":39}},"219":{"start":{"line":220,"column":0},"end":{"line":220,"column":44}},"220":{"start":{"line":221,"column":0},"end":{"line":221,"column":67}},"221":{"start":{"line":222,"column":0},"end":{"line":222,"column":18}},"222":{"start":{"line":223,"column":0},"end":{"line":223,"column":11}},"223":{"start":{"line":224,"column":0},"end":{"line":224,"column":9}},"225":{"start":{"line":226,"column":0},"end":{"line":226,"column":22}},"226":{"start":{"line":227,"column":0},"end":{"line":227,"column":82}},"227":{"start":{"line":228,"column":0},"end":{"line":228,"column":42}},"228":{"start":{"line":229,"column":0},"end":{"line":229,"column":66}},"229":{"start":{"line":230,"column":0},"end":{"line":230,"column":26}},"230":{"start":{"line":231,"column":0},"end":{"line":231,"column":7}},"231":{"start":{"line":232,"column":0},"end":{"line":232,"column":6}},"232":{"start":{"line":233,"column":0},"end":{"line":233,"column":3}},"234":{"start":{"line":235,"column":0},"end":{"line":235,"column":10}},"235":{"start":{"line":236,"column":0},"end":{"line":236,"column":39}},"236":{"start":{"line":237,"column":0},"end":{"line":237,"column":38}},"237":{"start":{"line":238,"column":0},"end":{"line":238,"column":12}},"238":{"start":{"line":239,"column":0},"end":{"line":239,"column":25}},"239":{"start":{"line":240,"column":0},"end":{"line":240,"column":13}},"240":{"start":{"line":241,"column":0},"end":{"line":241,"column":15}},"241":{"start":{"line":242,"column":0},"end":{"line":242,"column":9}},"242":{"start":{"line":243,"column":0},"end":{"line":243,"column":3}},"243":{"start":{"line":244,"column":0},"end":{"line":244,"column":1}}},"s":{"0":1,"1":1,"2":1,"5":1,"8":1,"10":1,"11":51,"22":1,"23":93,"24":93,"25":93,"26":93,"27":93,"28":93,"29":93,"30":93,"31":93,"32":93,"33":93,"34":93,"35":93,"38":93,"39":93,"42":93,"43":21,"44":93,"46":93,"47":21,"48":93,"51":93,"52":21,"53":20,"54":20,"55":21,"56":1,"57":1,"58":21,"60":2,"61":93,"64":93,"65":36,"66":35,"67":36,"68":16,"69":32,"70":19,"71":19,"72":36,"74":5,"75":93,"78":93,"79":36,"80":20,"81":20,"82":20,"83":20,"85":3,"86":20,"87":20,"89":36,"90":1,"91":1,"92":1,"93":1,"95":1,"96":36,"98":15,"99":15,"100":15,"101":15,"103":1,"104":15,"105":93,"107":93,"108":11,"109":11,"110":9,"111":11,"113":11,"114":9,"115":9,"117":10,"118":5,"119":5,"120":3,"121":3,"122":3,"123":3,"125":1,"126":3,"127":10,"128":4,"129":4,"130":4,"131":4,"133":1,"134":4,"136":9,"137":11,"138":11,"139":2,"140":2,"141":93,"143":93,"144":8,"145":8,"147":8,"148":8,"150":8,"151":8,"152":4,"153":4,"154":4,"155":4,"156":8,"157":8,"158":8,"159":8,"161":1,"162":8,"165":4,"166":4,"167":4,"168":4,"169":3,"170":3,"172":4,"173":3,"174":3,"175":1,"176":1,"177":1,"178":3,"180":3,"181":3,"182":1,"183":4,"184":4,"185":4,"186":8,"187":8,"189":93,"190":7,"191":7,"193":7,"194":7,"196":7,"197":7,"198":4,"199":4,"200":4,"201":7,"202":7,"203":7,"204":7,"206":1,"207":7,"210":3,"211":3,"212":3,"213":2,"214":2,"215":2,"217":3,"218":2,"219":2,"220":1,"221":1,"222":1,"223":2,"225":2,"226":2,"227":1,"228":3,"229":3,"230":3,"231":7,"232":7,"234":93,"235":93,"236":93,"237":93,"238":93,"239":93,"240":93,"241":93,"242":93,"243":93},"branchMap":{"0":{"type":"branch","line":9,"loc":{"start":{"line":9,"column":15},"end":{"line":9,"column":93}},"locations":[{"start":{"line":9,"column":15},"end":{"line":9,"column":93}}]},"1":{"type":"branch","line":11,"loc":{"start":{"line":11,"column":14},"end":{"line":12,"column":43}},"locations":[{"start":{"line":11,"column":14},"end":{"line":12,"column":43}}]},"2":{"type":"branch","line":12,"loc":{"start":{"line":12,"column":25},"end":{"line":12,"column":41}},"locations":[{"start":{"line":12,"column":25},"end":{"line":12,"column":41}}]},"3":{"type":"branch","line":23,"loc":{"start":{"line":23,"column":7},"end":{"line":244,"column":1}},"locations":[{"start":{"line":23,"column":7},"end":{"line":244,"column":1}}]},"4":{"type":"branch","line":32,"loc":{"start":{"line":32,"column":17},"end":{"line":32,"column":25}},"locations":[{"start":{"line":32,"column":17},"end":{"line":32,"column":25}}]},"5":{"type":"branch","line":43,"loc":{"start":{"line":43,"column":12},"end":{"line":45,"column":5}},"locations":[{"start":{"line":43,"column":12},"end":{"line":45,"column":5}}]},"6":{"type":"branch","line":47,"loc":{"start":{"line":47,"column":12},"end":{"line":49,"column":5}},"locations":[{"start":{"line":47,"column":12},"end":{"line":49,"column":5}}]},"7":{"type":"branch","line":52,"loc":{"start":{"line":52,"column":12},"end":{"line":62,"column":5}},"locations":[{"start":{"line":52,"column":12},"end":{"line":62,"column":5}}]},"8":{"type":"branch","line":53,"loc":{"start":{"line":53,"column":17},"end":{"line":53,"column":23}},"locations":[{"start":{"line":53,"column":17},"end":{"line":53,"column":23}}]},"9":{"type":"branch","line":53,"loc":{"start":{"line":53,"column":17},"end":{"line":56,"column":28}},"locations":[{"start":{"line":53,"column":17},"end":{"line":56,"column":28}}]},"10":{"type":"branch","line":56,"loc":{"start":{"line":56,"column":21},"end":{"line":56,"column":48}},"locations":[{"start":{"line":56,"column":21},"end":{"line":56,"column":48}}]},"11":{"type":"branch","line":56,"loc":{"start":{"line":56,"column":48},"end":{"line":58,"column":7}},"locations":[{"start":{"line":56,"column":48},"end":{"line":58,"column":7}}]},"12":{"type":"branch","line":59,"loc":{"start":{"line":59,"column":4},"end":{"line":61,"column":5}},"locations":[{"start":{"line":59,"column":4},"end":{"line":61,"column":5}}]},"13":{"type":"branch","line":65,"loc":{"start":{"line":65,"column":12},"end":{"line":76,"column":5}},"locations":[{"start":{"line":65,"column":12},"end":{"line":76,"column":5}}]},"14":{"type":"branch","line":66,"loc":{"start":{"line":66,"column":17},"end":{"line":66,"column":23}},"locations":[{"start":{"line":66,"column":17},"end":{"line":66,"column":23}}]},"15":{"type":"branch","line":66,"loc":{"start":{"line":66,"column":17},"end":{"line":68,"column":24}},"locations":[{"start":{"line":66,"column":17},"end":{"line":68,"column":24}}]},"16":{"type":"branch","line":68,"loc":{"start":{"line":68,"column":24},"end":{"line":72,"column":7}},"locations":[{"start":{"line":68,"column":24},"end":{"line":72,"column":7}}]},"17":{"type":"branch","line":68,"loc":{"start":{"line":68,"column":24},"end":{"line":70,"column":13}},"locations":[{"start":{"line":68,"column":24},"end":{"line":70,"column":13}}]},"18":{"type":"branch","line":70,"loc":{"start":{"line":70,"column":6},"end":{"line":72,"column":7}},"locations":[{"start":{"line":70,"column":6},"end":{"line":72,"column":7}}]},"19":{"type":"branch","line":73,"loc":{"start":{"line":73,"column":4},"end":{"line":75,"column":5}},"locations":[{"start":{"line":73,"column":4},"end":{"line":75,"column":5}}]},"20":{"type":"branch","line":79,"loc":{"start":{"line":79,"column":12},"end":{"line":106,"column":5}},"locations":[{"start":{"line":79,"column":12},"end":{"line":106,"column":5}}]},"21":{"type":"branch","line":80,"loc":{"start":{"line":80,"column":23},"end":{"line":90,"column":24}},"locations":[{"start":{"line":80,"column":23},"end":{"line":90,"column":24}}]},"22":{"type":"branch","line":80,"loc":{"start":{"line":80,"column":23},"end":{"line":88,"column":5}},"locations":[{"start":{"line":80,"column":23},"end":{"line":88,"column":5}}]},"23":{"type":"branch","line":84,"loc":{"start":{"line":84,"column":6},"end":{"line":86,"column":7}},"locations":[{"start":{"line":84,"column":6},"end":{"line":86,"column":7}}]},"24":{"type":"branch","line":88,"loc":{"start":{"line":88,"column":4},"end":{"line":90,"column":24}},"locations":[{"start":{"line":88,"column":4},"end":{"line":90,"column":24}}]},"25":{"type":"branch","line":90,"loc":{"start":{"line":90,"column":24},"end":{"line":97,"column":11}},"locations":[{"start":{"line":90,"column":24},"end":{"line":97,"column":11}}]},"26":{"type":"branch","line":97,"loc":{"start":{"line":97,"column":4},"end":{"line":105,"column":5}},"locations":[{"start":{"line":97,"column":4},"end":{"line":105,"column":5}}]},"27":{"type":"branch","line":101,"loc":{"start":{"line":101,"column":20},"end":{"line":101,"column":38}},"locations":[{"start":{"line":101,"column":20},"end":{"line":101,"column":38}}]},"28":{"type":"branch","line":102,"loc":{"start":{"line":102,"column":6},"end":{"line":104,"column":7}},"locations":[{"start":{"line":102,"column":6},"end":{"line":104,"column":7}}]},"29":{"type":"branch","line":108,"loc":{"start":{"line":108,"column":27},"end":{"line":142,"column":5}},"locations":[{"start":{"line":108,"column":27},"end":{"line":142,"column":5}}]},"30":{"type":"branch","line":110,"loc":{"start":{"line":110,"column":59},"end":{"line":112,"column":57}},"locations":[{"start":{"line":110,"column":59},"end":{"line":112,"column":57}}]},"31":{"type":"branch","line":114,"loc":{"start":{"line":114,"column":17},"end":{"line":114,"column":46}},"locations":[{"start":{"line":114,"column":17},"end":{"line":114,"column":46}}]},"32":{"type":"branch","line":114,"loc":{"start":{"line":114,"column":56},"end":{"line":138,"column":45}},"locations":[{"start":{"line":114,"column":56},"end":{"line":138,"column":45}}]},"33":{"type":"branch","line":114,"loc":{"start":{"line":114,"column":56},"end":{"line":118,"column":26}},"locations":[{"start":{"line":114,"column":56},"end":{"line":118,"column":26}}]},"34":{"type":"branch","line":118,"loc":{"start":{"line":118,"column":26},"end":{"line":128,"column":13}},"locations":[{"start":{"line":118,"column":26},"end":{"line":128,"column":13}}]},"35":{"type":"branch","line":120,"loc":{"start":{"line":120,"column":18},"end":{"line":127,"column":9}},"locations":[{"start":{"line":120,"column":18},"end":{"line":127,"column":9}}]},"36":{"type":"branch","line":124,"loc":{"start":{"line":124,"column":10},"end":{"line":126,"column":11}},"locations":[{"start":{"line":124,"column":10},"end":{"line":126,"column":11}}]},"37":{"type":"branch","line":128,"loc":{"start":{"line":128,"column":6},"end":{"line":135,"column":7}},"locations":[{"start":{"line":128,"column":6},"end":{"line":135,"column":7}}]},"38":{"type":"branch","line":132,"loc":{"start":{"line":132,"column":8},"end":{"line":134,"column":9}},"locations":[{"start":{"line":132,"column":8},"end":{"line":134,"column":9}}]},"39":{"type":"branch","line":135,"loc":{"start":{"line":135,"column":6},"end":{"line":138,"column":30}},"locations":[{"start":{"line":135,"column":6},"end":{"line":138,"column":30}}]},"40":{"type":"branch","line":138,"loc":{"start":{"line":138,"column":13},"end":{"line":138,"column":45}},"locations":[{"start":{"line":138,"column":13},"end":{"line":138,"column":45}}]},"41":{"type":"branch","line":138,"loc":{"start":{"line":138,"column":30},"end":{"line":138,"column":59}},"locations":[{"start":{"line":138,"column":30},"end":{"line":138,"column":59}}]},"42":{"type":"branch","line":139,"loc":{"start":{"line":139,"column":4},"end":{"line":141,"column":5}},"locations":[{"start":{"line":139,"column":4},"end":{"line":141,"column":5}}]},"43":{"type":"branch","line":144,"loc":{"start":{"line":144,"column":19},"end":{"line":188,"column":3}},"locations":[{"start":{"line":144,"column":19},"end":{"line":188,"column":3}}]},"44":{"type":"branch","line":145,"loc":{"start":{"line":145,"column":11},"end":{"line":145,"column":30}},"locations":[{"start":{"line":145,"column":11},"end":{"line":145,"column":30}}]},"45":{"type":"branch","line":146,"loc":{"start":{"line":146,"column":20},"end":{"line":187,"column":5}},"locations":[{"start":{"line":146,"column":20},"end":{"line":187,"column":5}}]},"46":{"type":"branch","line":152,"loc":{"start":{"line":152,"column":99},"end":{"line":157,"column":19}},"locations":[{"start":{"line":152,"column":99},"end":{"line":157,"column":19}}]},"47":{"type":"branch","line":157,"loc":{"start":{"line":157,"column":8},"end":{"line":157,"column":61}},"locations":[{"start":{"line":157,"column":8},"end":{"line":157,"column":61}}]},"48":{"type":"branch","line":160,"loc":{"start":{"line":160,"column":8},"end":{"line":162,"column":9}},"locations":[{"start":{"line":160,"column":8},"end":{"line":162,"column":9}}]},"49":{"type":"branch","line":163,"loc":{"start":{"line":163,"column":6},"end":{"line":186,"column":7}},"locations":[{"start":{"line":163,"column":6},"end":{"line":186,"column":7}}]},"50":{"type":"branch","line":169,"loc":{"start":{"line":169,"column":27},"end":{"line":170,"column":30}},"locations":[{"start":{"line":169,"column":27},"end":{"line":170,"column":30}}]},"51":{"type":"branch","line":170,"loc":{"start":{"line":170,"column":19},"end":{"line":171,"column":89}},"locations":[{"start":{"line":170,"column":19},"end":{"line":171,"column":89}}]},"52":{"type":"branch","line":173,"loc":{"start":{"line":173,"column":26},"end":{"line":182,"column":82}},"locations":[{"start":{"line":173,"column":26},"end":{"line":182,"column":82}}]},"53":{"type":"branch","line":175,"loc":{"start":{"line":175,"column":41},"end":{"line":178,"column":11}},"locations":[{"start":{"line":175,"column":41},"end":{"line":178,"column":11}}]},"54":{"type":"branch","line":182,"loc":{"start":{"line":182,"column":47},"end":{"line":182,"column":74}},"locations":[{"start":{"line":182,"column":47},"end":{"line":182,"column":74}}]},"55":{"type":"branch","line":182,"loc":{"start":{"line":182,"column":74},"end":{"line":183,"column":42}},"locations":[{"start":{"line":182,"column":74},"end":{"line":183,"column":42}}]},"56":{"type":"branch","line":183,"loc":{"start":{"line":183,"column":36},"end":{"line":184,"column":23}},"locations":[{"start":{"line":183,"column":36},"end":{"line":184,"column":23}}]},"57":{"type":"branch","line":184,"loc":{"start":{"line":184,"column":14},"end":{"line":184,"column":64}},"locations":[{"start":{"line":184,"column":14},"end":{"line":184,"column":64}}]},"58":{"type":"branch","line":185,"loc":{"start":{"line":185,"column":8},"end":{"line":185,"column":26}},"locations":[{"start":{"line":185,"column":8},"end":{"line":185,"column":26}}]},"59":{"type":"branch","line":156,"loc":{"start":{"line":156,"column":28},"end":{"line":156,"column":40}},"locations":[{"start":{"line":156,"column":28},"end":{"line":156,"column":40}}]},"60":{"type":"branch","line":190,"loc":{"start":{"line":190,"column":21},"end":{"line":233,"column":3}},"locations":[{"start":{"line":190,"column":21},"end":{"line":233,"column":3}}]},"61":{"type":"branch","line":191,"loc":{"start":{"line":191,"column":11},"end":{"line":191,"column":30}},"locations":[{"start":{"line":191,"column":11},"end":{"line":191,"column":30}}]},"62":{"type":"branch","line":192,"loc":{"start":{"line":192,"column":20},"end":{"line":232,"column":5}},"locations":[{"start":{"line":192,"column":20},"end":{"line":232,"column":5}}]},"63":{"type":"branch","line":198,"loc":{"start":{"line":198,"column":78},"end":{"line":202,"column":19}},"locations":[{"start":{"line":198,"column":78},"end":{"line":202,"column":19}}]},"64":{"type":"branch","line":202,"loc":{"start":{"line":202,"column":8},"end":{"line":202,"column":63}},"locations":[{"start":{"line":202,"column":8},"end":{"line":202,"column":63}}]},"65":{"type":"branch","line":205,"loc":{"start":{"line":205,"column":8},"end":{"line":207,"column":9}},"locations":[{"start":{"line":205,"column":8},"end":{"line":207,"column":9}}]},"66":{"type":"branch","line":208,"loc":{"start":{"line":208,"column":6},"end":{"line":231,"column":7}},"locations":[{"start":{"line":208,"column":6},"end":{"line":231,"column":7}}]},"67":{"type":"branch","line":213,"loc":{"start":{"line":213,"column":26},"end":{"line":214,"column":43}},"locations":[{"start":{"line":213,"column":26},"end":{"line":214,"column":43}}]},"68":{"type":"branch","line":214,"loc":{"start":{"line":214,"column":27},"end":{"line":215,"column":30}},"locations":[{"start":{"line":214,"column":27},"end":{"line":215,"column":30}}]},"69":{"type":"branch","line":215,"loc":{"start":{"line":215,"column":19},"end":{"line":216,"column":89}},"locations":[{"start":{"line":215,"column":19},"end":{"line":216,"column":89}}]},"70":{"type":"branch","line":218,"loc":{"start":{"line":218,"column":26},"end":{"line":227,"column":82}},"locations":[{"start":{"line":218,"column":26},"end":{"line":227,"column":82}}]},"71":{"type":"branch","line":220,"loc":{"start":{"line":220,"column":43},"end":{"line":223,"column":11}},"locations":[{"start":{"line":220,"column":43},"end":{"line":223,"column":11}}]},"72":{"type":"branch","line":227,"loc":{"start":{"line":227,"column":47},"end":{"line":227,"column":74}},"locations":[{"start":{"line":227,"column":47},"end":{"line":227,"column":74}}]},"73":{"type":"branch","line":227,"loc":{"start":{"line":227,"column":74},"end":{"line":228,"column":42}},"locations":[{"start":{"line":227,"column":74},"end":{"line":228,"column":42}}]},"74":{"type":"branch","line":228,"loc":{"start":{"line":228,"column":36},"end":{"line":229,"column":23}},"locations":[{"start":{"line":228,"column":36},"end":{"line":229,"column":23}}]},"75":{"type":"branch","line":229,"loc":{"start":{"line":229,"column":14},"end":{"line":229,"column":66}},"locations":[{"start":{"line":229,"column":14},"end":{"line":229,"column":66}}]},"76":{"type":"branch","line":230,"loc":{"start":{"line":230,"column":8},"end":{"line":230,"column":26}},"locations":[{"start":{"line":230,"column":8},"end":{"line":230,"column":26}}]},"77":{"type":"branch","line":201,"loc":{"start":{"line":201,"column":28},"end":{"line":201,"column":53}},"locations":[{"start":{"line":201,"column":28},"end":{"line":201,"column":53}}]}},"b":{"0":[55],"1":[51],"2":[1],"3":[93],"4":[92],"5":[21],"6":[21],"7":[21],"8":[1],"9":[20],"10":[1],"11":[1],"12":[2],"13":[36],"14":[1],"15":[35],"16":[32],"17":[16],"18":[19],"19":[5],"20":[36],"21":[32],"22":[20],"23":[3],"24":[16],"25":[1],"26":[15],"27":[7],"28":[1],"29":[11],"30":[9],"31":[9],"32":[10],"33":[9],"34":[5],"35":[3],"36":[1],"37":[4],"38":[1],"39":[9],"40":[5],"41":[4],"42":[2],"43":[8],"44":[1],"45":[8],"46":[4],"47":[1],"48":[1],"49":[4],"50":[3],"51":[3],"52":[3],"53":[1],"54":[2],"55":[1],"56":[2],"57":[2],"58":[3],"59":[4],"60":[7],"61":[1],"62":[7],"63":[4],"64":[1],"65":[1],"66":[3],"67":[2],"68":[2],"69":[2],"70":[2],"71":[1],"72":[1],"73":[1],"74":[1],"75":[1],"76":[2],"77":[4]},"fnMap":{"0":{"name":"regKey","decl":{"start":{"line":9,"column":15},"end":{"line":9,"column":93}},"loc":{"start":{"line":9,"column":15},"end":{"line":9,"column":93}},"line":9},"1":{"name":"qrKey","decl":{"start":{"line":11,"column":14},"end":{"line":12,"column":43}},"loc":{"start":{"line":11,"column":14},"end":{"line":12,"column":43}},"line":11},"2":{"name":"useEventRegistration","decl":{"start":{"line":23,"column":7},"end":{"line":244,"column":1}},"loc":{"start":{"line":23,"column":7},"end":{"line":244,"column":1}},"line":23},"3":{"name":"register","decl":{"start":{"line":144,"column":19},"end":{"line":188,"column":3}},"loc":{"start":{"line":144,"column":19},"end":{"line":188,"column":3}},"line":144},"4":{"name":"unregister","decl":{"start":{"line":190,"column":21},"end":{"line":233,"column":3}},"loc":{"start":{"line":190,"column":21},"end":{"line":233,"column":3}},"line":190}},"f":{"0":55,"1":51,"2":93,"3":8,"4":7}}
,"C:\\Users\\egorribun\\Documents\\university_ecosystem\\frontend\\src\\hooks\\useGreeting.ts": {"path":"C:\\Users\\egorribun\\Documents\\university_ecosystem\\frontend\\src\\hooks\\useGreeting.ts","all":false,"statementMap":{"0":{"start":{"line":1,"column":0},"end":{"line":1,"column":31}},"1":{"start":{"line":2,"column":0},"end":{"line":2,"column":46}},"9":{"start":{"line":10,"column":0},"end":{"line":10,"column":81}},"10":{"start":{"line":11,"column":0},"end":{"line":11,"column":78}},"11":{"start":{"line":12,"column":0},"end":{"line":12,"column":41}},"12":{"start":{"line":13,"column":0},"end":{"line":13,"column":38}},"13":{"start":{"line":14,"column":0},"end":{"line":14,"column":27}},"14":{"start":{"line":15,"column":0},"end":{"line":15,"column":1}},"16":{"start":{"line":17,"column":0},"end":{"line":17,"column":74}},"17":{"start":{"line":18,"column":0},"end":{"line":18,"column":16}},"18":{"start":{"line":19,"column":0},"end":{"line":19,"column":19}},"19":{"start":{"line":20,"column":0},"end":{"line":20,"column":21}},"20":{"start":{"line":21,"column":0},"end":{"line":21,"column":1}},"22":{"start":{"line":23,"column":0},"end":{"line":23,"column":35}},"23":{"start":{"line":24,"column":0},"end":{"line":24,"column":27}},"24":{"start":{"line":25,"column":0},"end":{"line":25,"column":20}},"25":{"start":{"line":26,"column":0},"end":{"line":26,"column":32}},"26":{"start":{"line":27,"column":0},"end":{"line":27,"column":11}},"27":{"start":{"line":28,"column":0},"end":{"line":28,"column":50}},"28":{"start":{"line":29,"column":0},"end":{"line":29,"column":44}},"29":{"start":{"line":30,"column":0},"end":{"line":30,"column":44}},"30":{"start":{"line":31,"column":0},"end":{"line":31,"column":1}},"32":{"start":{"line":33,"column":0},"end":{"line":33,"column":59}},"33":{"start":{"line":34,"column":0},"end":{"line":34,"column":46}},"34":{"start":{"line":35,"column":0},"end":{"line":35,"column":49}},"35":{"start":{"line":36,"column":0},"end":{"line":36,"column":48}},"36":{"start":{"line":37,"column":0},"end":{"line":37,"column":16}},"37":{"start":{"line":38,"column":0},"end":{"line":38,"column":1}},"40":{"start":{"line":41,"column":0},"end":{"line":41,"column":68}},"41":{"start":{"line":42,"column":0},"end":{"line":42,"column":44}},"42":{"start":{"line":43,"column":0},"end":{"line":43,"column":28}},"44":{"start":{"line":45,"column":0},"end":{"line":45,"column":57}},"45":{"start":{"line":46,"column":0},"end":{"line":46,"column":63}},"46":{"start":{"line":47,"column":0},"end":{"line":47,"column":62}},"47":{"start":{"line":48,"column":0},"end":{"line":48,"column":13}},"48":{"start":{"line":49,"column":0},"end":{"line":49,"column":1}},"50":{"start":{"line":51,"column":0},"end":{"line":51,"column":41}},"51":{"start":{"line":52,"column":0},"end":{"line":52,"column":45}},"53":{"start":{"line":54,"column":0},"end":{"line":54,"column":30}},"54":{"start":{"line":55,"column":0},"end":{"line":55,"column":65}},"56":{"start":{"line":57,"column":0},"end":{"line":57,"column":68}},"59":{"start":{"line":60,"column":0},"end":{"line":60,"column":29}},"60":{"start":{"line":61,"column":0},"end":{"line":61,"column":53}},"61":{"start":{"line":62,"column":0},"end":{"line":62,"column":61}},"62":{"start":{"line":63,"column":0},"end":{"line":63,"column":8}},"63":{"start":{"line":64,"column":0},"end":{"line":64,"column":44}},"66":{"start":{"line":67,"column":0},"end":{"line":67,"column":33}},"67":{"start":{"line":68,"column":0},"end":{"line":68,"column":24}},"68":{"start":{"line":69,"column":0},"end":{"line":69,"column":65}},"69":{"start":{"line":70,"column":0},"end":{"line":70,"column":40}},"70":{"start":{"line":71,"column":0},"end":{"line":71,"column":3}},"72":{"start":{"line":73,"column":0},"end":{"line":73,"column":53}},"73":{"start":{"line":74,"column":0},"end":{"line":74,"column":1}}},"s":{"0":1,"1":1,"9":1,"10":1,"11":1,"12":1,"13":1,"14":1,"16":1,"17":1,"18":1,"19":1,"20":1,"22":1,"23":14,"24":14,"25":14,"26":14,"27":14,"28":10,"29":14,"30":14,"32":1,"33":11,"34":11,"35":11,"36":2,"37":2,"40":1,"41":7,"42":7,"44":7,"45":7,"46":7,"47":3,"48":3,"50":1,"51":2,"53":2,"54":2,"56":2,"59":2,"60":1,"61":1,"62":1,"63":1,"66":2,"67":2,"68":2,"69":2,"70":2,"72":2,"73":2},"branchMap":{"0":{"type":"branch","line":23,"loc":{"start":{"line":23,"column":7},"end":{"line":31,"column":1}},"locations":[{"start":{"line":23,"column":7},"end":{"line":31,"column":1}}]},"1":{"type":"branch","line":28,"loc":{"start":{"line":28,"column":18},"end":{"line":28,"column":50}},"locations":[{"start":{"line":28,"column":18},"end":{"line":28,"column":50}}]},"2":{"type":"branch","line":28,"loc":{"start":{"line":28,"column":49},"end":{"line":30,"column":30}},"locations":[{"start":{"line":28,"column":49},"end":{"line":30,"column":30}}]},"3":{"type":"branch","line":30,"loc":{"start":{"line":30,"column":25},"end":{"line":30,"column":44}},"locations":[{"start":{"line":30,"column":25},"end":{"line":30,"column":44}}]},"4":{"type":"branch","line":33,"loc":{"start":{"line":33,"column":7},"end":{"line":38,"column":1}},"locations":[{"start":{"line":33,"column":7},"end":{"line":38,"column":1}}]},"5":{"type":"branch","line":34,"loc":{"start":{"line":34,"column":14},"end":{"line":34,"column":30}},"locations":[{"start":{"line":34,"column":14},"end":{"line":34,"column":30}}]},"6":{"type":"branch","line":34,"loc":{"start":{"line":34,"column":30},"end":{"line":34,"column":46}},"locations":[{"start":{"line":34,"column":30},"end":{"line":34,"column":46}}]},"7":{"type":"branch","line":34,"loc":{"start":{"line":34,"column":37},"end":{"line":35,"column":20}},"locations":[{"start":{"line":34,"column":37},"end":{"line":35,"column":20}}]},"8":{"type":"branch","line":35,"loc":{"start":{"line":35,"column":14},"end":{"line":35,"column":31}},"locations":[{"start":{"line":35,"column":14},"end":{"line":35,"column":31}}]},"9":{"type":"branch","line":35,"loc":{"start":{"line":35,"column":31},"end":{"line":35,"column":49}},"locations":[{"start":{"line":35,"column":31},"end":{"line":35,"column":49}}]},"10":{"type":"branch","line":35,"loc":{"start":{"line":35,"column":38},"end":{"line":36,"column":20}},"locations":[{"start":{"line":35,"column":38},"end":{"line":36,"column":20}}]},"11":{"type":"branch","line":36,"loc":{"start":{"line":36,"column":14},"end":{"line":36,"column":32}},"locations":[{"start":{"line":36,"column":14},"end":{"line":36,"column":32}}]},"12":{"type":"branch","line":36,"loc":{"start":{"line":36,"column":32},"end":{"line":36,"column":48}},"locations":[{"start":{"line":36,"column":32},"end":{"line":36,"column":48}}]},"13":{"type":"branch","line":36,"loc":{"start":{"line":36,"column":39},"end":{"line":38,"column":1}},"locations":[{"start":{"line":36,"column":39},"end":{"line":38,"column":1}}]},"14":{"type":"branch","line":41,"loc":{"start":{"line":41,"column":7},"end":{"line":49,"column":1}},"locations":[{"start":{"line":41,"column":7},"end":{"line":49,"column":1}}]},"15":{"type":"branch","line":45,"loc":{"start":{"line":45,"column":16},"end":{"line":45,"column":32}},"locations":[{"start":{"line":45,"column":16},"end":{"line":45,"column":32}}]},"16":{"type":"branch","line":45,"loc":{"start":{"line":45,"column":32},"end":{"line":45,"column":57}},"locations":[{"start":{"line":45,"column":32},"end":{"line":45,"column":57}}]},"17":{"type":"branch","line":45,"loc":{"start":{"line":45,"column":39},"end":{"line":46,"column":22}},"locations":[{"start":{"line":45,"column":39},"end":{"line":46,"column":22}}]},"18":{"type":"branch","line":46,"loc":{"start":{"line":46,"column":16},"end":{"line":46,"column":34}},"locations":[{"start":{"line":46,"column":16},"end":{"line":46,"column":34}}]},"19":{"type":"branch","line":46,"loc":{"start":{"line":46,"column":34},"end":{"line":46,"column":63}},"locations":[{"start":{"line":46,"column":34},"end":{"line":46,"column":63}}]},"20":{"type":"branch","line":46,"loc":{"start":{"line":46,"column":41},"end":{"line":47,"column":21}},"locations":[{"start":{"line":46,"column":41},"end":{"line":47,"column":21}}]},"21":{"type":"branch","line":47,"loc":{"start":{"line":47,"column":16},"end":{"line":47,"column":32}},"locations":[{"start":{"line":47,"column":16},"end":{"line":47,"column":32}}]},"22":{"type":"branch","line":47,"loc":{"start":{"line":47,"column":32},"end":{"line":47,"column":62}},"locations":[{"start":{"line":47,"column":32},"end":{"line":47,"column":62}}]},"23":{"type":"branch","line":47,"loc":{"start":{"line":47,"column":39},"end":{"line":49,"column":1}},"locations":[{"start":{"line":47,"column":39},"end":{"line":49,"column":1}}]},"24":{"type":"branch","line":51,"loc":{"start":{"line":51,"column":7},"end":{"line":74,"column":1}},"locations":[{"start":{"line":51,"column":7},"end":{"line":74,"column":1}}]},"25":{"type":"branch","line":60,"loc":{"start":{"line":60,"column":19},"end":{"line":63,"column":8}},"locations":[{"start":{"line":60,"column":19},"end":{"line":63,"column":8}}]},"26":{"type":"branch","line":63,"loc":{"start":{"line":63,"column":7},"end":{"line":64,"column":44}},"locations":[{"start":{"line":63,"column":7},"end":{"line":64,"column":44}}]},"27":{"type":"branch","line":55,"loc":{"start":{"line":55,"column":30},"end":{"line":55,"column":58}},"locations":[{"start":{"line":55,"column":30},"end":{"line":55,"column":58}}]},"28":{"type":"branch","line":57,"loc":{"start":{"line":57,"column":29},"end":{"line":57,"column":61}},"locations":[{"start":{"line":57,"column":29},"end":{"line":57,"column":61}}]},"29":{"type":"branch","line":69,"loc":{"start":{"line":69,"column":4},"end":{"line":69,"column":65}},"locations":[{"start":{"line":69,"column":4},"end":{"line":69,"column":65}}]}},"b":{"0":[14],"1":[4],"2":[10],"3":[6],"4":[11],"5":[9],"6":[4],"7":[7],"8":[5],"9":[2],"10":[5],"11":[3],"12":[3],"13":[2],"14":[7],"15":[3],"16":[2],"17":[5],"18":[1],"19":[1],"20":[4],"21":[1],"22":[1],"23":[3],"24":[2],"25":[1],"26":[1],"27":[2],"28":[2],"29":[2]},"fnMap":{"0":{"name":"getContextualEmoji","decl":{"start":{"line":23,"column":7},"end":{"line":31,"column":1}},"loc":{"start":{"line":23,"column":7},"end":{"line":31,"column":1}},"line":23},"1":{"name":"getGreetingKey","decl":{"start":{"line":33,"column":7},"end":{"line":38,"column":1}},"loc":{"start":{"line":33,"column":7},"end":{"line":38,"column":1}},"line":33},"2":{"name":"getSpecialGreeting","decl":{"start":{"line":41,"column":7},"end":{"line":49,"column":1}},"loc":{"start":{"line":41,"column":7},"end":{"line":49,"column":1}},"line":41},"3":{"name":"useGreeting","decl":{"start":{"line":51,"column":7},"end":{"line":74,"column":1}},"loc":{"start":{"line":51,"column":7},"end":{"line":74,"column":1}},"line":51}},"f":{"0":14,"1":11,"2":7,"3":2}}
,"C:\\Users\\egorribun\\Documents\\university_ecosystem\\frontend\\src\\hooks\\useMapEvents.ts": {"path":"C:\\Users\\egorribun\\Documents\\university_ecosystem\\frontend\\src\\hooks\\useMapEvents.ts","all":false,"statementMap":{"6":{"start":{"line":7,"column":0},"end":{"line":7,"column":31}},"7":{"start":{"line":8,"column":0},"end":{"line":8,"column":46}},"8":{"start":{"line":9,"column":0},"end":{"line":9,"column":55}},"9":{"start":{"line":10,"column":0},"end":{"line":10,"column":57}},"10":{"start":{"line":11,"column":0},"end":{"line":11,"column":90}},"28":{"start":{"line":29,"column":0},"end":{"line":29,"column":76}},"29":{"start":{"line":30,"column":0},"end":{"line":30,"column":35}},"30":{"start":{"line":31,"column":0},"end":{"line":31,"column":63}},"31":{"start":{"line":32,"column":0},"end":{"line":32,"column":28}},"32":{"start":{"line":33,"column":0},"end":{"line":33,"column":20}},"33":{"start":{"line":34,"column":0},"end":{"line":34,"column":14}},"34":{"start":{"line":35,"column":0},"end":{"line":35,"column":4}},"36":{"start":{"line":37,"column":0},"end":{"line":37,"column":32}},"37":{"start":{"line":38,"column":0},"end":{"line":38,"column":55}},"38":{"start":{"line":39,"column":0},"end":{"line":39,"column":68}},"39":{"start":{"line":40,"column":0},"end":{"line":40,"column":33}},"41":{"start":{"line":42,"column":0},"end":{"line":42,"column":36}},"42":{"start":{"line":43,"column":0},"end":{"line":43,"column":58}},"43":{"start":{"line":44,"column":0},"end":{"line":44,"column":29}},"45":{"start":{"line":46,"column":0},"end":{"line":46,"column":48}},"46":{"start":{"line":47,"column":0},"end":{"line":47,"column":27}},"49":{"start":{"line":50,"column":0},"end":{"line":50,"column":82}},"50":{"start":{"line":51,"column":0},"end":{"line":51,"column":54}},"52":{"start":{"line":53,"column":0},"end":{"line":53,"column":50}},"53":{"start":{"line":54,"column":0},"end":{"line":54,"column":29}},"55":{"start":{"line":56,"column":0},"end":{"line":56,"column":19}},"56":{"start":{"line":57,"column":0},"end":{"line":57,"column":21}},"57":{"start":{"line":58,"column":0},"end":{"line":58,"column":27}},"58":{"start":{"line":59,"column":0},"end":{"line":59,"column":34}},"59":{"start":{"line":60,"column":0},"end":{"line":60,"column":30}},"60":{"start":{"line":61,"column":0},"end":{"line":61,"column":19}},"61":{"start":{"line":62,"column":0},"end":{"line":62,"column":63}},"62":{"start":{"line":63,"column":0},"end":{"line":63,"column":17}},"63":{"start":{"line":64,"column":0},"end":{"line":64,"column":38}},"64":{"start":{"line":65,"column":0},"end":{"line":65,"column":8}},"65":{"start":{"line":66,"column":0},"end":{"line":66,"column":5}},"67":{"start":{"line":68,"column":0},"end":{"line":68,"column":17}},"68":{"start":{"line":69,"column":0},"end":{"line":69,"column":32}},"70":{"start":{"line":71,"column":0},"end":{"line":71,"column":30}},"71":{"start":{"line":72,"column":0},"end":{"line":72,"column":1}}},"s":{"6":1,"7":1,"8":1,"9":1,"10":1,"28":1,"29":9,"30":9,"31":9,"32":9,"33":9,"34":9,"36":9,"37":9,"38":9,"39":9,"41":9,"42":11,"43":11,"45":9,"46":9,"49":7,"50":5,"52":5,"53":5,"55":4,"56":4,"57":4,"58":4,"59":4,"60":4,"61":11,"62":11,"63":11,"64":11,"65":11,"67":9,"68":9,"70":9,"71":9},"branchMap":{"0":{"type":"branch","line":29,"loc":{"start":{"line":29,"column":7},"end":{"line":72,"column":1}},"locations":[{"start":{"line":29,"column":7},"end":{"line":72,"column":1}}]},"1":{"type":"branch","line":37,"loc":{"start":{"line":37,"column":25},"end":{"line":69,"column":5}},"locations":[{"start":{"line":37,"column":25},"end":{"line":69,"column":5}}]},"2":{"type":"branch","line":42,"loc":{"start":{"line":42,"column":35},"end":{"line":66,"column":5}},"locations":[{"start":{"line":42,"column":35},"end":{"line":66,"column":5}}]},"3":{"type":"branch","line":43,"loc":{"start":{"line":43,"column":29},"end":{"line":43,"column":58}},"locations":[{"start":{"line":43,"column":29},"end":{"line":43,"column":58}}]},"4":{"type":"branch","line":44,"loc":{"start":{"line":44,"column":21},"end":{"line":44,"column":29}},"locations":[{"start":{"line":44,"column":21},"end":{"line":44,"column":29}}]},"5":{"type":"branch","line":44,"loc":{"start":{"line":44,"column":21},"end":{"line":47,"column":27}},"locations":[{"start":{"line":44,"column":21},"end":{"line":47,"column":27}}]},"6":{"type":"branch","line":47,"loc":{"start":{"line":47,"column":19},"end":{"line":47,"column":27}},"locations":[{"start":{"line":47,"column":19},"end":{"line":47,"column":27}}]},"7":{"type":"branch","line":47,"loc":{"start":{"line":47,"column":19},"end":{"line":50,"column":82}},"locations":[{"start":{"line":47,"column":19},"end":{"line":50,"column":82}}]},"8":{"type":"branch","line":50,"loc":{"start":{"line":50,"column":74},"end":{"line":50,"column":82}},"locations":[{"start":{"line":50,"column":74},"end":{"line":50,"column":82}}]},"9":{"type":"branch","line":50,"loc":{"start":{"line":50,"column":74},"end":{"line":54,"column":29}},"locations":[{"start":{"line":50,"column":74},"end":{"line":54,"column":29}}]},"10":{"type":"branch","line":54,"loc":{"start":{"line":54,"column":21},"end":{"line":54,"column":29}},"locations":[{"start":{"line":54,"column":21},"end":{"line":54,"column":29}}]},"11":{"type":"branch","line":54,"loc":{"start":{"line":54,"column":21},"end":{"line":62,"column":53}},"locations":[{"start":{"line":54,"column":21},"end":{"line":62,"column":53}}]},"12":{"type":"branch","line":62,"loc":{"start":{"line":62,"column":32},"end":{"line":62,"column":63}},"locations":[{"start":{"line":62,"column":32},"end":{"line":62,"column":63}}]},"13":{"type":"branch","line":39,"loc":{"start":{"line":39,"column":46},"end":{"line":39,"column":66}},"locations":[{"start":{"line":39,"column":46},"end":{"line":39,"column":66}}]}},"b":{"0":[9],"1":[9],"2":[11],"3":[3],"4":[2],"5":[9],"6":[2],"7":[7],"8":[2],"9":[5],"10":[1],"11":[4],"12":[3],"13":[72]},"fnMap":{"0":{"name":"useMapEvents","decl":{"start":{"line":29,"column":7},"end":{"line":72,"column":1}},"loc":{"start":{"line":29,"column":7},"end":{"line":72,"column":1}},"line":29}},"f":{"0":9}}
,"C:\\Users\\egorribun\\Documents\\university_ecosystem\\frontend\\src\\hooks\\useMediaQuery.ts": {"path":"C:\\Users\\egorribun\\Documents\\university_ecosystem\\frontend\\src\\hooks\\useMediaQuery.ts","all":false,"statementMap":{"0":{"start":{"line":1,"column":0},"end":{"line":1,"column":65}},"9":{"start":{"line":10,"column":0},"end":{"line":10,"column":78}},"10":{"start":{"line":11,"column":0},"end":{"line":11,"column":53}},"11":{"start":{"line":12,"column":0},"end":{"line":12,"column":38}},"12":{"start":{"line":13,"column":0},"end":{"line":13,"column":56}},"13":{"start":{"line":14,"column":0},"end":{"line":14,"column":32}},"14":{"start":{"line":15,"column":0},"end":{"line":15,"column":1}},"16":{"start":{"line":17,"column":0},"end":{"line":17,"column":68}},"17":{"start":{"line":18,"column":0},"end":{"line":18,"column":36}},"18":{"start":{"line":19,"column":0},"end":{"line":19,"column":30}},"19":{"start":{"line":20,"column":0},"end":{"line":20,"column":7}},"20":{"start":{"line":21,"column":0},"end":{"line":21,"column":28}},"21":{"start":{"line":22,"column":0},"end":{"line":22,"column":11}},"22":{"start":{"line":23,"column":0},"end":{"line":23,"column":15}},"23":{"start":{"line":24,"column":0},"end":{"line":24,"column":3}},"24":{"start":{"line":25,"column":0},"end":{"line":25,"column":1}},"26":{"start":{"line":27,"column":0},"end":{"line":27,"column":38}},"27":{"start":{"line":28,"column":0},"end":{"line":28,"column":16}},"28":{"start":{"line":29,"column":0},"end":{"line":29,"column":53}},"29":{"start":{"line":30,"column":0},"end":{"line":30,"column":12}},"30":{"start":{"line":31,"column":0},"end":{"line":31,"column":38}},"31":{"start":{"line":32,"column":0},"end":{"line":32,"column":39}},"32":{"start":{"line":33,"column":0},"end":{"line":33,"column":43}},"33":{"start":{"line":34,"column":0},"end":{"line":34,"column":27}},"35":{"start":{"line":36,"column":0},"end":{"line":36,"column":67}},"37":{"start":{"line":38,"column":0},"end":{"line":38,"column":19}},"38":{"start":{"line":39,"column":0},"end":{"line":39,"column":39}},"39":{"start":{"line":40,"column":0},"end":{"line":40,"column":15}},"40":{"start":{"line":41,"column":0},"end":{"line":41,"column":30}},"41":{"start":{"line":42,"column":0},"end":{"line":42,"column":12}},"42":{"start":{"line":43,"column":0},"end":{"line":43,"column":5}},"44":{"start":{"line":45,"column":0},"end":{"line":45,"column":57}},"45":{"start":{"line":46,"column":0},"end":{"line":46,"column":89}},"46":{"start":{"line":47,"column":0},"end":{"line":47,"column":22}},"47":{"start":{"line":48,"column":0},"end":{"line":48,"column":5}},"49":{"start":{"line":50,"column":0},"end":{"line":50,"column":53}},"50":{"start":{"line":51,"column":0},"end":{"line":51,"column":50}},"51":{"start":{"line":52,"column":0},"end":{"line":52,"column":55}},"52":{"start":{"line":53,"column":0},"end":{"line":53,"column":35}},"53":{"start":{"line":54,"column":0},"end":{"line":54,"column":5}},"55":{"start":{"line":56,"column":0},"end":{"line":56,"column":27}},"57":{"start":{"line":58,"column":0},"end":{"line":58,"column":18}},"58":{"start":{"line":59,"column":0},"end":{"line":59,"column":58}},"59":{"start":{"line":60,"column":0},"end":{"line":60,"column":55}},"60":{"start":{"line":61,"column":0},"end":{"line":61,"column":60}},"61":{"start":{"line":62,"column":0},"end":{"line":62,"column":40}},"62":{"start":{"line":63,"column":0},"end":{"line":63,"column":7}},"63":{"start":{"line":64,"column":0},"end":{"line":64,"column":5}},"64":{"start":{"line":65,"column":0},"end":{"line":65,"column":27}},"66":{"start":{"line":67,"column":0},"end":{"line":67,"column":42}},"67":{"start":{"line":68,"column":0},"end":{"line":68,"column":1}}},"s":{"0":1,"9":1,"10":13,"11":12,"12":13,"13":10,"14":10,"16":1,"17":13,"18":13,"19":10,"20":10,"21":13,"22":2,"23":2,"24":13,"26":10,"27":10,"28":10,"29":10,"30":10,"31":7,"32":7,"33":10,"35":10,"37":10,"38":6,"39":6,"40":2,"41":2,"42":2,"44":4,"45":3,"46":3,"47":3,"49":6,"50":3,"51":6,"52":1,"53":1,"55":4,"57":4,"58":4,"59":3,"60":4,"61":1,"62":1,"63":4,"64":10,"66":10,"67":10},"branchMap":{"0":{"type":"branch","line":10,"loc":{"start":{"line":10,"column":22},"end":{"line":15,"column":1}},"locations":[{"start":{"line":10,"column":22},"end":{"line":15,"column":1}}]},"1":{"type":"branch","line":11,"loc":{"start":{"line":11,"column":37},"end":{"line":11,"column":53}},"locations":[{"start":{"line":11,"column":37},"end":{"line":11,"column":53}}]},"2":{"type":"branch","line":11,"loc":{"start":{"line":11,"column":44},"end":{"line":13,"column":47}},"locations":[{"start":{"line":11,"column":44},"end":{"line":13,"column":47}}]},"3":{"type":"branch","line":13,"loc":{"start":{"line":13,"column":40},"end":{"line":13,"column":56}},"locations":[{"start":{"line":13,"column":40},"end":{"line":13,"column":56}}]},"4":{"type":"branch","line":13,"loc":{"start":{"line":13,"column":47},"end":{"line":15,"column":1}},"locations":[{"start":{"line":13,"column":47},"end":{"line":15,"column":1}}]},"5":{"type":"branch","line":17,"loc":{"start":{"line":17,"column":25},"end":{"line":25,"column":1}},"locations":[{"start":{"line":17,"column":25},"end":{"line":25,"column":1}}]},"6":{"type":"branch","line":19,"loc":{"start":{"line":19,"column":19},"end":{"line":19,"column":30}},"locations":[{"start":{"line":19,"column":19},"end":{"line":19,"column":30}}]},"7":{"type":"branch","line":19,"loc":{"start":{"line":19,"column":26},"end":{"line":22,"column":10}},"locations":[{"start":{"line":19,"column":26},"end":{"line":22,"column":10}}]},"8":{"type":"branch","line":22,"loc":{"start":{"line":22,"column":2},"end":{"line":24,"column":3}},"locations":[{"start":{"line":22,"column":2},"end":{"line":24,"column":3}}]},"9":{"type":"branch","line":27,"loc":{"start":{"line":27,"column":0},"end":{"line":68,"column":1}},"locations":[{"start":{"line":27,"column":0},"end":{"line":68,"column":1}}]},"10":{"type":"branch","line":31,"loc":{"start":{"line":31,"column":31},"end":{"line":34,"column":5}},"locations":[{"start":{"line":31,"column":31},"end":{"line":34,"column":5}}]},"11":{"type":"branch","line":33,"loc":{"start":{"line":33,"column":11},"end":{"line":33,"column":31}},"locations":[{"start":{"line":33,"column":11},"end":{"line":33,"column":31}}]},"12":{"type":"branch","line":33,"loc":{"start":{"line":33,"column":21},"end":{"line":33,"column":43}},"locations":[{"start":{"line":33,"column":21},"end":{"line":33,"column":43}}]},"13":{"type":"branch","line":36,"loc":{"start":{"line":36,"column":50},"end":{"line":36,"column":66}},"locations":[{"start":{"line":36,"column":50},"end":{"line":36,"column":66}}]},"14":{"type":"branch","line":38,"loc":{"start":{"line":38,"column":12},"end":{"line":65,"column":5}},"locations":[{"start":{"line":38,"column":12},"end":{"line":65,"column":5}}]},"15":{"type":"branch","line":40,"loc":{"start":{"line":40,"column":14},"end":{"line":43,"column":5}},"locations":[{"start":{"line":40,"column":14},"end":{"line":43,"column":5}}]},"16":{"type":"branch","line":43,"loc":{"start":{"line":43,"column":4},"end":{"line":50,"column":52}},"locations":[{"start":{"line":43,"column":4},"end":{"line":50,"column":52}}]},"17":{"type":"branch","line":50,"loc":{"start":{"line":50,"column":52},"end":{"line":52,"column":15}},"locations":[{"start":{"line":50,"column":52},"end":{"line":52,"column":15}}]},"18":{"type":"branch","line":52,"loc":{"start":{"line":52,"column":4},"end":{"line":54,"column":5}},"locations":[{"start":{"line":52,"column":4},"end":{"line":54,"column":5}}]},"19":{"type":"branch","line":54,"loc":{"start":{"line":54,"column":4},"end":{"line":64,"column":5}},"locations":[{"start":{"line":54,"column":4},"end":{"line":64,"column":5}}]},"20":{"type":"branch","line":45,"loc":{"start":{"line":45,"column":45},"end":{"line":48,"column":5}},"locations":[{"start":{"line":45,"column":45},"end":{"line":48,"column":5}}]},"21":{"type":"branch","line":46,"loc":{"start":{"line":46,"column":32},"end":{"line":46,"column":57}},"locations":[{"start":{"line":46,"column":32},"end":{"line":46,"column":57}}]},"22":{"type":"branch","line":46,"loc":{"start":{"line":46,"column":46},"end":{"line":46,"column":89}},"locations":[{"start":{"line":46,"column":46},"end":{"line":46,"column":89}}]},"23":{"type":"branch","line":58,"loc":{"start":{"line":58,"column":11},"end":{"line":64,"column":5}},"locations":[{"start":{"line":58,"column":11},"end":{"line":64,"column":5}}]},"24":{"type":"branch","line":59,"loc":{"start":{"line":59,"column":57},"end":{"line":61,"column":17}},"locations":[{"start":{"line":59,"column":57},"end":{"line":61,"column":17}}]},"25":{"type":"branch","line":61,"loc":{"start":{"line":61,"column":6},"end":{"line":63,"column":7}},"locations":[{"start":{"line":61,"column":6},"end":{"line":63,"column":7}}]},"26":{"type":"branch","line":67,"loc":{"start":{"line":67,"column":17},"end":{"line":67,"column":32}},"locations":[{"start":{"line":67,"column":17},"end":{"line":67,"column":32}}]}},"b":{"0":[13],"1":[1],"2":[12],"3":[2],"4":[10],"5":[13],"6":[3],"7":[10],"8":[2],"9":[10],"10":[7],"11":[4],"12":[3],"13":[7],"14":[6],"15":[2],"16":[4],"17":[3],"18":[1],"19":[4],"20":[3],"21":[2],"22":[1],"23":[4],"24":[3],"25":[1],"26":[10]},"fnMap":{"0":{"name":"getMatchMedia","decl":{"start":{"line":10,"column":22},"end":{"line":15,"column":1}},"loc":{"start":{"line":10,"column":22},"end":{"line":15,
[...]
4,"column":0},"end":{"line":34,"column":52}},"36":{"start":{"line":37,"column":0},"end":{"line":37,"column":19}},"37":{"start":{"line":38,"column":0},"end":{"line":38,"column":42}},"38":{"start":{"line":39,"column":0},"end":{"line":39,"column":25}},"39":{"start":{"line":40,"column":0},"end":{"line":40,"column":41}},"40":{"start":{"line":41,"column":0},"end":{"line":41,"column":8}},"41":{"start":{"line":42,"column":0},"end":{"line":42,"column":60}},"44":{"start":{"line":45,"column":0},"end":{"line":45,"column":58}},"45":{"start":{"line":46,"column":0},"end":{"line":46,"column":54}},"46":{"start":{"line":47,"column":0},"end":{"line":47,"column":22}},"47":{"start":{"line":48,"column":0},"end":{"line":48,"column":51}},"48":{"start":{"line":49,"column":0},"end":{"line":49,"column":8}},"49":{"start":{"line":50,"column":0},"end":{"line":50,"column":60}},"52":{"start":{"line":53,"column":0},"end":{"line":53,"column":35}},"53":{"start":{"line":54,"column":0},"end":{"line":54,"column":44}},"54":{"start":{"line":55,"column":0},"end":{"line":55,"column":5}},"55":{"start":{"line":56,"column":0},"end":{"line":56,"column":8}},"58":{"start":{"line":59,"column":0},"end":{"line":59,"column":74}},"59":{"start":{"line":60,"column":0},"end":{"line":60,"column":29}},"60":{"start":{"line":61,"column":0},"end":{"line":61,"column":41}},"61":{"start":{"line":62,"column":0},"end":{"line":62,"column":89}},"62":{"start":{"line":63,"column":0},"end":{"line":63,"column":17}},"63":{"start":{"line":64,"column":0},"end":{"line":64,"column":6}},"64":{"start":{"line":65,"column":0},"end":{"line":65,"column":8}},"67":{"start":{"line":68,"column":0},"end":{"line":68,"column":71}},"68":{"start":{"line":69,"column":0},"end":{"line":69,"column":49}},"69":{"start":{"line":70,"column":0},"end":{"line":70,"column":48}},"70":{"start":{"line":71,"column":0},"end":{"line":71,"column":30}},"71":{"start":{"line":72,"column":0},"end":{"line":72,"column":17}},"72":{"start":{"line":73,"column":0},"end":{"line":73,"column":5}},"73":{"start":{"line":74,"column":0},"end":{"line":74,"column":57}},"74":{"start":{"line":75,"column":0},"end":{"line":75,"column":25}},"75":{"start":{"line":76,"column":0},"end":{"line":76,"column":31}},"76":{"start":{"line":77,"column":0},"end":{"line":77,"column":8}},"83":{"start":{"line":84,"column":0},"end":{"line":84,"column":19}},"84":{"start":{"line":85,"column":0},"end":{"line":85,"column":41}},"85":{"start":{"line":86,"column":0},"end":{"line":86,"column":35}},"86":{"start":{"line":87,"column":0},"end":{"line":87,"column":63}},"87":{"start":{"line":88,"column":0},"end":{"line":88,"column":32}},"88":{"start":{"line":89,"column":0},"end":{"line":89,"column":95}},"89":{"start":{"line":90,"column":0},"end":{"line":90,"column":7}},"90":{"start":{"line":91,"column":0},"end":{"line":91,"column":12}},"91":{"start":{"line":92,"column":0},"end":{"line":92,"column":5}},"92":{"start":{"line":93,"column":0},"end":{"line":93,"column":41}},"94":{"start":{"line":95,"column":0},"end":{"line":95,"column":26}},"95":{"start":{"line":96,"column":0},"end":{"line":96,"column":61}},"96":{"start":{"line":97,"column":0},"end":{"line":97,"column":51}},"98":{"start":{"line":99,"column":0},"end":{"line":99,"column":40}},"99":{"start":{"line":100,"column":0},"end":{"line":100,"column":83}},"100":{"start":{"line":101,"column":0},"end":{"line":101,"column":45}},"102":{"start":{"line":103,"column":0},"end":{"line":103,"column":54}},"103":{"start":{"line":104,"column":0},"end":{"line":104,"column":36}},"105":{"start":{"line":106,"column":0},"end":{"line":106,"column":53}},"106":{"start":{"line":107,"column":0},"end":{"line":107,"column":54}},"109":{"start":{"line":110,"column":0},"end":{"line":110,"column":32}},"110":{"start":{"line":111,"column":0},"end":{"line":111,"column":54}},"112":{"start":{"line":113,"column":0},"end":{"line":113,"column":44}},"114":{"start":{"line":115,"column":0},"end":{"line":115,"column":42}},"115":{"start":{"line":116,"column":0},"end":{"line":116,"column":89}},"116":{"start":{"line":117,"column":0},"end":{"line":117,"column":47}},"117":{"start":{"line":118,"column":0},"end":{"line":118,"column":9}},"120":{"start":{"line":121,"column":0},"end":{"line":121,"column":50}},"121":{"start":{"line":122,"column":0},"end":{"line":122,"column":50}},"122":{"start":{"line":123,"column":0},"end":{"line":123,"column":40}},"123":{"start":{"line":124,"column":0},"end":{"line":124,"column":39}},"124":{"start":{"line":125,"column":0},"end":{"line":125,"column":10}},"125":{"start":{"line":126,"column":0},"end":{"line":126,"column":46}},"126":{"start":{"line":127,"column":0},"end":{"line":127,"column":15}},"127":{"start":{"line":128,"column":0},"end":{"line":128,"column":39}},"128":{"start":{"line":129,"column":0},"end":{"line":129,"column":40}},"129":{"start":{"line":130,"column":0},"end":{"line":130,"column":37}},"130":{"start":{"line":131,"column":0},"end":{"line":131,"column":9}},"132":{"start":{"line":133,"column":0},"end":{"line":133,"column":13}},"133":{"start":{"line":134,"column":0},"end":{"line":134,"column":58}},"134":{"start":{"line":135,"column":0},"end":{"line":135,"column":20}},"135":{"start":{"line":136,"column":0},"end":{"line":136,"column":54}},"136":{"start":{"line":137,"column":0},"end":{"line":137,"column":18}},"137":{"start":{"line":138,"column":0},"end":{"line":138,"column":44}},"138":{"start":{"line":139,"column":0},"end":{"line":139,"column":11}},"139":{"start":{"line":140,"column":0},"end":{"line":140,"column":23}},"140":{"start":{"line":141,"column":0},"end":{"line":141,"column":67}},"141":{"start":{"line":142,"column":0},"end":{"line":142,"column":9}},"142":{"start":{"line":143,"column":0},"end":{"line":143,"column":17}},"144":{"start":{"line":145,"column":0},"end":{"line":145,"column":35}},"145":{"start":{"line":146,"column":0},"end":{"line":146,"column":5}},"147":{"start":{"line":148,"column":0},"end":{"line":148,"column":18}},"148":{"start":{"line":149,"column":0},"end":{"line":149,"column":64}},"149":{"start":{"line":150,"column":0},"end":{"line":150,"column":28}},"150":{"start":{"line":151,"column":0},"end":{"line":151,"column":5}},"151":{"start":{"line":152,"column":0},"end":{"line":152,"column":42}},"153":{"start":{"line":154,"column":0},"end":{"line":154,"column":10}},"154":{"start":{"line":155,"column":0},"end":{"line":155,"column":10}},"155":{"start":{"line":156,"column":0},"end":{"line":156,"column":13}},"156":{"start":{"line":157,"column":0},"end":{"line":157,"column":15}},"157":{"start":{"line":158,"column":0},"end":{"line":158,"column":22}},"158":{"start":{"line":159,"column":0},"end":{"line":159,"column":67}},"159":{"start":{"line":160,"column":0},"end":{"line":160,"column":3}},"160":{"start":{"line":161,"column":0},"end":{"line":161,"column":1}}},"s":{"5":1,"6":1,"7":1,"8":1,"9":1,"11":1,"12":1,"23":1,"24":1,"25":1,"26":1,"28":1,"29":27,"30":27,"31":27,"32":27,"33":27,"36":27,"37":13,"38":13,"39":13,"40":13,"41":13,"44":13,"45":13,"46":13,"47":13,"48":13,"49":13,"52":13,"53":12,"54":12,"55":27,"58":27,"59":2,"60":2,"61":2,"62":2,"63":2,"64":27,"67":27,"68":4,"69":4,"70":1,"71":1,"72":1,"73":2,"74":2,"75":2,"76":27,"83":27,"84":26,"85":26,"86":16,"87":5,"88":5,"89":5,"90":16,"91":16,"92":9,"94":6,"95":6,"96":6,"98":26,"99":14,"100":14,"102":12,"103":12,"105":10,"106":10,"109":10,"110":8,"112":7,"114":3,"115":3,"116":1,"117":3,"120":3,"121":3,"122":3,"123":3,"124":3,"125":3,"126":3,"127":3,"128":3,"129":3,"130":3,"132":3,"133":3,"134":3,"135":1,"136":3,"137":2,"138":2,"139":3,"140":1,"141":1,"142":7,"144":7,"145":7,"147":6,"148":6,"149":6,"150":6,"151":27,"153":27,"154":27,"155":27,"156":27,"157":27,"158":27,"159":27,"160":27},"branchMap":{"0":{"type":"branch","line":29,"loc":{"start":{"line":29,"column":7},"end":{"line":161,"column":1}},"locations":[{"start":{"line":29,"column":7},"end":{"line":161,"column":1}}]},"1":{"type":"branch","line":159,"loc":{"start":{"line":159,"column":37},"end":{"line":159,"column":67}},"locations":[{"start":{"line":159,"column":37},"end":{"line":159,"column":67}}]},"2":{"type":"branch","line":37,"loc":{"start":{"line":37,"column":12},"end":{"line":56,"column":5}},"locations":[{"start":{"line":37,"column":12},"end":{"line":56,"column":5}}]},"3":{"type":"branch","line":53,"loc":{"start":{"line":53,"column":34},"end":{"line":55,"column":5}},"locations":[{"start":{"line":53,"column":34},"end":{"line":55,"column":5}}]},"4":{"type":"branch","line":39,"loc":{"start":{"line":39,"column":12},"end":{"line":41,"column":7}},"locations":[{"start":{"line":39,"column":12},"end":{"line":41,"column":7}}]},"5":{"type":"branch","line":40,"loc":{"start":{"line":40,"column":20},"end":{"line":40,"column":41}},"locations":[{"start":{"line":40,"column":20},"end":{"line":40,"column":41}}]},"6":{"type":"branch","line":47,"loc":{"start":{"line":47,"column":12},"end":{"line":49,"column":7}},"locations":[{"start":{"line":47,"column":12},"end":{"line":49,"column":7}}]},"7":{"type":"branch","line":48,"loc":{"start":{"line":48,"column":17},"end":{"line":48,"column":51}},"locations":[{"start":{"line":48,"column":17},"end":{"line":48,"column":51}}]},"8":{"type":"branch","line":59,"loc":{"start":{"line":59,"column":31},"end":{"line":65,"column":5}},"locations":[{"start":{"line":59,"column":31},"end":{"line":65,"column":5}}]},"9":{"type":"branch","line":60,"loc":{"start":{"line":60,"column":18},"end":{"line":64,"column":5}},"locations":[{"start":{"line":60,"column":18},"end":{"line":64,"column":5}}]},"10":{"type":"branch","line":68,"loc":{"start":{"line":68,"column":40},"end":{"line":77,"column":5}},"locations":[{"start":{"line":68,"column":40},"end":{"line":77,"column":5}}]},"11":{"type":"branch","line":69,"loc":{"start":{"line":69,"column":37},"end":{"line":69,"column":49}},"locations":[{"start":{"line":69,"column":37},"end":{"line":69,"column":49}}]},"12":{"type":"branch","line":69,"loc":{"start":{"line":69,"column":44},"end":{"line":70,"column":47}},"locations":[{"start":{"line":69,"column":44},"end":{"line":70,"column":47}}]},"13":{"type":"branch","line":70,"loc":{"start":{"line":70,"column":47},"end":{"line":73,"column":5}},"locations":[{"start":{"line":70,"column":47},"end":{"line":73,"column":5}}]},"14":{"type":"branch","line":73,"loc":{"start":{"line":73,"column":4},"end":{"line":76,"column":31}},"locations":[{"start":{"line":73,"column":4},"end":{"line":76,"column":31}}]},"15":{"type":"branch","line":84,"loc":{"start":{"line":84,"column":12},"end":{"line":152,"column":5}},"locations":[{"start":{"line":84,"column":12},"end":{"line":152,"column":5}}]},"16":{"type":"branch","line":85,"loc":{"start":{"line":85,"column":35},"end":{"line":85,"column":41}},"locations":[{"start":{"line":85,"column":35},"end":{"line":85,"column":41}}]},"17":{"type":"branch","line":85,"loc":{"start":{"line":85,"column":35},"end":{"line":86,"column":34}},"locations":[{"start":{"line":85,"column":35},"end":{"line":86,"column":34}}]},"18":{"type":"branch","line":86,"loc":{"start":{"line":86,"column":34},"end":{"line":92,"column":5}},"locations":[{"start":{"line":86,"column":34},"end":{"line":92,"column":5}}]},"19":{"type":"branch","line":87,"loc":{"start":{"line":87,"column":62},"end":{"line":90,"column":7}},"locations":[{"start":{"line":87,"column":62},"end":{"line":90,"column":7}}]},"20":{"type":"branch","line":92,"loc":{"start":{"line":92,"column":4},"end":{"line":93,"column":41}},"locations":[{"start":{"line":92,"column":4},"end":{"line":93,"column":41}}]},"21":{"type":"branch","line":93,"loc":{"start":{"line":93,"column":35},"end":{"line":93,"column":41}},"locations":[{"start":{"line":93,"column":35},"end":{"line":93,"column":41}}]},"22":{"type":"branch","line":93,"loc":{"start":{"line":93,"column":35},"end":{"line":99,"column":39}},"locations":[{"start":{"line":93,"column":35},"end":{"line":99,"column":39}}]},"23":{"type":"branch","line":99,"loc":{"start":{"line":99,"column":39},"end":{"line":146,"column":5}},"locations":[{"start":{"line":99,"column":39},"end":{"line":146,"column":5}}]},"24":{"type":"branch","line":100,"loc":{"start":{"line":100,"column":59},"end":{"line":100,"column":83}},"locations":[{"start":{"line":100,"column":59},"end":{"line":100,"column":83}}]},"25":{"type":"branch","line":101,"loc":{"start":{"line":101,"column":37},"end":{"line":101,"column":45}},"locations":[{"start":{"line":101,"column":37},"end":{"line":101,"column":45}}]},"26":{"type":"branch","line":101,"loc":{"start":{"line":101,"column":37},"end":{"line":104,"column":36}},"locations":[{"start":{"line":101,"column":37},"end":{"line":104,"column":36}}]},"27":{"type":"branch","line":104,"loc":{"start":{"line":104,"column":28},"end":{"line":104,"column":36}},"locations":[{"start":{"line":104,"column":28},"end":{"line":104,"column":36}}]},"28":{"type":"branch","line":104,"loc":{"start":{"line":104,"column":28},"end":{"line":110,"column":32}},"locations":[{"start":{"line":104,"column":28},"end":{"line":110,"column":32}}]},"29":{"type":"branch","line":110,"loc":{"start":{"line":110,"column":24},"end":{"line":110,"column":32}},"locations":[{"start":{"line":110,"column":24},"end":{"line":110,"column":32}}]},"30":{"type":"branch","line":110,"loc":{"start":{"line":110,"column":24},"end":{"line":111,"column":54}},"locations":[{"start":{"line":110,"column":24},"end":{"line":111,"column":54}}]},"31":{"type":"branch","line":111,"loc":{"start":{"line":111,"column":46},"end":{"line":111,"column":54}},"locations":[{"start":{"line":111,"column":46},"end":{"line":111,"column":54}}]},"32":{"type":"branch","line":111,"loc":{"start":{"line":111,"column":46},"end":{"line":146,"column":5}},"locations":[{"start":{"line":111,"column":46},"end":{"line":146,"column":5}}]},"33":{"type":"branch","line":146,"loc":{"start":{"line":146,"column":4},"end":{"line":151,"column":5}},"locations":[{"start":{"line":146,"column":4},"end":{"line":151,"column":5}}]},"34":{"type":"branch","line":113,"loc":{"start":{"line":113,"column":31},"end":{"line":143,"column":9}},"locations":[{"start":{"line":113,"column":31},"end":{"line":143,"column":9}}]},"35":{"type":"branch","line":123,"loc":{"start":{"line":123,"column":26},"end":{"line":123,"column":40}},"locations":[{"start":{"line":123,"column":26},"end":{"line":123,"column":40}}]},"36":{"type":"branch","line":134,"loc":{"start":{"line":134,"column":38},"end":{"line":134,"column":58}},"locations":[{"start":{"line":134,"column":38},"end":{"line":134,"column":58}}]},"37":{"type":"branch","line":135,"loc":{"start":{"line":135,"column":19},"end":{"line":137,"column":17}},"locations":[{"start":{"line":135,"column":19},"end":{"line":137,"column":17}}]},"38":{"type":"branch","line":136,"loc":{"start":{"line":136,"column":53},"end":{"line":137,"column":17}},"locations":[{"start":{"line":136,"column":53},"end":{"line":137,"column":17}}]},"39":{"type":"branch","line":137,"loc":{"start":{"line":137,"column":10},"end":{"line":139,"column":11}},"locations":[{"start":{"line":137,"column":10},"end":{"line":139,"column":11}}]},"40":{"type":"branch","line":140,"loc":{"start":{"line":140,"column":8},"end":{"line":142,"column":9}},"locations":[{"start":{"line":140,"column":8},"end":{"line":142,"column":9}}]},"41":{"type":"branch","line":116,"loc":{"start":{"line":116,"column":81},"end":{"line":117,"column":47}},"locations":[{"start":{"line":116,"column":81},"end":{"line":117,"column":47}}]},"42":{"type":"branch","line":148,"loc":{"start":{"line":148,"column":11},"end":{"line":151,"column":5}},"locations":[{"start":{"line":148,"column":11},"end":{"line":151,"column":5}}]},"43":{"type":"branch","line":149,"loc":{"start":{"line":149,"column":45},"end":{"line":149,"column":64}},"locations":[{"start":{"line":149,"column":45},"end":{"line":149,"column":64}}]}},"b":{"0":[27],"1":[26],"2":[13],"3":[12],"4":[13],"5":[2],"6":[13],"7":[1],"8":[2],"9":[2],"10":[4],"11":[1],"12":[3],"13":[1],"14":[2],"15":[26],"16":[1],"17":[25],"18":[16],"19":[5],"20":[9],"21":[3],"22":[6],"23":[14],"24":[11],"25":[2],"26":[12],"27":[2],"28":[10],"29":[2],"30":[8],"31":[1],"32":[7],"33":[6],"34":[3],"35":[1],"36":[1],"37":[1],"38":[0],"39":[2],"40":[1],"41":[1],"42":[6],"43":[7]},"fnMap":{"0":{"name":"useScheduleReminders","decl":{"start":{"line":29,"column":7},"end":{"line":161,"column":1}},"loc":{"start":{"line":29,"column":7},"end":{"line":161,"column":1}},"line":29}},"f":{"0":27}}
,"C:\\Users\\egorribun\\Documents\\university_ecosystem\\frontend\\src\\hooks\\ui\\useScrollBehavior.ts": {"path":"C:\\Users\\egorribun\\Documents\\university_ecosystem\\frontend\\src\\hooks\\ui\\useScrollBehavior.ts","all":false,"statementMap":{"0":{"start":{"line":1,"column":0},"end":{"line":1,"column":43}},"1":{"start":{"line":2,"column":0},"end":{"line":2,"column":60}},"9":{"start":{"line":10,"column":0},"end":{"line":10,"column":40}},"10":{"start":{"line":11,"column":0},"end":{"line":11,"column":54}},"11":{"start":{"line":12,"column":0},"end":{"line":12,"column":51}},"12":{"start":{"line":13,"column":0},"end":{"line":13,"column":51}},"13":{"start":{"line":14,"column":0},"end":{"line":14,"column":4}},"15":{"start":{"line":16,"column":0},"end":{"line":16,"column":19}},"16":{"start":{"line":17,"column":0},"end":{"line":17,"column":32}},"17":{"start":{"line":18,"column":0},"end":{"line":18,"column":63}},"18":{"start":{"line":19,"column":0},"end":{"line":19,"column":68}},"19":{"start":{"line":20,"column":0},"end":{"line":20,"column":5}},"20":{"start":{"line":21,"column":0},"end":{"line":21,"column":18}},"21":{"start":{"line":22,"column":0},"end":{"line":22,"column":70}},"22":{"start":{"line":23,"column":0},"end":{"line":23,"column":67}},"23":{"start":{"line":24,"column":0},"end":{"line":24,"column":8}},"25":{"start":{"line":26,"column":0},"end":{"line":26,"column":23}},"26":{"start":{"line":27,"column":0},"end":{"line":27,"column":1}}},"s":{"0":1,"1":1,"9":1,"10":4,"11":2,"12":1,"13":4,"15":4,"16":1,"17":4,"18":4,"19":4,"20":1,"21":1,"22":1,"23":4,"25":4,"26":4},"branchMap":{"0":{"type":"branch","line":10,"loc":{"start":{"line":10,"column":33},"end":{"line":27,"column":1}},"locations":[{"start":{"line":10,"column":33},"end":{"line":27,"column":1}}]},"1":{"type":"branch","line":11,"loc":{"start":{"line":11,"column":47},"end":{"line":14,"column":3}},"locations":[{"start":{"line":11,"column":47},"end":{"line":14,"column":3}}]},"2":{"type":"branch","line":12,"loc":{"start":{"line":12,"column":39},"end":{"line":13,"column":51}},"locations":[{"start":{"line":12,"column":39},"end":{"line":13,"column":51}}]},"3":{"type":"branch","line":16,"loc":{"start":{"line":16,"column":12},"end":{"line":24,"column":5}},"locations":[{"start":{"line":16,"column":12},"end":{"line":24,"column":5}}]},"4":{"type":"branch","line":17,"loc":{"start":{"line":17,"column":25},"end":{"line":20,"column":5}},"locations":[{"start":{"line":17,"column":25},"end":{"line":20,"column":5}}]},"5":{"type":"branch","line":19,"loc":{"start":{"line":19,"column":20},"end":{"line":19,"column":67}},"locations":[{"start":{"line":19,"column":20},"end":{"line":19,"column":67}}]},"6":{"type":"branch","line":19,"loc":{"start":{"line":19,"column":40},"end":{"line":19,"column":62}},"locations":[{"start":{"line":19,"column":40},"end":{"line":19,"column":62}}]},"7":{"type":"branch","line":19,"loc":{"start":{"line":19,"column":51},"end":{"line":19,"column":67}},"locations":[{"start":{"line":19,"column":51},"end":{"line":19,"column":67}}]},"8":{"type":"branch","line":23,"loc":{"start":{"line":23,"column":11},"end":{"line":23,"column":67}},"locations":[{"start":{"line":23,"column":11},"end":{"line":23,"column":67}}]}},"b":{"0":[4],"1":[2],"2":[1],"3":[1],"4":[4],"5":[4],"6":[1],"7":[3],"8":[1]},"fnMap":{"0":{"name":"useScrollBehavior","decl":{"start":{"line":10,"column":33},"end":{"line":27,"column":1}},"loc":{"start":{"line":10,"column":33},"end":{"line":27,"column":1}},"line":10},"1":{"name":"handleScroll","decl":{"start":{"line":17,"column":25},"end":{"line":20,"column":5}},"loc":{"start":{"line":17,"column":25},"end":{"line":20,"column":5}},"line":17}},"f":{"0":4,"1":4}}
}
