<?xml version="1.0" encoding="UTF-8" ?>
<testsuites name="vitest tests" tests="192" failures="0" errors="0" time="30.273">
    <testsuite name="src/app/ErrorBoundary.test.tsx" timestamp="2025-11-05T21:52:10.620Z" hostname="cursor" tests="2" failures="0" errors="0" skipped="0" time="0.310443062">
        <testcase classname="src/app/ErrorBoundary.test.tsx" name="ErrorBoundary &gt; logs, dispatches and renders a fallback screen" time="0.259142865">
        </testcase>
        <testcase classname="src/app/ErrorBoundary.test.tsx" name="ErrorBoundary &gt; allows retrying rendering after the issue is resolved" time="0.048781835">
            <system-err>
Error: Controlled failure
    at Problem (/workspace/root/frontend/src/app/ErrorBoundary.test.tsx:71:13)
    at Object.react-stack-bottom-frame (/workspace/root/frontend/node_modules/react-dom/cjs/react-dom-client.development.js:23863:20)
    at renderWithHooks (/workspace/root/frontend/node_modules/react-dom/cjs/react-dom-client.development.js:5529:22)
    at updateFunctionComponent (/workspace/root/frontend/node_modules/react-dom/cjs/react-dom-client.development.js:8897:19)
    at beginWork (/workspace/root/frontend/node_modules/react-dom/cjs/react-dom-client.development.js:10522:18)
    at runWithFiberInDEV (/workspace/root/frontend/node_modules/react-dom/cjs/react-dom-client.development.js:1522:13)
    at performUnitOfWork (/workspace/root/frontend/node_modules/react-dom/cjs/react-dom-client.development.js:15140:22)
    at workLoopSync (/workspace/root/frontend/node_modules/react-dom/cjs/react-dom-client.development.js:14956:41)
    at renderRootSync (/workspace/root/frontend/node_modules/react-dom/cjs/react-dom-client.development.js:14936:11)
    at performWorkOnRoot (/workspace/root/frontend/node_modules/react-dom/cjs/react-dom-client.development.js:14462:44) {
  [stack]: [Getter/Setter],
  [message]: &apos;Controlled failure&apos;
}

The above error occurred in the &lt;Problem&gt; component.

React will try to recreate this component tree from scratch using the error boundary you provided, ErrorBoundary.

[ErrorBoundary] Unhandled error captured Error: Controlled failure
    at Problem (/workspace/root/frontend/src/app/ErrorBoundary.test.tsx:71:13)
    at Object.react-stack-bottom-frame (/workspace/root/frontend/node_modules/react-dom/cjs/react-dom-client.development.js:23863:20)
    at renderWithHooks (/workspace/root/frontend/node_modules/react-dom/cjs/react-dom-client.development.js:5529:22)
    at updateFunctionComponent (/workspace/root/frontend/node_modules/react-dom/cjs/react-dom-client.development.js:8897:19)
    at beginWork (/workspace/root/frontend/node_modules/react-dom/cjs/react-dom-client.development.js:10522:18)
    at runWithFiberInDEV (/workspace/root/frontend/node_modules/react-dom/cjs/react-dom-client.development.js:1522:13)
    at performUnitOfWork (/workspace/root/frontend/node_modules/react-dom/cjs/react-dom-client.development.js:15140:22)
    at workLoopSync (/workspace/root/frontend/node_modules/react-dom/cjs/react-dom-client.development.js:14956:41)
    at renderRootSync (/workspace/root/frontend/node_modules/react-dom/cjs/react-dom-client.development.js:14936:11)
    at performWorkOnRoot (/workspace/root/frontend/node_modules/react-dom/cjs/react-dom-client.development.js:14462:44) {
  componentStack: &apos;\n&apos; +
    &apos;    at Problem (/workspace/root/frontend/src/app/ErrorBoundary.test.tsx:107:13)\n&apos; +
    &apos;    at ErrorBoundary (/workspace/root/frontend/src/app/ErrorBoundary.tsx:121:1)\n&apos; +
    &apos;    at Harness (/workspace/root/frontend/src/app/ErrorBoundary.test.tsx:52:67)&apos;
}

            </system-err>
        </testcase>
    </testsuite>
    <testsuite name="src/tests/authTranslations.test.tsx" timestamp="2025-11-05T21:52:10.621Z" hostname="cursor" tests="1" failures="0" errors="0" skipped="0" time="0.412421664">
        <testcase classname="src/tests/authTranslations.test.tsx" name="auth page translations &gt; renders login content for Russian and English locales" time="0.410035375">
            <system-err>
⚠️ React Router Future Flag Warning: React Router will begin wrapping state updates in `React.startTransition` in v7. You can use the `v7_startTransition` future flag to opt-in early. For more information, see https://reactrouter.com/v6/upgrading/future#v7_starttransition.
⚠️ React Router Future Flag Warning: Relative route resolution within Splat routes is changing in v7. You can use the `v7_relativeSplatPath` future flag to opt-in early. For more information, see https://reactrouter.com/v6/upgrading/future#v7_relativesplatpath.

            </system-err>
        </testcase>
    </testsuite>
    <testsuite name="src/tests/i18n.test.tsx" timestamp="2025-11-05T21:52:10.622Z" hostname="cursor" tests="1" failures="0" errors="0" skipped="0" time="0.114887336">
        <testcase classname="src/tests/i18n.test.tsx" name="i18n integration &gt; renders default locale and responds to language changes" time="0.112587615">
        </testcase>
    </testsuite>
    <testsuite name="src/tests/navigationTranslations.test.tsx" timestamp="2025-11-05T21:52:10.622Z" hostname="cursor" tests="2" failures="0" errors="0" skipped="0" time="0.274069305">
        <testcase classname="src/tests/navigationTranslations.test.tsx" name="navigation components translations &gt; updates footer translations when switching languages" time="0.145467378">
            <system-err>
⚠️ React Router Future Flag Warning: React Router will begin wrapping state updates in `React.startTransition` in v7. You can use the `v7_startTransition` future flag to opt-in early. For more information, see https://reactrouter.com/v6/upgrading/future#v7_starttransition.
⚠️ React Router Future Flag Warning: Relative route resolution within Splat routes is changing in v7. You can use the `v7_relativeSplatPath` future flag to opt-in early. For more information, see https://reactrouter.com/v6/upgrading/future#v7_relativesplatpath.

            </system-err>
        </testcase>
        <testcase classname="src/tests/navigationTranslations.test.tsx" name="navigation components translations &gt; switches bottom navigation labels with locale" time="0.126332526">
        </testcase>
    </testsuite>
    <testsuite name="src/tests/observability.test.ts" timestamp="2025-11-05T21:52:10.623Z" hostname="cursor" tests="3" failures="0" errors="0" skipped="0" time="0.005950137">
        <testcase classname="src/tests/observability.test.ts" name="initObservability &gt; initializes Sentry when DSN is provided outside of development" time="0.002575495">
        </testcase>
        <testcase classname="src/tests/observability.test.ts" name="initObservability &gt; skips initialization when DSN is missing" time="0.000371952">
        </testcase>
        <testcase classname="src/tests/observability.test.ts" name="initObservability &gt; skips initialization in development" time="0.000689334">
            <system-out>
Sentry disabled in development mode; skipping initialization

            </system-out>
        </testcase>
    </testsuite>
    <testsuite name="src/tests/pageTranslations.test.tsx" timestamp="2025-11-05T21:52:10.623Z" hostname="cursor" tests="14" failures="0" errors="0" skipped="0" time="2.872887685">
        <testcase classname="src/tests/pageTranslations.test.tsx" name="page translations &gt; switches activity page translations" time="0.414938234">
            <system-err>
⚠️ React Router Future Flag Warning: React Router will begin wrapping state updates in `React.startTransition` in v7. You can use the `v7_startTransition` future flag to opt-in early. For more information, see https://reactrouter.com/v6/upgrading/future#v7_starttransition.
⚠️ React Router Future Flag Warning: Relative route resolution within Splat routes is changing in v7. You can use the `v7_relativeSplatPath` future flag to opt-in early. For more information, see https://reactrouter.com/v6/upgrading/future#v7_relativesplatpath.

            </system-err>
        </testcase>
        <testcase classname="src/tests/pageTranslations.test.tsx" name="page translations &gt; switches schedule page translations" time="0.113024545">
        </testcase>
        <testcase classname="src/tests/pageTranslations.test.tsx" name="page translations &gt; switches settings translations including notifications" time="0.153010493">
        </testcase>
        <testcase classname="src/tests/pageTranslations.test.tsx" name="page translations &gt; switches profile translations" time="0.088596239">
        </testcase>
        <testcase classname="src/tests/pageTranslations.test.tsx" name="page translations &gt; switches events page translations" time="0.128352105">
        </testcase>
        <testcase classname="src/tests/pageTranslations.test.tsx" name="page translations &gt; switches map controls translations" time="0.265167007">
        </testcase>
        <testcase classname="src/tests/pageTranslations.test.tsx" name="page translations &gt; switches admin users page translations" time="0.247221035">
        </testcase>
        <testcase classname="src/tests/pageTranslations.test.tsx" name="page translations &gt; switches dashboard page translations" time="0.752238381">
        </testcase>
        <testcase classname="src/tests/pageTranslations.test.tsx" name="page translations &gt; switches news page translations" time="0.070164425">
        </testcase>
        <testcase classname="src/tests/pageTranslations.test.tsx" name="page translations &gt; renders login page in Russian when seeded and toggles to English" time="0.138533863">
        </testcase>
        <testcase classname="src/tests/pageTranslations.test.tsx" name="page translations &gt; switches register page translations" time="0.155372266">
        </testcase>
        <testcase classname="src/tests/pageTranslations.test.tsx" name="page translations &gt; switches forgot password page translations" time="0.113190735">
        </testcase>
        <testcase classname="src/tests/pageTranslations.test.tsx" name="page translations &gt; switches reset password page translations" time="0.092970207">
        </testcase>
        <testcase classname="src/tests/pageTranslations.test.tsx" name="page translations &gt; switches notifications bell translations" time="0.136901501">
        </testcase>
    </testsuite>
    <testsuite name="src/tests/staticShellI18n.test.ts" timestamp="2025-11-05T21:52:10.624Z" hostname="cursor" tests="3" failures="0" errors="0" skipped="0" time="0.061688111">
        <testcase classname="src/tests/staticShellI18n.test.ts" name="static shell i18n integration &gt; applies english meta tags" time="0.018472585">
        </testcase>
        <testcase classname="src/tests/staticShellI18n.test.ts" name="static shell i18n integration &gt; populates the offline fallback in english" time="0.010229434">
        </testcase>
        <testcase classname="src/tests/staticShellI18n.test.ts" name="static shell i18n integration &gt; ships an english manifest variant" time="0.030783956">
        </testcase>
    </testsuite>
    <testsuite name="src/tests/sw.test.ts" timestamp="2025-11-05T21:52:10.624Z" hostname="cursor" tests="3" failures="0" errors="0" skipped="0" time="0.40742569">
        <testcase classname="src/tests/sw.test.ts" name="service worker offline queues &gt; storePendingNavigation persists navigation requests" time="0.345219544">
        </testcase>
        <testcase classname="src/tests/sw.test.ts" name="service worker offline queues &gt; processPendingNavigations and processPendingReports clear processed entries" time="0.021995732">
        </testcase>
        <testcase classname="src/tests/sw.test.ts" name="service worker offline queues &gt; notificationclick queues offline interactions and clears them via processAllQueues" time="0.037525098">
            <system-err>
SW: failed to open client for notification click Error: offline
    at Object.&lt;anonymous&gt; (/workspace/root/frontend/src/tests/sw.test.ts:208:13)
    at Object.mockCall (file:///workspace/root/frontend/node_modules/@vitest/spy/dist/index.js:61:17)
    at Object.spy [as openWindow] (file:///workspace/root/frontend/node_modules/tinyspy/dist/index.js:45:80)
    at focusOrOpenClient (/workspace/root/frontend/src/sw.ts:302:26)
    at processTicksAndRejections (node:internal/process/task_queues:105:5)
    at /workspace/root/frontend/src/sw.ts:570:33

            </system-err>
        </testcase>
    </testsuite>
    <testsuite name="src/tests/translationParity.test.ts" timestamp="2025-11-05T21:52:10.625Z" hostname="cursor" tests="15" failures="0" errors="0" skipped="0" time="0.010442553">
        <testcase classname="src/tests/translationParity.test.ts" name="i18n locales parity between en and ru &gt; exposes the same set of locale files" time="0.001126481">
        </testcase>
        <testcase classname="src/tests/translationParity.test.ts" name="i18n locales parity between en and ru &gt; has matching keys in activity.json" time="0.000965579">
        </testcase>
        <testcase classname="src/tests/translationParity.test.ts" name="i18n locales parity between en and ru &gt; has matching keys in admin.json" time="0.00049252">
        </testcase>
        <testcase classname="src/tests/translationParity.test.ts" name="i18n locales parity between en and ru &gt; has matching keys in auth.json" time="0.000665835">
        </testcase>
        <testcase classname="src/tests/translationParity.test.ts" name="i18n locales parity between en and ru &gt; has matching keys in common.json" time="0.000351904">
        </testcase>
        <testcase classname="src/tests/translationParity.test.ts" name="i18n locales parity between en and ru &gt; has matching keys in dashboard.json" time="0.000429527">
        </testcase>
        <testcase classname="src/tests/translationParity.test.ts" name="i18n locales parity between en and ru &gt; has matching keys in events.json" time="0.00051703">
        </testcase>
        <testcase classname="src/tests/translationParity.test.ts" name="i18n locales parity between en and ru &gt; has matching keys in navigation.json" time="0.000330684">
        </testcase>
        <testcase classname="src/tests/translationParity.test.ts" name="i18n locales parity between en and ru &gt; has matching keys in news.json" time="0.000465408">
        </testcase>
        <testcase classname="src/tests/translationParity.test.ts" name="i18n locales parity between en and ru &gt; has matching keys in notifications.json" time="0.000340772">
        </testcase>
        <testcase classname="src/tests/translationParity.test.ts" name="i18n locales parity between en and ru &gt; has matching keys in profile.json" time="0.00031092">
        </testcase>
        <testcase classname="src/tests/translationParity.test.ts" name="i18n locales parity between en and ru &gt; has matching keys in schedule.json" time="0.000428297">
        </testcase>
        <testcase classname="src/tests/translationParity.test.ts" name="i18n locales parity between en and ru &gt; has matching keys in settings.json" time="0.000779118">
        </testcase>
        <testcase classname="src/tests/translationParity.test.ts" name="i18n locales parity between en and ru &gt; has matching keys in stories.json" time="0.000305189">
        </testcase>
        <testcase classname="src/tests/translationParity.test.ts" name="i18n locales parity between en and ru &gt; has matching keys in system.json" time="0.000429658">
        </testcase>
    </testsuite>
    <testsuite name="src/tests/webVitals.test.ts" timestamp="2025-11-05T21:52:10.626Z" hostname="cursor" tests="4" failures="0" errors="0" skipped="0" time="0.004757187">
        <testcase classname="src/tests/webVitals.test.ts" name="initWebVitals &gt; registers listeners when enabled in production" time="0.001432667">
        </testcase>
        <testcase classname="src/tests/webVitals.test.ts" name="initWebVitals &gt; skips initialization when the feature flag is disabled" time="0.00043272">
        </testcase>
        <testcase classname="src/tests/webVitals.test.ts" name="initWebVitals &gt; does not run in development mode" time="0.000198918">
        </testcase>
        <testcase classname="src/tests/webVitals.test.ts" name="initWebVitals &gt; skips gracefully when the DOM is unavailable" time="0.00029896">
        </testcase>
    </testsuite>
    <testsuite name="src/api/__tests__/client.etag.test.ts" timestamp="2025-11-05T21:52:10.626Z" hostname="cursor" tests="1" failures="0" errors="0" skipped="0" time="0.03952986">
        <testcase classname="src/api/__tests__/client.etag.test.ts" name="API ETag interceptor &gt; reuses cached ETags for subsequent requests when an etagCacheKey is provided" time="0.036970345">
        </testcase>
    </testsuite>
    <testsuite name="src/api/__tests__/client.language.test.ts" timestamp="2025-11-05T21:52:10.626Z" hostname="cursor" tests="3" failures="0" errors="0" skipped="0" time="0.057934121">
        <testcase classname="src/api/__tests__/client.language.test.ts" name="API language interceptor &gt; requests English localized resources when the UI language is set to en" time="0.044790394">
        </testcase>
        <testcase classname="src/api/__tests__/client.language.test.ts" name="API language interceptor &gt; respects an explicit Accept-Language header override" time="0.003338229">
        </testcase>
        <testcase classname="src/api/__tests__/client.language.test.ts" name="API language interceptor &gt; falls back to the default locale for unsupported languages" time="0.007477588">
        </testcase>
    </testsuite>
    <testsuite name="src/api/__tests__/client.rateLimit.test.ts" timestamp="2025-11-05T21:52:10.627Z" hostname="cursor" tests="1" failures="0" errors="0" skipped="0" time="0.030250839">
        <testcase classname="src/api/__tests__/client.rateLimit.test.ts" name="API client rate limit queue &gt; queues rapid navigation bursts to avoid 429 responses" time="0.027906468">
        </testcase>
    </testsuite>
    <testsuite name="src/api/__tests__/client.types.test.ts" timestamp="2025-11-05T21:52:10.627Z" hostname="cursor" tests="6" failures="0" errors="0" skipped="0" time="0.003972777">
        <testcase classname="src/api/__tests__/client.types.test.ts" name="typed api client &gt; fetchNews matches schema" time="0.000767898">
        </testcase>
        <testcase classname="src/api/__tests__/client.types.test.ts" name="typed api client &gt; createNews payload aligns with schema" time="0.000236185">
        </testcase>
        <testcase classname="src/api/__tests__/client.types.test.ts" name="typed api client &gt; uploadNewsImage returns a string" time="0.00012836">
        </testcase>
        <testcase classname="src/api/__tests__/client.types.test.ts" name="typed api client &gt; createEvent payload aligns with schema" time="0.000121711">
        </testcase>
        <testcase classname="src/api/__tests__/client.types.test.ts" name="typed api client &gt; uploadEventImage returns a string" time="0.000100507">
        </testcase>
        <testcase classname="src/api/__tests__/client.types.test.ts" name="typed api client &gt; notifications list matches schema" time="0.000118014">
        </testcase>
    </testsuite>
    <testsuite name="src/app/__tests__/a11y.test.tsx" timestamp="2025-11-05T21:52:10.627Z" hostname="cursor" tests="3" failures="0" errors="0" skipped="0" time="1.075673739">
        <testcase classname="src/app/__tests__/a11y.test.tsx" name="Accessibility checks &gt; Navbar has no axe violations" time="0.422867953">
            <system-out>
[SmartImage] status=primary src=/fallbacks/default_avatar.png

            </system-out>
        </testcase>
        <testcase classname="src/app/__tests__/a11y.test.tsx" name="Accessibility checks &gt; Dashboard page has no axe violations" time="0.34349429">
            <system-err>
[MSW] Error: intercepted a request without a matching request handler:

  • GET https://api.open-meteo.com/v1/forecast?latitude=55.71392&amp;longitude=37.81474&amp;current=temperature_2m%2Cweather_code&amp;timeformat=iso8601&amp;forecast_days=1&amp;timezone=auto

If you still wish to intercept this unhandled request, please create a request handler for it.
Read more: https://mswjs.io/docs/http/intercepting-requests

An update to PageFadeIn inside a test was not wrapped in act(...).

When testing, code that causes React state updates should be wrapped into act(...):

act(() =&gt; {
  /* fire events that update state */
});
/* assert on the output */

This ensures that you&apos;re testing the behavior the user would see in the browser. Learn more at https://react.dev/link/wrap-tests-with-act

            </system-err>
        </testcase>
        <testcase classname="src/app/__tests__/a11y.test.tsx" name="Accessibility checks &gt; Profile page has no axe violations" time="0.306660437">
            <system-err>
An update to PageFadeIn inside a test was not wrapped in act(...).

When testing, code that causes React state updates should be wrapped into act(...):

act(() =&gt; {
  /* fire events that update state */
});
/* assert on the output */

This ensures that you&apos;re testing the behavior the user would see in the browser. Learn more at https://react.dev/link/wrap-tests-with-act

            </system-err>
        </testcase>
    </testsuite>
    <testsuite name="src/app/__tests__/globalErrorHandlers.test.ts" timestamp="2025-11-05T21:52:10.628Z" hostname="cursor" tests="3" failures="0" errors="0" skipped="0" time="0.01296817">
        <testcase classname="src/app/__tests__/globalErrorHandlers.test.ts" name="initGlobalErrorHandlers &gt; registers listeners and logs unhandled errors" time="0.008858957">
        </testcase>
        <testcase classname="src/app/__tests__/globalErrorHandlers.test.ts" name="initGlobalErrorHandlers &gt; logs axios-specific rejections and non-error reasons" time="0.001242603">
        </testcase>
        <testcase classname="src/app/__tests__/globalErrorHandlers.test.ts" name="initGlobalErrorHandlers &gt; removes listeners when reset is invoked" time="0.000510916">
        </testcase>
    </testsuite>
    <testsuite name="src/app/__tests__/logger.test.ts" timestamp="2025-11-05T21:52:10.628Z" hostname="cursor" tests="3" failures="0" errors="0" skipped="0" time="0.015888194">
        <testcase classname="src/app/__tests__/logger.test.ts" name="logger &gt; captures errors and forwards them to the console" time="0.011867101">
        </testcase>
        <testcase classname="src/app/__tests__/logger.test.ts" name="logger &gt; captures messages when no error object is provided" time="0.000756267">
        </testcase>
        <testcase classname="src/app/__tests__/logger.test.ts" name="logger &gt; captures warning messages" time="0.000789825">
        </testcase>
    </testsuite>
    <testsuite name="src/components/__tests__/AsyncImage.test.tsx" timestamp="2025-11-05T21:52:10.628Z" hostname="cursor" tests="3" failures="0" errors="0" skipped="0" time="0.056816609">
        <testcase classname="src/components/__tests__/AsyncImage.test.tsx" name="AsyncImage &gt; renders skeleton while loading and hides it after load" time="0.035501742">
        </testcase>
        <testcase classname="src/components/__tests__/AsyncImage.test.tsx" name="AsyncImage &gt; displays fallback on error" time="0.010304462">
        </testcase>
        <testcase classname="src/components/__tests__/AsyncImage.test.tsx" name="AsyncImage &gt; forces reload when version changes" time="0.008447392">
        </testcase>
    </testsuite>
    <testsuite name="src/components/__tests__/BackToTop.test.tsx" timestamp="2025-11-05T21:52:10.629Z" hostname="cursor" tests="3" failures="0" errors="0" skipped="0" time="0.155426599">
        <testcase classname="src/components/__tests__/BackToTop.test.tsx" name="BackToTop &gt; renders hidden button by default" time="0.08832122">
        </testcase>
        <testcase classname="src/components/__tests__/BackToTop.test.tsx" name="BackToTop &gt; toggles visibility after scrolling" time="0.03695699">
        </testcase>
        <testcase classname="src/components/__tests__/BackToTop.test.tsx" name="BackToTop &gt; scrolls smoothly to top when clicked" time="0.02005375">
        </testcase>
    </testsuite>
    <testsuite name="src/components/__tests__/DashboardStories.test.tsx" timestamp="2025-11-05T21:52:10.629Z" hostname="cursor" tests="4" failures="0" errors="0" skipped="0" time="0.927732498">
        <testcase classname="src/components/__tests__/DashboardStories.test.tsx" name="DashboardStories &gt; opens a story and allows navigation via buttons" time="0.599937888">
            <system-err>
⚠️ React Router Future Flag Warning: React Router will begin wrapping state updates in `React.startTransition` in v7. You can use the `v7_startTransition` future flag to opt-in early. For more information, see https://reactrouter.com/v6/upgrading/future#v7_starttransition.
⚠️ React Router Future Flag Warning: Relative route resolution within Splat routes is changing in v7. You can use the `v7_relativeSplatPath` future flag to opt-in early. For more information, see https://reactrouter.com/v6/upgrading/future#v7_relativesplatpath.

            </system-err>
        </testcase>
        <testcase classname="src/components/__tests__/DashboardStories.test.tsx" name="DashboardStories &gt; auto-advances stories after the progress completes" time="0.12401222">
        </testcase>
        <testcase classname="src/components/__tests__/DashboardStories.test.tsx" name="DashboardStories &gt; responds to keyboard shortcuts" time="0.192421464">
        </testcase>
        <testcase classname="src/components/__tests__/DashboardStories.test.tsx" name="DashboardStories &gt; omits the stories heading when there are no stories" time="0.008830748">
        </testcase>
    </testsuite>
    <testsuite name="src/components/__tests__/LoadingState.test.tsx" timestamp="2025-11-05T21:52:10.629Z" hostname="cursor" tests="1" failures="0" errors="0" skipped="0" time="0.159098222">
        <testcase classname="src/components/__tests__/LoadingState.test.tsx" name="LoadingState &gt; renders an accessible busy status with page landmarks" time="0.156903996">
        </testcase>
    </testsuite>
    <testsuite name="src/components/__tests__/MobileBottomNav.test.tsx" timestamp="2025-11-05T21:52:10.630Z" hostname="cursor" tests="2" failures="0" errors="0" skipped="0" time="0.082878061">
        <testcase classname="src/components/__tests__/MobileBottomNav.test.tsx" name="MobileBottomNav &gt; does not render on auth pages" time="0.012882492">
        </testcase>
        <testcase classname="src/components/__tests__/MobileBottomNav.test.tsx" name="MobileBottomNav &gt; renders links for main sections" time="0.067564541">
        </testcase>
    </testsuite>
    <testsuite name="src/components/__tests__/Navbar.test.tsx" timestamp="2025-11-05T21:52:10.630Z" hostname="cursor" tests="2" failures="0" errors="0" skipped="0" time="0.671429759">
        <testcase classname="src/components/__tests__/Navbar.test.tsx" name="Navbar &gt; traps focus within the mobile drawer and closes on Escape" time="0.46870476">
            <system-err>
⚠️ React Router Future Flag Warning: React Router will begin wrapping state updates in `React.startTransition` in v7. You can use the `v7_startTransition` future flag to opt-in early. For more information, see https://reactrouter.com/v6/upgrading/future#v7_starttransition.
⚠️ React Router Future Flag Warning: Relative route resolution within Splat routes is changing in v7. You can use the `v7_relativeSplatPath` future flag to opt-in early. For more information, see https://reactrouter.com/v6/upgrading/future#v7_relativesplatpath.

            </system-err>
        </testcase>
        <testcase classname="src/components/__tests__/Navbar.test.tsx" name="Navbar &gt; closes the drawer when navigating to another route" time="0.200093542">
        </testcase>
    </testsuite>
    <testsuite name="src/components/__tests__/NotificationsBell.test.tsx" timestamp="2025-11-05T21:52:10.630Z" hostname="cursor" tests="5" failures="0" errors="0" skipped="0" time="1.170214526">
        <testcase classname="src/components/__tests__/NotificationsBell.test.tsx" name="NotificationsBell &gt; renders an error message and disables bulk actions when loading fails" time="0.545178548">
        </testcase>
        <testcase classname="src/components/__tests__/NotificationsBell.test.tsx" name="NotificationsBell &gt; retries fetching notifications when requested" time="0.199318215">
        </testcase>
        <testcase classname="src/components/__tests__/NotificationsBell.test.tsx" name="NotificationsBell &gt; renders pagination controls and requests more notifications" time="0.172568563">
        </testcase>
        <testcase classname="src/components/__tests__/NotificationsBell.test.tsx" name="NotificationsBell &gt; disables the pagination button while loading more" time="0.17047253">
        </testcase>
        <testcase classname="src/components/__tests__/NotificationsBell.test.tsx" name="NotificationsBell &gt; surfaces pagination errors to the user" time="0.079387603">
        </testcase>
    </testsuite>
    <testsuite name="src/components/__tests__/WeatherWidget.test.tsx" timestamp="2025-11-05T21:52:10.632Z" hostname="cursor" tests="3" failures="0" errors="0" skipped="0" time="0.047072345">
        <testcase classname="src/components/__tests__/WeatherWidget.test.tsx" name="WeatherWidget &gt; renders the current weather with tooltip details" time="0.038061555">
        </testcase>
        <testcase classname="src/components/__tests__/WeatherWidget.test.tsx" name="WeatherWidget &gt; disables icon animation when reduced motion is requested" time="0.004213075">
        </testcase>
        <testcase classname="src/components/__tests__/WeatherWidget.test.tsx" name="WeatherWidget &gt; renders nothing when weather data is unavailable" time="0.002118479">
        </testcase>
    </testsuite>
    <testsuite name="src/contexts/__tests__/AuthContext.mfa.test.tsx" timestamp="2025-11-05T21:52:10.632Z" hostname="cursor" tests="3" failures="0" errors="0" skipped="0" time="0.26486958">
        <testcase classname="src/contexts/__tests__/AuthContext.mfa.test.tsx" name="AuthProvider MFA state machine &gt; surfaces login MFA challenges and clears them after successful verification" time="0.100991597">
        </testcase>
        <testcase classname="src/contexts/__tests__/AuthContext.mfa.test.tsx" name="AuthProvider MFA state machine &gt; provides step-up challenges and resets state on verification" time="0.096786998">
        </testcase>
        <testcase classname="src/contexts/__tests__/AuthContext.mfa.test.tsx" name="AuthProvider MFA state machine &gt; surfaces verification errors when the wrong OTP is provided" time="0.063547932">
        </testcase>
    </testsuite>
    <testsuite name="src/contexts/__tests__/AuthContext.test.tsx" timestamp="2025-11-05T21:52:10.633Z" hostname="cursor" tests="4" failures="0" errors="0" skipped="0" time="0.236454917">
        <testcase classname="src/contexts/__tests__/AuthContext.test.tsx" name="AuthProvider caching &gt; stores the current user in the query cache and local storage" time="0.065520879">
        </testcase>
        <testcase classname="src/contexts/__tests__/AuthContext.test.tsx" name="AuthProvider caching &gt; removes cached profile information on logout" time="0.057351565">
        </testcase>
        <testcase classname="src/contexts/__tests__/AuthContext.test.tsx" name="AuthProvider caching &gt; synchronizes cached profile state when storage changes" time="0.055899692">
        </testcase>
        <testcase classname="src/contexts/__tests__/AuthContext.test.tsx" name="AuthProvider caching &gt; discards tampered cached envelopes" time="0.05537385">
        </testcase>
    </testsuite>
    <testsuite name="src/hooks/__tests__/useFocusTrap.test.tsx" timestamp="2025-11-05T21:52:10.633Z" hostname="cursor" tests="2" failures="0" errors="0" skipped="0" time="0.226189739">
        <testcase classname="src/hooks/__tests__/useFocusTrap.test.tsx" name="useFocusTrap &gt; focuses the initial element and restores focus on close" time="0.199206501">
        </testcase>
        <testcase classname="src/hooks/__tests__/useFocusTrap.test.tsx" name="useFocusTrap &gt; invokes onDeactivate when trap deactivates" time="0.024617516">
        </testcase>
    </testsuite>
    <testsuite name="src/hooks/__tests__/useMediaQuery.test.tsx" timestamp="2025-11-05T21:52:10.633Z" hostname="cursor" tests="2" failures="0" errors="0" skipped="0" time="0.020431965">
        <testcase classname="src/hooks/__tests__/useMediaQuery.test.tsx" name="useMediaQuery &gt; returns the current match result" time="0.01454555">
        </testcase>
        <testcase classname="src/hooks/__tests__/useMediaQuery.test.tsx" name="useMediaQuery &gt; updates when the media query changes" time="0.003348521">
        </testcase>
    </testsuite>
    <testsuite name="src/hooks/__tests__/useNowPlaying.test.tsx" timestamp="2025-11-05T21:52:10.634Z" hostname="cursor" tests="5" failures="0" errors="0" skipped="0" time="0.191453236">
        <testcase classname="src/hooks/__tests__/useNowPlaying.test.tsx" name="fetchNowPlaying &gt; normalizes a playing track" time="0.003508687">
        </testcase>
        <testcase classname="src/hooks/__tests__/useNowPlaying.test.tsx" name="fetchNowPlaying &gt; returns null for 204 responses" time="0.000472338">
        </testcase>
        <testcase classname="src/hooks/__tests__/useNowPlaying.test.tsx" name="fetchNowPlaying &gt; records rate limit window on 429 errors" time="0.001598285">
        </testcase>
        <testcase classname="src/hooks/__tests__/useNowPlaying.test.tsx" name="useNowPlaying &gt; exposes paused track data and stores it in cache" time="0.076431974">
        </testcase>
        <testcase classname="src/hooks/__tests__/useNowPlaying.test.tsx" name="useNowPlaying &gt; falls back to cached value before network resolves" time="0.106727948">
        </testcase>
    </testsuite>
    <testsuite name="src/hooks/__tests__/useScrollRestoration.test.tsx" timestamp="2025-11-05T21:52:10.634Z" hostname="cursor" tests="1" failures="0" errors="0" skipped="0" time="0.127759803">
        <testcase classname="src/hooks/__tests__/useScrollRestoration.test.tsx" name="useScrollRestoration &gt; marks and restores scroll position around navigation" time="0.125371784">
        </testcase>
    </testsuite>
    <testsuite name="src/pages/__tests__/ForgotPassword.test.tsx" timestamp="2025-11-05T21:52:10.634Z" hostname="cursor" tests="3" failures="0" errors="0" skipped="0" time="0.936088253">
        <testcase classname="src/pages/__tests__/ForgotPassword.test.tsx" name="ForgotPassword page &gt; shows validation message for malformed email" time="0.389107678">
        </testcase>
        <testcase classname="src/pages/__tests__/ForgotPassword.test.tsx" name="ForgotPassword page &gt; confirms submission and starts cooldown" time="0.346718877">
        </testcase>
        <testcase classname="src/pages/__tests__/ForgotPassword.test.tsx" name="ForgotPassword page &gt; is accessible for assistive technologies" time="0.197687489">
        </testcase>
    </testsuite>
    <testsuite name="src/pages/__tests__/Login.test.tsx" timestamp="2025-11-05T21:52:10.635Z" hostname="cursor" tests="7" failures="0" errors="0" skipped="0" time="3.974607085">
        <testcase classname="src/pages/__tests__/Login.test.tsx" name="Login page &gt; blocks submission for invalid email" time="0.63981604">
        </testcase>
        <testcase classname="src/pages/__tests__/Login.test.tsx" name="Login page &gt; submits credentials and redirects on success" time="0.955405462">
        </testcase>
        <testcase classname="src/pages/__tests__/Login.test.tsx" name="Login page &gt; returns server errors to the user" time="0.397071515">
        </testcase>
        <testcase classname="src/pages/__tests__/Login.test.tsx" name="Login page &gt; shows lockout messaging with retry information" time="0.360343912">
        </testcase>
        <testcase classname="src/pages/__tests__/Login.test.tsx" name="Login page &gt; transitions to MFA verification when additional challenges are required" time="0.610423198">
        </testcase>
        <testcase classname="src/pages/__tests__/Login.test.tsx" name="Login page &gt; displays errors for invalid OTP attempts and allows retry" time="0.714122512">
        </testcase>
        <testcase classname="src/pages/__tests__/Login.test.tsx" name="Login page &gt; meets basic accessibility requirements" time="0.294707288">
            <system-err>
An update to AuthProvider inside a test was not wrapped in act(...).

When testing, code that causes React state updates should be wrapped into act(...):

act(() =&gt; {
  /* fire events that update state */
});
/* assert on the output */

This ensures that you&apos;re testing the behavior the user would see in the browser. Learn more at https://react.dev/link/wrap-tests-with-act
An update to AuthProvider inside a test was not wrapped in act(...).

When testing, code that causes React state updates should be wrapped into act(...):

act(() =&gt; {
  /* fire events that update state */
});
/* assert on the output */

This ensures that you&apos;re testing the behavior the user would see in the browser. Learn more at https://react.dev/link/wrap-tests-with-act

            </system-err>
        </testcase>
    </testsuite>
    <testsuite name="src/pages/__tests__/News.performance.test.tsx" timestamp="2025-11-05T21:52:10.636Z" hostname="cursor" tests="2" failures="0" errors="0" skipped="0" time="0.124180372">
        <testcase classname="src/pages/__tests__/News.performance.test.tsx" name="News page feed rendering &gt; renders a large news feed without blur in light mode" time="0.070809604">
        </testcase>
        <testcase classname="src/pages/__tests__/News.performance.test.tsx" name="News page feed rendering &gt; renders a large news feed without blur in dark mode" time="0.050728327">
        </testcase>
    </testsuite>
    <testsuite name="src/pages/__tests__/Profile.nowPlaying.test.tsx" timestamp="2025-11-05T21:52:10.636Z" hostname="cursor" tests="3" failures="0" errors="0" skipped="0" time="0.130731992">
        <testcase classname="src/pages/__tests__/Profile.nowPlaying.test.tsx" name="NowPlayingCard &gt; matches snapshot when playing" time="0.03422869">
        </testcase>
        <testcase classname="src/pages/__tests__/Profile.nowPlaying.test.tsx" name="NowPlayingCard &gt; matches snapshot when paused" time="0.010268241">
        </testcase>
        <testcase classname="src/pages/__tests__/Profile.nowPlaying.test.tsx" name="NowPlayingCard &gt; reflects updated progress when data changes" time="0.083664093">
        </testcase>
    </testsuite>
    <testsuite name="src/pages/__tests__/Register.test.tsx" timestamp="2025-11-05T21:52:10.636Z" hostname="cursor" tests="3" failures="0" errors="0" skipped="0" time="2.722008645">
        <testcase classname="src/pages/__tests__/Register.test.tsx" name="Register page &gt; surfaces API error messages" time="1.391236463">
        </testcase>
        <testcase classname="src/pages/__tests__/Register.test.tsx" name="Register page &gt; sends registration payload and navigates to login" time="0.889324363">
        </testcase>
        <testcase classname="src/pages/__tests__/Register.test.tsx" name="Register page &gt; passes automated accessibility checks" time="0.438923845">
        </testcase>
    </testsuite>
    <testsuite name="src/pages/__tests__/ResetPassword.test.tsx" timestamp="2025-11-05T21:52:10.636Z" hostname="cursor" tests="2" failures="0" errors="0" skipped="0" time="1.380638201">
        <testcase classname="src/pages/__tests__/ResetPassword.test.tsx" name="ResetPassword page &gt; propagates API errors to the user" time="0.84093878">
        </testcase>
        <testcase classname="src/pages/__tests__/ResetPassword.test.tsx" name="ResetPassword page &gt; submits the new password and shows success state" time="0.537266542">
        </testcase>
    </testsuite>
    <testsuite name="src/pages/__tests__/Schedule.translations.test.tsx" timestamp="2025-11-05T21:52:10.637Z" hostname="cursor" tests="1" failures="0" errors="0" skipped="0" time="0.273622258">
        <testcase classname="src/pages/__tests__/Schedule.translations.test.tsx" name="Schedule translations &gt; renders English weekday headers and lesson labels" time="0.271270687">
            <system-err>
⚠️ React Router Future Flag Warning: React Router will begin wrapping state updates in `React.startTransition` in v7. You can use the `v7_startTransition` future flag to opt-in early. For more information, see https://reactrouter.com/v6/upgrading/future#v7_starttransition.
⚠️ React Router Future Flag Warning: Relative route resolution within Splat routes is changing in v7. You can use the `v7_relativeSplatPath` future flag to opt-in early. For more information, see https://reactrouter.com/v6/upgrading/future#v7_relativesplatpath.

            </system-err>
        </testcase>
    </testsuite>
    <testsuite name="src/pages/__tests__/Settings.media.test.tsx" timestamp="2025-11-05T21:52:10.637Z" hostname="cursor" tests="3" failures="0" errors="0" skipped="0" time="1.473029715">
        <testcase classname="src/pages/__tests__/Settings.media.test.tsx" name="Settings media actions &gt; uploads avatar and refreshes the profile" time="0.663841732">
            <system-err>
⚠️ React Router Future Flag Warning: React Router will begin wrapping state updates in `React.startTransition` in v7. You can use the `v7_startTransition` future flag to opt-in early. For more information, see https://reactrouter.com/v6/upgrading/future#v7_starttransition.
⚠️ React Router Future Flag Warning: Relative route resolution within Splat routes is changing in v7. You can use the `v7_relativeSplatPath` future flag to opt-in early. For more information, see https://reactrouter.com/v6/upgrading/future#v7_relativesplatpath.

            </system-err>
        </testcase>
        <testcase classname="src/pages/__tests__/Settings.media.test.tsx" name="Settings media actions &gt; shows an error when avatar upload fails" time="0.389384563">
        </testcase>
        <testcase classname="src/pages/__tests__/Settings.media.test.tsx" name="Settings media actions &gt; uploads cover and updates preview" time="0.417233644">
        </testcase>
    </testsuite>
    <testsuite name="src/pages/__tests__/Settings.notifications.test.tsx" timestamp="2025-11-05T21:52:10.637Z" hostname="cursor" tests="7" failures="0" errors="0" skipped="0" time="0.161404395">
        <testcase classname="src/pages/__tests__/Settings.notifications.test.tsx" name="usePushPreferences notifications flow &gt; enables notifications when subscription is ensured" time="0.026927941">
        </testcase>
        <testcase classname="src/pages/__tests__/Settings.notifications.test.tsx" name="usePushPreferences notifications flow &gt; disables notifications and removes subscription" time="0.06216411">
        </testcase>
        <testcase classname="src/pages/__tests__/Settings.notifications.test.tsx" name="usePushPreferences notifications flow &gt; updates topics when toggles change" time="0.056829054">
        </testcase>
        <testcase classname="src/pages/__tests__/Settings.notifications.test.tsx" name="usePushPreferences notifications flow &gt; persists topic selection locally when notifications are disabled" time="0.002071978">
        </testcase>
        <testcase classname="src/pages/__tests__/Settings.notifications.test.tsx" name="usePushPreferences notifications flow &gt; notifies user when permission is denied" time="0.00226463">
        </testcase>
        <testcase classname="src/pages/__tests__/Settings.notifications.test.tsx" name="usePushPreferences notifications flow &gt; asks user to confirm permission prompt when subscription is unavailable" time="0.003763664">
        </testcase>
        <testcase classname="src/pages/__tests__/Settings.notifications.test.tsx" name="usePushPreferences notifications flow &gt; informs user when subscription cannot be created despite granted permission" time="0.004340897">
        </testcase>
    </testsuite>
    <testsuite name="src/pages/__tests__/Settings.sessions.test.tsx" timestamp="2025-11-05T21:52:10.638Z" hostname="cursor" tests="1" failures="0" errors="0" skipped="0" time="1.036992132">
        <testcase classname="src/pages/__tests__/Settings.sessions.test.tsx" name="Settings sessions panel &gt; lists sessions and revokes a secondary session" time="1.034617508">
            <system-err>
⚠️ React Router Future Flag Warning: React Router will begin wrapping state updates in `React.startTransition` in v7. You can use the `v7_startTransition` future flag to opt-in early. For more information, see https://reactrouter.com/v6/upgrading/future#v7_starttransition.
⚠️ React Router Future Flag Warning: Relative route resolution within Splat routes is changing in v7. You can use the `v7_relativeSplatPath` future flag to opt-in early. For more information, see https://reactrouter.com/v6/upgrading/future#v7_relativesplatpath.

            </system-err>
        </testcase>
    </testsuite>
    <testsuite name="src/pages/__tests__/Settings.totp.test.tsx" timestamp="2025-11-05T21:52:10.638Z" hostname="cursor" tests="2" failures="0" errors="0" skipped="0" time="2.895754507">
        <testcase classname="src/pages/__tests__/Settings.totp.test.tsx" name="Settings TOTP enrollment &gt; starts and completes a new TOTP enrollment" time="1.689296198">
            <system-err>
⚠️ React Router Future Flag Warning: React Router will begin wrapping state updates in `React.startTransition` in v7. You can use the `v7_startTransition` future flag to opt-in early. For more information, see https://reactrouter.com/v6/upgrading/future#v7_starttransition.
⚠️ React Router Future Flag Warning: Relative route resolution within Splat routes is changing in v7. You can use the `v7_relativeSplatPath` future flag to opt-in early. For more information, see https://reactrouter.com/v6/upgrading/future#v7_relativesplatpath.

            </system-err>
        </testcase>
        <testcase classname="src/pages/__tests__/Settings.totp.test.tsx" name="Settings TOTP enrollment &gt; surfaces server errors when confirmation fails" time="1.204072542">
        </testcase>
    </testsuite>
    <testsuite name="src/push/__tests__/notification-helpers.test.ts" timestamp="2025-11-05T21:52:10.638Z" hostname="cursor" tests="6" failures="0" errors="0" skipped="0" time="0.00718878">
        <testcase classname="src/push/__tests__/notification-helpers.test.ts" name="parsePushEventData &gt; returns empty payload when data is missing" time="0.001158164">
        </testcase>
        <testcase classname="src/push/__tests__/notification-helpers.test.ts" name="parsePushEventData &gt; parses JSON payloads" time="0.000260248">
        </testcase>
        <testcase classname="src/push/__tests__/notification-helpers.test.ts" name="parsePushEventData &gt; falls back to text body when JSON parsing fails" time="0.000199037">
        </testcase>
        <testcase classname="src/push/__tests__/notification-helpers.test.ts" name="buildNotificationDetails &gt; applies defaults for title and icon" time="0.001952314">
        </testcase>
        <testcase classname="src/push/__tests__/notification-helpers.test.ts" name="buildNotificationDetails &gt; maps payload data and returns payload type" time="0.000772974">
        </testcase>
        <testcase classname="src/push/__tests__/notification-helpers.test.ts" name="buildNotificationDetails &gt; normalizes actions and collects action URLs" time="0.000515049">
        </testcase>
    </testsuite>
    <testsuite name="src/push/__tests__/topicsPersistence.test.ts" timestamp="2025-11-05T21:52:10.639Z" hostname="cursor" tests="8" failures="0" errors="0" skipped="0" time="0.009704157">
        <testcase classname="src/push/__tests__/topicsPersistence.test.ts" name="push topic persistence &gt; returns undefined when nothing is stored" time="0.000954141">
        </testcase>
        <testcase classname="src/push/__tests__/topicsPersistence.test.ts" name="push topic persistence &gt; reads legacy shared topics" time="0.000746188">
        </testcase>
        <testcase classname="src/push/__tests__/topicsPersistence.test.ts" name="push topic persistence &gt; stores and reads topics for the active user" time="0.002061457">
        </testcase>
        <testcase classname="src/push/__tests__/topicsPersistence.test.ts" name="push topic persistence &gt; keeps selections isolated between different users" time="0.000448745">
        </testcase>
        <testcase classname="src/push/__tests__/topicsPersistence.test.ts" name="push topic persistence &gt; removes only the active user&apos;s topics when cleared" time="0.000373079">
        </testcase>
        <testcase classname="src/push/__tests__/topicsPersistence.test.ts" name="push topic persistence &gt; reads stored topics for a specific user even when none is active" time="0.001771107">
        </testcase>
        <testcase classname="src/push/__tests__/topicsPersistence.test.ts" name="push topic persistence &gt; stores shared topics when user is unknown" time="0.000399911">
        </testcase>
        <testcase classname="src/push/__tests__/topicsPersistence.test.ts" name="push topic persistence &gt; migrates legacy shared topics when saving for a user" time="0.000433932">
        </testcase>
    </testsuite>
    <testsuite name="src/push/__tests__/unsubscribePush.test.ts" timestamp="2025-11-05T21:52:10.640Z" hostname="cursor" tests="2" failures="0" errors="0" skipped="0" time="0.037260141">
        <testcase classname="src/push/__tests__/unsubscribePush.test.ts" name="unsubscribePush &gt; resolves when the service worker never becomes ready" time="0.033015463">
            <system-err>
Service worker registration failed TypeError: navigator.serviceWorker.register is not a function
    at registerServiceWorker (/workspace/root/frontend/src/push/register-sw.ts:35:56)
    at resolveServiceWorkerRegistration (/workspace/root/frontend/src/push/subscribe.ts:424:30)
    at processTicksAndRejections (node:internal/process/task_queues:105:5)
    at Module.unsubscribePush (/workspace/root/frontend/src/push/subscribe.ts:625:24)
    at /workspace/root/frontend/src/push/__tests__/unsubscribePush.test.ts:46:20
    at file:///workspace/root/frontend/node_modules/@vitest/runner/dist/index.js:533:5
    at runTest (file:///workspace/root/frontend/node_modules/@vitest/runner/dist/index.js:1056:11)
    at runSuite (file:///workspace/root/frontend/node_modules/@vitest/runner/dist/index.js:1205:15)
    at runSuite (file:///workspace/root/frontend/node_modules/@vitest/runner/dist/index.js:1205:15)
    at runFiles (file:///workspace/root/frontend/node_modules/@vitest/runner/dist/index.js:1262:5)

            </system-err>
        </testcase>
        <testcase classname="src/push/__tests__/unsubscribePush.test.ts" name="unsubscribePush &gt; keeps stored topics when preserveTopics is requested" time="0.001934806">
            <system-err>
Service worker registration failed TypeError: navigator.serviceWorker.register is not a function
    at registerServiceWorker (/workspace/root/frontend/src/push/register-sw.ts:35:56)
    at resolveServiceWorkerRegistration (/workspace/root/frontend/src/push/subscribe.ts:424:30)
    at Module.unsubscribePush (/workspace/root/frontend/src/push/subscribe.ts:625:24)

            </system-err>
        </testcase>
    </testsuite>
    <testsuite name="src/tests/components/EventDetail.helpers.test.ts" timestamp="2025-11-05T21:52:10.640Z" hostname="cursor" tests="3" failures="0" errors="0" skipped="0" time="0.005766253">
        <testcase classname="src/tests/components/EventDetail.helpers.test.ts" name="applyOptimisticFileAction &gt; appends new files during optimistic upload" time="0.002785664">
        </testcase>
        <testcase classname="src/tests/components/EventDetail.helpers.test.ts" name="applyOptimisticFileAction &gt; removes files when upload completes" time="0.00041238">
        </testcase>
        <testcase classname="src/tests/components/EventDetail.helpers.test.ts" name="isUploadErrorState &gt; narrows upload states to those with an error message" time="0.000295646">
        </testcase>
    </testsuite>
    <testsuite name="src/tests/components/RouteGuards.test.tsx" timestamp="2025-11-05T21:52:10.641Z" hostname="cursor" tests="6" failures="0" errors="0" skipped="0" time="0.289816997">
        <testcase classname="src/tests/components/RouteGuards.test.tsx" name="PrivateRoute &gt; shows an accessible loading fallback while authentication is resolving" time="0.186731823">
        </testcase>
        <testcase classname="src/tests/components/RouteGuards.test.tsx" name="PrivateRoute &gt; renders protected content when the user is authenticated" time="0.001877845">
        </testcase>
        <testcase classname="src/tests/components/RouteGuards.test.tsx" name="PrivateRoute &gt; redirects unauthenticated users to the login page" time="0.006330322">
            <system-err>
⚠️ React Router Future Flag Warning: React Router will begin wrapping state updates in `React.startTransition` in v7. You can use the `v7_startTransition` future flag to opt-in early. For more information, see https://reactrouter.com/v6/upgrading/future#v7_starttransition.
⚠️ React Router Future Flag Warning: Relative route resolution within Splat routes is changing in v7. You can use the `v7_relativeSplatPath` future flag to opt-in early. For more information, see https://reactrouter.com/v6/upgrading/future#v7_relativesplatpath.

            </system-err>
        </testcase>
        <testcase classname="src/tests/components/RouteGuards.test.tsx" name="AdminRoute &gt; shows the loading indicator while the admin state is resolving" time="0.088711483">
        </testcase>
        <testcase classname="src/tests/components/RouteGuards.test.tsx" name="AdminRoute &gt; redirects non-admin users to the dashboard" time="0.002423285">
        </testcase>
        <testcase classname="src/tests/components/RouteGuards.test.tsx" name="AdminRoute &gt; renders children for authenticated administrators" time="0.001242922">
        </testcase>
    </testsuite>
    <testsuite name="src/tests/pages/AdminNotifications.test.tsx" timestamp="2025-11-05T21:52:10.641Z" hostname="cursor" tests="3" failures="0" errors="0" skipped="0" time="0.970178956">
        <testcase classname="src/tests/pages/AdminNotifications.test.tsx" name="AdminNotifications page &gt; lists dead-letter jobs and supports selection" time="0.422758215">
            <system-err>
⚠️ React Router Future Flag Warning: React Router will begin wrapping state updates in `React.startTransition` in v7. You can use the `v7_startTransition` future flag to opt-in early. For more information, see https://reactrouter.com/v6/upgrading/future#v7_starttransition.
⚠️ React Router Future Flag Warning: Relative route resolution within Splat routes is changing in v7. You can use the `v7_relativeSplatPath` future flag to opt-in early. For more information, see https://reactrouter.com/v6/upgrading/future#v7_relativesplatpath.

            </system-err>
        </testcase>
        <testcase classname="src/tests/pages/AdminNotifications.test.tsx" name="AdminNotifications page &gt; retries and purges selected jobs" time="0.512313749">
        </testcase>
        <testcase classname="src/tests/pages/AdminNotifications.test.tsx" name="AdminNotifications page &gt; shows an error when the queue cannot be loaded" time="0.032675846">
        </testcase>
    </testsuite>
    <testsuite name="src/tests/pages/EventsCache.test.tsx" timestamp="2025-11-05T21:52:10.641Z" hostname="cursor" tests="1" failures="0" errors="0" skipped="0" time="0.334935656">
        <testcase classname="src/tests/pages/EventsCache.test.tsx" name="Events caching &gt; restores cached data when a 304 response is received after switching tabs" time="0.332330258">
            <system-out>
[SmartImage] status=fallback src=/fallbacks/placeholder.png

[SmartImage] status=fallback src=/fallbacks/placeholder.png

[SmartImage] status=fallback src=/fallbacks/placeholder.png

            </system-out>
            <system-err>
⚠️ React Router Future Flag Warning: React Router will begin wrapping state updates in `React.startTransition` in v7. You can use the `v7_startTransition` future flag to opt-in early. For more information, see https://reactrouter.com/v6/upgrading/future#v7_starttransition.
⚠️ React Router Future Flag Warning: Relative route resolution within Splat routes is changing in v7. You can use the `v7_relativeSplatPath` future flag to opt-in early. For more information, see https://reactrouter.com/v6/upgrading/future#v7_relativesplatpath.

            </system-err>
        </testcase>
    </testsuite>
    <testsuite name="src/tests/pages/EventsPagination.test.tsx" timestamp="2025-11-05T21:52:10.642Z" hostname="cursor" tests="1" failures="0" errors="0" skipped="0" time="0.289219193">
        <testcase classname="src/tests/pages/EventsPagination.test.tsx" name="Events pagination UI &gt; loads additional pages when clicking load more" time="0.286805615">
            <system-err>
⚠️ React Router Future Flag Warning: React Router will begin wrapping state updates in `React.startTransition` in v7. You can use the `v7_startTransition` future flag to opt-in early. For more information, see https://reactrouter.com/v6/upgrading/future#v7_starttransition.
⚠️ React Router Future Flag Warning: Relative route resolution within Splat routes is changing in v7. You can use the `v7_relativeSplatPath` future flag to opt-in early. For more information, see https://reactrouter.com/v6/upgrading/future#v7_relativesplatpath.

            </system-err>
        </testcase>
    </testsuite>
    <testsuite name="src/utils/__tests__/avatar.test.ts" timestamp="2025-11-05T21:52:10.642Z" hostname="cursor" tests="3" failures="0" errors="0" skipped="0" time="0.005002691">
        <testcase classname="src/utils/__tests__/avatar.test.ts" name="buildAvatarUrl &gt; resolves relative avatar URLs against the dev origin" time="0.001738672">
        </testcase>
        <testcase classname="src/utils/__tests__/avatar.test.ts" name="buildAvatarUrl &gt; resolves relative avatar URLs against the production backend origin" time="0.000841952">
        </testcase>
        <testcase classname="src/utils/__tests__/avatar.test.ts" name="buildAvatarUrl &gt; returns absolute avatar URLs as-is" time="0.000154928">
        </testcase>
    </testsuite>
    <testsuite name="src/utils/__tests__/media.test.ts" timestamp="2025-11-05T21:52:10.642Z" hostname="cursor" tests="11" failures="0" errors="0" skipped="0" time="0.016706224">
        <testcase classname="src/utils/__tests__/media.test.ts" name="resolveMediaUrl &gt; returns empty string for empty input" time="0.001978008">
        </testcase>
        <testcase classname="src/utils/__tests__/media.test.ts" name="resolveMediaUrl &gt; keeps absolute URLs untouched" time="0.000990158">
        </testcase>
        <testcase classname="src/utils/__tests__/media.test.ts" name="resolveMediaUrl &gt; prefixes backend origin for media paths" time="0.0009277">
        </testcase>
        <testcase classname="src/utils/__tests__/media.test.ts" name="resolveMediaUrl &gt; downgrades to relative path in dev when origin is missing" time="0.000788313">
        </testcase>
        <testcase classname="src/utils/__tests__/media.test.ts" name="resolveMediaUrl &gt; throws in production when origin is missing" time="0.001258669">
        </testcase>
        <testcase classname="src/utils/__tests__/media.test.ts" name="resolveMediaUrl &gt; allows overriding origin explicitly" time="0.000821528">
        </testcase>
        <testcase classname="src/utils/__tests__/media.test.ts" name="resolveMediaUrl &gt; keeps unrelated relative paths untouched" time="0.000781597">
        </testcase>
        <testcase classname="src/utils/__tests__/media.test.ts" name="addVersionParam &gt; appends version parameter" time="0.001670337">
        </testcase>
        <testcase classname="src/utils/__tests__/media.test.ts" name="addVersionParam &gt; updates existing parameter" time="0.001375935">
        </testcase>
        <testcase classname="src/utils/__tests__/media.test.ts" name="addVersionParam &gt; handles relative URLs" time="0.001158631">
        </testcase>
        <testcase classname="src/utils/__tests__/media.test.ts" name="addVersionParam &gt; returns original URL when version is not provided" time="0.000703424">
        </testcase>
    </testsuite>
    <testsuite name="src/tests/components/ui/progress-bar.test.tsx" timestamp="2025-11-05T21:52:10.643Z" hostname="cursor" tests="2" failures="0" errors="0" skipped="0" time="0.090502696">
        <testcase classname="src/tests/components/ui/progress-bar.test.tsx" name="ProgressBar &gt; announces numeric values with the provided aria-label" time="0.068191863">
        </testcase>
        <testcase classname="src/tests/components/ui/progress-bar.test.tsx" name="ProgressBar &gt; omits aria-valuenow when no numeric value is provided" time="0.02000792">
        </testcase>
    </testsuite>
    <testsuite name="src/tests/components/ui/tooltip.test.tsx" timestamp="2025-11-05T21:52:10.643Z" hostname="cursor" tests="2" failures="0" errors="0" skipped="0" time="0.113924671">
        <testcase classname="src/tests/components/ui/tooltip.test.tsx" name="Tooltip &gt; applies title and describedby when given string content" time="0.089203172">
        </testcase>
        <testcase classname="src/tests/components/ui/tooltip.test.tsx" name="Tooltip &gt; renders sr-only tooltip content when React nodes are provided" time="0.022360458">
        </testcase>
    </testsuite>
    <testsuite name="src/tests/pages/News/NewsFeed.test.tsx" timestamp="2025-11-05T21:52:10.643Z" hostname="cursor" tests="2" failures="0" errors="0" skipped="0" time="0.669092813">
        <testcase classname="src/tests/pages/News/NewsFeed.test.tsx" name="News page feed integration &gt; persists API responses and revalidates using cached ETags" time="0.575106147">
            <system-err>
⚠️ React Router Future Flag Warning: React Router will begin wrapping state updates in `React.startTransition` in v7. You can use the `v7_startTransition` future flag to opt-in early. For more information, see https://reactrouter.com/v6/upgrading/future#v7_starttransition.
⚠️ React Router Future Flag Warning: Relative route resolution within Splat routes is changing in v7. You can use the `v7_relativeSplatPath` future flag to opt-in early. For more information, see https://reactrouter.com/v6/upgrading/future#v7_relativesplatpath.

            </system-err>
        </testcase>
        <testcase classname="src/tests/pages/News/NewsFeed.test.tsx" name="News page feed integration &gt; hydrates from service worker caches during network failures and clears legacy storage" time="0.077021193">
        </testcase>
    </testsuite>
</testsuites>
