{"C:\\Users\\egorribun\\Documents\\university_ecosystem\\frontend\\src\\contexts\\LanguageContext.tsx": {"path":"C:\\Users\\egorribun\\Documents\\university_ecosystem\\frontend\\src\\contexts\\LanguageContext.tsx","all":false,"statementMap":{"0":{"start":{"line":1,"column":0},"end":{"line":1,"column":92}},"1":{"start":{"line":3,"column":0},"end":{"line":3,"column":32}},"2":{"start":{"line":4,"column":0},"end":{"line":4,"column":96}},"3":{"start":{"line":7,"column":0},"end":{"line":7,"column":32}},"4":{"start":{"line":8,"column":0},"end":{"line":8,"column":59}},"5":{"start":{"line":21,"column":0},"end":{"line":21,"column":52}},"6":{"start":{"line":22,"column":0},"end":{"line":22,"column":84}},"7":{"start":{"line":23,"column":0},"end":{"line":23,"column":47}},"8":{"start":{"line":24,"column":0},"end":{"line":24,"column":133}},"9":{"start":{"line":25,"column":0},"end":{"line":25,"column":1}},"10":{"start":{"line":27,"column":0},"end":{"line":27,"column":57}},"11":{"start":{"line":28,"column":0},"end":{"line":28,"column":38}},"12":{"start":{"line":29,"column":0},"end":{"line":29,"column":62}},"13":{"start":{"line":30,"column":0},"end":{"line":30,"column":3}},"14":{"start":{"line":32,"column":0},"end":{"line":32,"column":56}},"15":{"start":{"line":33,"column":0},"end":{"line":33,"column":70}},"16":{"start":{"line":34,"column":0},"end":{"line":34,"column":38}},"17":{"start":{"line":35,"column":0},"end":{"line":35,"column":3}},"18":{"start":{"line":37,"column":0},"end":{"line":37,"column":50}},"19":{"start":{"line":38,"column":0},"end":{"line":38,"column":82}},"20":{"start":{"line":39,"column":0},"end":{"line":39,"column":29}},"21":{"start":{"line":40,"column":0},"end":{"line":40,"column":1}},"22":{"start":{"line":48,"column":0},"end":{"line":48,"column":82}},"23":{"start":{"line":50,"column":0},"end":{"line":50,"column":73}},"24":{"start":{"line":51,"column":0},"end":{"line":51,"column":90}},"25":{"start":{"line":53,"column":0},"end":{"line":53,"column":19}},"26":{"start":{"line":54,"column":0},"end":{"line":54,"column":48}},"27":{"start":{"line":55,"column":0},"end":{"line":55,"column":61}},"28":{"start":{"line":56,"column":0},"end":{"line":56,"column":50}},"29":{"start":{"line":57,"column":0},"end":{"line":57,"column":7}},"30":{"start":{"line":58,"column":0},"end":{"line":58,"column":5}},"31":{"start":{"line":59,"column":0},"end":{"line":59,"column":49}},"32":{"start":{"line":60,"column":0},"end":{"line":60,"column":18}},"33":{"start":{"line":61,"column":0},"end":{"line":61,"column":52}},"34":{"start":{"line":62,"column":0},"end":{"line":62,"column":5}},"35":{"start":{"line":63,"column":0},"end":{"line":63,"column":8}},"36":{"start":{"line":65,"column":0},"end":{"line":65,"column":19}},"37":{"start":{"line":66,"column":0},"end":{"line":66,"column":38}},"38":{"start":{"line":67,"column":0},"end":{"line":67,"column":39}},"39":{"start":{"line":69,"column":0},"end":{"line":69,"column":40}},"40":{"start":{"line":70,"column":0},"end":{"line":70,"column":55}},"41":{"start":{"line":71,"column":0},"end":{"line":71,"column":61}},"42":{"start":{"line":72,"column":0},"end":{"line":72,"column":72}},"43":{"start":{"line":73,"column":0},"end":{"line":73,"column":62}},"44":{"start":{"line":75,"column":0},"end":{"line":75,"column":29}},"45":{"start":{"line":76,"column":0},"end":{"line":76,"column":5}},"46":{"start":{"line":77,"column":0},"end":{"line":77,"column":16}},"47":{"start":{"line":79,"column":0},"end":{"line":79,"column":63}},"48":{"start":{"line":80,"column":0},"end":{"line":80,"column":25}},"49":{"start":{"line":81,"column":0},"end":{"line":81,"column":8}},"50":{"start":{"line":83,"column":0},"end":{"line":83,"column":46}},"51":{"start":{"line":84,"column":0},"end":{"line":84,"column":64}},"52":{"start":{"line":85,"column":0},"end":{"line":85,"column":27}},"53":{"start":{"line":86,"column":0},"end":{"line":86,"column":3}},"54":{"start":{"line":88,"column":0},"end":{"line":88,"column":86}},"55":{"start":{"line":89,"column":0},"end":{"line":89,"column":1}},"56":{"start":{"line":91,"column":0},"end":{"line":91,"column":31}},"57":{"start":{"line":92,"column":0},"end":{"line":92,"column":45}},"58":{"start":{"line":93,"column":0},"end":{"line":93,"column":17}},"59":{"start":{"line":94,"column":0},"end":{"line":94,"column":73}},"60":{"start":{"line":95,"column":0},"end":{"line":95,"column":3}},"61":{"start":{"line":96,"column":0},"end":{"line":96,"column":16}},"62":{"start":{"line":97,"column":0},"end":{"line":97,"column":1}},"63":{"start":{"line":99,"column":0},"end":{"line":99,"column":67}},"64":{"start":{"line":100,"column":0},"end":{"line":100,"column":57}},"65":{"start":{"line":101,"column":0},"end":{"line":101,"column":1}}},"s":{"0":2,"1":2,"2":2,"3":2,"4":2,"5":2,"6":11,"7":11,"8":11,"9":11,"10":2,"11":10,"12":1,"13":1,"14":9,"15":10,"16":1,"17":1,"18":10,"19":10,"20":10,"21":10,"22":2,"23":2,"24":13,"25":13,"26":9,"27":8,"28":7,"29":7,"30":8,"31":9,"32":9,"33":9,"34":9,"35":13,"36":13,"37":11,"38":11,"39":11,"40":11,"41":11,"42":11,"43":11,"44":11,"45":11,"46":13,"47":13,"48":2,"49":13,"50":13,"51":13,"52":13,"53":13,"54":13,"55":13,"56":2,"57":18,"58":18,"59":2,"60":2,"61":16,"62":16,"63":2,"64":3,"65":3},"branchMap":{"0":{"type":"branch","line":21,"loc":{"start":{"line":21,"column":22},"end":{"line":25,"column":1}},"locations":[{"start":{"line":21,"column":22},"end":{"line":25,"column":1}}]},"1":{"type":"branch","line":23,"loc":{"start":{"line":23,"column":21},"end":{"line":23,"column":45}},"locations":[{"start":{"line":23,"column":21},"end":{"line":23,"column":45}}]},"2":{"type":"branch","line":23,"loc":{"start":{"line":23,"column":32},"end":{"line":23,"column":47}},"locations":[{"start":{"line":23,"column":32},"end":{"line":23,"column":47}}]},"3":{"type":"branch","line":27,"loc":{"start":{"line":27,"column":31},"end":{"line":40,"column":1}},"locations":[{"start":{"line":27,"column":31},"end":{"line":40,"column":1}}]},"4":{"type":"branch","line":28,"loc":{"start":{"line":28,"column":37},"end":{"line":30,"column":3}},"locations":[{"start":{"line":28,"column":37},"end":{"line":30,"column":3}}]},"5":{"type":"branch","line":33,"loc":{"start":{"line":33,"column":6},"end":{"line":33,"column":69}},"locations":[{"start":{"line":33,"column":6},"end":{"line":33,"column":69}}]},"6":{"type":"branch","line":33,"loc":{"start":{"line":33,"column":69},"end":{"line":35,"column":3}},"locations":[{"start":{"line":33,"column":69},"end":{"line":35,"column":3}}]},"7":{"type":"branch","line":35,"loc":{"start":{"line":35,"column":2},"end":{"line":37,"column":48}},"locations":[{"start":{"line":35,"column":2},"end":{"line":37,"column":48}}]},"8":{"type":"branch","line":37,"loc":{"start":{"line":37,"column":36},"end":{"line":37,"column":50}},"locations":[{"start":{"line":37,"column":36},"end":{"line":37,"column":50}}]},"9":{"type":"branch","line":39,"loc":{"start":{"line":39,"column":9},"end":{"line":39,"column":29}},"locations":[{"start":{"line":39,"column":9},"end":{"line":39,"column":29}}]},"10":{"type":"branch","line":38,"loc":{"start":{"line":38,"column":35},"end":{"line":38,"column":81}},"locations":[{"start":{"line":38,"column":35},"end":{"line":38,"column":81}}]},"11":{"type":"branch","line":50,"loc":{"start":{"line":50,"column":7},"end":{"line":89,"column":1}},"locations":[{"start":{"line":50,"column":7},"end":{"line":89,"column":1}}]},"12":{"type":"branch","line":53,"loc":{"start":{"line":53,"column":12},"end":{"line":63,"column":5}},"locations":[{"start":{"line":53,"column":12},"end":{"line":63,"column":5}}]},"13":{"type":"branch","line":54,"loc":{"start":{"line":54,"column":30},"end":{"line":58,"column":5}},"locations":[{"start":{"line":54,"column":30},"end":{"line":58,"column":5}}]},"14":{"type":"branch","line":55,"loc":{"start":{"line":55,"column":60},"end":{"line":57,"column":7}},"locations":[{"start":{"line":55,"column":60},"end":{"line":57,"column":7}}]},"15":{"type":"branch","line":60,"loc":{"start":{"line":60,"column":11},"end":{"line":62,"column":5}},"locations":[{"start":{"line":60,"column":11},"end":{"line":62,"column":5}}]},"16":{"type":"branch","line":65,"loc":{"start":{"line":65,"column":12},"end":{"line":77,"column":5}},"locations":[{"start":{"line":65,"column":12},"end":{"line":77,"column":5}}]},"17":{"type":"branch","line":72,"loc":{"start":{"line":72,"column":59},"end":{"line":72,"column":71}},"locations":[{"start":{"line":72,"column":59},"end":{"line":72,"column":71}}]},"18":{"type":"branch","line":73,"loc":{"start":{"line":73,"column":49},"end":{"line":73,"column":61}},"locations":[{"start":{"line":73,"column":49},"end":{"line":73,"column":61}}]},"19":{"type":"branch","line":79,"loc":{"start":{"line":79,"column":34},"end":{"line":81,"column":5}},"locations":[{"start":{"line":79,"column":34},"end":{"line":81,"column":5}}]},"20":{"type":"branch","line":84,"loc":{"start":{"line":84,"column":4},"end":{"line":84,"column":64}},"locations":[{"start":{"line":84,"column":4},"end":{"line":84,"column":64}}]},"21":{"type":"branch","line":91,"loc":{"start":{"line":91,"column":7},"end":{"line":97,"column":1}},"locations":[{"start":{"line":91,"column":7},"end":{"line":97,"column":1}}]},"22":{"type":"branch","line":93,"loc":{"start":{"line":93,"column":16},"end":{"line":95,"column":3}},"locations":[{"start":{"line":93,"column":16},"end":{"line":95,"column":3}}]},"23":{"type":"branch","line":95,"loc":{"start":{"line":95,"column":2},"end":{"line":97,"column":1}},"locations":[{"start":{"line":95,"column":2},"end":{"line":97,"column":1}}]},"24":{"type":"branch","line":99,"loc":{"start":{"line":99,"column":7},"end":{"line":101,"column":1}},"locations":[{"start":{"line":99,"column":7},"end":{"line":101,"column":1}}]},"25":{"type":"branch","line":100,"loc":{"start":{"line":100,"column":28},"end":{"line":100,"column":50}},"locations":[{"start":{"line":100,"column":28},"end":{"line":100,"column":50}}]},"26":{"type":"branch","line":100,"loc":{"start":{"line":100,"column":31},"end":{"line":100,"column":57}},"locations":[{"start":{"line":100,"column":31},"end":{"line":100,"column":57}}]},"27":{"type":"branch","line":30,"loc":{"start":{"line":30,"column":2},"end":{"line":33,"column":69}},"locations":[{"start":{"line":30,"column":2},"end":{"line":33,"column":69}}]},"28":{"type":"branch","line":33,"loc":{"start":{"line":33,"column":69},"end":{"line":37,"column":48}},"locations":[{"start":{"line":33,"column":69},"end":{"line":37,"column":48}}]}},"b":{"0":[11],"1":[1],"2":[10],"3":[10],"4":[1],"5":[4],"6":[1],"7":[8],"8":[1],"9":[2],"10":[12],"11":[13],"12":[10],"13":[9],"14":[8],"15":[10],"16":[12],"17":[1],"18":[1],"19":[3],"20":[12],"21":[18],"22":[2],"23":[16],"24":[3],"25":[2],"26":[1],"27":[9],"28":[9]},"fnMap":{"0":{"name":"setLangCookie","decl":{"start":{"line":21,"column":22},"end":{"line":25,"column":1}},"loc":{"start":{"line":21,"column":22},"end":{"line":25,"column":1}},"line":21},"1":{"name":"resolveInitialLanguage","decl":{"start":{"line":27,"column":31},"end":{"line":40,"column":1}},"loc":{"start":{"line":27,"column":31},"end":{"line":40,"column":1}},"line":27},"2":{"name":"LanguageProvider","decl":{"start":{"line":50,"column":7},"end":{"line":89,"column":1}},"loc":{"start":{"line":50,"column":7},"end":{"line":89,"column":1}},"line":50},"3":{"name":"onLanguageChanged","decl":{"start":{"line":54,"column":30},"end":{"line":58,"column":5}},"loc":{"start":{"line":54,"column":30},"end":{"line":58,"column":5}},"line":54},"4":{"name":"useLanguage","decl":{"start":{"line":91,"column":7},"end":{"line":97,"column":1}},"loc":{"start":{"line":91,"column":7},"end":{"line":97,"column":1}},"line":91},"5":{"name":"getLocaleForLanguage","decl":{"start":{"line":99,"column":7},"end":{"line":101,"column":1}},"loc":{"start":{"line":99,"column":7},"end":{"line":101,"column":1}},"line":99}},"f":{"0":11,"1":10,"2":13,"3":9,"4":18,"5":3}}
,"C:\\Users\\egorribun\\Documents\\university_ecosystem\\frontend\\src\\contexts\\ThemeContext.tsx": {"path":"C:\\Users\\egorribun\\Documents\\university_ecosystem\\frontend\\src\\contexts\\ThemeContext.tsx","all":false,"statementMap":{"0":{"start":{"line":1,"column":0},"end":{"line":1,"column":77}},"10":{"start":{"line":11,"column":0},"end":{"line":11,"column":75}},"12":{"start":{"line":13,"column":0},"end":{"line":13,"column":77}},"14":{"start":{"line":15,"column":0},"end":{"line":15,"column":35}},"15":{"start":{"line":16,"column":0},"end":{"line":16,"column":59}},"17":{"start":{"line":18,"column":0},"end":{"line":18,"column":38}},"18":{"start":{"line":19,"column":0},"end":{"line":19,"column":7}},"19":{"start":{"line":20,"column":0},"end":{"line":20,"column":47}},"20":{"start":{"line":21,"column":0},"end":{"line":21,"column":76}},"21":{"start":{"line":22,"column":0},"end":{"line":22,"column":11}},"22":{"start":{"line":23,"column":0},"end":{"line":23,"column":19}},"23":{"start":{"line":24,"column":0},"end":{"line":24,"column":3}},"24":{"start":{"line":25,"column":0},"end":{"line":25,"column":1}},"37":{"start":{"line":38,"column":0},"end":{"line":38,"column":42}},"38":{"start":{"line":39,"column":0},"end":{"line":39,"column":84}},"39":{"start":{"line":40,"column":0},"end":{"line":40,"column":47}},"40":{"start":{"line":41,"column":0},"end":{"line":41,"column":141}},"41":{"start":{"line":42,"column":0},"end":{"line":42,"column":1}},"43":{"start":{"line":44,"column":0},"end":{"line":44,"column":58}},"44":{"start":{"line":45,"column":0},"end":{"line":45,"column":45}},"45":{"start":{"line":46,"column":0},"end":{"line":46,"column":27}},"46":{"start":{"line":47,"column":0},"end":{"line":47,"column":29}},"47":{"start":{"line":48,"column":0},"end":{"line":48,"column":34}},"48":{"start":{"line":49,"column":0},"end":{"line":49,"column":11}},"49":{"start":{"line":50,"column":0},"end":{"line":50,"column":60}},"50":{"start":{"line":51,"column":0},"end":{"line":51,"column":15}},"51":{"start":{"line":52,"column":0},"end":{"line":52,"column":19}},"52":{"start":{"line":53,"column":0},"end":{"line":53,"column":7}},"53":{"start":{"line":54,"column":0},"end":{"line":54,"column":5}},"54":{"start":{"line":55,"column":0},"end":{"line":55,"column":3}},"55":{"start":{"line":56,"column":0},"end":{"line":56,"column":13}},"56":{"start":{"line":57,"column":0},"end":{"line":57,"column":1}},"58":{"start":{"line":59,"column":0},"end":{"line":59,"column":76}},"59":{"start":{"line":60,"column":0},"end":{"line":60,"column":65}},"61":{"start":{"line":62,"column":0},"end":{"line":62,"column":79}},"63":{"start":{"line":64,"column":0},"end":{"line":64,"column":19}},"64":{"start":{"line":65,"column":0},"end":{"line":65,"column":48}},"65":{"start":{"line":66,"column":0},"end":{"line":66,"column":37}},"67":{"start":{"line":68,"column":0},"end":{"line":68,"column":49}},"68":{"start":{"line":69,"column":0},"end":{"line":69,"column":44}},"69":{"start":{"line":70,"column":0},"end":{"line":70,"column":44}},"70":{"start":{"line":71,"column":0},"end":{"line":71,"column":27}},"71":{"start":{"line":72,"column":0},"end":{"line":72,"column":27}},"72":{"start":{"line":73,"column":0},"end":{"line":73,"column":34}},"73":{"start":{"line":74,"column":0},"end":{"line":74,"column":34}},"74":{"start":{"line":75,"column":0},"end":{"line":75,"column":25}},"75":{"start":{"line":76,"column":0},"end":{"line":76,"column":5}},"77":{"start":{"line":78,"column":0},"end":{"line":78,"column":29}},"78":{"start":{"line":79,"column":0},"end":{"line":79,"column":76}},"80":{"start":{"line":81,"column":0},"end":{"line":81,"column":23}},"81":{"start":{"line":82,"column":0},"end":{"line":82,"column":36}},"82":{"start":{"line":83,"column":0},"end":{"line":83,"column":59}},"83":{"start":{"line":84,"column":0},"end":{"line":84,"column":9}},"84":{"start":{"line":85,"column":0},"end":{"line":85,"column":22}},"85":{"start":{"line":86,"column":0},"end":{"line":86,"column":59}},"86":{"start":{"line":87,"column":0},"end":{"line":87,"column":75}},"87":{"start":{"line":88,"column":0},"end":{"line":88,"column":14}},"88":{"start":{"line":89,"column":0},"end":{"line":89,"column":27}},"89":{"start":{"line":90,"column":0},"end":{"line":90,"column":7}},"90":{"start":{"line":91,"column":0},"end":{"line":91,"column":12}},"91":{"start":{"line":92,"column":0},"end":{"line":92,"column":23}},"92":{"start":{"line":93,"column":0},"end":{"line":93,"column":5}},"93":{"start":{"line":94,"column":0},"end":{"line":94,"column":13}},"95":{"start":{"line":96,"column":0},"end":{"line":96,"column":34}},"96":{"start":{"line":97,"column":0},"end":{"line":97,"column":20}},"97":{"start":{"line":98,"column":0},"end":{"line":98,"column":9}},"98":{"start":{"line":99,"column":0},"end":{"line":99,"column":40}},"99":{"start":{"line":100,"column":0},"end":{"line":100,"column":13}},"101":{"start":{"line":102,"column":0},"end":{"line":102,"column":5}},"103":{"start":{"line":104,"column":0},"end":{"line":104,"column":21}},"104":{"start":{"line":105,"column":0},"end":{"line":105,"column":3}},"109":{"start":{"line":110,"column":0},"end":{"line":110,"column":19}},"110":{"start":{"line":111,"column":0},"end":{"line":111,"column":54}},"111":{"start":{"line":112,"column":0},"end":{"line":112,"column":27}},"112":{"start":{"line":113,"column":0},"end":{"line":113,"column":5}},"113":{"start":{"line":114,"column":0},"end":{"line":114,"column":13}},"115":{"start":{"line":116,"column":0},"end":{"line":116,"column":10}},"116":{"start":{"line":117,"column":0},"end":{"line":117,"column":70}},"117":{"start":{"line":118,"column":0},"end":{"line":118,"column":16}},"118":{"start":{"line":119,"column":0},"end":{"line":119,"column":28}},"120":{"start":{"line":121,"column":0},"end":{"line":121,"column":1}},"122":{"start":{"line":123,"column":0},"end":{"line":123,"column":28}},"123":{"start":{"line":124,"column":0},"end":{"line":124,"column":42}},"124":{"start":{"line":125,"column":0},"end":{"line":125,"column":30}},"125":{"start":{"line":126,"column":0},"end":{"line":126,"column":67}},"126":{"start":{"line":127,"column":0},"end":{"line":127,"column":3}},"127":{"start":{"line":128,"column":0},"end":{"line":128,"column":16}},"128":{"start":{"line":129,"column":0},"end":{"line":129,"column":1}}},"s":{"0":1,"10":1,"12":1,"14":1,"15":1,"17":1,"18":8,"19":8,"20":8,"21":8,"22":1,"23":1,"24":8,"37":1,"38":12,"39":12,"40":12,"41":12,"43":1,"44":12,"45":12,"46":12,"47":13,"48":5,"49":5,"50":5,"51":1,"52":1,"53":5,"54":13,"55":7,"56":7,"58":1,"59":19,"61":19,"63":19,"64":12,"65":12,"67":12,"68":13,"69":13,"70":13,"71":13,"72":13,"73":13,"74":13,"75":13,"77":12,"78":6,"80":6,"81":2,"82":3,"83":3,"84":2,"85":2,"86":2,"87":6,"88":4,"89":4,"90":6,"91":6,"92":6,"93":19,"95":19,"96":4,"97":4,"98":4,"99":4,"101":1,"103":4,"104":4,"109":19,"110":12,"111":8,"112":8,"113":19,"115":19,"116":19,"117":19,"118":19,"120":19,"122":1,"123":24,"124":24,"125":2,"126":2,"127":22,"128":22},"branchMap":{"0":{"type":"branch","line":18,"loc":{"start":{"line":18,"column":24},"end":{"line":25,"column":1}},"locations":[{"start":{"line":18,"column":24},"end":{"line":25,"column":1}}]},"1":{"type":"branch","line":21,"loc":{"start":{"line":21,"column":11},"end":{"line":21,"column":52}},"locations":[{"start":{"line":21,"column":11},"end":{"line":21,"column":52}}]},"2":{"type":"branch","line":21,"loc":{"start":{"line":21,"column":47},"end":{"line":21,"column":68}},"locations":[{"start":{"line":21,"column":47},"end":{"line":21,"column":68}}]},"3":{"type":"branch","line":21,"loc":{"start":{"line":21,"column":52},"end":{"line":21,"column":76}},"locations":[{"start":{"line":21,"column":52},"end":{"line":21,"column":76}}]},"4":{"type":"branch","line":22,"loc":{"start":{"line":22,"column":2},"end":{"line":24,"column":3}},"locations":[{"start":{"line":22,"column":2},"end":{"line":24,"column":3}}]},"5":{"type":"branch","line":38,"loc":{"start":{"line":38,"column":23},"end":{"line":42,"column":1}},"locations":[{"start":{"line":38,"column":23},"end":{"line":42,"column":1}}]},"6":{"type":"branch","line":40,"loc":{"start":{"line":40,"column":21},"end":{"line":40,"column":45}},"locations":[{"start":{"line":40,"column":21},"end":{"line":40,"column":45}}]},"7":{"type":"branch","line":40,"loc":{"start":{"line":40,"column":32},"end":{"line":40,"column":47}},"locations":[{"start":{"line":40,"column":32},"end":{"line":40,"column":47}}]},"8":{"type":"branch","line":44,"loc":{"start":{"line":44,"column":24},"end":{"line":57,"column":1}},"locations":[{"start":{"line":44,"column":24},"end":{"line":57,"column":1}}]},"9":{"type":"branch","line":47,"loc":{"start":{"line":47,"column":28},"end":{"line":55,"column":3}},"locations":[{"start":{"line":47,"column":28},"end":{"line":55,"column":3}}]},"10":{"type":"branch","line":48,"loc":{"start":{"line":48,"column":33},"end":{"line":54,"column":5}},"locations":[{"start":{"line":48,"column":33},"end":{"line":54,"column":5}}]},"11":{"type":"branch","line":51,"loc":{"start":{"line":51,"column":6},"end":{"line":53,"column":7}},"locations":[{"start":{"line":51,"column":6},"end":{"line":53,"column":7}}]},"12":{"type":"branch","line":55,"loc":{"start":{"line":55,"column":2},"end":{"line":57,"column":1}},"locations":[{"start":{"line":55,"column":2},"end":{"line":57,"column":1}}]},"13":{"type":"branch","line":59,"loc":{"start":{"line":59,"column":7},"end":{"line":121,"column":1}},"locations":[{"start":{"line":59,"column":7},"end":{"line":121,"column":1}}]},"14":{"type":"branch","line":64,"loc":{"start":{"line":64,"column":12},"end":{"line":94,"column":5}},"locations":[{"start":{"line":64,"column":12},"end":{"line":94,"column":5}}]},"15":{"type":"branch","line":78,"loc":{"start":{"line":78,"column":28},"end":{"line":93,"column":5}},"locations":[{"start":{"line":78,"column":28},"end":{"line":93,"column":5}}]},"16":{"type":"branch","line":81,"loc":{"start":{"line":81,"column":22},"end":{"line":88,"column":13}},"locations":[{"start":{"line":81,"column":22},"end":{"line":88,"column":13}}]},"17":{"type":"branch","line":88,"loc":{"start":{"line":88,"column":6},"end":{"line":90,"column":7}},"locations":[{"start":{"line":88,"column":6},"end":{"line":90,"column":7}}]},"18":{"type":"branch","line":68,"loc":{"start":{"line":68,"column":23},"end":{"line":76,"column":5}},"locations":[{"start":{"line":68,"column":23},"end":{"line":76,"column":5}}]},"19":{"type":"branch","line":82,"loc":{"start":{"line":82,"column":29},"end":{"line":84,"column":9}},"locations":[{"start":{"line":82,"column":29},"end":{"line":84,"column":9}}]},"20":{"type":"branch","line":83,"loc":{"start":{"line":83,"column":32},"end":{"line":83,"column":51}},"locations":[{"start":{"line":83,"column":32},"end":{"line":83,"column":51}}]},"21":{"type":"branch","line":83,"loc":{"start":{"line":83,"column":42},"end":{"line":83,"column":58}},"locations":[{"start":{"line":83,"column":42},"end":{"line":83,"column":58}}]},"22":{"type":"branch","line":87,"loc":{"start":{"line":87,"column":15},"end":{"line":87,"column":75}},"locations":[{"start":{"line":87,"column":15},"end":{"line":87,"column":75}}]},"23":{"type":"branch","line":96,"loc":{"start":{"line":96,"column":19},"end":{"line":105,"column":3}},"locations":[{"start":{"line":96,"column":19},"end":{"line":105,"column":3}}]},"24":{"type":"branch","line":100,"loc":{"start":{"line":100,"column":4},"end":{"line":102,"column":5}},"locations":[{"start":{"line":100,"column":4},"end":{"line":102,"column":5}}]},"25":{"type":"branch","line":110,"loc":{"start":{"line":110,"column":12},"end":{"line":114,"column":5}},"locations":[{"start":{"line":110,"column":12},"end":{"line":114,"column":5}}]},"26":{"type":"branch","line":111,"loc":{"start":{"line":111,"column":53},"end":{"line":113,"column":5}},"locations":[{"start":{"line":111,"column":53},"end":{"line":113,"column":5}}]},"27":{"type":"branch","line":123,"loc":{"start":{"line":123,"column":7},"end":{"line":129,"column":1}},"locations":[{"start":{"line":123,"column":7},"end":{"line":129,"column":1}}]},"28":{"type":"branch","line":125,"loc":{"start":{"line":125,"column":29},"end":{"line":127,"column":3}},"locations":[{"start":{"line":125,"column":29},"end":{"line":127,"column":3}}]},"29":{"type":"branch","line":127,"loc":{"start":{"line":127,"column":2},"end":{"line":129,"column":1}},"locations":[{"start":{"line":127,"column":2},"end":{"line":129,"column":1}}]}},"b":{"0":[8],"1":[6],"2":[5],"3":[2],"4":[1],"5":[12],"6":[2],"7":[10],"8":[12],"9":[13],"10":[5],"11":[1],"12":[7],"13":[19],"14":[12],"15":[6],"16":[2],"17":[4],"18":[13],"19":[3],"20":[1],"21":[2],"22":[2],"23":[4],"24":[1],"25":[12],"26":[8],"27":[24],"28":[2],"29":[22]},"fnMap":{"0":{"name":"readStoredTheme","decl":{"start":{"line":18,"column":24},"end":{"line":25,"column":1}},"loc":{"start":{"line":18,"column":24},"end":{"line":25,"column":1}},"line":18},"1":{"name":"setThemeCookie","decl":{"start":{"line":38,"column":23},"end":{"line":42,"column":1}},"loc":{"start":{"line":38,"column":23},"end":{"line":42,"column":1}},"line":38},"2":{"name":"readCookieValue","decl":{"start":{"line":44,"column":24},"end":{"line":57,"column":1}},"loc":{"start":{"line":44,"column":24},"end":{"line":57,"column":1}},"line":44},"3":{"name":"ThemeProvider","decl":{"start":{"line":59,"column":7},"end":{"line":121,"column":1}},"loc":{"start":{"line":59,"column":7},"end":{"line":121,"column":1}},"line":59},"4":{"name":"applyTheme","decl":{"start":{"line":68,"column":23},"end":{"line":76,"column":5}},"loc":{"start":{"line":68,"column":23},"end":{"line":76,"column":5}},"line":68},"5":{"name":"handleChange","decl":{"start":{"line":82,"column":29},"end":{"line":84,"column":9}},"loc":{"start":{"line":82,"column":29},"end":{"line":84,"column":9}},"line":82},"6":{"name":"setTheme","decl":{"start":{"line":96,"column":19},"end":{"line":105,"column":3}},"loc":{"start":{"line":96,"column":19},"end":{"line":105,"column":3}},"line":96},"7":{"name":"useTheme","decl":{"start":{"line":123,"column":7},"end":{"line":129,"column":1}},"loc":{"start":{"line":123,"column":7},"end":{"line":129,"column":1}},"line":123}},"f":{"0":8,"1":12,"2":12,"3":19,"4":13,"5":3,"6":4,"7":24}}
,"C:\\Users\\egorribun\\Documents\\university_ecosystem\\frontend\\src\\hooks\\useIsomorphicLayoutEffect.ts": {"path":"C:\\Users\\egorribun\\Documents\\university_ecosystem\\frontend\\src\\hooks\\useIsomorphicLayoutEffect.ts","all":false,"statementMap":{"0":{"start":{"line":1,"column":0},"end":{"line":1,"column":50}},"18":{"start":{"line":19,"column":0},"end":{"line":19,"column":100}}},"s":{"0":1,"18":1},"branchMap":{"0":{"type":"branch","line":19,"loc":{"start":{"line":19,"column":59},"end":{"line":19,"column":91}},"locations":[{"start":{"line":19,"column":59},"end":{"line":19,"column":91}}]},"1":{"type":"branch","line":19,"loc":{"start":{"line":19,"column":73},"end":{"line":19,"column":100}},"locations":[{"start":{"line":19,"column":73},"end":{"line":19,"column":100}}]}},"b":{"0":[1],"1":[1]},"fnMap":{},"f":{}}
,"C:\\Users\\egorribun\\Documents\\university_ecosystem\\frontend\\src\\hooks\\useScrollRestoration.ts": {"path":"C:\\Users\\egorribun\\Documents\\university_ecosystem\\frontend\\src\\hooks\\useScrollRestoration.ts","all":false,"statementMap":{"0":{"start":{"line":1,"column":0},"end":{"line":1,"column":52}},"1":{"start":{"line":2,"column":0},"end":{"line":2,"column":56}},"3":{"start":{"line":4,"column":0},"end":{"line":4,"column":73}},"13":{"start":{"line":14,"column":0},"end":{"line":14,"column":89}},"14":{"start":{"line":15,"column":0},"end":{"line":15,"column":9}},"15":{"start":{"line":16,"column":0},"end":{"line":16,"column":35}},"16":{"start":{"line":17,"column":0},"end":{"line":17,"column":23}},"17":{"start":{"line":18,"column":0},"end":{"line":18,"column":26}},"18":{"start":{"line":19,"column":0},"end":{"line":19,"column":19}},"20":{"start":{"line":21,"column":0},"end":{"line":21,"column":25}},"21":{"start":{"line":22,"column":0},"end":{"line":22,"column":27}},"22":{"start":{"line":23,"column":0},"end":{"line":23,"column":42}},"24":{"start":{"line":25,"column":0},"end":{"line":25,"column":34}},"25":{"start":{"line":26,"column":0},"end":{"line":26,"column":36}},"26":{"start":{"line":27,"column":0},"end":{"line":27,"column":33}},"27":{"start":{"line":28,"column":0},"end":{"line":28,"column":6}},"28":{"start":{"line":29,"column":0},"end":{"line":29,"column":23}},"29":{"start":{"line":30,"column":0},"end":{"line":30,"column":3}},"31":{"start":{"line":32,"column":0},"end":{"line":32,"column":50}},"32":{"start":{"line":33,"column":0},"end":{"line":33,"column":24}},"33":{"start":{"line":34,"column":0},"end":{"line":34,"column":26}},"35":{"start":{"line":36,"column":0},"end":{"line":36,"column":33}},"36":{"start":{"line":37,"column":0},"end":{"line":37,"column":25}},"37":{"start":{"line":38,"column":0},"end":{"line":38,"column":36}},"38":{"start":{"line":39,"column":0},"end":{"line":39,"column":53}},"39":{"start":{"line":40,"column":0},"end":{"line":40,"column":73}},"40":{"start":{"line":41,"column":0},"end":{"line":41,"column":7}},"41":{"start":{"line":42,"column":0},"end":{"line":42,"column":65}},"42":{"start":{"line":43,"column":0},"end":{"line":43,"column":6}},"43":{"start":{"line":44,"column":0},"end":{"line":44,"column":17}},"44":{"start":{"line":45,"column":0},"end":{"line":45,"column":3}},"46":{"start":{"line":47,"column":0},"end":{"line":47,"column":58}},"47":{"start":{"line":48,"column":0},"end":{"line":48,"column":1}}},"s":{"0":1,"1":1,"3":1,"13":6,"14":6,"15":6,"16":6,"17":6,"18":6,"20":6,"21":5,"22":6,"24":6,"25":6,"26":1,"27":1,"28":6,"29":6,"31":6,"32":1,"33":6,"35":6,"36":6,"37":4,"38":2,"39":2,"40":2,"41":2,"42":4,"43":6,"44":6,"46":6,"47":6},"branchMap":{"0":{"type":"branch","line":4,"loc":{"start":{"line":4,"column":22},"end":{"line":4,"column":73}},"locations":[{"start":{"line":4,"column":22},"end":{"line":4,"column":73}}]},"1":{"type":"branch","line":4,"loc":{"start":{"line":4,"column":65},"end":{"line":4,"column":73}},"locations":[{"start":{"line":4,"column":65},"end":{"line":4,"column":73}}]},"2":{"type":"branch","line":14,"loc":{"start":{"line":14,"column":0},"end":{"line":48,"column":1}},"locations":[{"start":{"line":14,"column":0},"end":{"line":48,"column":1}}]},"3":{"type":"branch","line":21,"loc":{"start":{"line":21,"column":18},"end":{"line":23,"column":5}},"locations":[{"start":{"line":21,"column":18},"end":{"line":23,"column":5}}]},"4":{"type":"branch","line":26,"loc":{"start":{"line":26,"column":4},"end":{"line":28,"column":6}},"locations":[{"start":{"line":26,"column":4},"end":{"line":28,"column":6}}]},"5":{"type":"branch","line":32,"loc":{"start":{"line":32,"column":43},"end":{"line":34,"column":5}},"locations":[{"start":{"line":32,"column":43},"end":{"line":34,"column":5}}]},"6":{"type":"branch","line":37,"loc":{"start":{"line":37,"column":4},"end":{"line":43,"column":6}},"locations":[{"start":{"line":37,"column":4},"end":{"line":43,"column":6}}]},"7":{"type":"branch","line":38,"loc":{"start":{"line":38,"column":35},"end":{"line":42,"column":65}},"locations":[{"start":{"line":38,"column":35},"end":{"line":42,"column":65}}]},"8":{"type":"branch","line":40,"loc":{"start":{"line":40,"column":30},"end":{"line":40,"column":73}},"locations":[{"start":{"line":40,"column":30},"end":{"line":40,"column":73}}]}},"b":{"0":[7],"1":[1],"2":[6],"3":[5],"4":[1],"5":[1],"6":[4],"7":[2],"8":[1]},"fnMap":{"0":{"name":"normalizePath","decl":{"start":{"line":4,"column":22},"end":{"line":4,"column":73}},"loc":{"start":{"line":4,"column":22},"end":{"line":4,"column":73}},"line":4},"1":{"name":"useScrollRestoration","decl":{"start":{"line":14,"column":0},"end":{"line":48,"column":1}},"loc":{"start":{"line":14,"column":0},"end":{"line":48,"column":1}},"line":14}},"f":{"0":7,"1":6}}
,"C:\\Users\\egorribun\\Documents\\university_ecosystem\\frontend\\src\\pages\\settings\\index.ts": {"path":"C:\\Users\\egorribun\\Documents\\university_ecosystem\\frontend\\src\\pages\\settings\\index.ts","all":false,"statementMap":{"5":{"start":{"line":6,"column":0},"end":{"line":6,"column":8}},"13":{"start":{"line":14,"column":0},"end":{"line":14,"column":70}}},"s":{"5":1,"13":1},"branchMap":{},"b":{},"fnMap":{},"f":{}}
,"C:\\Users\\egorribun\\Documents\\university_ecosystem\\frontend\\src\\pages\\settings\\sections\\AppearanceSection.tsx": {"path":"C:\\Users\\egorribun\\Documents\\university_ecosystem\\frontend\\src\\pages\\settings\\sections\\AppearanceSection.tsx","all":false,"statementMap":{"0":{"start":{"line":1,"column":0},"end":{"line":1,"column":53}},"1":{"start":{"line":2,"column":0},"end":{"line":2,"column":46}},"2":{"start":{"line":3,"column":0},"end":{"line":3,"column":49}},"4":{"start":{"line":5,"column":0},"end":{"line":5,"column":80}},"5":{"start":{"line":6,"column":0},"end":{"line":6,"column":50}},"7":{"start":{"line":8,"column":0},"end":{"line":8,"column":8}},"20":{"start":{"line":21,"column":0},"end":{"line":21,"column":65}},"21":{"start":{"line":22,"column":0},"end":{"line":22,"column":54}},"22":{"start":{"line":23,"column":0},"end":{"line":23,"column":80}},"23":{"start":{"line":24,"column":0},"end":{"line":24,"column":76}},"25":{"start":{"line":26,"column":0},"end":{"line":26,"column":40}},"26":{"start":{"line":27,"column":0},"end":{"line":27,"column":65}},"27":{"start":{"line":28,"column":0},"end":{"line":28,"column":34}},"28":{"start":{"line":29,"column":0},"end":{"line":29,"column":6}},"29":{"start":{"line":30,"column":0},"end":{"line":30,"column":14}},"30":{"start":{"line":31,"column":0},"end":{"line":31,"column":3}},"32":{"start":{"line":33,"column":0},"end":{"line":33,"column":43}},"33":{"start":{"line":34,"column":0},"end":{"line":34,"column":65}},"34":{"start":{"line":35,"column":0},"end":{"line":35,"column":45}},"35":{"start":{"line":36,"column":0},"end":{"line":36,"column":6}},"36":{"start":{"line":37,"column":0},"end":{"line":37,"column":17}},"37":{"start":{"line":38,"column":0},"end":{"line":38,"column":3}},"39":{"start":{"line":40,"column":0},"end":{"line":40,"column":82}},"40":{"start":{"line":41,"column":0},"end":{"line":41,"column":87}},"41":{"start":{"line":42,"column":0},"end":{"line":42,"column":86}},"42":{"start":{"line":43,"column":0},"end":{"line":43,"column":93}},"43":{"start":{"line":44,"column":0},"end":{"line":44,"column":3}},"45":{"start":{"line":46,"column":0},"end":{"line":46,"column":10}},"46":{"start":{"line":47,"column":0},"end":{"line":47,"column":89}},"47":{"start":{"line":48,"column":0},"end":{"line":48,"column":39}},"48":{"start":{"line":49,"column":0},"end":{"line":49,"column":50}},"49":{"start":{"line":50,"column":0},"end":{"line":50,"column":91}},"50":{"start":{"line":51,"column":0},"end":{"line":51,"column":96}},"51":{"start":{"line":52,"column":0},"end":{"line":52,"column":14}},"53":{"start":{"line":54,"column":0},"end":{"line":54,"column":62}},"54":{"start":{"line":55,"column":0},"end":{"line":55,"column":36}},"55":{"start":{"line":56,"column":0},"end":{"line":56,"column":29}},"56":{"start":{"line":57,"column":0},"end":{"line":57,"column":61}},"57":{"start":{"line":58,"column":0},"end":{"line":58,"column":67}},"59":{"start":{"line":60,"column":0},"end":{"line":60,"column":25}},"60":{"start":{"line":61,"column":0},"end":{"line":61,"column":31}},"61":{"start":{"line":62,"column":0},"end":{"line":62,"column":32}},"62":{"start":{"line":63,"column":0},"end":{"line":63,"column":47}},"63":{"start":{"line":64,"column":0},"end":{"line":64,"column":49}},"65":{"start":{"line":66,"column":0},"end":{"line":66,"column":51}},"66":{"start":{"line":67,"column":0},"end":{"line":67,"column":35}},"67":{"start":{"line":68,"column":0},"end":{"line":68,"column":30}},"68":{"start":{"line":69,"column":0},"end":{"line":69,"column":32}},"69":{"start":{"line":70,"column":0},"end":{"line":70,"column":29}},"70":{"start":{"line":71,"column":0},"end":{"line":71,"column":94}},"72":{"start":{"line":73,"column":0},"end":{"line":73,"column":77}},"73":{"start":{"line":74,"column":0},"end":{"line":74,"column":20}},"74":{"start":{"line":75,"column":0},"end":{"line":75,"column":19}},"75":{"start":{"line":76,"column":0},"end":{"line":76,"column":27}},"76":{"start":{"line":77,"column":0},"end":{"line":77,"column":31}},"77":{"start":{"line":78,"column":0},"end":{"line":78,"column":15}},"79":{"start":{"line":80,"column":0},"end":{"line":80,"column":36}},"80":{"start":{"line":81,"column":0},"end":{"line":81,"column":29}},"81":{"start":{"line":82,"column":0},"end":{"line":82,"column":58}},"82":{"start":{"line":83,"column":0},"end":{"line":83,"column":64}},"84":{"start":{"line":85,"column":0},"end":{"line":85,"column":25}},"85":{"start":{"line":86,"column":0},"end":{"line":86,"column":28}},"86":{"start":{"line":87,"column":0},"end":{"line":87,"column":29}},"87":{"start":{"line":88,"column":0},"end":{"line":88,"column":44}},"88":{"start":{"line":89,"column":0},"end":{"line":89,"column":49}},"90":{"start":{"line":91,"column":0},"end":{"line":91,"column":47}},"91":{"start":{"line":92,"column":0},"end":{"line":92,"column":35}},"92":{"start":{"line":93,"column":0},"end":{"line":93,"column":38}},"93":{"start":{"line":94,"column":0},"end":{"line":94,"column":40}},"94":{"start":{"line":95,"column":0},"end":{"line":95,"column":65}},"95":{"start":{"line":96,"column":0},"end":{"line":96,"column":27}},"96":{"start":{"line":97,"column":0},"end":{"line":97,"column":64}},"97":{"start":{"line":98,"column":0},"end":{"line":98,"column":59}},"98":{"start":{"line":99,"column":0},"end":{"line":99,"column":38}},"99":{"start":{"line":100,"column":0},"end":{"line":100,"column":29}},"101":{"start":{"line":102,"column":0},"end":{"line":102,"column":20}},"102":{"start":{"line":103,"column":0},"end":{"line":103,"column":19}},"103":{"start":{"line":104,"column":0},"end":{"line":104,"column":27}},"104":{"start":{"line":105,"column":0},"end":{"line":105,"column":38}},"105":{"start":{"line":106,"column":0},"end":{"line":106,"column":60}},"106":{"start":{"line":107,"column":0},"end":{"line":107,"column":62}},"107":{"start":{"line":108,"column":0},"end":{"line":108,"column":93}},"108":{"start":{"line":109,"column":0},"end":{"line":109,"column":21}},"109":{"start":{"line":110,"column":0},"end":{"line":110,"column":20}},"111":{"start":{"line":112,"column":0},"end":{"line":112,"column":31}},"112":{"start":{"line":113,"column":0},"end":{"line":113,"column":15}},"113":{"start":{"line":114,"column":0},"end":{"line":114,"column":13}},"114":{"start":{"line":115,"column":0},"end":{"line":115,"column":20}},"115":{"start":{"line":116,"column":0},"end":{"line":116,"column":10}},"117":{"start":{"line":118,"column":0},"end":{"line":118,"column":1}}},"s":{"0":1,"1":1,"2":1,"4":1,"5":1,"7":1,"20":1,"21":7,"22":7,"23":7,"25":7,"26":7,"27":1,"28":1,"29":7,"30":7,"32":7,"33":7,"34":1,"35":1,"36":7,"37":7,"39":7,"40":7,"41":7,"42":7,"43":7,"45":7,"46":7,"47":7,"48":7,"49":7,"50":7,"51":7,"53":7,"54":7,"55":7,"56":7,"57":7,"59":7,"60":7,"61":7,"62":7,"63":7,"65":7,"66":14,"67":14,"68":14,"69":14,"70":14,"72":14,"73":14,"74":7,"75":7,"76":7,"77":7,"79":7,"80":7,"81":7,"82":7,"84":7,"85":7,"86":7,"87":7,"88":7,"90":7,"91":21,"92":21,"93":21,"94":21,"95":21,"96":21,"97":21,"98":21,"99":21,"101":21,"102":7,"103":7,"104":7,"105":2,"106":2,"107":2,"108":2,"109":2,"111":7,"112":7,"113":7,"114":7,"115":7,"117":7},"branchMap":{"0":{"type":"branch","line":21,"loc":{"start":{"line":21,"column":7},"end":{"line":118,"column":1}},"locations":[{"start":{"line":21,"column":7},"end":{"line":118,"column":1}}]},"1":{"type":"branch","line":105,"loc":{"start":{"line":105,"column":25},"end":{"line":110,"column":20}},"locations":[{"start":{"line":105,"column":25},"end":{"line":110,"column":20}}]},"2":{"type":"branch","line":27,"loc":{"start":{"line":27,"column":4},"end":{"line":29,"column":6}},"locations":[{"start":{"line":27,"column":4},"end":{"line":29,"column":6}}]},"3":{"type":"branch","line":34,"loc":{"start":{"line":34,"column":4},"end":{"line":36,"column":6}},"locations":[{"start":{"line":34,"column":4},"end":{"line":36,"column":6}}]},"4":{"type":"branch","line":66,"loc":{"start":{"line":66,"column":40},"end":{"line":74,"column":20}},"locations":[{"start":{"line":66,"column":40},"end":{"line":74,"column":20}}]},"5":{"type":"branch","line":91,"loc":{"start":{"line":91,"column":34},"end":{"line":102,"column":20}},"locations":[{"start":{"line":91,"column":34},"end":{"line":102,"column":20}}]}},"b":{"0":[7],"1":[2],"2":[1],"3":[1],"4":[14],"5":[21]},"fnMap":{"0":{"name":"AppearanceSection","decl":{"start":{"line":21,"column":7},"end":{"line":118,"column":1}},"loc":{"start":{"line":21,"column":7},"end":{"line":118,"column":1}},"line":21}},"f":{"0":7}}
,"C:\\Users\\egorribun\\Documents\\university_ecosystem\\frontend\\src\\sw\\media.ts": {"path":"C:\\Users\\egorribun\\Documents\\university_ecosystem\\frontend\\src\\sw\\media.ts","all":false,"statementMap":{"3":{"start":{"line":4,"column":0},"end":{"line":4,"column":68}},"4":{"start":{"line":5,"column":0},"end":{"line":5,"column":53}},"5":{"start":{"line":6,"column":0},"end":{"line":6,"column":47}},"6":{"start":{"line":7,"column":0},"end":{"line":7,"column":69}},"8":{"start":{"line":9,"column":0},"end":{"line":9,"column":38}},"10":{"start":{"line":11,"column":0},"end":{"line":11,"column":45}},"11":{"start":{"line":12,"column":0},"end":{"line":12,"column":35}},"16":{"start":{"line":17,"column":0},"end":{"line":17,"column":87}},"17":{"start":{"line":18,"column":0},"end":{"line":18,"column":71}},"18":{"start":{"line":19,"column":0},"end":{"line":19,"column":38}},"21":{"start":{"line":22,"column":0},"end":{"line":22,"column":58}},"22":{"start":{"line":23,"column":0},"end":{"line":23,"column":54}},"23":{"start":{"line":24,"column":0},"end":{"line":24,"column":37}},"26":{"start":{"line":27,"column":0},"end":{"line":27,"column":20}},"27":{"start":{"line":28,"column":0},"end":{"line":28,"column":68}},"28":{"start":{"line":29,"column":0},"end":{"line":29,"column":50}},"29":{"start":{"line":30,"column":0},"end":{"line":30,"column":67}},"30":{"start":{"line":31,"column":0},"end":{"line":31,"column":60}},"31":{"start":{"line":32,"column":0},"end":{"line":32,"column":43}},"32":{"start":{"line":33,"column":0},"end":{"line":33,"column":5}},"33":{"start":{"line":34,"column":0},"end":{"line":34,"column":3}},"36":{"start":{"line":37,"column":0},"end":{"line":37,"column":39}},"37":{"start":{"line":38,"column":0},"end":{"line":38,"column":35}},"39":{"start":{"line":40,"column":0},"end":{"line":40,"column":72}},"40":{"start":{"line":41,"column":0},"end":{"line":41,"column":66}},"41":{"start":{"line":42,"column":0},"end":{"line":42,"column":62}},"43":{"start":{"line":44,"column":0},"end":{"line":44,"column":17}},"44":{"start":{"line":45,"column":0},"end":{"line":45,"column":52}},"45":{"start":{"line":46,"column":0},"end":{"line":46,"column":63}},"46":{"start":{"line":47,"column":0},"end":{"line":47,"column":88}},"47":{"start":{"line":48,"column":0},"end":{"line":48,"column":53}},"48":{"start":{"line":49,"column":0},"end":{"line":49,"column":3}},"50":{"start":{"line":51,"column":0},"end":{"line":51,"column":17}},"51":{"start":{"line":52,"column":0},"end":{"line":52,"column":1}},"56":{"start":{"line":57,"column":0},"end":{"line":57,"column":36}},"58":{"start":{"line":59,"column":0},"end":{"line":59,"column":16}},"59":{"start":{"line":60,"column":0},"end":{"line":60,"column":53}},"60":{"start":{"line":61,"column":0},"end":{"line":61,"column":30}},"61":{"start":{"line":62,"column":0},"end":{"line":62,"column":40}},"62":{"start":{"line":63,"column":0},"end":{"line":63,"column":16}},"63":{"start":{"line":64,"column":0},"end":{"line":64,"column":30}},"64":{"start":{"line":65,"column":0},"end":{"line":65,"column":26}},"65":{"start":{"line":66,"column":0},"end":{"line":66,"column":52}},"66":{"start":{"line":67,"column":0},"end":{"line":67,"column":11}},"67":{"start":{"line":68,"column":0},"end":{"line":68,"column":8}},"68":{"start":{"line":69,"column":0},"end":{"line":69,"column":6}},"69":{"start":{"line":70,"column":0},"end":{"line":70,"column":3}},"72":{"start":{"line":73,"column":0},"end":{"line":73,"column":16}},"73":{"start":{"line":74,"column":0},"end":{"line":74,"column":53}},"74":{"start":{"line":75,"column":0},"end":{"line":75,"column":20}},"75":{"start":{"line":76,"column":0},"end":{"line":76,"column":31}},"76":{"start":{"line":77,"column":0},"end":{"line":77,"column":16}},"77":{"start":{"line":78,"column":0},"end":{"line":78,"column":37}},"78":{"start":{"line":79,"column":0},"end":{"line":79,"column":29}},"79":{"start":{"line":80,"column":0},"end":{"line":80,"column":11}},"80":{"start":{"line":81,"column":0},"end":{"line":81,"column":30}},"81":{"start":{"line":82,"column":0},"end":{"line":82,"column":26}},"82":{"start":{"line":83,"column":0},"end":{"line":83,"column":54}},"83":{"start":{"line":84,"column":0},"end":{"line":84,"column":11}},"84":{"start":{"line":85,"column":0},"end":{"line":85,"column":8}},"85":{"start":{"line":86,"column":0},"end":{"line":86,"column":6}},"86":{"start":{"line":87,"column":0},"end":{"line":87,"column":3}},"89":{"start":{"line":90,"column":0},"end":{"line":90,"column":16}},"90":{"start":{"line":91,"column":0},"end":{"line":91,"column":50}},"91":{"start":{"line":92,"column":0},"end":{"line":92,"column":48}},"92":{"start":{"line":93,"column":0},"end":{"line":93,"column":3}},"93":{"start":{"line":94,"column":0},"end":{"line":94,"column":1}}},"s":{"3":1,"4":1,"5":1,"6":1,"8":1,"10":1,"11":1,"16":14,"17":14,"18":14,"21":14,"22":14,"23":14,"26":14,"27":6,"28":6,"29":2,"30":2,"31":2,"32":2,"33":6,"36":8,"37":14,"39":6,"40":14,"41":14,"43":14,"44":4,"45":14,"46":2,"47":2,"48":2,"50":6,"51":6,"56":1,"58":24,"59":24,"60":24,"61":24,"62":24,"63":24,"64":24,"65":24,"66":24,"67":24,"68":24,"69":24,"72":24,"73":24,"74":24,"75":24,"76":24,"77":24,"78":24,"79":24,"80":24,"81":24,"82":24,"83":24,"84":24,"85":24,"86":24,"89":24,"90":24,"91":24,"92":24,"93":24},"branchMap":{"0":{"type":"branch","line":17,"loc":{"start":{"line":17,"column":0},"end":{"line":52,"column":1}},"locations":[{"start":{"line":17,"column":0},"end":{"line":52,"column":1}}]},"1":{"type":"branch","line":18,"loc":{"start":{"line":18,"column":35},"end":{"line":18,"column":53}},"locations":[{"start":{"line":18,"column":35},"end":{"line":18,"column":53}}]},"2":{"type":"branch","line":18,"loc":{"start":{"line":18,"column":45},"end":{"line":18,"column":71}},"locations":[{"start":{"line":18,"column":45},"end":{"line":18,"column":71}}]},"3":{"type":"branch","line":24,"loc":{"start":{"line":24,"column":19},"end":{"line":24,"column":37}},"locations":[{"start":{"line":24,"column":19},"end":{"line":24,"column":37}}]},"4":{"type":"branch","line":24,"loc":{"start":{"line":24,"column":26},"end":{"line":27,"column":19}},"locations":[{"start":{"line":24,"column":26},"end":{"line":27,"column":19}}]},"5":{"type":"branch","line":27,"loc":{"start":{"line":27,"column":19},"end":{"line":37,"column":39}},"locations":[{"start":{"line":27,"column":19},"end":{"line":37,"column":39}}]},"6":{"type":"branch","line":27,"loc":{"start":{"line":27,"column":19},"end":{"line":34,"column":3}},"locations":[{"start":{"line":27,"column":19},"end":{"line":34,"column":3}}]},"7":{"type":"branch","line":29,"loc":{"start":{"line":29,"column":49},"end":{"line":33,"column":5}},"locations":[{"start":{"line":29,"column":49},"end":{"line":33,"column":5}}]},"8":{"type":"branch","line":34,"loc":{"start":{"line":34,"column":2},"end":{"line":37,"column":39}},"locations":[{"start":{"line":34,"column":2},"end":{"line":37,"column":39}}]},"9":{"type":"branch","line":37,"loc":{"start":{"line":37,"column":38},"end":{"line":38,"column":27}},"locations":[{"start":{"line":37,"column":38},"end":{"line":38,"column":27}}]},"10":{"type":"branch","line":38,"loc":{"start":{"line":38,"column":20},"end":{"line":38,"column":35}},"locations":[{"start":{"line":38,"column":20},"end":{"line":38,"column":35}}]},"11":{"type":"branch","line":38,"loc":{"start":{"line":38,"column":27},"end":{"line":41,"column":64}},"locations":[{"start":{"line":38,"column":27},"end":{"line":41,"column":64}}]},"12":{"type":"branch","line":41,"loc":{"start":{"line":41,"column":59},"end":{"line":41,"column":66}},"locations":[{"start":{"line":41,"column":59},"end":{"line":41,"column":66}}]},"13":{"type":"branch","line":42,"loc":{"start":{"line":42,"column":49},"end":{"line":42,"column":62}},"locations":[{"start":{"line":42,"column":49},"end":{"line":42,"column":62}}]},"14":{"type":"branch","line":44,"loc":{"start":{"line":44,"column":16},"end":{"line":46,"column":13}},"locations":[{"start":{"line":44,"column":16},"end":{"line":46,"column":13}}]},"15":{"type":"branch","line":46,"loc":{"start":{"line":46,"column":2},"end":{"line":49,"column":3}},"locations":[{"start":{"line":46,"column":2},"end":{"line":49,"column":3}}]},"16":{"type":"branch","line":49,"loc":{"start":{"line":49,"column":2},"end":{"line":52,"column":1}},"locations":[{"start":{"line":49,"column":2},"end":{"line":52,"column":1}}]},"17":{"type":"branch","line":57,"loc":{"start":{"line":57,"column":7},"end":{"line":94,"column":1}},"locations":[{"start":{"line":57,"column":7},"end":{"line":94,"column":1}}]},"18":{"type":"branch","line":60,"loc":{"start":{"line":60,"column":4},"end":{"line":60,"column":53}},"locations":[{"start":{"line":60,"column":4},"end":{"line":60,"column":53}}]},"19":{"type":"branch","line":74,"loc":{"start":{"line":74,"column":4},"end":{"line":74,"column":53}},"locations":[{"start":{"line":74,"column":4},"end":{"line":74,"column":53}}]},"20":{"type":"branch","line":91,"loc":{"start":{"line":91,"column":4},"end":{"line":91,"column":50}},"locations":[{"start":{"line":91,"column":4},"end":{"line":91,"column":50}}]},"21":{"type":"branch","line":92,"loc":{"start":{"line":92,"column":4},"end":{"line":92,"column":48}},"locations":[{"start":{"line":92,"column":4},"end":{"line":92,"column":48}}]}},"b":{"0":[14],"1":[2],"2":[12],"3":[4],"4":[10],"5":[11],"6":[6],"7":[2],"8":[8],"9":[7],"10":[1],"11":[6],"12":[2],"13":[4],"14":[4],"15":[2],"16":[6],"17":[24],"18":[1],"19":[1],"20":[2],"21":[1]},"fnMap":{"0":{"name":"handleMediaRequest","decl":{"start":{"line":17,"column":0},"end":{"line":52,"column":1}},"loc":{"start":{"line":17,"column":0},"end":{"line":52,"column":1}},"line":17},"1":{"name":"initMediaCaching","decl":{"start":{"line":57,"column":7},"end":{"line":94,"column":1}},"loc":{"start":{"line":57,"column":7},"end":{"line":94,"column":1}},"line":57},"2":{"name":"__vite_ssr_import_3__.StaleWhileRevalidate.cacheName","decl":{"start":{"line":60,"column":4},"end":{"line":60,"column":53}},"loc":{"start":{"line":60,"column":4},"end":{"line":60,"column":53}},"line":60},"3":{"name":"__vite_ssr_import_3__.CacheFirst.cacheName","decl":{"start":{"line":74,"column":4},"end":{"line":74,"column":53}},"loc":{"start":{"line":74,"column":4},"end":{"line":74,"column":53}},"line":74},"4":{"name":"request.request","decl":{"start":{"line":91,"column":4},"end":{"line":91,"column":50}},"loc":{"start":{"line":91,"column":4},"end":{"line":91,"column":50}},"line":91}},"f":{"0":14,"1":24,"2":1,"3":1,"4":2}}
,"C:\\Users\\egorribun\\Documents\\university_ecosystem\\frontend\\src\\sw\\offline.ts": {"path":"C:\\Users\\egorribun\\Documents\\university_ecosystem\\frontend\\src\\sw\\offline.ts","all":false,"statementMap":{"3":{"start":{"line":4,"column":0},"end":{"line":4,"column":47}},"4":{"start":{"line":5,"column":0},"end":{"line":5,"column":36}},"6":{"start":{"line":7,"column":0},"end":{"line":7,"column":49}},"7":{"start":{"line":8,"column":0},"end":{"line":8,"column":20}},"9":{"start":{"line":10,"column":0},"end":{"line":10,"column":23}},"10":{"start":{"line":11,"column":0},"end":{"line":11,"column":36}},"11":{"start":{"line":12,"column":0},"end":{"line":12,"column":28}},"12":{"start":{"line":13,"column":0},"end":{"line":13,"column":48}},"13":{"start":{"line":14,"column":0},"end":{"line":14,"column":32}},"14":{"start":{"line":15,"column":0},"end":{"line":15,"column":10}},"34":{"start":{"line":35,"column":0},"end":{"line":35,"column":30}},"35":{"start":{"line":36,"column":0},"end":{"line":36,"column":44}},"36":{"start":{"line":37,"column":0},"end":{"line":37,"column":55}},"37":{"start":{"line":38,"column":0},"end":{"line":38,"column":61}},"38":{"start":{"line":39,"column":0},"end":{"line":39,"column":87}},"39":{"start":{"line":40,"column":0},"end":{"line":40,"column":7}},"40":{"start":{"line":41,"column":0},"end":{"line":41,"column":57}},"41":{"start":{"line":42,"column":0},"end":{"line":42,"column":65}},"42":{"start":{"line":43,"column":0},"end":{"line":43,"column":24}},"43":{"start":{"line":44,"column":0},"end":{"line":44,"column":30}},"44":{"start":{"line":45,"column":0},"end":{"line":45,"column":10}},"46":{"start":{"line":47,"column":0},"end":{"line":47,"column":76}},"47":{"start":{"line":48,"column":0},"end":{"line":48,"column":34}},"51":{"start":{"line":52,"column":0},"end":{"line":52,"column":60}},"52":{"start":{"line":53,"column":0},"end":{"line":53,"column":54}},"53":{"start":{"line":54,"column":0},"end":{"line":54,"column":72}},"54":{"start":{"line":55,"column":0},"end":{"line":55,"column":9}},"55":{"start":{"line":56,"column":0},"end":{"line":56,"column":7}},"56":{"start":{"line":57,"column":0},"end":{"line":57,"column":67}},"57":{"start":{"line":58,"column":0},"end":{"line":58,"column":93}},"58":{"start":{"line":59,"column":0},"end":{"line":59,"column":7}},"59":{"start":{"line":60,"column":0},"end":{"line":60,"column":59}},"60":{"start":{"line":61,"column":0},"end":{"line":61,"column":69}},"61":{"start":{"line":62,"column":0},"end":{"line":62,"column":24}},"62":{"start":{"line":63,"column":0},"end":{"line":63,"column":30}},"63":{"start":{"line":64,"column":0},"end":{"line":64,"column":10}},"64":{"start":{"line":65,"column":0},"end":{"line":65,"column":79}},"65":{"start":{"line":66,"column":0},"end":{"line":66,"column":76}},"66":{"start":{"line":67,"column":0},"end":{"line":67,"column":78}},"67":{"start":{"line":68,"column":0},"end":{"line":68,"column":7}},"68":{"start":{"line":69,"column":0},"end":{"line":69,"column":6}},"69":{"start":{"line":70,"column":0},"end":{"line":70,"column":4}},"70":{"start":{"line":71,"column":0},"end":{"line":71,"column":1}},"78":{"start":{"line":79,"column":0},"end":{"line":79,"column":58}},"79":{"start":{"line":80,"column":0},"end":{"line":80,"column":84}},"80":{"start":{"line":81,"column":0},"end":{"line":81,"column":40}},"81":{"start":{"line":82,"column":0},"end":{"line":82,"column":48}},"82":{"start":{"line":83,"column":0},"end":{"line":83,"column":13}},"83":{"start":{"line":84,"column":0},"end":{"line":84,"column":1}},"88":{"start":{"line":89,"column":0},"end":{"line":89,"column":42}},"89":{"start":{"line":90,"column":0},"end":{"line":90,"column":21}},"90":{"start":{"line":91,"column":0},"end":{"line":91,"column":1}},"92":{"start":{"line":93,"column":0},"end":{"line":93,"column":30}},"93":{"start":{"line":94,"column":0},"end":{"line":94,"column":40}},"94":{"start":{"line":95,"column":0},"end":{"line":95,"column":1}},"96":{"start":{"line":97,"column":0},"end":{"line":97,"column":80}},"97":{"start":{"line":98,"column":0},"end":{"line":98,"column":32}},"98":{"start":{"line":99,"column":0},"end":{"line":99,"column":33}},"99":{"start":{"line":100,"column":0},"end":{"line":100,"column":1}},"101":{"start":{"line":102,"column":0},"end":{"line":102,"column":90}},"102":{"start":{"line":103,"column":0},"end":{"line":103,"column":45}},"103":{"start":{"line":104,"column":0},"end":{"line":104,"column":1}},"105":{"start":{"line":106,"column":0},"end":{"line":106,"column":48}},"106":{"start":{"line":107,"column":0},"end":{"line":107,"column":32}},"107":{"start":{"line":108,"column":0},"end":{"line":108,"column":37}},"108":{"start":{"line":109,"column":0},"end":{"line":109,"column":1}},"110":{"start":{"line":111,"column":0},"end":{"line":111,"column":50}},"116":{"start":{"line":117,"column":0},"end":{"line":117,"column":4}},"117":{"start":{"line":118,"column":0},"end":{"line":118,"column":56}},"118":{"start":{"line":119,"column":0},"end":{"line":119,"column":60}},"120":{"start":{"line":121,"column":0},"end":{"line":121,"column":43}},"124":{"start":{"line":125,"column":0},"end":{"line":125,"column":96}},"125":{"start":{"line":126,"column":0},"end":{"line":126,"column":34}},"126":{"start":{"line":127,"column":0},"end":{"line":127,"column":84}},"127":{"start":{"line":128,"column":0},"end":{"line":128,"column":30}},"128":{"start":{"line":129,"column":0},"end":{"line":129,"column":37}},"129":{"start":{"line":130,"column":0},"end":{"line":130,"column":5}},"130":{"start":{"line":131,"column":0},"end":{"line":131,"column":66}},"131":{"start":{"line":132,"column":0},"end":{"line":132,"column":3}},"135":{"start":{"line":136,"column":0},"end":{"line":136,"column":44}},"136":{"start":{"line":137,"column":0},"end":{"line":137,"column":72}},"137":{"start":{"line":138,"column":0},"end":{"line":138,"column":1}},"139":{"start":{"line":140,"column":0},"end":{"line":140,"column":44}},"140":{"start":{"line":141,"column":0},"end":{"line":141,"column":32}},"141":{"start":{"line":142,"column":0},"end":{"line":142,"column":33}},"142":{"start":{"line":143,"column":0},"end":{"line":143,"column":1}},"145":{"start":{"line":146,"column":0},"end":{"line":146,"column":79}},"147":{"start":{"line":148,"column":0},"end":{"line":148,"column":29}},"149":{"start":{"line":150,"column":0},"end":{"line":150,"column":28}},"151":{"start":{"line":152,"column":0},"end":{"line":152,"column":78}},"152":{"start":{"line":153,"column":0},"end":{"line":153,"column":55}},"153":{"start":{"line":154,"column":0},"end":{"line":154,"column":61}},"155":{"start":{"line":156,"column":0},"end":{"line":156,"column":31}},"157":{"start":{"line":158,"column":0},"end":{"line":158,"column":100}},"158":{"start":{"line":159,"column":0},"end":{"line":159,"column":3}},"160":{"start":{"line":161,"column":0},"end":{"line":161,"column":61}},"161":{"start":{"line":162,"column":0},"end":{"line":162,"column":51}},"165":{"start":{"line":166,"column":0},"end":{"line":166,"column":42}},"166":{"start":{"line":167,"column":0},"end":{"line":167,"column":47}},"167":{"start":{"line":168,"column":0},"end":{"line":168,"column":27}},"168":{"start":{"line":169,"column":0},"end":{"line":169,"column":43}},"169":{"start":{"line":170,"column":0},"end":{"line":170,"column":56}},"170":{"start":{"line":171,"column":0},"end":{"line":171,"column":3}},"171":{"start":{"line":172,"column":0},"end":{"line":172,"column":15}},"172":{"start":{"line":173,"column":0},"end":{"line":173,"column":1}},"174":{"start":{"line":175,"column":0},"end":{"line":175,"column":43}},"175":{"start":{"line":176,"column":0},"end":{"line":176,"column":15}},"180":{"start":{"line":181,"column":0},"end":{"line":181,"column":3}},"181":{"start":{"line":182,"column":0},"end":{"line":182,"column":45}},"182":{"start":{"line":183,"column":0},"end":{"line":183,"column":15}},"183":{"start":{"line":184,"column":0},"end":{"line":184,"column":26}},"184":{"start":{"line":185,"column":0},"end":{"line":185,"column":57}},"185":{"start":{"line":186,"column":0},"end":{"line":186,"column":29}},"186":{"start":{"line":187,"column":0},"end":{"line":187,"column":46}},"187":{"start":{"line":188,"column":0},"end":{"line":188,"column":20}},"188":{"start":{"line":189,"column":0},"end":{"line":189,"column":36}},"189":{"start":{"line":190,"column":0},"end":{"line":190,"column":51}},"190":{"start":{"line":191,"column":0},"end":{"line":191,"column":28}},"191":{"start":{"line":192,"column":0},"end":{"line":192,"column":46}},"192":{"start":{"line":193,"column":0},"end":{"line":193,"column":19}},"193":{"start":{"line":194,"column":0},"end":{"line":194,"column":30}},"194":{"start":{"line":195,"column":0},"end":{"line":195,"column":57}},"195":{"start":{"line":196,"column":0},"end":{"line":196,"column":29}},"196":{"start":{"line":197,"column":0},"end":{"line":197,"column":46}},"197":{"start":{"line":198,"column":0},"end":{"line":198,"column":39}},"198":{"start":{"line":199,"column":0},"end":{"line":199,"column":43}},"199":{"start":{"line":200,"column":0},"end":{"line":200,"column":3}},"200":{"start":{"line":201,"column":0},"end":{"line":201,"column":47}},"201":{"start":{"line":202,"column":0},"end":{"line":202,"column":1}},"203":{"start":{"line":204,"column":0},"end":{"line":204,"column":46}},"204":{"start":{"line":205,"column":0},"end":{"line":205,"column":32}},"205":{"start":{"line":206,"column":0},"end":{"line":206,"column":35}},"206":{"start":{"line":207,"column":0},"end":{"line":207,"column":1}},"208":{"start":{"line":209,"column":0},"end":{"line":209,"column":49}},"209":{"start":{"line":210,"column":0},"end":{"line":210,"column":25}},"210":{"start":{"line":211,"column":0},"end":{"line":211,"column":32}},"211":{"start":{"line":212,"column":0},"end":{"line":212,"column":79}},"212":{"start":{"line":213,"column":0},"end":{"line":213,"column":41}},"214":{"start":{"line":215,"column":0},"end":{"line":215,"column":51}},"216":{"start":{"line":217,"column":0},"end":{"line":217,"column":19}},"217":{"start":{"line":218,"column":0},"end":{"line":218,"column":43}},"218":{"start":{"line":219,"column":0},"end":{"line":219,"column":61}},"219":{"start":{"line":220,"column":0},"end":{"line":220,"column":12}},"220":{"start":{"line":221,"column":0},"end":{"line":221,"column":45}},"221":{"start":{"line":222,"column":0},"end":{"line":222,"column":67}},"222":{"start":{"line":223,"column":0},"end":{"line":223,"column":11}},"223":{"start":{"line":224,"column":0},"end":{"line":224,"column":34}},"224":{"start":{"line":225,"column":0},"end":{"line":225,"column":15}},"226":{"start":{"line":227,"column":0},"end":{"line":227,"column":7}},"227":{"start":{"line":228,"column":0},"end":{"line":228,"column":5}},"228":{"start":{"line":229,"column":0},"end":{"line":229,"column":3}},"230":{"start":{"line":231,"column":0},"end":{"line":231,"column":33}},"231":{"start":{"line":232,"column":0},"end":{"line":232,"column":33}},"232":{"start":{"line":233,"column":0},"end":{"line":233,"column":64}},"233":{"start":{"line":234,"column":0},"end":{"line":234,"column":64}},"234":{"start":{"line":235,"column":0},"end":{"line":235,"column":68}},"235":{"start":{"line":236,"column":0},"end":{"line":236,"column":14}},"236":{"start":{"line":237,"column":0},"end":{"line":237,"column":5}},"238":{"start":{"line":239,"column":0},"end":{"line":239,"column":9}},"239":{"start":{"line":240,"column":0},"end":{"line":240,"column":48}},"240":{"start":{"line":241,"column":0},"end":{"line":241,"column":30}},"241":{"start":{"line":242,"column":0},"end":{"line":242,"column":18}},"242":{"start":{"line":243,"column":0},"end":{"line":243,"column":45}},"243":{"start":{"line":244,"column":0},"end":{"line":244,"column":51}},"244":{"start":{"line":245,"column":0},"end":{"line":245,"column":36}},"245":{"start":{"line":246,"column":0},"end":{"line":246,"column":10}},"246":{"start":{"line":247,"column":0},"end":{"line":247,"column":74}},"247":{"start":{"line":248,"column":0},"end":{"line":248,"column":44}},"248":{"start":{"line":249,"column":0},"end":{"line":249,"column":8}},"250":{"start":{"line":251,"column":0},"end":{"line":251,"column":24}},"251":{"start":{"line":252,"column":0},"end":{"line":252,"column":66}},"252":{"start":{"line":253,"column":0},"end":{"line":253,"column":60}},"253":{"start":{"line":254,"column":0},"end":{"line":254,"column":94}},"254":{"start":{"line":255,"column":0},"end":{"line":255,"column":82}},"255":{"start":{"line":256,"column":0},"end":{"line":256,"column":66}},"256":{"start":{"line":257,"column":0},"end":{"line":257,"column":87}},"257":{"start":{"line":258,"column":0},"end":{"line":258,"column":14}},"258":{"start":{"line":259,"column":0},"end":{"line":259,"column":30}},"259":{"start":{"line":260,"column":0},"end":{"line":260,"column":45}},"260":{"start":{"line":261,"column":0},"end":{"line":261,"column":7}},"261":{"start":{"line":262,"column":0},"end":{"line":262,"column":20}},"262":{"start":{"line":263,"column":0},"end":{"line":263,"column":28}},"263":{"start":{"line":264,"column":0},"end":{"line":264,"column":43}},"264":{"start":{"line":265,"column":0},"end":{"line":265,"column":5}},"265":{"start":{"line":266,"column":0},"end":{"line":266,"column":3}},"266":{"start":{"line":267,"column":0},"end":{"line":267,"column":1}},"268":{"start":{"line":269,"column":0},"end":{"line":269,"column":46}},"269":{"start":{"line":270,"column":0},"end":{"line":270,"column":25}},"271":{"start":{"line":272,"column":0},"end":{"line":272,"column":37}},"272":{"start":{"line":273,"column":0},"end":{"line":273,"column":32}},"274":{"start":{"line":275,"column":0},"end":{"line":275,"column":21}},"275":{"start":{"line":276,"column":0},"end":{"line":276,"column":32}},"276":{"start":{"line":277,"column":0},"end":{"line":277,"column":28}},"277":{"start":{"line":278,"column":0},"end":{"line":278,"column":36}},"278":{"start":{"line":279,"column":0},"end":{"line":279,"column":30}},"279":{"start":{"line":280,"column":0},"end":{"line":280,"column":4}},"280":{"start":{"line":281,"column":0},"end":{"line":281,"column":1}},"282":{"start":{"line":283,"column":0},"end":{"line":283,"column":51}},"283":{"start":{"line":284,"column":0},"end":{"line":284,"column":25}},"284":{"start":{"line":285,"column":0},"end":{"line":285,"column":32}},"285":{"start":{"line":286,"column":0},"end":{"line":286,"column":52}},"286":{"start":{"line":287,"column":0},"end":{"line":287,"column":33}},"287":{"start":{"line":288,"column":0},"end":{"line":288,"column":40}},"288":{"start":{"line":289,"column":0},"end":{"line":289,"column":72}},"289":{"start":{"line":290,"column":0},"end":{"line":290,"column":63}},"290":{"start":{"line":291,"column":0},"end":{"line":291,"column":5}},"291":{"start":{"line":292,"column":0},"end":{"line":292,"column":49}},"292":{"start":{"line":293,"column":0},"end":{"line":293,"column":3}},"293":{"start":{"line":294,"column":0},"end":{"line":294,"column":1}},"299":{"start":{"line":300,"column":0},"end":{"line":300,"column":47}},"300":{"start":{"line":301,"column":0},"end":{"line":301,"column":25}},"301":{"start":{"line":302,"column":0},"end":{"line":302,"column":32}},"302":{"start":{"line":303,"column":0},"end":{"line":303,"column":48}},"304":{"start":{"line":305,"column":0},"end":{"line":305,"column":43}},"305":{"start":{"line":306,"column":0},"end":{"line":306,"column":35}},"306":{"start":{"line":307,"column":0},"end":{"line":307,"column":84}},"308":{"start":{"line":309,"column":0},"end":{"line":309,"column":34}},"309":{"start":{"line":310,"column":0},"end":{"line":310,"column":58}},"310":{"start":{"line":311,"column":0},"end":{"line":311,"column":7}},"311":{"start":{"line":312,"column":0},"end":{"line":312,"column":54}},"312":{"start":{"line":313,"column":0},"end":{"line":313,"column":40}},"313":{"start":{"line":314,"column":0},"end":{"line":314,"column":45}},"314":{"start":{"line":315,"column":0},"end":{"line":315,"column":16}},"315":{"start":{"line":316,"column":0},"end":{"line":316,"column":24}},"316":{"start":{"line":317,"column":0},"end":{"line":317,"column":44}},"317":{"start":{"line":318,"column":0},"end":{"line":318,"column":8}},"318":{"start":{"line":319,"column":0},"end":{"line":319,"column":24}},"319":{"start":{"line":320,"column":0},"end":{"line":320,"column":49}},"320":{"start":{"line":321,"column":0},"end":{"line":321,"column":7}},"321":{"start":{"line":322,"column":0},"end":{"line":322,"column":6}},"322":{"start":{"line":323,"column":0},"end":{"line":323,"column":3}},"324":{"start":{"line":325,"column":0},"end":{"line":325,"column":9}},"325":{"start":{"line":326,"column":0},"end":{"line":326,"column":71}},"326":{"start":{"line":327,"column":0},"end":{"line":327,"column":60}},"327":{"start":{"line":328,"column":0},"end":{"line":328,"column":1}},"334":{"start":{"line":335,"column":0},"end":{"line":335,"column":62}},"335":{"start":{"line":336,"column":0},"end":{"line":336,"column":58}},"337":{"start":{"line":338,"column":0},"end":{"line":338,"column":43}},"338":{"start":{"line":339,"column":0},"end":{"line":339,"column":35}},"339":{"start":{"line":340,"column":0},"end":{"line":340,"column":54}},"340":{"start":{"line":341,"column":0},"end":{"line":341,"column":36}},"341":{"start":{"line":342,"column":0},"end":{"line":342,"column":15}},"342":{"start":{"line":343,"column":0},"end":{"line":343,"column":56}},"343":{"start":{"line":344,"column":0},"end":{"line":344,"column":92}},"344":{"start":{"line":345,"column":0},"end":{"line":345,"column":7}},"346":{"start":{"line":347,"column":0},"end":{"line":347,"column":48}},"347":{"start":{"line":348,"column":0},"end":{"line":348,"column":78}},"349":{"start":{"line":350,"column":0},"end":{"line":350,"column":59}},"350":{"start":{"line":351,"column":0},"end":{"line":351,"column":7}},"351":{"start":{"line":352,"column":0},"end":{"line":352,"column":6}},"352":{"start":{"line":353,"column":0},"end":{"line":353,"column":3}},"355":{"start":{"line":356,"column":0},"end":{"line":356,"column":9}},"356":{"start":{"line":357,"column":0},"end":{"line":357,"column":71}},"357":{"start":{"line":358,"column":0},"end":{"line":358,"column":70}},"358":{"start":{"line":359,"column":0},"end":{"line":359,"column":1}}},"s":{"3":1,"4":1,"6":1,"7":1,"9":1,"10":1,"11":1,"12":1,"13":1,"14":1,"34":198,"35":198,"36":198,"37":31,"38":31,"39":31,"40":31,"41":30,"42":30,"43":30,"44":30,"46":30,"47":30,"51":1,"52":1,"53":1,"54":1,"55":1,"56":31,"57":31,"58":31,"59":31,"60":31,"61":31,"62":31,"63":31,"64":31,"65":31,"66":31,"67":31,"68":31,"69":198,"70":198,"78":6,"79":6,"80":6,"81":6,"82":6,"83":6,"88":78,"89":78,"90":78,"92":41,"93":41,"94":41,"96":41,"97":41,"98":41,"99":41,"101":11,"102":11,"103":11,"105":6,"106":6,"107":6,"108":6,"110":18,"116":18,"117":18,"118":18,"120":18,"124":6,"125":6,"126":6,"127":6,"128":3,"129":3,"130":3,"131":3,"135":12,"136":12,"137":12,"139":18,"140":18,"141":18,"142":18,"145":1,"147":1,"149":1,"151":1,"152":291,"153":291,"155":291,"157":3,"158":3,"160":47,"161":47,"165":284,"166":70,"167":68,"168":68,"169":65,"170":65,"171":47,"172":47,"174":15,"175":15,"180":15,"181":15,"182":15,"183":15,"184":9,"185":8,"186":1,"187":15,"188":15,"189":15,"190":15,"191":15,"192":15,"193":15,"194":9,"195":8,"196":1,"197":15,"198":15,"199":15,"200":15,"201":15,"203":14,"204":14,"205":14,"206":14,"208":14,"209":14,"210":13,"211":13,"212":14,"214":7,"216":7,"217":7,"218":6,"219":1,"220":14,"221":6,"222":4,"223":4,"224":4,"226":1,"227":4,"228":6,"230":14,"231":10,"232":2,"233":2,"234":2,"235":2,"236":2,"238":8,"239":8,"240":8,"241":8,"242":8,"243":8,"244":8,"245":10,"246":10,"247":10,"248":10,"250":10,"251":2,"252":2,"253":6,"254":2,"255":2,"256":2,"257":4,"258":3,"259":3,"260":3,"261":10,"262":1,"263":1,"264":1,"265":10,"266":7,"268":6,"269":6,"271":5,"272":5,"274":5,"275":5,"276":5,"277":5,"278":5,"279":5,"280":5,"282":7,"283":7,"284":6,"285":6,"286":7,"287":4,"288":4,"289":4,"290":4,"291":4,"292":4,"293":6,"299":14,"300":14,"301":11,"302":11,"304":11,"305":11,"306":7,"308":7,"309":6,"310":6,"311":7,"312":7,"313":7,"314":7,"315":7,"316":7,"317":7,"318":7,"319":6,"320":6,"321":11,"322":11,"324":11,"325":11,"326":11,"327":11,"334":5,"335":5,"337":5,"338":5,"339":5,"340":5,"341":5,"342":5,"343":5,"344":5,"346":5,"347":5,"349":4,"350":4,"351":5,"352":5,"355":5,"356":5,"357":5,"358":5},"branchMap":{"0":{"type":"branch","line":35,"loc":{"start":{"line":35,"column":0},"end":{"line":71,"column":1}},"locations":[{"start":{"line":35,"column":0},"end":{"line":71,"column":1}}]},"1":{"type":"branch","line":37,"loc":{"start":{"line":37,"column":4},"end":{"line":69,"column":6}},"locations":[{"start":{"line":37,"column":4},"end":{"line":69,"column":6}}]},"2":{"type":"branch","line":41,"loc":{"start":{"line":41,"column":56},"end":{"line":56,"column":7}},"locations":[{"start":{"line":41,"column":56},"end":{"line":56,"column":7}}]},"3":{"type":"branch","line":48,"loc":{"start":{"line":48,"column":6},"end":{"line":56,"column":7}},"locations":[{"start":{"line":48,"column":6},"end":{"line":56,"column":7}}]},"4":{"type":"branch","line":79,"loc":{"start":{"line":79,"column":0},"end":{"line":84,"column":1}},"locations":[{"start":{"line":79,"column":0},"end":{"line":84,"column":1}}]},"5":{"type":"branch","line":82,"loc":{"start":{"line":82,"column":9},"end":{"line":82,"column":47}},"locations":[{"start":{"line":82,"column":9},"end":{"line":82,"column":47}}]},"6":{"type":"branch","line":89,"loc":{"start":{"line":89,"column":0},"end":{"line":91,"column":1}},"locations":[{"start":{"line":89,"column":0},"end":{"line":91,"column":1}}]},"7":{"type":"branch","line":93,"loc":{"start":{"line":93,"column":0},"end":{"line":95,"column":1}},"locations":[{"start":{"line":93,"column":0},"end":{"line":95,"column":1}}]},"8":{"type":"branch","line":97,"loc":{"start":{"line":97,"column":0},"end":{"line":100,"column":1}},"locations":[{"start":{"line":97,"column":0},"end":{"line":100,"column":1}}]},"9":{"type":"branch","line":102,"loc":{"start":{"line":102,"column":0},"end":{"line":104,"column":1}},"locations":[{"start":{"line":102,"column":0},"end":{"line":104,"column":1}}]},"10":{"type":"branch","line":106,"loc":{"start":{"line":106,"column":0},"end":{"line":109,"column":1}},"locations":[{"start":{"line":106,"column":0},"end":{"line":109,"column":1}}]},"11":{"type":"branch","line":111,"loc":{"start":{"line":111,"column":0},"end":{"line":138,"column":1}},"locations":[{"start":{"line":111,"column":0},"end":{"line":138,"column":1}}]},"12":{"type":"branch","line":118,"loc":{"start":{"line":118,"column":25},"end":{"line":118,"column":43}},"locations":[{"start":{"line":118,"column":25},"end":{"line":118,"column":43}}]},"13":{"type":"branch","line":121,"loc":{"start":{"line":121,"column":42},"end":{"line":132,"column":3}},"locations":[{"start":{"line":121,"column":42},"end":{"line":132,"column":3}}]},"14":{"type":"branch","line":125,"loc":{"start":{"line":125,"column":79},"end":{"line":125,"column":94}},"locations":[{"start":{"line":125,"column":79},"end":{"line":125,"column":94}}]},"15":{"type":"branch","line":128,"loc":{"start":{"line":128,"column":29},"end":{"line":132,"column":3}},"locations":[{"start":{"line":128,"column":29},"end":{"line":132,"column":3}}]},"16":{"type":"branch","line":132,"loc":{"start":{"line":132,"column":2},"end":{"line":138,"column":1}},"locations":[{"start":{"line":132,"column":2},"end":{"line":138,"column":1}}]},"17":{"type":"branch","line":140,"loc":{"start":{"line":140,"column":0},"end":{"line":143,"column":1}},"locations":[{"start":{"line":140,"column":0},"end":{"line":143,"column":1}}]},"18":{"type":"branch","line":152,"loc":{"start":{"line":152,"column":7},"end":{"line":173,"column":1}},"locations":[{"start":{"line":152,"column":7},"end":{"line":173,"column":1}}]},"19":{"type":"branch","line":153,"loc":{"start":{"line":153,"column":35},"end":{"line":153,"column":55}},"locations":[{"start":{"line":153,"column":35},"end":{"line":153,"column":55}}]},"20":{"type":"branch","line":153,"loc":{"start":{"line":153,"column":42},"end":{"line":154,"column":47}},"locations":[{"start":{"line":153,"column":42},"end":{"line":154,"column":47}}]},"21":{"type":"branch","line":153,"loc":{"start":{"line":153,"column":42},"end":{"line":154,"column":18}},"locations":[{"start":{"line":153,"column":42},"end":{"line":154,"column":18}}]},"22":{"type":"branch","line":154,"loc":{"start":{"line":154,"column":7},"end":{"line":154,"column":47}},"locations":[{"start":{"line":154,"column":7},"end":{"line":154,"column":47}}]},"23":{"type":"branch","line":154,"loc":{"start":{"line":154,"column":47},"end":{"line":154,"column":61}},"locations":[{"start":{"line":154,"column":47},"end":{"line":154,"column":61}}]},"24":{"type":"branch","line":154,"loc":{"start":{"line":154,"column":54},"end":{"line":156,"column":30}},"locations":[{"start":{"line":154,"column":54},"end":{"line":156,"column":30}}]},"25":{"type":"branch","line":156,"loc":{"start":{"line":156,"column":30},"end":{"line":159,"column":3}},"locations":[{"start":{"line":156,"column":30},"end":{"line":159,"column":3}}]},"26":{"type":"branch","line":159,"loc":{"start":{"line":159,"column":2},"end":{"line":171,"column":3}},"locations":[{"start":{"line":159,"column":2},"end":{"line":171,"column":3}}]},"27":{"type":"branch","line":159,"loc":{"start":{"line":159,"column":2},"end":{"line":166,"column":41}},"locations":[{"start":{"line":159,"column":2},"end":{"line":166,"column":41}}]},"28":{"type":"branch","line":166,"loc":{"start":{"line":166,"column":41},"end":{"line":171,"column":3}},"locations":[{"start":{"line":166,"column":41},"end":{"line":171,"column":3}}]},"29":{"type":"branch","line":167,"loc":{"start":{"line":167,"column":39},"end":{"line":167,"column":47}},"locations":[{"start":{"line":167,"column":39},"end":{"line":167,"column":47}}]},"30":{"type":"branch","line":167,"loc":{"start":{"line":167,"column":39},"end":{"line":169,"column":43}},"locations":[{"start":{"line":167,"column":39},"end":{"line":169,"column":43}}]},"31":{"type":"branch","line":169,"loc":{"start":{"line":169,"column":35},"end":{"line":169,"column":43}},"locations":[{"start":{"line":169,"column":35},"end":{"line":169,"column":43}}]},"32":{"type":"branch","line":169,"loc":{"start":{"line":169,"column":35},"end":{"line":171,"column":3}},"locations":[{"start":{"line":169,"column":35},"end":{"line":171,"column":3}}]},"33":{"type":"branch","line":171,"loc":{"start":{"line":171,"column":2},"end":{"line":173,"column":1}},"locations":[{"start":{"line":171,"column":2},"end":{"line":173,"column":1}}]},"34":{"type":"branch","line":158,"loc":{"start":{"line":158,"column":50},"end":{"line":158,"column":99}},"locations":[{"start":{"line":158,"column":50},"end":{"line":158,"column":99}}]},"35":{"type":"branch","line":175,"loc":{"start":{"line":175,"column":0},"end":{"line":202,"column":1}},"locations":[{"start":{"line":175,"column":0},"end":{"line":202,"column":1}}]},"36":{"type":"branch","line":184,"loc":{"start":{"line":184,"column":13},"end":{"line":187,"column":46}},"locations":[{"start":{"line":184,"column":13},"end":{"line":187,"column":46}}]},"37":{"type":"branch","line":185,"loc":{"start":{"line":185,"column":47},"end":{"line":186,"column":29}},"locations":[{"start":{"line":185,"column":47},"end":{"line":186,"column":29}}]},"38":{"type":"branch","line":186,"loc":{"start":{"line":186,"column":28},"end":{"line":187,"column":46}},"locations":[{"start":{"line":186,"column":28},"end":{"line":187,"column":46}}]},"39":{"type":"branch","line":189,"loc":{"start":{"line":189,"column":19},"end":{"line":189,"column":36}},"locations":[{"start":{"line":189,"column":19},"end":{"line":189,"column":36}}]},"40":{"type":"branch","line":194,"loc":{"start":{"line":194,"column":13},"end":{"line":197,"column":46}},"locations":[{"start":{"line":194,"column":13},"end":{"line":197,"column":46}}]},"41":{"type":"branch","line":195,"loc":{"start":{"line":195,"column":47},"end":{"line":196,"column":29}},"locations":[{"start":{"line":195,"column":47},"end":{"line":196,"column":29}}]},"42":{"type":"branch","line":196,"loc":{"start":{"line":196,"column":28},"end":{"line":197,"column":46}},"locations":[{"start":{"line":196,"column":28},"end":{"line":197,"column":46}}]},"43":{"type":"branch","line":198,"loc":{"start":{"line":198,"column":23},"end":{"line":198,"column":39}},"locations":[{"start":{"line":198,"column":23},"end":{"line":198,"column":39}}]},"44":{"type":"branch","line":199,"loc":{"start":{"line":199,"column":21},"end":{"line":199,"column":43}},"locations":[{"start":{"line":199,"column":21},"end":{"line":199,"column":43}}]},"45":{"type":"branch","line":204,"loc":{"start":{"line":204,"column":0},"end":{"line":207,"column":1}},"locations":[{"start":{"line":204,"column":0},"end":{"line":207,"column":1}}]},"46":{"type":"branch","line":209,"loc":{"start":{"line":209,"column":0},"end":{"line":267,"column":1}},"locations":[{"start":{"line":209,"column":0},"end":{"line":267,"column":1}}]},"47":{"type":"branch","line":210,"loc":{"start":{"line":210,"column":19},"end":{"line":210,"column":25}},"locations":[{"start":{"line":210,"column":19},"end":{"line":210,"column":25}}]},"48":{"type":"branch","line":210,"loc":{"start":{"line":210,"column":19},"end":{"line":213,"column":35}},"locations":[{"start":{"line":210,"column":19},"end":{"line":213,"column":35}}]},"49":{"type":"branch","line":213,"loc":{"start":{"line":213,"column":35},"end":{"line":219,"column":61}},"locations":[{"start":{"line":213,"column":35},"end":{"line":219,"column":61}}]},"50":{"type":"branch","line":213,"loc":{"start":{"line":213,"column":35},"end":{"line":213,"column":41}},"locations":[{"start":{"line":213,"column":35},"end":{"line":213,"column":41}}]},"51":{"type":"branch","line":213,"loc":{"start":{"line":213,"column":35},"end":{"line":219,"column":61}},"locations":[{"start":{"line":213,"column":35},"end":{"line":219,"column":61}}]},"52":{"type":"branch","line":213,"loc":{"start":{"line":213,"column":35},"end":{"line":218,"column":43}},"locations":[{"start":{"line":213,"column":35},"end":{"line":218,"column":43}}]},"53":{"type":"branch","line":218,"loc":{"start":{"line":218,"column":32},"end":{"line":219,"column":61}},"locations":[{"start":{"line":218,"column":32},"end":{"line":219,"column":61}}]},"54":{"type":"branch","line":219,"loc":{"start":{"line":219,"column":60},"end":{"line":220,"column":12}},"locations":[{"start":{"line":219,"column":60},"end":{"line":220,"column":12}}]},"55":{"type":"branch","line":231,"loc":{"start":{"line":231,"column":32},"end":{"line":267,"column":1}},"locations":[{"start":{"line":231,"column":32},"end":{"line":267,"column":1}}]},"56":{"type":"branch","line":231,"loc":{"start":{"line":231,"column":32},"end":{"line":266,"column":3}},"locations":[{"start":{"line":231,"column":32},"end":{"line":266,"column":3}}]},"57":{"type":"branch","line":232,"loc":{"start":{"line":232,"column":32},"end":{"line":237,"column":5}},"locations":[{"start":{"line":232,"column":32},"end":{"line":237,"column":5}}]},"58":{"type":"branch","line":237,"loc":{"start":{"line":237,"column":4},"end":{"line":245,"column":36}},"locations":[{"start":{"line":237,"column":4},"end":{"line":245,"column":36}}]},"59":{"type":"branch","line":247,"loc":{"start":{"line":247,"column":21},"end":{"line":247,"column":64}},"locations":[{"start":{"line":247,"column":21},"end":{"line":247,"column":64}}]},"60":{"type":"branch","line":247,"loc":{"start":{"line":247,"column":60},"end":{"line":247,"column":74}},"locations":[{"start":{"line":247,"column":60},"end":{"line":247,"column":74}}]},"61":{"type":"branch","line":249,"loc":{"start":{"line":249,"column":7},"end":{"line":251,"column":23}},"locations":[{"start":{"line":249,"column":7},"end":{"line":251,"column":23}}]},"62":{"type":"branch","line":251,"loc":{"start":{"line":251,"column":23},"end":{"line":261,"column":7}},"locations":[{"start":{"line":251,"column":23},"end":{"line":261,"column":7}}]},"63":{"type":"branch","line":251,"loc":{"start":{"line":251,"column":23},"end":{"line":254,"column":17}},"locations":[{"start":{"line":251,"column":23},"end":{"line":254,"column":17}}]},"64":{"type":"branch","line":254,"loc":{"start":{"line":254,"column":6},"end":{"line":261,"column":7}},"locations":[{"start":{"line":254,"column":6},"end":{"line":261,"column":7}}]},"65":{"type":"branch","line":254,"loc":{"start":{"line":254,"column":61},"end":{"line":254,"column":93}},"locations":[{"start":{"line":254,"column":61},"end":{"line":254,"column":93}}]},"66":{"type":"branch","line":254,"loc":{"start":{"line":254,"column":93},"end":{"line":261,"column":7}},"locations":[{"start":{"line":254,"column":93},"end":{"line":261,"column":7}}]},"67":{"type":"branch","line":254,"loc":{"start":{"line":254,"column":93},"end":{"line":258,"column":13}},"locations":[{"start":{"line":254,"column":93},"end":{"line":258,"column":13}}]},"68":{"type":"branch","line":258,"loc":{"start":{"line":258,"column":6},"end":{"line":261,"column":7}},"locations":[{"start":{"line":258,"column":6},"end":{"line":261,"column":7}}]},"69":{"type":"branch","line":262,"loc":{"start":{"line":262,"column":4},"end":{"line":265,"column":5}},"locations":[{"start":{"line":262,"column":4},"end":{"line":265,"column":5}}]},"70":{"type":"branch","line":266,"loc":{"start":{"line":266,"column":2},"end":{"line":267,"column":1}},"locations":[{"start":{"line":266,"column":2},"end":{"line":267,"column":1}}]},"71":{"type":"branch","line":215,"loc":{"start":{"line":215,"column":15},"end":{"line":215,"column":50}},"locations":[{"start":{"line":215,"column":15},"end":{"line":215,"column":50}}]},"72":{"type":"branch","line":221,"loc":{"start":{"line":221,"column":26},"end":{"line":229,"column":3}},"locations":[{"start":{"line":221,"column":26},"end":{"line":229,"column":3}}]},"73":{"type":"branch","line":222,"loc":{"start":{"line":222,"column":8},"end":{"line":222,"column":66}},"locations":[{"start":{"line":222,"column":8},"end":{"line":222,"column":66}}]},"74":{"type":"branch","line":222,"loc":{"start":{"line":222,"column":66},"end":{"line":228,"column":5}},"locations":[{"start":{"line":222,"column":66},"end":{"line":228,"column":5}}]},"75":{"type":"branch","line":225,"loc":{"start":{"line":225,"column":6},"end":{"line":227,"column":7}},"locations":[{"start":{"line":225,"column":6},"end":{"line":227,"column":7}}]},"76":{"type":"branch","line":269,"loc":{"start":{"line":269,"column":0},"end":{"line":281,"column":1}},"locations":[{"start":{"line":269,"column":0},"end":{"line":281,"column":1}}]},"77":{"type":"branch","line":270,"loc":{"start":{"line":270,"column":19},"end":{"line":270,"column":25}},"locations":[{"start":{"line":270,"column":19},"end":{"line":270,"column":25}}]},"78":{"type":"branch","line":270,"loc":{"start":{"line":270,"column":19},"end":{"line":281,"column":1}},"locations":[{"start":{"line":270,"column":19},"end":{"line":281,"column":1}}]},"79":{"type":"branch","line":283,"loc":{"start":{"line":283,"column":0},"end":{"line":294,"column":1}},"locations":[{"start":{"line":283,"column":0},"end":{"line":294,"column":1}}]},"80":{"type":"branch","line":284,"loc":{"start":{"line":284,"column":19},"end":{"line":284,"column":25}},"locations":[{"start":{"line":284,"column":19},"end":{"line":284,"column":25}}]},"81":{"type":"branch","line":284,"loc":{"start":{"line":284,"column":19},"end":{"line":287,"column":32}},"locations":[{"start":{"line":284,"column":19},"end":{"line":287,"column":32}}]},"82":{"type":"branch","line":287,"loc":{"start":{"line":287,"column":32},"end":{"line":293,"column":3}},"locations":[{"start":{"line":287,"column":32},"end":{"line":293,"column":3}}]},"83":{"type":"branch","line":293,"loc":{"start":{"line":293,"column":2},"end":{"line":294,"column":1}},"locations":[{"start":{"line":293,"column":2},"end":{"line":294,"column":1}}]},"84":{"type":"branch","line":300,"loc":{"start":{"line":300,"column":0},"end":{"line":328,"column":1}},"locations":[{"start":{"line":300,"column":0},"end":{"line":328,"column":1}}]},"85":{"type":"branch","line":301,"loc":{"start":{"line":301,"column":19},"end":{"line":301,"column":25}},"locations":[{"start":{"line":301,"column":19},"end":{"line":301,"column":25}}]},"86":{"type":"branch","line":301,"loc":{"start":{"line":301,"column":19},"end":{"line":328,"column":1}},"locations":[{"start":{"line":301,"column":19},"end":{"line":328,"column":1}}]},"87":{"type":"branch","line":306,"loc":{"start":{"line":306,"column":16},"end":{"line":322,"column":5}},"locations":[{"start":{"line":306,"column":16},"end":{"line":322,"column":5}}]},"88":{"type":"branch","line":309,"loc":{"start":{"line":309,"column":33},"end":{"line":311,"column":7}},"locations":[{"start":{"line":309,"column":33},"end":{"line":311,"column":7}}]},"89":{"type":"branch","line":313,"loc":{"start":{"line":313,"column":23},"end":{"line":313,"column":40}},"locations":[{"start":{"line":313,"column":23},"end":{"line":313,"column":40}}]},"90":{"type":"branch","line":319,"loc":{"start":{"line":319,"column":23},"end":{"line":321,"column":7}},"locations":[{"start":{"line":319,"column":23},"end":{"line":321,"column":7}}]},"91":{"type":"branch","line":326,"loc":{"start":{"line":326,"column":12},"end":{"line":326,"column":70}},"locations":[{"start":{"line":326,"column":12},"end":{"line":326,"column":70}}]},"92":{"type":"branch","line":335,"loc":{"start":{"line":335,"column":0},"end":{"line":359,"column":1}},"locations":[{"start":{"line":335,"column":0},"end":{"line":359,"column":1}}]},"93":{"type":"branch","line":339,"loc":{"start":{"line":339,"column":16},"end":{"line":352,"column":5}},"locations":[{"start":{"line":339,"column":16},"end":{"line":352,"column":5}}]},"94":{"type":"branch","line":344,"loc":{"start":{"line":344,"column":23},"end":{"line":344,"column":52}},"locations":[{"start":{"line":344,"column":23},"end":{"line":344,"column":52}}]},"95":{"type":"branch","line":344,"loc":{"start":{"line":344,"column":43},"end":{"line":344,"column":88}},"locations":[{"start":{"line":344,"column":43},"end":{"line":344,"column":88}}]},"96":{"type":"branch","line":344,"loc":{"start":{"line":344,"column":84},"end":{"line":344,"column":92}},"locations":[{"start":{"line":344,"column":84},"end":{"line":344,"column":92}}]},"97":{"type":"branch","line":348,"loc":{"start":{"line":348,"column":19},"end":{"line":348,"column":52}},"locations":[{"start":{"line":348,"column":19},"end":{"line":348,"column":52}}]},"98":{"type":"branch","line":348,"loc":{"start":{"line":348,"column":45},"end":{"line":348,"column":77}},"locations":[{"start":{"line":348,"column":45},"end":{"line":348,"column":77}}]},"99":{"type":"branch","line":348,"loc":{"start":{"line":348,"column":77},"end":{"line":351,"column":7}},"locations":[{"start":{"line":348,"column":77},"end":{"line":351,"column":7}}]},"100":{"type":"branch","line":357,"loc":{"start":{"line":357,"column":12},"end":{"line":357,"column":70}},"locations":[{"start":{"line":357,"column":12},"end":{"line":357,"column":70}}]}},"b":{"0":[198],"1":[31],"2":[30],"3":[1],"4":[6],"5":[192],"6":[78],"7":[41],"8":[41],"9":[11],"10":[6],"11":[18],"12":[6],"13":[6],"14":[2],"15":[3],"16":[12],"17":[18],"18":[291],"19":[3],"20":[290],"21":[288],"22":[284],"23":[238],"24":[50],"25":[3],"26":[284],"27":[47],"28":[70],"29":[2],"30":[68],"31":[3],"32":[65],"33":[47],"34":[202],"35":[15],"36":[9],"37":[8],"38":[1],"39":[1],"40":[9],"41":[8],"42":[1],"43":[13],"44":[10],"45":[14],"46":[14],"47":[1],"48":[13],"49":[10],"50":[6],"51":[9],"52":[7],"53":[6],"54":[1],"55":[9],"56":[10],"57":[2],"58":[8],"59":[7],"60":[1],"61":[7],"62":[6],"63":[2],"64":[5],"65":[2],"66":[4],"67":[2],"68":[3],"69":[1],"70":[7],"71":[4],"72":[6],"73":[4],"74":[4],"75":[1],"76":[6],"77":[1],"78":[5],"79":[7],"80":[1],"81":[6],"82":[4],"83":[6],"84":[14],"85":[3],"86":[11],"87":[7],"88":[6],"89":[1],"90":[6],"91":[7],"92":[5],"93":[5],"94":[3],"95":[3],"96":[2],"97":[2],"98":[1],"99":[4],"100":[5]},"fnMap":{"0":{"name":"getDatabase","decl":{"start":{"line":35,"column":0},"end":{"line":71,"column":1}},"loc":{"start":{"line":35,"column":0},"end":{"line":71,"column":1}},"line":35},"1":{"name":"upgrade","decl":{"start":{"line":37,"column":4},"end":{"line":69,"column":6}},"loc":{"start":{"line":37,"column":4},"end":{"line":69,"column":6}},"line":37},"2":{"name":"digestKey","decl":{"start":{"line":79,"column":0},"end":{"line":84,"column":1}},"loc":{"start":{"line":79,"column":0},"end":{"line":84,"column":1}},"line":79},"3":{"name":"initOfflineQueue","decl":{"start":{"line":89,"column":0},"end":{"line":91,"column":1}},"loc":{"start":{"line":89,"column":0},"end":{"line":91,"column":1}},"line":89},"4":{"name":"isOnline","decl":{"start":{"line":93,"column":0},"end":{"line":95,"column":1}},"loc":{"start":{"line":93,"column":0},"end":{"line":95,"column":1}},"line":93},"5":{"name":"addRecord","decl":{"start":{"line":97,"column":0},"end":{"line":100,"column":1}},"loc":{"start":{"line":97,"column":0},"end":{"line":100,"column":1}},"line":97},"6":{"name":"storePendingNavigation","decl":{"start":{"line":102,"column":0},"end":{"line":104,"column":1}},"loc":{"start":{"line":102,"column":0},"end":{"line":104,"column":1}},"line":102},"7":{"name":"readPendingNavigations","decl":{"start":{"line":106,"column":0},"end":{"line":109,"column":1}},"loc":{"start":{"line":106,"column":0},"end":{"line":109,"column":1}},"line":106},"8":{"name":"storePendingReport","decl":{"start":{"line":111,"column":0},"end":{"line":138,"column":1}},"loc":{"start":{"line":111,"column":0},"end":{"line":138,"column":1}},"line":111},"9":{"name":"readPendingReports","decl":{"start":{"line":140,"column":0},"end":{"line":143,"column":1}},"loc":{"start":{"line":140,"column":0},"end":{"line":143,"column":1}},"line":140},"10":{"name":"sanitizeReportPayload","decl":{"start":{"line":152,"column":7},"end":{"line":173,"column":1}},"loc":{"start":{"line":152,"column":7},"end":{"line":173,"column":1}},"line":152},"11":{"name":"storePendingMutation","decl":{"start":{"line":175,"column":0},"end":{"line":202,"column":1}},"loc":{"start":{"line":175,"column":0},"end":{"line":202,"column":1}},"line":175},"12":{"name":"readPendingMutations","decl":{"start":{"line":204,"column":0},"end":{"line":207,"column":1}},"loc":{"start":{"line":204,"column":0},"end":{"line":207,"column":1}},"line":204},"13":{"name":"processPendingMutations","decl":{"start":{"line":209,"column":0},"end":{"line":267,"column":1}},"loc":{"start":{"line":209,"column":0},"end":{"line":267,"column":1}},"line":209},"14":{"name":"notifyBroadcast","decl":{"start":{"line":221,"column":26},"end":{"line":229,"column":3}},"loc":{"start":{"line":221,"column":26},"end":{"line":229,"column":3}},"line":221},"15":{"name":"processOfflineQueues","decl":{"start":{"line":269,"column":0},"end":{"line":281,"column":1}},"loc":{"start":{"line":269,"column":0},"end":{"line":281,"column":1}},"line":269},"16":{"name":"processPendingNavigations","decl":{"start":{"line":283,"column":0},"end":{"line":294,"column":1}},"loc":{"start":{"line":283,"column":0},"end":{"line":294,"column":1}},"line":283},"17":{"name":"processPendingReports","decl":{"start":{"line":300,"column":0},"end":{"line":328,"column":1}},"loc":{"start":{"line":300,"column":0},"end":{"line":328,"column":1}},"line":300},"18":{"name":"processNewsInteractionQueue","decl":{"start":{"line":335,"column":0},"end":{"line":359,"column":1}},"loc":{"start":{"line":335,"column":0},"end":{"line":359,"column":1}},"line":335}},"f":{"0":198,"1":31,"2":6,"3":78,"4":41,"5":41,"6":11,"7":6,"8":18,"9":18,"10":291,"11":15,"12":14,"13":14,"14":6,"15":6,"16":7,"17":14,"18":5}}
}
